2024-12-28 15:45:50.962 [info] [main] Log level: Info
2024-12-28 15:45:50.962 [info] [main] Validating found git in: "git"
2024-12-28 15:45:50.962 [info] [main] Using git "2.47.1" from "git"
2024-12-28 15:45:50.962 [info] [Model][doInitialScan] Initial repository scan started
2024-12-28 15:45:50.962 [info] > git rev-parse --show-toplevel [22ms]
2024-12-28 15:45:50.963 [info] > git rev-parse --git-dir --git-common-dir [4ms]
2024-12-28 15:45:50.978 [info] [Model][openRepository] Opened repository: /home/anu/Documents/GitHub/things-ng
2024-12-28 15:45:51.000 [info] > git rev-parse --show-toplevel [2ms]
2024-12-28 15:45:51.000 [info] > git config --get commit.template [11ms]
2024-12-28 15:45:51.044 [info] > git rev-parse --show-toplevel [19ms]
2024-12-28 15:45:51.051 [info] > git for-each-ref --format=%(refname)%00%(upstream:short)%00%(objectname)%00%(upstream:track)%00%(upstream:remotename)%00%(upstream:remoteref) refs/heads/main refs/remotes/main [8ms]
2024-12-28 15:45:51.053 [info] > git rev-parse --show-toplevel [2ms]
2024-12-28 15:45:51.054 [info] [Model][doInitialScan] Initial repository scan completed - repositories (1), closed repositories (0), parent repositories (0), unsafe repositories (0)
2024-12-28 15:45:51.069 [info] > git status -z -uall [9ms]
2024-12-28 15:45:51.075 [info] > git for-each-ref --sort -committerdate --format %(refname) %(objectname) %(*objectname) [8ms]
2024-12-28 15:45:51.358 [info] > git for-each-ref --format=%(refname)%00%(upstream:short)%00%(objectname)%00%(upstream:track)%00%(upstream:remotename)%00%(upstream:remoteref) refs/heads/main refs/remotes/main [272ms]
2024-12-28 15:45:51.558 [info] > git config --local branch.main.vscode-merge-base [193ms]
2024-12-28 15:45:51.567 [info] > git config --get commit.template [210ms]
2024-12-28 15:45:51.629 [info] > git check-ignore -v -z --stdin [53ms]
2024-12-28 15:45:51.630 [info] > git for-each-ref --format=%(refname)%00%(upstream:short)%00%(objectname)%00%(upstream:track)%00%(upstream:remotename)%00%(upstream:remoteref) refs/heads/origin/main refs/remotes/origin/main [63ms]
2024-12-28 15:45:51.644 [info] > git merge-base refs/heads/main refs/remotes/origin/main [8ms]
2024-12-28 15:45:51.651 [info] > git for-each-ref --format=%(refname)%00%(upstream:short)%00%(objectname)%00%(upstream:track)%00%(upstream:remotename)%00%(upstream:remoteref) refs/heads/main refs/remotes/main [8ms]
2024-12-28 15:45:51.669 [info] > git status -z -uall [6ms]
2024-12-28 15:45:51.670 [info] > git diff --name-status -z --diff-filter=ADMR 21e962e3622986a924aff64d64d7477624645277...refs/remotes/origin/main [20ms]
2024-12-28 15:45:51.672 [info] > git for-each-ref --sort -committerdate --format %(refname) %(objectname) %(*objectname) [3ms]
2024-12-28 15:45:52.134 [info] > git fetch [1156ms]
2024-12-28 15:45:52.134 [info] remote: Invalid username or password.
fatal: Authentication failed for 'https://github.com/Anuragkonduru/things-ng.git/'
2024-12-28 15:45:52.198 [info] > git config --get commit.template [10ms]
2024-12-28 15:45:52.218 [info] > git for-each-ref --format=%(refname)%00%(upstream:short)%00%(objectname)%00%(upstream:track)%00%(upstream:remotename)%00%(upstream:remoteref) refs/heads/main refs/remotes/main [12ms]
2024-12-28 15:45:52.251 [info] > git status -z -uall [10ms]
2024-12-28 15:45:52.252 [info] > git for-each-ref --sort -committerdate --format %(refname) %(objectname) %(*objectname) [2ms]
2024-12-28 15:46:08.305 [info] [main] Log level: Info
2024-12-28 15:46:08.305 [info] [main] Validating found git in: "git"
2024-12-28 15:46:08.305 [info] [main] Using git "2.47.1" from "git"
2024-12-28 15:46:08.305 [info] [Model][doInitialScan] Initial repository scan started
2024-12-28 15:46:08.305 [info] > git rev-parse --show-toplevel [4ms]
2024-12-28 15:46:08.334 [info] > git rev-parse --git-dir --git-common-dir [152ms]
2024-12-28 15:46:08.354 [info] [Model][openRepository] Opened repository: /home/anu/Documents/GitHub/dotfiles
2024-12-28 15:46:08.398 [info] > git rev-parse --show-toplevel [16ms]
2024-12-28 15:46:08.398 [info] > git config --get commit.template [21ms]
2024-12-28 15:46:08.524 [info] > git rev-parse --show-toplevel [118ms]
2024-12-28 15:46:08.526 [info] [Model][doInitialScan] Initial repository scan completed - repositories (1), closed repositories (0), parent repositories (0), unsafe repositories (0)
2024-12-28 15:46:08.555 [info] > git for-each-ref --format=%(refname)%00%(upstream:short)%00%(objectname)%00%(upstream:track)%00%(upstream:remotename)%00%(upstream:remoteref) refs/heads/main refs/remotes/main [35ms]
2024-12-28 15:46:08.667 [info] > git for-each-ref --sort -committerdate --format %(refname) %(objectname) %(*objectname) [18ms]
2024-12-28 15:46:09.031 [info] > git status -z -uall [393ms]
2024-12-28 15:46:09.110 [info] > git check-ignore -v -z --stdin [31ms]
2024-12-28 15:46:09.111 [info] > git for-each-ref --format=%(refname)%00%(upstream:short)%00%(objectname)%00%(upstream:track)%00%(upstream:remotename)%00%(upstream:remoteref) refs/heads/main refs/remotes/main [39ms]
2024-12-28 15:46:09.126 [info] > git config --local branch.main.vscode-merge-base [8ms]
2024-12-28 15:46:09.132 [info] > git config --get commit.template [25ms]
2024-12-28 15:46:09.157 [info] > git show --textconv :.config/nvim/init.lua [18ms]
2024-12-28 15:46:09.159 [info] > git for-each-ref --format=%(refname)%00%(upstream:short)%00%(objectname)%00%(upstream:track)%00%(upstream:remotename)%00%(upstream:remoteref) refs/heads/origin/main refs/remotes/origin/main [27ms]
2024-12-28 15:46:09.293 [info] > git merge-base refs/heads/main refs/remotes/origin/main [128ms]
2024-12-28 15:46:09.301 [info] > git ls-files --stage -- /home/anu/Documents/GitHub/dotfiles/.config/nvim/init.lua [155ms]
2024-12-28 15:46:09.313 [info] > git cat-file -s e2a3f10e382e4fce4b9ed90bad469f48452a05f9 [6ms]
2024-12-28 15:46:09.313 [info] > git diff --name-status -z --diff-filter=ADMR 337ecc3b36d528f86b291450b4d4bf91ce25b1eb...refs/remotes/origin/main [12ms]
2024-12-28 15:46:09.314 [info] > git for-each-ref --format=%(refname)%00%(upstream:short)%00%(objectname)%00%(upstream:track)%00%(upstream:remotename)%00%(upstream:remoteref) refs/heads/main refs/remotes/main [24ms]
2024-12-28 15:46:09.314 [info] > git fetch [960ms]
2024-12-28 15:46:09.326 [info] > git config --get commit.template [5ms]
2024-12-28 15:46:09.359 [info] > git for-each-ref --format=%(refname)%00%(upstream:short)%00%(objectname)%00%(upstream:track)%00%(upstream:remotename)%00%(upstream:remoteref) refs/heads/main refs/remotes/main [5ms]
2024-12-28 15:46:09.409 [info] > git for-each-ref --sort -committerdate --format %(refname) %(objectname) %(*objectname) [30ms]
2024-12-28 15:46:09.623 [info] > git status -z -uall [255ms]
2024-12-28 15:46:15.245 [info] > git check-ignore -v -z --stdin [41ms]
2024-12-28 15:46:16.562 [info] > git config --get commit.template [6ms]
2024-12-28 15:46:16.563 [info] > git for-each-ref --format=%(refname)%00%(upstream:short)%00%(objectname)%00%(upstream:track)%00%(upstream:remotename)%00%(upstream:remoteref) refs/heads/main refs/remotes/main [1ms]
2024-12-28 15:46:16.584 [info] > git for-each-ref --sort -committerdate --format %(refname) %(objectname) %(*objectname) [1ms]
2024-12-28 15:46:16.786 [info] > git status -z -uall [216ms]
2024-12-28 15:46:17.594 [info] > git check-ignore -v -z --stdin [12ms]
2024-12-28 15:46:20.772 [info] > git log --format=%H%n%aN%n%aE%n%at%n%ct%n%P%n%D%n%B -z --shortstat --diff-merges=first-parent -n50 --skip=0 --topo-order --decorate=full --stdin [6300ms]
2024-12-28 15:46:20.772 [info] warning: exhaustive rename detection was skipped due to too many files.
warning: you may want to set your diff.renameLimit variable to at least 44800 and retry the command.
2024-12-28 15:46:21.822 [info] > git config --get commit.template [6ms]
2024-12-28 15:46:21.823 [info] > git for-each-ref --format=%(refname)%00%(upstream:short)%00%(objectname)%00%(upstream:track)%00%(upstream:remotename)%00%(upstream:remoteref) refs/heads/main refs/remotes/main [1ms]
2024-12-28 15:46:21.843 [info] > git for-each-ref --sort -committerdate --format %(refname) %(objectname) %(*objectname) [5ms]
2024-12-28 15:46:22.035 [info] > git status -z -uall [206ms]
2024-12-28 15:46:22.824 [info] > git check-ignore -v -z --stdin [6ms]
2024-12-28 15:46:27.068 [info] > git config --get commit.template [6ms]
2024-12-28 15:46:27.069 [info] > git for-each-ref --format=%(refname)%00%(upstream:short)%00%(objectname)%00%(upstream:track)%00%(upstream:remotename)%00%(upstream:remoteref) refs/heads/main refs/remotes/main [1ms]
2024-12-28 15:46:27.087 [info] > git for-each-ref --sort -committerdate --format %(refname) %(objectname) %(*objectname) [3ms]
2024-12-28 15:46:27.284 [info] > git status -z -uall [209ms]
2024-12-28 15:46:28.071 [info] > git check-ignore -v -z --stdin [6ms]
2024-12-28 15:46:32.318 [info] > git config --get commit.template [7ms]
2024-12-28 15:46:32.319 [info] > git for-each-ref --format=%(refname)%00%(upstream:short)%00%(objectname)%00%(upstream:track)%00%(upstream:remotename)%00%(upstream:remoteref) refs/heads/main refs/remotes/main [1ms]
2024-12-28 15:46:32.337 [info] > git for-each-ref --sort -committerdate --format %(refname) %(objectname) %(*objectname) [1ms]
2024-12-28 15:46:32.534 [info] > git status -z -uall [210ms]
2024-12-28 15:46:37.566 [info] > git config --get commit.template [6ms]
2024-12-28 15:46:37.567 [info] > git for-each-ref --format=%(refname)%00%(upstream:short)%00%(objectname)%00%(upstream:track)%00%(upstream:remotename)%00%(upstream:remoteref) refs/heads/main refs/remotes/main [1ms]
2024-12-28 15:46:37.585 [info] > git for-each-ref --sort -committerdate --format %(refname) %(objectname) %(*objectname) [1ms]
2024-12-28 15:46:37.787 [info] > git status -z -uall [213ms]
2024-12-28 15:46:42.825 [info] > git config --get commit.template [1ms]
2024-12-28 15:46:42.833 [info] > git for-each-ref --format=%(refname)%00%(upstream:short)%00%(objectname)%00%(upstream:track)%00%(upstream:remotename)%00%(upstream:remoteref) refs/heads/main refs/remotes/main [2ms]
2024-12-28 15:46:42.852 [info] > git for-each-ref --sort -committerdate --format %(refname) %(objectname) %(*objectname) [1ms]
2024-12-28 15:46:43.050 [info] > git status -z -uall [210ms]
2024-12-28 15:46:48.088 [info] > git config --get commit.template [7ms]
2024-12-28 15:46:48.089 [info] > git for-each-ref --format=%(refname)%00%(upstream:short)%00%(objectname)%00%(upstream:track)%00%(upstream:remotename)%00%(upstream:remoteref) refs/heads/main refs/remotes/main [2ms]
2024-12-28 15:46:48.106 [info] > git for-each-ref --sort -committerdate --format %(refname) %(objectname) %(*objectname) [1ms]
2024-12-28 15:46:48.305 [info] > git status -z -uall [210ms]
2024-12-28 15:46:50.655 [info] > git ls-files --stage -- /home/anu/Documents/GitHub/dotfiles/.config/nvim/init.lua [4ms]
2024-12-28 15:46:50.663 [info] > git cat-file -s ee8fbc992e12fbeb08bca9f0f7340db2cafbdd38 [1ms]
2024-12-28 15:46:50.675 [info] > git show --textconv :.config/nvim/init.lua [5ms]
2024-12-28 15:46:53.341 [info] > git config --get commit.template [7ms]
2024-12-28 15:46:53.342 [info] > git for-each-ref --format=%(refname)%00%(upstream:short)%00%(objectname)%00%(upstream:track)%00%(upstream:remotename)%00%(upstream:remoteref) refs/heads/main refs/remotes/main [1ms]
2024-12-28 15:46:53.362 [info] > git for-each-ref --sort -committerdate --format %(refname) %(objectname) %(*objectname) [2ms]
2024-12-28 15:46:53.444 [info] > git status -z -uall [96ms]
2024-12-28 15:46:53.466 [info] > git merge-base refs/heads/main refs/remotes/origin/main [8ms]
2024-12-28 15:46:53.475 [info] > git diff --name-status -z --diff-filter=ADMR 337ecc3b36d528f86b291450b4d4bf91ce25b1eb...refs/remotes/origin/main [2ms]
2024-12-28 15:46:54.103 [info] > git check-ignore -v -z --stdin [10ms]
2024-12-28 15:46:58.473 [info] > git config --get commit.template [7ms]
2024-12-28 15:46:58.474 [info] > git for-each-ref --format=%(refname)%00%(upstream:short)%00%(objectname)%00%(upstream:track)%00%(upstream:remotename)%00%(upstream:remoteref) refs/heads/main refs/remotes/main [1ms]
2024-12-28 15:46:58.491 [info] > git for-each-ref --sort -committerdate --format %(refname) %(objectname) %(*objectname) [2ms]
2024-12-28 15:46:58.579 [info] > git status -z -uall [98ms]
2024-12-28 15:46:59.012 [info] > git log --format=%H%n%aN%n%aE%n%at%n%ct%n%P%n%D%n%B -z --shortstat --diff-merges=first-parent -n50 --skip=0 --topo-order --decorate=full --stdin [5545ms]
2024-12-28 15:46:59.012 [info] warning: exhaustive rename detection was skipped due to too many files.
warning: you may want to set your diff.renameLimit variable to at least 44800 and retry the command.
2024-12-28 15:46:59.223 [info] > git check-ignore -v -z --stdin [7ms]
2024-12-28 15:47:04.799 [info] > git show --textconv :.config/nvim/init.lua [7ms]
2024-12-28 15:47:04.804 [info] > git ls-files --stage -- /home/anu/Documents/GitHub/dotfiles/.config/nvim/init.lua [5ms]
2024-12-28 15:47:04.812 [info] > git cat-file -s ee8fbc992e12fbeb08bca9f0f7340db2cafbdd38 [1ms]
2024-12-28 15:47:06.313 [info] > git config --get commit.template [6ms]
2024-12-28 15:47:06.314 [info] > git for-each-ref --format=%(refname)%00%(upstream:short)%00%(objectname)%00%(upstream:track)%00%(upstream:remotename)%00%(upstream:remoteref) refs/heads/main refs/remotes/main [1ms]
2024-12-28 15:47:06.330 [info] > git for-each-ref --sort -committerdate --format %(refname) %(objectname) %(*objectname) [3ms]
2024-12-28 15:47:06.410 [info] > git status -z -uall [91ms]
2024-12-28 15:47:11.426 [info] > git config --get commit.template [5ms]
2024-12-28 15:47:11.427 [info] > git for-each-ref --format=%(refname)%00%(upstream:short)%00%(objectname)%00%(upstream:track)%00%(upstream:remotename)%00%(upstream:remoteref) refs/heads/main refs/remotes/main [1ms]
2024-12-28 15:47:11.442 [info] > git for-each-ref --sort -committerdate --format %(refname) %(objectname) %(*objectname) [2ms]
2024-12-28 15:47:11.524 [info] > git status -z -uall [92ms]
2024-12-28 15:47:39.556 [info] > git config --get commit.template [1ms]
2024-12-28 15:47:39.563 [info] > git for-each-ref --format=%(refname)%00%(upstream:short)%00%(objectname)%00%(upstream:track)%00%(upstream:remotename)%00%(upstream:remoteref) refs/heads/main refs/remotes/main [2ms]
2024-12-28 15:47:39.579 [info] > git for-each-ref --sort -committerdate --format %(refname) %(objectname) %(*objectname) [2ms]
2024-12-28 15:47:39.661 [info] > git status -z -uall [93ms]
2024-12-28 15:47:44.677 [info] > git config --get commit.template [6ms]
2024-12-28 15:47:44.678 [info] > git for-each-ref --format=%(refname)%00%(upstream:short)%00%(objectname)%00%(upstream:track)%00%(upstream:remotename)%00%(upstream:remoteref) refs/heads/main refs/remotes/main [2ms]
2024-12-28 15:47:44.696 [info] > git for-each-ref --sort -committerdate --format %(refname) %(objectname) %(*objectname) [2ms]
2024-12-28 15:47:44.776 [info] > git status -z -uall [93ms]
2024-12-28 15:47:49.987 [info] > git config --get commit.template [0ms]
2024-12-28 15:47:49.993 [info] > git for-each-ref --format=%(refname)%00%(upstream:short)%00%(objectname)%00%(upstream:track)%00%(upstream:remotename)%00%(upstream:remoteref) refs/heads/main refs/remotes/main [1ms]
2024-12-28 15:47:50.009 [info] > git for-each-ref --sort -committerdate --format %(refname) %(objectname) %(*objectname) [3ms]
2024-12-28 15:47:50.090 [info] > git status -z -uall [92ms]
2024-12-28 15:47:50.432 [info] > git show --textconv :.config/nvim/old.nvim [8ms]
2024-12-28 15:47:50.436 [info] > git ls-files --stage -- /home/anu/Documents/GitHub/dotfiles/.config/nvim/old.nvim [5ms]
2024-12-28 15:47:50.724 [info] > git check-ignore -v -z --stdin [13ms]
2024-12-28 15:47:55.106 [info] > git config --get commit.template [7ms]
2024-12-28 15:47:55.107 [info] > git for-each-ref --format=%(refname)%00%(upstream:short)%00%(objectname)%00%(upstream:track)%00%(upstream:remotename)%00%(upstream:remoteref) refs/heads/main refs/remotes/main [2ms]
2024-12-28 15:47:55.124 [info] > git for-each-ref --sort -committerdate --format %(refname) %(objectname) %(*objectname) [2ms]
2024-12-28 15:47:55.209 [info] > git status -z -uall [96ms]
2024-12-28 15:48:00.223 [info] > git config --get commit.template [6ms]
2024-12-28 15:48:00.224 [info] > git for-each-ref --format=%(refname)%00%(upstream:short)%00%(objectname)%00%(upstream:track)%00%(upstream:remotename)%00%(upstream:remoteref) refs/heads/main refs/remotes/main [2ms]
2024-12-28 15:48:00.239 [info] > git for-each-ref --sort -committerdate --format %(refname) %(objectname) %(*objectname) [2ms]
2024-12-28 15:48:00.326 [info] > git status -z -uall [97ms]
2024-12-28 15:48:02.302 [info] > git show --textconv :.config/nvim/old.lua [9ms]
2024-12-28 15:48:02.307 [info] > git ls-files --stage -- /home/anu/Documents/GitHub/dotfiles/.config/nvim/old.lua [5ms]
2024-12-28 15:48:02.595 [info] > git check-ignore -v -z --stdin [13ms]
2024-12-28 15:48:05.340 [info] > git config --get commit.template [6ms]
2024-12-28 15:48:05.341 [info] > git for-each-ref --format=%(refname)%00%(upstream:short)%00%(objectname)%00%(upstream:track)%00%(upstream:remotename)%00%(upstream:remoteref) refs/heads/main refs/remotes/main [1ms]
2024-12-28 15:48:05.358 [info] > git for-each-ref --sort -committerdate --format %(refname) %(objectname) %(*objectname) [3ms]
2024-12-28 15:48:05.438 [info] > git status -z -uall [92ms]
2024-12-28 15:48:09.730 [info] > git blame --root --incremental e22d753d74a67aa94765ca4c3aff4ad64b11f9a8 -- /home/anu/Documents/GitHub/dotfiles/.config/nvim/old.lua [1ms]
2024-12-28 15:48:09.730 [info] fatal: no such path .config/nvim/old.lua in e22d753d74a67aa94765ca4c3aff4ad64b11f9a8
2024-12-28 15:48:10.453 [info] > git config --get commit.template [6ms]
2024-12-28 15:48:10.454 [info] > git for-each-ref --format=%(refname)%00%(upstream:short)%00%(objectname)%00%(upstream:track)%00%(upstream:remotename)%00%(upstream:remoteref) refs/heads/main refs/remotes/main [2ms]
2024-12-28 15:48:10.473 [info] > git for-each-ref --sort -committerdate --format %(refname) %(objectname) %(*objectname) [2ms]
2024-12-28 15:48:10.563 [info] > git status -z -uall [101ms]
2024-12-28 15:48:11.784 [info] > git show --textconv :.config/nvim/init.lua [7ms]
2024-12-28 15:48:11.789 [info] > git ls-files --stage -- /home/anu/Documents/GitHub/dotfiles/.config/nvim/init.lua [5ms]
2024-12-28 15:48:11.797 [info] > git cat-file -s ee8fbc992e12fbeb08bca9f0f7340db2cafbdd38 [1ms]
2024-12-28 15:48:15.578 [info] > git config --get commit.template [5ms]
2024-12-28 15:48:15.579 [info] > git for-each-ref --format=%(refname)%00%(upstream:short)%00%(objectname)%00%(upstream:track)%00%(upstream:remotename)%00%(upstream:remoteref) refs/heads/main refs/remotes/main [1ms]
2024-12-28 15:48:15.598 [info] > git for-each-ref --sort -committerdate --format %(refname) %(objectname) %(*objectname) [5ms]
2024-12-28 15:48:15.681 [info] > git status -z -uall [96ms]
2024-12-28 15:48:20.691 [info] > git config --get commit.template [1ms]
2024-12-28 15:48:20.698 [info] > git for-each-ref --format=%(refname)%00%(upstream:short)%00%(objectname)%00%(upstream:track)%00%(upstream:remotename)%00%(upstream:remoteref) refs/heads/main refs/remotes/main [1ms]
2024-12-28 15:48:20.713 [info] > git for-each-ref --sort -committerdate --format %(refname) %(objectname) %(*objectname) [2ms]
2024-12-28 15:48:20.797 [info] > git status -z -uall [94ms]
2024-12-28 15:48:49.581 [info] > git config --get commit.template [6ms]
2024-12-28 15:48:49.582 [info] > git for-each-ref --format=%(refname)%00%(upstream:short)%00%(objectname)%00%(upstream:track)%00%(upstream:remotename)%00%(upstream:remoteref) refs/heads/main refs/remotes/main [2ms]
2024-12-28 15:48:49.598 [info] > git for-each-ref --sort -committerdate --format %(refname) %(objectname) %(*objectname) [3ms]
2024-12-28 15:48:49.685 [info] > git status -z -uall [98ms]
2024-12-28 15:48:54.701 [info] > git config --get commit.template [6ms]
2024-12-28 15:48:54.702 [info] > git for-each-ref --format=%(refname)%00%(upstream:short)%00%(objectname)%00%(upstream:track)%00%(upstream:remotename)%00%(upstream:remoteref) refs/heads/main refs/remotes/main [1ms]
2024-12-28 15:48:54.719 [info] > git for-each-ref --sort -committerdate --format %(refname) %(objectname) %(*objectname) [2ms]
2024-12-28 15:48:54.806 [info] > git status -z -uall [98ms]
2024-12-28 15:48:59.824 [info] > git config --get commit.template [8ms]
2024-12-28 15:48:59.825 [info] > git for-each-ref --format=%(refname)%00%(upstream:short)%00%(objectname)%00%(upstream:track)%00%(upstream:remotename)%00%(upstream:remoteref) refs/heads/main refs/remotes/main [2ms]
2024-12-28 15:48:59.843 [info] > git for-each-ref --sort -committerdate --format %(refname) %(objectname) %(*objectname) [2ms]
2024-12-28 15:48:59.929 [info] > git status -z -uall [98ms]
2024-12-28 15:49:08.072 [info] > git config --get commit.template [6ms]
2024-12-28 15:49:08.073 [info] > git for-each-ref --format=%(refname)%00%(upstream:short)%00%(objectname)%00%(upstream:track)%00%(upstream:remotename)%00%(upstream:remoteref) refs/heads/main refs/remotes/main [2ms]
2024-12-28 15:49:08.089 [info] > git for-each-ref --sort -committerdate --format %(refname) %(objectname) %(*objectname) [3ms]
2024-12-28 15:49:08.171 [info] > git status -z -uall [93ms]
2024-12-28 15:49:10.408 [info] > git fetch [751ms]
2024-12-28 15:49:10.425 [info] > git config --get commit.template [8ms]
2024-12-28 15:49:10.426 [info] > git for-each-ref --format=%(refname)%00%(upstream:short)%00%(objectname)%00%(upstream:track)%00%(upstream:remotename)%00%(upstream:remoteref) refs/heads/main refs/remotes/main [2ms]
2024-12-28 15:49:10.448 [info] > git for-each-ref --sort -committerdate --format %(refname) %(objectname) %(*objectname) [2ms]
2024-12-28 15:49:10.546 [info] > git status -z -uall [111ms]
2024-12-28 15:49:11.611 [info] > git ls-files --stage -- /home/anu/Documents/GitHub/dotfiles/.config/nvim/init.lua [5ms]
2024-12-28 15:49:11.619 [info] > git cat-file -s ee8fbc992e12fbeb08bca9f0f7340db2cafbdd38 [1ms]
2024-12-28 15:49:11.633 [info] > git show --textconv :.config/nvim/init.lua [6ms]
2024-12-28 15:49:24.738 [info] > git config --get commit.template [8ms]
2024-12-28 15:49:24.739 [info] > git for-each-ref --format=%(refname)%00%(upstream:short)%00%(objectname)%00%(upstream:track)%00%(upstream:remotename)%00%(upstream:remoteref) refs/heads/main refs/remotes/main [2ms]
2024-12-28 15:49:24.760 [info] > git for-each-ref --sort -committerdate --format %(refname) %(objectname) %(*objectname) [1ms]
2024-12-28 15:49:24.841 [info] > git status -z -uall [93ms]
2024-12-28 15:50:17.276 [info] > git config --get commit.template [6ms]
2024-12-28 15:50:17.277 [info] > git for-each-ref --format=%(refname)%00%(upstream:short)%00%(objectname)%00%(upstream:track)%00%(upstream:remotename)%00%(upstream:remoteref) refs/heads/main refs/remotes/main [2ms]
2024-12-28 15:50:17.294 [info] > git for-each-ref --sort -committerdate --format %(refname) %(objectname) %(*objectname) [3ms]
2024-12-28 15:50:17.378 [info] > git status -z -uall [95ms]
2024-12-28 15:50:22.396 [info] > git config --get commit.template [6ms]
2024-12-28 15:50:22.398 [info] > git for-each-ref --format=%(refname)%00%(upstream:short)%00%(objectname)%00%(upstream:track)%00%(upstream:remotename)%00%(upstream:remoteref) refs/heads/main refs/remotes/main [1ms]
2024-12-28 15:50:22.414 [info] > git for-each-ref --sort -committerdate --format %(refname) %(objectname) %(*objectname) [3ms]
2024-12-28 15:50:22.496 [info] > git status -z -uall [93ms]
2024-12-28 15:50:57.124 [info] > git config --get commit.template [6ms]
2024-12-28 15:50:57.125 [info] > git for-each-ref --format=%(refname)%00%(upstream:short)%00%(objectname)%00%(upstream:track)%00%(upstream:remotename)%00%(upstream:remoteref) refs/heads/main refs/remotes/main [2ms]
2024-12-28 15:50:57.141 [info] > git for-each-ref --sort -committerdate --format %(refname) %(objectname) %(*objectname) [3ms]
2024-12-28 15:50:57.223 [info] > git status -z -uall [93ms]
2024-12-28 15:51:06.201 [info] > git config --get commit.template [6ms]
2024-12-28 15:51:06.202 [info] > git for-each-ref --format=%(refname)%00%(upstream:short)%00%(objectname)%00%(upstream:track)%00%(upstream:remotename)%00%(upstream:remoteref) refs/heads/main refs/remotes/main [1ms]
2024-12-28 15:51:06.219 [info] > git for-each-ref --sort -committerdate --format %(refname) %(objectname) %(*objectname) [3ms]
2024-12-28 15:51:06.301 [info] > git status -z -uall [93ms]
2024-12-28 15:51:11.335 [info] > git config --get commit.template [6ms]
2024-12-28 15:51:11.336 [info] > git for-each-ref --format=%(refname)%00%(upstream:short)%00%(objectname)%00%(upstream:track)%00%(upstream:remotename)%00%(upstream:remoteref) refs/heads/main refs/remotes/main [1ms]
2024-12-28 15:51:11.354 [info] > git for-each-ref --sort -committerdate --format %(refname) %(objectname) %(*objectname) [4ms]
2024-12-28 15:51:11.436 [info] > git status -z -uall [94ms]
2024-12-28 15:51:20.549 [info] > git config --get commit.template [6ms]
2024-12-28 15:51:20.550 [info] > git for-each-ref --format=%(refname)%00%(upstream:short)%00%(objectname)%00%(upstream:track)%00%(upstream:remotename)%00%(upstream:remoteref) refs/heads/main refs/remotes/main [1ms]
2024-12-28 15:51:20.566 [info] > git for-each-ref --sort -committerdate --format %(refname) %(objectname) %(*objectname) [2ms]
2024-12-28 15:51:20.649 [info] > git status -z -uall [93ms]
2024-12-28 15:51:29.060 [info] > git config --get commit.template [7ms]
2024-12-28 15:51:29.061 [info] > git for-each-ref --format=%(refname)%00%(upstream:short)%00%(objectname)%00%(upstream:track)%00%(upstream:remotename)%00%(upstream:remoteref) refs/heads/main refs/remotes/main [1ms]
2024-12-28 15:51:29.079 [info] > git for-each-ref --sort -committerdate --format %(refname) %(objectname) %(*objectname) [3ms]
2024-12-28 15:51:29.160 [info] > git status -z -uall [94ms]
2024-12-28 15:51:34.179 [info] > git config --get commit.template [5ms]
2024-12-28 15:51:34.180 [info] > git for-each-ref --format=%(refname)%00%(upstream:short)%00%(objectname)%00%(upstream:track)%00%(upstream:remotename)%00%(upstream:remoteref) refs/heads/main refs/remotes/main [2ms]
2024-12-28 15:51:34.196 [info] > git for-each-ref --sort -committerdate --format %(refname) %(objectname) %(*objectname) [2ms]
2024-12-28 15:51:34.279 [info] > git status -z -uall [94ms]
