2024-11-30 14:49:08.530 [info] Reading sessions from keychain...
2024-11-30 14:49:08.530 [info] Getting sessions for all scopes...
2024-11-30 14:49:08.530 [info] Getting sessions for all scopes...
2024-11-30 14:49:08.530 [info] Getting sessions for all scopes...
2024-11-30 14:49:08.530 [info] Getting sessions for user:email...
2024-11-30 14:49:08.530 [info] Got stored sessions!
2024-11-30 14:49:08.530 [info] Got 1 verified sessions.
2024-11-30 14:49:08.530 [info] Got 1 sessions for ...
2024-11-30 14:49:08.530 [info] Got 1 sessions for ...
2024-11-30 14:49:08.530 [info] Got 1 sessions for ...
2024-11-30 14:49:08.530 [info] Got 1 sessions for user:email...
2024-11-30 14:49:08.530 [info] Getting sessions for user:email...
2024-11-30 14:49:08.530 [info] Got 1 sessions for user:email...
2024-11-30 14:49:08.530 [info] Getting sessions for user:email...
2024-11-30 14:49:08.530 [info] Got 1 sessions for user:email...
2024-11-30 14:49:08.581 [info] Getting sessions for read:user,repo,user:email...
2024-11-30 14:49:08.581 [info] Got 0 sessions for read:user,repo,user:email...
2024-11-30 14:49:08.763 [info] Getting sessions for all scopes...
2024-11-30 14:49:08.763 [info] Got 1 sessions for ...
2024-11-30 14:49:08.919 [info] Getting sessions for read:user,repo,user:email,workflow...
2024-11-30 14:49:08.919 [info] Got 0 sessions for read:user,repo,user:email,workflow...
