2024-12-28 15:45:50.637 [info] Reading sessions from keychain...
2024-12-28 15:45:50.637 [info] Getting sessions for all scopes...
2024-12-28 15:45:50.637 [info] Getting sessions for all scopes...
2024-12-28 15:45:50.637 [info] Getting sessions for all scopes...
2024-12-28 15:45:50.637 [info] Getting sessions for all scopes...
2024-12-28 15:45:50.637 [info] Getting sessions for all scopes...
2024-12-28 15:45:50.637 [info] Getting sessions for all scopes...
2024-12-28 15:45:50.637 [info] Getting sessions for all scopes...
2024-12-28 15:45:50.637 [info] Got stored sessions!
2024-12-28 15:45:50.637 [info] Got 1 verified sessions.
2024-12-28 15:45:50.637 [info] Got 1 sessions for ...
2024-12-28 15:45:50.637 [info] Got 1 sessions for ...
2024-12-28 15:45:50.637 [info] Got 1 sessions for ...
2024-12-28 15:45:50.637 [info] Got 1 sessions for ...
2024-12-28 15:45:50.637 [info] Got 1 sessions for ...
2024-12-28 15:45:50.637 [info] Got 1 sessions for ...
2024-12-28 15:45:50.637 [info] Got 1 sessions for ...
2024-12-28 15:45:50.637 [info] Getting sessions for all scopes...
2024-12-28 15:45:50.637 [info] Got 1 sessions for ...
2024-12-28 15:45:50.637 [info] Getting sessions for user:email...
2024-12-28 15:45:50.637 [info] Got 1 sessions for user:email...
2024-12-28 15:45:51.609 [info] Getting sessions for read:user,repo,user:email,workflow...
2024-12-28 15:45:51.609 [info] Got 0 sessions for read:user,repo,user:email,workflow...
2024-12-28 15:45:51.827 [info] Getting sessions for read:user,repo,user:email...
2024-12-28 15:45:51.827 [info] Got 0 sessions for read:user,repo,user:email...
2024-12-28 15:45:52.364 [info] Getting sessions for all scopes...
2024-12-28 15:45:52.364 [info] Got 1 sessions for ...
2024-12-28 15:46:07.530 [info] Reading sessions from keychain...
2024-12-28 15:46:07.530 [info] Getting sessions for all scopes...
2024-12-28 15:46:07.530 [info] Getting sessions for all scopes...
2024-12-28 15:46:07.543 [info] Got stored sessions!
2024-12-28 15:46:07.543 [info] Got 1 verified sessions.
2024-12-28 15:46:07.543 [info] Got 1 sessions for ...
2024-12-28 15:46:07.543 [info] Got 1 sessions for ...
2024-12-28 15:46:07.549 [info] Getting sessions for user:email...
2024-12-28 15:46:07.549 [info] Got 1 sessions for user:email...
2024-12-28 15:46:07.550 [info] Getting sessions for all scopes...
2024-12-28 15:46:07.550 [info] Got 1 sessions for ...
2024-12-28 15:46:07.550 [info] Getting sessions for all scopes...
2024-12-28 15:46:07.550 [info] Got 1 sessions for ...
2024-12-28 15:46:07.550 [info] Getting sessions for all scopes...
2024-12-28 15:46:07.550 [info] Got 1 sessions for ...
2024-12-28 15:46:07.550 [info] Getting sessions for all scopes...
2024-12-28 15:46:07.550 [info] Got 1 sessions for ...
2024-12-28 15:46:07.550 [info] Getting sessions for all scopes...
2024-12-28 15:46:07.550 [info] Got 1 sessions for ...
2024-12-28 15:46:08.400 [info] Getting sessions for read:user,repo,user:email...
2024-12-28 15:46:08.400 [info] Got 0 sessions for read:user,repo,user:email...
2024-12-28 15:46:09.276 [info] Getting sessions for read:user,repo,user:email,workflow...
2024-12-28 15:46:09.276 [info] Got 0 sessions for read:user,repo,user:email,workflow...
2024-12-28 15:46:09.574 [info] Getting sessions for all scopes...
2024-12-28 15:46:09.574 [info] Got 1 sessions for ...
