2024-11-17 15:05:45.075 [info] Added views:outline in workbench.view.explorer
2024-11-17 15:05:45.075 [info] Added views:workbench.view.search in workbench.view.search
2024-11-17 15:05:45.075 [info] Added views:workbench.scm in workbench.view.scm
2024-11-17 15:05:45.075 [info] Added views:workbench.panel.markers.view in workbench.panel.markers
2024-11-17 15:05:45.075 [info] Added views:workbench.panel.output in workbench.panel.output
2024-11-17 15:05:45.075 [info] Added views:terminal in terminal
2024-11-17 15:05:45.075 [info] Added views:timeline in workbench.view.explorer
2024-11-17 15:05:45.075 [info] Added views:workbench.explorer.openEditorsView,workbench.explorer.fileView in workbench.view.explorer
2024-11-17 15:05:45.486 [info] Added views:gitlens.views.home,gitlens.views.workspaces,gitlens.views.account in workbench.view.extension.gitlens
2024-11-17 15:05:45.486 [info] Added views:gitlens.views.commitDetails,gitlens.views.lineHistory,gitlens.views.fileHistory,gitlens.views.searchAndCompare in workbench.view.extension.gitlensInspect
2024-11-17 15:05:45.487 [info] Added views:gitlens.views.commits,gitlens.views.branches,gitlens.views.remotes,gitlens.views.stashes,gitlens.views.tags,gitlens.views.contributors in workbench.view.scm
2024-11-17 15:05:45.637 [info] Added views:workbench.debug.welcome in workbench.view.debug
2024-11-17 15:05:45.682 [info] Added views:workbench.panel.repl.view in workbench.panel.repl
2024-11-17 15:05:45.815 [info] Added views:~remote.forwardedPorts in ~remote.forwardedPortsContainer
2024-11-17 15:05:46.760 [info] Added views:gitlens.views.drafts in workbench.view.extension.gitlens
2024-11-17 15:05:47.395 [info] Added views:gitlens.views.graph,gitlens.views.graphDetails in workbench.view.extension.gitlensPanel
2024-11-17 15:05:47.395 [info] Added views:gitlens.views.timeline in workbench.view.extension.gitlensInspect
2024-11-17 15:05:47.396 [info] Added views:gitlens.views.worktrees in workbench.view.scm
2024-11-17 15:06:15.743 [info] Added views:outline in workbench.view.explorer
2024-11-17 15:06:15.743 [info] Added views:workbench.view.search in workbench.view.search
2024-11-17 15:06:15.743 [info] Added views:workbench.scm in workbench.view.scm
2024-11-17 15:06:15.743 [info] Added views:workbench.panel.markers.view in workbench.panel.markers
2024-11-17 15:06:15.743 [info] Added views:workbench.panel.output in workbench.panel.output
2024-11-17 15:06:15.743 [info] Added views:terminal in terminal
2024-11-17 15:06:15.743 [info] Added views:timeline in workbench.view.explorer
2024-11-17 15:06:15.743 [info] Added views:workbench.explorer.openEditorsView,workbench.explorer.fileView in workbench.view.explorer
2024-11-17 15:06:15.895 [info] Added views:workbench.debug.variablesView,workbench.debug.watchExpressionsView,workbench.debug.callStackView,workbench.debug.breakPointsView in workbench.view.debug
2024-11-17 15:06:16.176 [info] Added views:gitlens.views.home,gitlens.views.workspaces,gitlens.views.account in workbench.view.extension.gitlens
2024-11-17 15:06:16.176 [info] Added views:gitlens.views.commitDetails,gitlens.views.lineHistory,gitlens.views.fileHistory,gitlens.views.searchAndCompare in workbench.view.extension.gitlensInspect
2024-11-17 15:06:16.177 [info] Added views:gitlens.views.commits,gitlens.views.branches,gitlens.views.remotes,gitlens.views.stashes,gitlens.views.tags,gitlens.views.contributors in workbench.view.scm
2024-11-17 15:06:16.346 [info] Added views:workbench.panel.repl.view in workbench.panel.repl
2024-11-17 15:06:16.347 [info] Removed views:workbench.debug.breakPointsView,workbench.debug.callStackView,workbench.debug.watchExpressionsView,workbench.debug.variablesView from workbench.view.debug
2024-11-17 15:06:16.348 [info] Added views:workbench.debug.welcome in workbench.view.debug
2024-11-17 15:06:16.386 [info] Added views:~remote.forwardedPorts in ~remote.forwardedPortsContainer
2024-11-17 15:06:17.174 [info] Removed views:gitlens.views.searchAndCompare,gitlens.views.fileHistory,gitlens.views.lineHistory,gitlens.views.commitDetails from workbench.view.extension.gitlensInspect
2024-11-17 15:06:17.175 [info] Removed views:gitlens.views.contributors,gitlens.views.tags,gitlens.views.stashes,gitlens.views.remotes,gitlens.views.branches,gitlens.views.commits from workbench.view.scm
2024-11-17 15:06:17.233 [info] Added views:gitlens.views.drafts in workbench.view.extension.gitlens
2024-11-17 15:06:17.576 [info] Added views:gitlens.views.commitDetails,gitlens.views.lineHistory,gitlens.views.fileHistory,gitlens.views.searchAndCompare in workbench.view.extension.gitlensInspect
2024-11-17 15:06:17.577 [info] Added views:gitlens.views.commits,gitlens.views.branches,gitlens.views.remotes,gitlens.views.stashes,gitlens.views.tags,gitlens.views.contributors in workbench.view.scm
2024-11-17 15:06:18.079 [info] Added views:gitlens.views.graph,gitlens.views.graphDetails in workbench.view.extension.gitlensPanel
2024-11-17 15:06:18.079 [info] Added views:gitlens.views.timeline in workbench.view.extension.gitlensInspect
2024-11-17 15:06:18.080 [info] Added views:gitlens.views.worktrees in workbench.view.scm
2024-11-17 15:06:54.518 [info] Added views:workbench.scm.repositories,workbench.scm.history in workbench.view.scm
2024-11-17 15:13:35.359 [info] Removed views:workbench.scm.history,workbench.scm.repositories from workbench.view.scm
