2024-11-17 18:32:59.489 [info] [main] Log level: Info
2024-11-17 18:32:59.489 [info] [main] Validating found git in: "git"
2024-11-17 18:32:59.489 [info] [main] Using git "2.47.0" from "git"
2024-11-17 18:32:59.489 [info] [Model][doInitialScan] Initial repository scan started
2024-11-17 18:32:59.489 [info] > git rev-parse --show-toplevel [40ms]
2024-11-17 18:32:59.490 [info] > git rev-parse --git-dir --git-common-dir [2ms]
2024-11-17 18:32:59.503 [info] [Model][openRepository] Opened repository: /home/anu/Documents/GitHub/things-ng
2024-11-17 18:32:59.519 [info] > git config --get commit.template [6ms]
2024-11-17 18:32:59.537 [info] > git rev-parse --show-toplevel [19ms]
2024-11-17 18:33:00.065 [info] > git rev-parse --show-toplevel [205ms]
2024-11-17 18:33:00.065 [info] > git for-each-ref --format=%(refname)%00%(upstream:short)%00%(objectname)%00%(upstream:track)%00%(upstream:remotename)%00%(upstream:remoteref) refs/heads/main refs/remotes/main [211ms]
2024-11-17 18:33:00.115 [info] > git rev-parse --show-toplevel [22ms]
2024-11-17 18:33:00.117 [info] [Model][doInitialScan] Initial repository scan completed - repositories (1), closed repositories (0), parent repositories (0), unsafe repositories (0)
2024-11-17 18:33:00.297 [info] > git status -z -uall [68ms]
2024-11-17 18:33:00.297 [info] > git for-each-ref --sort -committerdate --format %(refname) %(objectname) %(*objectname) [62ms]
2024-11-17 18:33:00.327 [info] > git for-each-ref --format=%(refname)%00%(upstream:short)%00%(objectname)%00%(upstream:track)%00%(upstream:remotename)%00%(upstream:remoteref) refs/heads/main refs/remotes/main [19ms]
2024-11-17 18:33:00.335 [info] > git config --get commit.template [9ms]
2024-11-17 18:33:00.355 [info] > git config --local branch.main.vscode-merge-base [22ms]
2024-11-17 18:33:00.397 [info] > git check-ignore -v -z --stdin [12ms]
2024-11-17 18:33:00.398 [info] > git for-each-ref --format=%(refname)%00%(upstream:short)%00%(objectname)%00%(upstream:track)%00%(upstream:remotename)%00%(upstream:remoteref) refs/heads/main refs/remotes/main [20ms]
2024-11-17 18:33:00.398 [info] > git for-each-ref --format=%(refname)%00%(upstream:short)%00%(objectname)%00%(upstream:track)%00%(upstream:remotename)%00%(upstream:remoteref) refs/heads/origin/main refs/remotes/origin/main [36ms]
2024-11-17 18:33:00.410 [info] > git merge-base refs/heads/main refs/remotes/origin/main [3ms]
2024-11-17 18:33:00.419 [info] > git diff --name-status -z --diff-filter=ADMR 421ef8910caae5970ad6eef5821897479dcad934...refs/remotes/origin/main [2ms]
2024-11-17 18:33:00.444 [info] > git status -z -uall [8ms]
2024-11-17 18:33:00.445 [info] > git for-each-ref --sort -committerdate --format %(refname) %(objectname) %(*objectname) [2ms]
2024-11-17 18:33:00.985 [info] > git fetch [1482ms]
2024-11-17 18:33:01.000 [info] > git config --get commit.template [7ms]
2024-11-17 18:33:01.001 [info] > git for-each-ref --format=%(refname)%00%(upstream:short)%00%(objectname)%00%(upstream:track)%00%(upstream:remotename)%00%(upstream:remoteref) refs/heads/main refs/remotes/main [1ms]
2024-11-17 18:33:01.015 [info] > git status -z -uall [6ms]
2024-11-17 18:33:01.016 [info] > git for-each-ref --sort -committerdate --format %(refname) %(objectname) %(*objectname) [1ms]
2024-11-17 18:33:02.071 [info] > git config --get commit.template [6ms]
2024-11-17 18:33:02.072 [info] > git for-each-ref --format=%(refname)%00%(upstream:short)%00%(objectname)%00%(upstream:track)%00%(upstream:remotename)%00%(upstream:remoteref) refs/heads/main refs/remotes/main [2ms]
2024-11-17 18:33:02.085 [info] > git status -z -uall [6ms]
2024-11-17 18:33:02.086 [info] > git for-each-ref --sort -committerdate --format %(refname) %(objectname) %(*objectname) [1ms]
2024-11-17 18:33:26.450 [info] > git for-each-ref --format=%(refname)%00%(upstream:short)%00%(objectname)%00%(upstream:track)%00%(upstream:remotename)%00%(upstream:remoteref) refs/heads/main refs/remotes/main [8ms]
2024-11-17 18:33:26.450 [info] > git config --get commit.template [14ms]
2024-11-17 18:33:26.450 [info] > git check-ignore -v -z --stdin [1ms]
2024-11-17 18:33:26.467 [info] > git status -z -uall [8ms]
2024-11-17 18:33:26.468 [info] > git for-each-ref --sort -committerdate --format %(refname) %(objectname) %(*objectname) [2ms]
2024-11-17 18:33:28.622 [info] > git show --textconv :src/app/misc/services/signals.service.ts [46ms]
2024-11-17 18:33:28.622 [info] > git ls-files --stage -- /home/anu/Documents/GitHub/things-ng/src/app/misc/services/signals.service.ts [30ms]
2024-11-17 18:33:42.037 [info] > git config --get commit.template [7ms]
2024-11-17 18:33:42.037 [info] > git for-each-ref --format=%(refname)%00%(upstream:short)%00%(objectname)%00%(upstream:track)%00%(upstream:remotename)%00%(upstream:remoteref) refs/heads/main refs/remotes/main [1ms]
2024-11-17 18:33:42.051 [info] > git status -z -uall [6ms]
2024-11-17 18:33:42.052 [info] > git for-each-ref --sort -committerdate --format %(refname) %(objectname) %(*objectname) [1ms]
2024-11-17 18:33:48.736 [info] > git config --get commit.template [8ms]
2024-11-17 18:33:48.736 [info] > git for-each-ref --format=%(refname)%00%(upstream:short)%00%(objectname)%00%(upstream:track)%00%(upstream:remotename)%00%(upstream:remoteref) refs/heads/main refs/remotes/main [1ms]
2024-11-17 18:33:48.751 [info] > git status -z -uall [7ms]
2024-11-17 18:33:48.752 [info] > git for-each-ref --sort -committerdate --format %(refname) %(objectname) %(*objectname) [1ms]
2024-11-17 18:33:56.580 [info] > git config --get commit.template [7ms]
2024-11-17 18:33:56.581 [info] > git for-each-ref --format=%(refname)%00%(upstream:short)%00%(objectname)%00%(upstream:track)%00%(upstream:remotename)%00%(upstream:remoteref) refs/heads/main refs/remotes/main [1ms]
2024-11-17 18:33:56.594 [info] > git status -z -uall [7ms]
2024-11-17 18:33:56.594 [info] > git for-each-ref --sort -committerdate --format %(refname) %(objectname) %(*objectname) [1ms]
2024-11-17 18:34:01.612 [info] > git config --get commit.template [7ms]
2024-11-17 18:34:01.612 [info] > git for-each-ref --format=%(refname)%00%(upstream:short)%00%(objectname)%00%(upstream:track)%00%(upstream:remotename)%00%(upstream:remoteref) refs/heads/main refs/remotes/main [1ms]
2024-11-17 18:34:01.626 [info] > git status -z -uall [8ms]
2024-11-17 18:34:01.627 [info] > git for-each-ref --sort -committerdate --format %(refname) %(objectname) %(*objectname) [1ms]
2024-11-17 18:34:06.643 [info] > git config --get commit.template [7ms]
2024-11-17 18:34:06.644 [info] > git for-each-ref --format=%(refname)%00%(upstream:short)%00%(objectname)%00%(upstream:track)%00%(upstream:remotename)%00%(upstream:remoteref) refs/heads/main refs/remotes/main [2ms]
2024-11-17 18:34:06.657 [info] > git status -z -uall [7ms]
2024-11-17 18:34:06.658 [info] > git for-each-ref --sort -committerdate --format %(refname) %(objectname) %(*objectname) [2ms]
2024-11-17 18:34:11.676 [info] > git config --get commit.template [9ms]
2024-11-17 18:34:11.677 [info] > git for-each-ref --format=%(refname)%00%(upstream:short)%00%(objectname)%00%(upstream:track)%00%(upstream:remotename)%00%(upstream:remoteref) refs/heads/main refs/remotes/main [1ms]
2024-11-17 18:34:11.693 [info] > git status -z -uall [9ms]
2024-11-17 18:34:11.694 [info] > git for-each-ref --sort -committerdate --format %(refname) %(objectname) %(*objectname) [1ms]
2024-11-17 18:34:16.712 [info] > git config --get commit.template [6ms]
2024-11-17 18:34:16.712 [info] > git for-each-ref --format=%(refname)%00%(upstream:short)%00%(objectname)%00%(upstream:track)%00%(upstream:remotename)%00%(upstream:remoteref) refs/heads/main refs/remotes/main [1ms]
2024-11-17 18:34:16.725 [info] > git status -z -uall [7ms]
2024-11-17 18:34:16.726 [info] > git for-each-ref --sort -committerdate --format %(refname) %(objectname) %(*objectname) [1ms]
2024-11-17 18:34:22.299 [info] > git config --get commit.template [7ms]
2024-11-17 18:34:22.300 [info] > git for-each-ref --format=%(refname)%00%(upstream:short)%00%(objectname)%00%(upstream:track)%00%(upstream:remotename)%00%(upstream:remoteref) refs/heads/main refs/remotes/main [1ms]
2024-11-17 18:34:22.317 [info] > git status -z -uall [7ms]
2024-11-17 18:34:22.318 [info] > git for-each-ref --sort -committerdate --format %(refname) %(objectname) %(*objectname) [1ms]
2024-11-17 18:34:27.333 [info] > git config --get commit.template [6ms]
2024-11-17 18:34:27.334 [info] > git for-each-ref --format=%(refname)%00%(upstream:short)%00%(objectname)%00%(upstream:track)%00%(upstream:remotename)%00%(upstream:remoteref) refs/heads/main refs/remotes/main [1ms]
2024-11-17 18:34:27.347 [info] > git status -z -uall [6ms]
2024-11-17 18:34:27.349 [info] > git for-each-ref --sort -committerdate --format %(refname) %(objectname) %(*objectname) [1ms]
2024-11-17 18:34:32.365 [info] > git config --get commit.template [6ms]
2024-11-17 18:34:32.366 [info] > git for-each-ref --format=%(refname)%00%(upstream:short)%00%(objectname)%00%(upstream:track)%00%(upstream:remotename)%00%(upstream:remoteref) refs/heads/main refs/remotes/main [1ms]
2024-11-17 18:34:32.380 [info] > git status -z -uall [7ms]
2024-11-17 18:34:32.381 [info] > git for-each-ref --sort -committerdate --format %(refname) %(objectname) %(*objectname) [1ms]
2024-11-17 18:34:37.391 [info] > git config --get commit.template [1ms]
2024-11-17 18:34:37.399 [info] > git for-each-ref --format=%(refname)%00%(upstream:short)%00%(objectname)%00%(upstream:track)%00%(upstream:remotename)%00%(upstream:remoteref) refs/heads/main refs/remotes/main [1ms]
2024-11-17 18:34:37.413 [info] > git status -z -uall [6ms]
2024-11-17 18:34:37.414 [info] > git for-each-ref --sort -committerdate --format %(refname) %(objectname) %(*objectname) [1ms]
2024-11-17 18:34:42.427 [info] > git config --get commit.template [1ms]
2024-11-17 18:34:42.434 [info] > git for-each-ref --format=%(refname)%00%(upstream:short)%00%(objectname)%00%(upstream:track)%00%(upstream:remotename)%00%(upstream:remoteref) refs/heads/main refs/remotes/main [1ms]
2024-11-17 18:34:42.450 [info] > git status -z -uall [8ms]
2024-11-17 18:34:42.451 [info] > git for-each-ref --sort -committerdate --format %(refname) %(objectname) %(*objectname) [1ms]
2024-11-17 18:34:47.466 [info] > git config --get commit.template [6ms]
2024-11-17 18:34:47.467 [info] > git for-each-ref --format=%(refname)%00%(upstream:short)%00%(objectname)%00%(upstream:track)%00%(upstream:remotename)%00%(upstream:remoteref) refs/heads/main refs/remotes/main [1ms]
2024-11-17 18:34:47.480 [info] > git status -z -uall [7ms]
2024-11-17 18:34:47.481 [info] > git for-each-ref --sort -committerdate --format %(refname) %(objectname) %(*objectname) [2ms]
2024-11-17 18:34:52.498 [info] > git config --get commit.template [8ms]
2024-11-17 18:34:52.499 [info] > git for-each-ref --format=%(refname)%00%(upstream:short)%00%(objectname)%00%(upstream:track)%00%(upstream:remotename)%00%(upstream:remoteref) refs/heads/main refs/remotes/main [2ms]
2024-11-17 18:34:52.515 [info] > git status -z -uall [8ms]
2024-11-17 18:34:52.516 [info] > git for-each-ref --sort -committerdate --format %(refname) %(objectname) %(*objectname) [2ms]
2024-11-17 18:34:57.531 [info] > git config --get commit.template [6ms]
2024-11-17 18:34:57.532 [info] > git for-each-ref --format=%(refname)%00%(upstream:short)%00%(objectname)%00%(upstream:track)%00%(upstream:remotename)%00%(upstream:remoteref) refs/heads/main refs/remotes/main [1ms]
2024-11-17 18:34:57.545 [info] > git status -z -uall [7ms]
2024-11-17 18:34:57.546 [info] > git for-each-ref --sort -committerdate --format %(refname) %(objectname) %(*objectname) [1ms]
2024-11-17 18:35:02.562 [info] > git config --get commit.template [6ms]
2024-11-17 18:35:02.563 [info] > git for-each-ref --format=%(refname)%00%(upstream:short)%00%(objectname)%00%(upstream:track)%00%(upstream:remotename)%00%(upstream:remoteref) refs/heads/main refs/remotes/main [1ms]
2024-11-17 18:35:02.580 [info] > git status -z -uall [9ms]
2024-11-17 18:35:02.581 [info] > git for-each-ref --sort -committerdate --format %(refname) %(objectname) %(*objectname) [1ms]
2024-11-17 18:35:07.597 [info] > git config --get commit.template [7ms]
2024-11-17 18:35:07.598 [info] > git for-each-ref --format=%(refname)%00%(upstream:short)%00%(objectname)%00%(upstream:track)%00%(upstream:remotename)%00%(upstream:remoteref) refs/heads/main refs/remotes/main [2ms]
2024-11-17 18:35:07.612 [info] > git status -z -uall [8ms]
2024-11-17 18:35:07.612 [info] > git for-each-ref --sort -committerdate --format %(refname) %(objectname) %(*objectname) [1ms]
2024-11-17 18:35:12.629 [info] > git config --get commit.template [6ms]
2024-11-17 18:35:12.630 [info] > git for-each-ref --format=%(refname)%00%(upstream:short)%00%(objectname)%00%(upstream:track)%00%(upstream:remotename)%00%(upstream:remoteref) refs/heads/main refs/remotes/main [1ms]
2024-11-17 18:35:12.644 [info] > git status -z -uall [8ms]
2024-11-17 18:35:12.645 [info] > git for-each-ref --sort -committerdate --format %(refname) %(objectname) %(*objectname) [2ms]
2024-11-17 18:35:17.661 [info] > git config --get commit.template [7ms]
2024-11-17 18:35:17.661 [info] > git for-each-ref --format=%(refname)%00%(upstream:short)%00%(objectname)%00%(upstream:track)%00%(upstream:remotename)%00%(upstream:remoteref) refs/heads/main refs/remotes/main [1ms]
2024-11-17 18:35:17.676 [info] > git status -z -uall [8ms]
2024-11-17 18:35:17.677 [info] > git for-each-ref --sort -committerdate --format %(refname) %(objectname) %(*objectname) [1ms]
2024-11-17 18:35:22.688 [info] > git config --get commit.template [1ms]
2024-11-17 18:35:22.698 [info] > git for-each-ref --format=%(refname)%00%(upstream:short)%00%(objectname)%00%(upstream:track)%00%(upstream:remotename)%00%(upstream:remoteref) refs/heads/main refs/remotes/main [2ms]
2024-11-17 18:35:22.714 [info] > git status -z -uall [8ms]
2024-11-17 18:35:22.715 [info] > git for-each-ref --sort -committerdate --format %(refname) %(objectname) %(*objectname) [2ms]
2024-11-17 18:35:27.730 [info] > git config --get commit.template [6ms]
2024-11-17 18:35:27.731 [info] > git for-each-ref --format=%(refname)%00%(upstream:short)%00%(objectname)%00%(upstream:track)%00%(upstream:remotename)%00%(upstream:remoteref) refs/heads/main refs/remotes/main [1ms]
2024-11-17 18:35:27.744 [info] > git status -z -uall [6ms]
2024-11-17 18:35:27.745 [info] > git for-each-ref --sort -committerdate --format %(refname) %(objectname) %(*objectname) [1ms]
2024-11-17 18:35:32.764 [info] > git config --get commit.template [8ms]
2024-11-17 18:35:32.765 [info] > git for-each-ref --format=%(refname)%00%(upstream:short)%00%(objectname)%00%(upstream:track)%00%(upstream:remotename)%00%(upstream:remoteref) refs/heads/main refs/remotes/main [1ms]
2024-11-17 18:35:32.782 [info] > git status -z -uall [8ms]
2024-11-17 18:35:32.783 [info] > git for-each-ref --sort -committerdate --format %(refname) %(objectname) %(*objectname) [1ms]
2024-11-17 18:35:37.798 [info] > git config --get commit.template [6ms]
2024-11-17 18:35:37.799 [info] > git for-each-ref --format=%(refname)%00%(upstream:short)%00%(objectname)%00%(upstream:track)%00%(upstream:remotename)%00%(upstream:remoteref) refs/heads/main refs/remotes/main [1ms]
2024-11-17 18:35:37.812 [info] > git status -z -uall [6ms]
2024-11-17 18:35:37.813 [info] > git for-each-ref --sort -committerdate --format %(refname) %(objectname) %(*objectname) [1ms]
2024-11-17 18:35:43.849 [info] > git config --get commit.template [6ms]
2024-11-17 18:35:43.851 [info] > git for-each-ref --format=%(refname)%00%(upstream:short)%00%(objectname)%00%(upstream:track)%00%(upstream:remotename)%00%(upstream:remoteref) refs/heads/main refs/remotes/main [2ms]
2024-11-17 18:35:43.865 [info] > git status -z -uall [6ms]
2024-11-17 18:35:43.865 [info] > git for-each-ref --sort -committerdate --format %(refname) %(objectname) %(*objectname) [1ms]
2024-11-17 18:35:48.884 [info] > git config --get commit.template [8ms]
2024-11-17 18:35:48.884 [info] > git for-each-ref --format=%(refname)%00%(upstream:short)%00%(objectname)%00%(upstream:track)%00%(upstream:remotename)%00%(upstream:remoteref) refs/heads/main refs/remotes/main [1ms]
2024-11-17 18:35:48.899 [info] > git status -z -uall [7ms]
2024-11-17 18:35:48.899 [info] > git for-each-ref --sort -committerdate --format %(refname) %(objectname) %(*objectname) [1ms]
2024-11-17 18:35:53.915 [info] > git config --get commit.template [6ms]
2024-11-17 18:35:53.916 [info] > git for-each-ref --format=%(refname)%00%(upstream:short)%00%(objectname)%00%(upstream:track)%00%(upstream:remotename)%00%(upstream:remoteref) refs/heads/main refs/remotes/main [2ms]
2024-11-17 18:35:53.929 [info] > git status -z -uall [6ms]
2024-11-17 18:35:53.930 [info] > git for-each-ref --sort -committerdate --format %(refname) %(objectname) %(*objectname) [1ms]
2024-11-17 18:36:02.213 [info] > git ls-files --stage -- /home/anu/Documents/GitHub/things-ng/src/app/misc/services/signals.service.ts [1ms]
2024-11-17 18:36:02.223 [info] > git show --textconv :src/app/misc/services/signals.service.ts [1ms]
2024-11-17 18:36:02.391 [info] > git fetch [1366ms]
2024-11-17 18:36:02.408 [info] > git config --get commit.template [9ms]
2024-11-17 18:36:02.408 [info] > git for-each-ref --format=%(refname)%00%(upstream:short)%00%(objectname)%00%(upstream:track)%00%(upstream:remotename)%00%(upstream:remoteref) refs/heads/main refs/remotes/main [1ms]
2024-11-17 18:36:02.424 [info] > git status -z -uall [9ms]
2024-11-17 18:36:02.425 [info] > git for-each-ref --sort -committerdate --format %(refname) %(objectname) %(*objectname) [2ms]
2024-11-17 18:36:03.474 [info] > git config --get commit.template [1ms]
2024-11-17 18:36:03.481 [info] > git for-each-ref --format=%(refname)%00%(upstream:short)%00%(objectname)%00%(upstream:track)%00%(upstream:remotename)%00%(upstream:remoteref) refs/heads/main refs/remotes/main [1ms]
2024-11-17 18:36:03.496 [info] > git status -z -uall [8ms]
2024-11-17 18:36:03.498 [info] > git for-each-ref --sort -committerdate --format %(refname) %(objectname) %(*objectname) [2ms]
2024-11-17 18:36:03.575 [info] > git ls-files --stage -- /home/anu/Documents/GitHub/things-ng/src/app/misc/services/signals.service.ts [1ms]
2024-11-17 18:36:03.583 [info] > git show --textconv :src/app/misc/services/signals.service.ts [1ms]
2024-11-17 18:36:08.514 [info] > git config --get commit.template [7ms]
2024-11-17 18:36:08.514 [info] > git for-each-ref --format=%(refname)%00%(upstream:short)%00%(objectname)%00%(upstream:track)%00%(upstream:remotename)%00%(upstream:remoteref) refs/heads/main refs/remotes/main [1ms]
2024-11-17 18:36:08.529 [info] > git status -z -uall [6ms]
2024-11-17 18:36:08.529 [info] > git for-each-ref --sort -committerdate --format %(refname) %(objectname) %(*objectname) [1ms]
2024-11-17 18:36:14.117 [info] > git config --get commit.template [7ms]
2024-11-17 18:36:14.118 [info] > git for-each-ref --format=%(refname)%00%(upstream:short)%00%(objectname)%00%(upstream:track)%00%(upstream:remotename)%00%(upstream:remoteref) refs/heads/main refs/remotes/main [1ms]
2024-11-17 18:36:14.131 [info] > git status -z -uall [6ms]
2024-11-17 18:36:14.132 [info] > git for-each-ref --sort -committerdate --format %(refname) %(objectname) %(*objectname) [1ms]
2024-11-17 18:36:19.143 [info] > git config --get commit.template [1ms]
2024-11-17 18:36:19.150 [info] > git for-each-ref --format=%(refname)%00%(upstream:short)%00%(objectname)%00%(upstream:track)%00%(upstream:remotename)%00%(upstream:remoteref) refs/heads/main refs/remotes/main [1ms]
2024-11-17 18:36:19.164 [info] > git status -z -uall [7ms]
2024-11-17 18:36:19.164 [info] > git for-each-ref --sort -committerdate --format %(refname) %(objectname) %(*objectname) [1ms]
2024-11-17 18:36:24.183 [info] > git config --get commit.template [6ms]
2024-11-17 18:36:24.184 [info] > git for-each-ref --format=%(refname)%00%(upstream:short)%00%(objectname)%00%(upstream:track)%00%(upstream:remotename)%00%(upstream:remoteref) refs/heads/main refs/remotes/main [2ms]
2024-11-17 18:36:24.200 [info] > git status -z -uall [8ms]
2024-11-17 18:36:24.201 [info] > git for-each-ref --sort -committerdate --format %(refname) %(objectname) %(*objectname) [2ms]
2024-11-17 18:36:51.215 [info] [main] Log level: Info
2024-11-17 18:36:51.215 [info] [main] Validating found git in: "git"
2024-11-17 18:36:51.215 [info] [main] Using git "2.47.0" from "git"
2024-11-17 18:36:51.215 [info] [Model][doInitialScan] Initial repository scan started
2024-11-17 18:36:51.215 [info] > git rev-parse --show-toplevel [20ms]
2024-11-17 18:36:51.338 [info] > git rev-parse --git-dir --git-common-dir [93ms]
2024-11-17 18:36:51.362 [info] [Model][openRepository] Opened repository: /home/anu/Documents/GitHub/things-ng
2024-11-17 18:36:51.929 [info] > git rev-parse --show-toplevel [228ms]
2024-11-17 18:36:51.930 [info] > git config --get commit.template [236ms]
2024-11-17 18:36:52.001 [info] > git rev-parse --show-toplevel [24ms]
2024-11-17 18:36:52.020 [info] > git for-each-ref --format=%(refname)%00%(upstream:short)%00%(objectname)%00%(upstream:track)%00%(upstream:remotename)%00%(upstream:remoteref) refs/heads/main refs/remotes/main [28ms]
2024-11-17 18:36:52.026 [info] > git rev-parse --show-toplevel [8ms]
2024-11-17 18:36:52.063 [info] > git rev-parse --show-toplevel [13ms]
2024-11-17 18:36:52.066 [info] [Model][doInitialScan] Initial repository scan completed - repositories (1), closed repositories (0), parent repositories (0), unsafe repositories (0)
2024-11-17 18:36:52.122 [info] > git show --textconv :src/app/misc/services/signals.service.ts [46ms]
2024-11-17 18:36:52.123 [info] > git status -z -uall [14ms]
2024-11-17 18:36:52.125 [info] > git ls-files --stage -- /home/anu/Documents/GitHub/things-ng/src/app/misc/services/signals.service.ts [38ms]
2024-11-17 18:36:52.130 [info] > git for-each-ref --sort -committerdate --format %(refname) %(objectname) %(*objectname) [8ms]
2024-11-17 18:36:52.157 [info] > git for-each-ref --format=%(refname)%00%(upstream:short)%00%(objectname)%00%(upstream:track)%00%(upstream:remotename)%00%(upstream:remoteref) refs/heads/main refs/remotes/main [13ms]
2024-11-17 18:36:52.193 [info] > git config --local branch.main.vscode-merge-base [26ms]
2024-11-17 18:36:52.203 [info] > git config --get commit.template [47ms]
2024-11-17 18:36:52.205 [info] > git for-each-ref --format=%(refname)%00%(upstream:short)%00%(objectname)%00%(upstream:track)%00%(upstream:remotename)%00%(upstream:remoteref) refs/heads/origin/main refs/remotes/origin/main [3ms]
2024-11-17 18:36:52.244 [info] > git check-ignore -v -z --stdin [10ms]
2024-11-17 18:36:52.245 [info] > git merge-base refs/heads/main refs/remotes/origin/main [32ms]
2024-11-17 18:36:52.266 [info] > git diff --name-status -z --diff-filter=ADMR 421ef8910caae5970ad6eef5821897479dcad934...refs/remotes/origin/main [11ms]
2024-11-17 18:36:52.267 [info] > git for-each-ref --format=%(refname)%00%(upstream:short)%00%(objectname)%00%(upstream:track)%00%(upstream:remotename)%00%(upstream:remoteref) refs/heads/main refs/remotes/main [23ms]
2024-11-17 18:36:52.309 [info] > git status -z -uall [14ms]
2024-11-17 18:36:52.310 [info] > git for-each-ref --sort -committerdate --format %(refname) %(objectname) %(*objectname) [6ms]
2024-11-17 18:36:52.417 [info] > git fetch [1056ms]
2024-11-17 18:36:52.437 [info] > git config --get commit.template [10ms]
2024-11-17 18:36:52.438 [info] > git for-each-ref --format=%(refname)%00%(upstream:short)%00%(objectname)%00%(upstream:track)%00%(upstream:remotename)%00%(upstream:remoteref) refs/heads/main refs/remotes/main [2ms]
2024-11-17 18:36:52.457 [info] > git status -z -uall [11ms]
2024-11-17 18:36:52.458 [info] > git for-each-ref --sort -committerdate --format %(refname) %(objectname) %(*objectname) [2ms]
2024-11-17 18:36:53.506 [info] > git config --get commit.template [9ms]
2024-11-17 18:36:53.506 [info] > git for-each-ref --format=%(refname)%00%(upstream:short)%00%(objectname)%00%(upstream:track)%00%(upstream:remotename)%00%(upstream:remoteref) refs/heads/main refs/remotes/main [1ms]
2024-11-17 18:36:53.524 [info] > git status -z -uall [11ms]
2024-11-17 18:36:53.525 [info] > git for-each-ref --sort -committerdate --format %(refname) %(objectname) %(*objectname) [2ms]
2024-11-17 18:36:53.606 [info] > git ls-files --stage -- /home/anu/Documents/GitHub/things-ng/src/app/misc/services/signals.service.ts [4ms]
2024-11-17 18:36:53.621 [info] > git show --textconv :src/app/misc/services/signals.service.ts [1ms]
2024-11-17 18:36:58.633 [info] > git config --get commit.template [4ms]
2024-11-17 18:36:58.651 [info] > git for-each-ref --format=%(refname)%00%(upstream:short)%00%(objectname)%00%(upstream:track)%00%(upstream:remotename)%00%(upstream:remoteref) refs/heads/main refs/remotes/main [10ms]
2024-11-17 18:36:58.675 [info] > git status -z -uall [9ms]
2024-11-17 18:36:58.676 [info] > git for-each-ref --sort -committerdate --format %(refname) %(objectname) %(*objectname) [1ms]
2024-11-17 18:37:03.694 [info] > git config --get commit.template [8ms]
2024-11-17 18:37:03.694 [info] > git for-each-ref --format=%(refname)%00%(upstream:short)%00%(objectname)%00%(upstream:track)%00%(upstream:remotename)%00%(upstream:remoteref) refs/heads/main refs/remotes/main [1ms]
2024-11-17 18:37:03.710 [info] > git status -z -uall [8ms]
2024-11-17 18:37:03.710 [info] > git for-each-ref --sort -committerdate --format %(refname) %(objectname) %(*objectname) [1ms]
2024-11-17 18:37:08.728 [info] > git config --get commit.template [7ms]
2024-11-17 18:37:08.728 [info] > git for-each-ref --format=%(refname)%00%(upstream:short)%00%(objectname)%00%(upstream:track)%00%(upstream:remotename)%00%(upstream:remoteref) refs/heads/main refs/remotes/main [1ms]
2024-11-17 18:37:08.743 [info] > git status -z -uall [7ms]
2024-11-17 18:37:08.744 [info] > git for-each-ref --sort -committerdate --format %(refname) %(objectname) %(*objectname) [1ms]
2024-11-17 18:37:13.763 [info] > git config --get commit.template [7ms]
2024-11-17 18:37:13.764 [info] > git for-each-ref --format=%(refname)%00%(upstream:short)%00%(objectname)%00%(upstream:track)%00%(upstream:remotename)%00%(upstream:remoteref) refs/heads/main refs/remotes/main [1ms]
2024-11-17 18:37:13.779 [info] > git status -z -uall [6ms]
2024-11-17 18:37:13.779 [info] > git for-each-ref --sort -committerdate --format %(refname) %(objectname) %(*objectname) [1ms]
2024-11-17 18:37:18.796 [info] > git config --get commit.template [7ms]
2024-11-17 18:37:18.797 [info] > git for-each-ref --format=%(refname)%00%(upstream:short)%00%(objectname)%00%(upstream:track)%00%(upstream:remotename)%00%(upstream:remoteref) refs/heads/main refs/remotes/main [2ms]
2024-11-17 18:37:18.812 [info] > git status -z -uall [8ms]
2024-11-17 18:37:18.813 [info] > git for-each-ref --sort -committerdate --format %(refname) %(objectname) %(*objectname) [2ms]
2024-11-17 18:37:25.712 [info] > git config --get commit.template [7ms]
2024-11-17 18:37:25.712 [info] > git for-each-ref --format=%(refname)%00%(upstream:short)%00%(objectname)%00%(upstream:track)%00%(upstream:remotename)%00%(upstream:remoteref) refs/heads/main refs/remotes/main [1ms]
2024-11-17 18:37:25.727 [info] > git status -z -uall [7ms]
2024-11-17 18:37:25.728 [info] > git for-each-ref --sort -committerdate --format %(refname) %(objectname) %(*objectname) [1ms]
