2024-11-17 15:15:58.555 [info] [main] Log level: Info
2024-11-17 15:15:58.555 [info] [main] Validating found git in: "git"
2024-11-17 15:15:58.555 [info] [main] Using git "2.47.0" from "git"
2024-11-17 15:15:58.555 [info] [Model][doInitialScan] Initial repository scan started
2024-11-17 15:15:58.555 [info] > git rev-parse --show-toplevel [40ms]
2024-11-17 15:15:58.555 [info] > git rev-parse --git-dir --git-common-dir [3ms]
2024-11-17 15:15:58.569 [info] [Model][openRepository] Opened repository: /home/anu/Documents/GitHub/things-ng
2024-11-17 15:15:58.585 [info] > git config --get commit.template [6ms]
2024-11-17 15:15:58.585 [info] > git rev-parse --show-toplevel [1ms]
2024-11-17 15:15:58.598 [info] > git for-each-ref --format=%(refname)%00%(upstream:short)%00%(objectname)%00%(upstream:track)%00%(upstream:remotename)%00%(upstream:remoteref) refs/heads/main refs/remotes/main [6ms]
2024-11-17 15:15:58.599 [info] > git rev-parse --show-toplevel [1ms]
2024-11-17 15:15:58.617 [info] > git status -z -uall [7ms]
2024-11-17 15:15:58.618 [info] > git rev-parse --show-toplevel [13ms]
2024-11-17 15:15:58.620 [info] [Model][doInitialScan] Initial repository scan completed - repositories (1), closed repositories (0), parent repositories (0), unsafe repositories (0)
2024-11-17 15:15:58.620 [info] > git for-each-ref --sort -committerdate --format %(refname) %(objectname) %(*objectname) [4ms]
2024-11-17 15:15:58.639 [info] > git for-each-ref --format=%(refname)%00%(upstream:short)%00%(objectname)%00%(upstream:track)%00%(upstream:remotename)%00%(upstream:remoteref) refs/heads/main refs/remotes/main [10ms]
2024-11-17 15:15:58.646 [info] > git config --get commit.template [10ms]
2024-11-17 15:15:58.652 [info] > git config --local branch.main.vscode-merge-base [7ms]
2024-11-17 15:15:58.652 [warning] [Git][config] git config failed: Failed to execute git
2024-11-17 15:15:58.661 [info] > git reflog main --grep-reflog=branch: Created from *. [2ms]
2024-11-17 15:15:58.667 [info] > git for-each-ref --format=%(refname)%00%(upstream:short)%00%(objectname)%00%(upstream:track)%00%(upstream:remotename)%00%(upstream:remoteref) refs/heads/main refs/remotes/main [15ms]
2024-11-17 15:15:58.668 [info] > git symbolic-ref --short refs/remotes/origin/HEAD [1ms]
2024-11-17 15:15:58.687 [info] > git status -z -uall [7ms]
2024-11-17 15:15:58.688 [info] > git for-each-ref --format=%(refname)%00%(upstream:short)%00%(objectname)%00%(upstream:track)%00%(upstream:remotename)%00%(upstream:remoteref) refs/heads/origin/main refs/remotes/origin/main [14ms]
2024-11-17 15:15:58.694 [info] > git for-each-ref --sort -committerdate --format %(refname) %(objectname) %(*objectname) [7ms]
2024-11-17 15:15:58.703 [info] > git for-each-ref --format=%(refname)%00%(upstream:short)%00%(objectname)%00%(upstream:track)%00%(upstream:remotename)%00%(upstream:remoteref) refs/heads/main refs/remotes/main [2ms]
2024-11-17 15:15:58.710 [info] > git config --local branch.main.vscode-merge-base origin/main [17ms]
2024-11-17 15:15:58.717 [info] > git config --local branch.main.vscode-merge-base [7ms]
2024-11-17 15:15:59.028 [info] > git for-each-ref --format=%(refname)%00%(upstream:short)%00%(objectname)%00%(upstream:track)%00%(upstream:remotename)%00%(upstream:remoteref) refs/heads/origin/main refs/remotes/origin/main [304ms]
2024-11-17 15:15:59.042 [info] > git config --get commit.template [326ms]
2024-11-17 15:15:59.206 [info] > git merge-base refs/heads/main refs/remotes/origin/main [172ms]
2024-11-17 15:15:59.254 [info] > git diff --name-status -z --diff-filter=ADMR beef6486c53c525e485fc6d945799724918704f7...refs/remotes/origin/main [41ms]
2024-11-17 15:15:59.278 [info] > git for-each-ref --format=%(refname)%00%(upstream:short)%00%(objectname)%00%(upstream:track)%00%(upstream:remotename)%00%(upstream:remoteref) refs/heads/main refs/remotes/main [25ms]
2024-11-17 15:15:59.461 [info] > git status -z -uall [31ms]
2024-11-17 15:15:59.471 [info] > git for-each-ref --sort -committerdate --format %(refname) %(objectname) %(*objectname) [35ms]
2024-11-17 15:15:59.790 [info] > git fetch [1220ms]
2024-11-17 15:15:59.799 [info] > git config --get commit.template [2ms]
2024-11-17 15:15:59.807 [info] > git for-each-ref --format=%(refname)%00%(upstream:short)%00%(objectname)%00%(upstream:track)%00%(upstream:remotename)%00%(upstream:remoteref) refs/heads/main refs/remotes/main [1ms]
2024-11-17 15:15:59.821 [info] > git status -z -uall [7ms]
2024-11-17 15:15:59.822 [info] > git for-each-ref --sort -committerdate --format %(refname) %(objectname) %(*objectname) [2ms]
2024-11-17 15:15:59.882 [info] > git check-ignore -v -z --stdin [1ms]
2024-11-17 15:16:00.798 [info] > git check-ignore -v -z --stdin [1ms]
2024-11-17 15:16:00.877 [info] > git config --get commit.template [7ms]
2024-11-17 15:16:00.877 [info] > git for-each-ref --format=%(refname)%00%(upstream:short)%00%(objectname)%00%(upstream:track)%00%(upstream:remotename)%00%(upstream:remoteref) refs/heads/main refs/remotes/main [1ms]
2024-11-17 15:16:00.891 [info] > git status -z -uall [6ms]
2024-11-17 15:16:00.893 [info] > git for-each-ref --sort -committerdate --format %(refname) %(objectname) %(*objectname) [3ms]
2024-11-17 15:16:02.184 [info] > git check-ignore -v -z --stdin [1ms]
2024-11-17 15:16:02.993 [info] > git check-ignore -v -z --stdin [1ms]
2024-11-17 15:16:03.574 [info] > git show --textconv :src/app/app.component.html [13ms]
2024-11-17 15:16:03.575 [info] > git ls-files --stage -- /home/anu/Documents/GitHub/things-ng/src/app/app.component.html [1ms]
2024-11-17 15:16:03.588 [info] > git cat-file -s 43c03abc168323900a4781b1a8ea5d5628887935 [2ms]
2024-11-17 15:16:06.115 [info] > git check-ignore -v -z --stdin [1ms]
2024-11-17 15:16:08.214 [info] > git show --textconv :src/app/misc/components/observable/observable.component.ts [17ms]
2024-11-17 15:16:08.214 [info] > git ls-files --stage -- /home/anu/Documents/GitHub/things-ng/src/app/misc/components/observable/observable.component.ts [4ms]
2024-11-17 15:16:08.234 [info] > git cat-file -s 17726ca63efa25f3e1c42b5b5fde055a6624b385 [9ms]
2024-11-17 15:16:13.497 [info] > git config --get commit.template [6ms]
2024-11-17 15:16:13.497 [info] > git for-each-ref --format=%(refname)%00%(upstream:short)%00%(objectname)%00%(upstream:track)%00%(upstream:remotename)%00%(upstream:remoteref) refs/heads/main refs/remotes/main [1ms]
2024-11-17 15:16:13.511 [info] > git status -z -uall [6ms]
2024-11-17 15:16:13.518 [info] > git for-each-ref --sort -committerdate --format %(refname) %(objectname) %(*objectname) [7ms]
2024-11-17 15:16:18.533 [info] > git config --get commit.template [7ms]
2024-11-17 15:16:18.534 [info] > git for-each-ref --format=%(refname)%00%(upstream:short)%00%(objectname)%00%(upstream:track)%00%(upstream:remotename)%00%(upstream:remoteref) refs/heads/main refs/remotes/main [1ms]
2024-11-17 15:16:18.547 [info] > git status -z -uall [6ms]
2024-11-17 15:16:18.548 [info] > git for-each-ref --sort -committerdate --format %(refname) %(objectname) %(*objectname) [1ms]
2024-11-17 15:16:23.570 [info] > git config --get commit.template [2ms]
2024-11-17 15:16:23.583 [info] > git for-each-ref --format=%(refname)%00%(upstream:short)%00%(objectname)%00%(upstream:track)%00%(upstream:remotename)%00%(upstream:remoteref) refs/heads/main refs/remotes/main [2ms]
2024-11-17 15:16:23.609 [info] > git status -z -uall [16ms]
2024-11-17 15:16:23.609 [info] > git for-each-ref --sort -committerdate --format %(refname) %(objectname) %(*objectname) [9ms]
2024-11-17 15:16:28.627 [info] > git config --get commit.template [7ms]
2024-11-17 15:16:28.627 [info] > git for-each-ref --format=%(refname)%00%(upstream:short)%00%(objectname)%00%(upstream:track)%00%(upstream:remotename)%00%(upstream:remoteref) refs/heads/main refs/remotes/main [1ms]
2024-11-17 15:16:28.640 [info] > git status -z -uall [7ms]
2024-11-17 15:16:28.641 [info] > git for-each-ref --sort -committerdate --format %(refname) %(objectname) %(*objectname) [1ms]
2024-11-17 15:16:41.005 [info] > git config --get commit.template [1ms]
2024-11-17 15:16:41.013 [info] > git for-each-ref --format=%(refname)%00%(upstream:short)%00%(objectname)%00%(upstream:track)%00%(upstream:remotename)%00%(upstream:remoteref) refs/heads/main refs/remotes/main [2ms]
2024-11-17 15:16:41.027 [info] > git status -z -uall [7ms]
2024-11-17 15:16:41.028 [info] > git for-each-ref --sort -committerdate --format %(refname) %(objectname) %(*objectname) [1ms]
2024-11-17 15:16:49.071 [info] > git config --get commit.template [1ms]
2024-11-17 15:16:49.078 [info] > git for-each-ref --format=%(refname)%00%(upstream:short)%00%(objectname)%00%(upstream:track)%00%(upstream:remotename)%00%(upstream:remoteref) refs/heads/main refs/remotes/main [1ms]
2024-11-17 15:16:49.090 [info] > git status -z -uall [6ms]
2024-11-17 15:16:49.091 [info] > git for-each-ref --sort -committerdate --format %(refname) %(objectname) %(*objectname) [1ms]
2024-11-17 15:16:54.108 [info] > git config --get commit.template [7ms]
2024-11-17 15:16:54.108 [info] > git for-each-ref --format=%(refname)%00%(upstream:short)%00%(objectname)%00%(upstream:track)%00%(upstream:remotename)%00%(upstream:remoteref) refs/heads/main refs/remotes/main [1ms]
2024-11-17 15:16:54.122 [info] > git status -z -uall [7ms]
2024-11-17 15:16:54.123 [info] > git for-each-ref --sort -committerdate --format %(refname) %(objectname) %(*objectname) [1ms]
2024-11-17 15:16:59.138 [info] > git config --get commit.template [7ms]
2024-11-17 15:16:59.139 [info] > git for-each-ref --format=%(refname)%00%(upstream:short)%00%(objectname)%00%(upstream:track)%00%(upstream:remotename)%00%(upstream:remoteref) refs/heads/main refs/remotes/main [1ms]
2024-11-17 15:16:59.152 [info] > git status -z -uall [7ms]
2024-11-17 15:16:59.153 [info] > git for-each-ref --sort -committerdate --format %(refname) %(objectname) %(*objectname) [1ms]
2024-11-17 15:17:04.164 [info] > git config --get commit.template [1ms]
2024-11-17 15:17:04.175 [info] > git for-each-ref --format=%(refname)%00%(upstream:short)%00%(objectname)%00%(upstream:track)%00%(upstream:remotename)%00%(upstream:remoteref) refs/heads/main refs/remotes/main [1ms]
2024-11-17 15:17:04.190 [info] > git status -z -uall [8ms]
2024-11-17 15:17:04.190 [info] > git for-each-ref --sort -committerdate --format %(refname) %(objectname) %(*objectname) [1ms]
2024-11-17 15:17:09.208 [info] > git config --get commit.template [7ms]
2024-11-17 15:17:09.209 [info] > git for-each-ref --format=%(refname)%00%(upstream:short)%00%(objectname)%00%(upstream:track)%00%(upstream:remotename)%00%(upstream:remoteref) refs/heads/main refs/remotes/main [2ms]
2024-11-17 15:17:09.224 [info] > git status -z -uall [9ms]
2024-11-17 15:17:09.226 [info] > git for-each-ref --sort -committerdate --format %(refname) %(objectname) %(*objectname) [3ms]
2024-11-17 15:17:14.241 [info] > git config --get commit.template [6ms]
2024-11-17 15:17:14.242 [info] > git for-each-ref --format=%(refname)%00%(upstream:short)%00%(objectname)%00%(upstream:track)%00%(upstream:remotename)%00%(upstream:remoteref) refs/heads/main refs/remotes/main [1ms]
2024-11-17 15:17:14.255 [info] > git status -z -uall [7ms]
2024-11-17 15:17:14.256 [info] > git for-each-ref --sort -committerdate --format %(refname) %(objectname) %(*objectname) [2ms]
2024-11-17 15:17:19.271 [info] > git config --get commit.template [6ms]
2024-11-17 15:17:19.272 [info] > git for-each-ref --format=%(refname)%00%(upstream:short)%00%(objectname)%00%(upstream:track)%00%(upstream:remotename)%00%(upstream:remoteref) refs/heads/main refs/remotes/main [1ms]
2024-11-17 15:17:19.285 [info] > git status -z -uall [7ms]
2024-11-17 15:17:19.286 [info] > git for-each-ref --sort -committerdate --format %(refname) %(objectname) %(*objectname) [2ms]
2024-11-17 15:17:24.357 [info] > git config --get commit.template [1ms]
2024-11-17 15:17:24.364 [info] > git for-each-ref --format=%(refname)%00%(upstream:short)%00%(objectname)%00%(upstream:track)%00%(upstream:remotename)%00%(upstream:remoteref) refs/heads/main refs/remotes/main [1ms]
2024-11-17 15:17:24.377 [info] > git status -z -uall [7ms]
2024-11-17 15:17:24.377 [info] > git for-each-ref --sort -committerdate --format %(refname) %(objectname) %(*objectname) [1ms]
2024-11-17 15:17:32.367 [info] > git config --get commit.template [6ms]
2024-11-17 15:17:32.368 [info] > git for-each-ref --format=%(refname)%00%(upstream:short)%00%(objectname)%00%(upstream:track)%00%(upstream:remotename)%00%(upstream:remoteref) refs/heads/main refs/remotes/main [1ms]
2024-11-17 15:17:32.382 [info] > git status -z -uall [8ms]
2024-11-17 15:17:32.382 [info] > git for-each-ref --sort -committerdate --format %(refname) %(objectname) %(*objectname) [2ms]
2024-11-17 15:17:41.923 [info] > git show --textconv :src/app/misc/components/observable/observable.component.html [9ms]
2024-11-17 15:17:41.923 [info] > git ls-files --stage -- /home/anu/Documents/GitHub/things-ng/src/app/misc/components/observable/observable.component.html [1ms]
2024-11-17 15:17:41.933 [info] > git cat-file -s c3706add1f6b5500fc231bc9417e554eb2dbd606 [2ms]
2024-11-17 15:17:46.194 [info] > git config --get commit.template [7ms]
2024-11-17 15:17:46.195 [info] > git for-each-ref --format=%(refname)%00%(upstream:short)%00%(objectname)%00%(upstream:track)%00%(upstream:remotename)%00%(upstream:remoteref) refs/heads/main refs/remotes/main [1ms]
2024-11-17 15:17:46.208 [info] > git status -z -uall [6ms]
2024-11-17 15:17:46.209 [info] > git for-each-ref --sort -committerdate --format %(refname) %(objectname) %(*objectname) [1ms]
2024-11-17 15:17:51.736 [info] > git config --get commit.template [6ms]
2024-11-17 15:17:51.737 [info] > git for-each-ref --format=%(refname)%00%(upstream:short)%00%(objectname)%00%(upstream:track)%00%(upstream:remotename)%00%(upstream:remoteref) refs/heads/main refs/remotes/main [1ms]
2024-11-17 15:17:51.751 [info] > git status -z -uall [8ms]
2024-11-17 15:17:51.751 [info] > git for-each-ref --sort -committerdate --format %(refname) %(objectname) %(*objectname) [1ms]
2024-11-17 15:17:56.762 [info] > git config --get commit.template [1ms]
2024-11-17 15:17:56.769 [info] > git for-each-ref --format=%(refname)%00%(upstream:short)%00%(objectname)%00%(upstream:track)%00%(upstream:remotename)%00%(upstream:remoteref) refs/heads/main refs/remotes/main [1ms]
2024-11-17 15:17:56.783 [info] > git status -z -uall [7ms]
2024-11-17 15:17:56.783 [info] > git for-each-ref --sort -committerdate --format %(refname) %(objectname) %(*objectname) [1ms]
2024-11-17 15:18:01.799 [info] > git config --get commit.template [7ms]
2024-11-17 15:18:01.800 [info] > git for-each-ref --format=%(refname)%00%(upstream:short)%00%(objectname)%00%(upstream:track)%00%(upstream:remotename)%00%(upstream:remoteref) refs/heads/main refs/remotes/main [1ms]
2024-11-17 15:18:01.813 [info] > git status -z -uall [7ms]
2024-11-17 15:18:01.814 [info] > git for-each-ref --sort -committerdate --format %(refname) %(objectname) %(*objectname) [2ms]
2024-11-17 15:18:06.830 [info] > git config --get commit.template [8ms]
2024-11-17 15:18:06.830 [info] > git for-each-ref --format=%(refname)%00%(upstream:short)%00%(objectname)%00%(upstream:track)%00%(upstream:remotename)%00%(upstream:remoteref) refs/heads/main refs/remotes/main [1ms]
2024-11-17 15:18:06.845 [info] > git status -z -uall [8ms]
2024-11-17 15:18:06.846 [info] > git for-each-ref --sort -committerdate --format %(refname) %(objectname) %(*objectname) [2ms]
2024-11-17 15:18:11.861 [info] > git config --get commit.template [7ms]
2024-11-17 15:18:11.861 [info] > git for-each-ref --format=%(refname)%00%(upstream:short)%00%(objectname)%00%(upstream:track)%00%(upstream:remotename)%00%(upstream:remoteref) refs/heads/main refs/remotes/main [1ms]
2024-11-17 15:18:11.874 [info] > git status -z -uall [7ms]
2024-11-17 15:18:11.875 [info] > git for-each-ref --sort -committerdate --format %(refname) %(objectname) %(*objectname) [1ms]
2024-11-17 15:18:19.759 [info] > git config --get commit.template [7ms]
2024-11-17 15:18:19.759 [info] > git for-each-ref --format=%(refname)%00%(upstream:short)%00%(objectname)%00%(upstream:track)%00%(upstream:remotename)%00%(upstream:remoteref) refs/heads/main refs/remotes/main [1ms]
2024-11-17 15:18:19.772 [info] > git status -z -uall [7ms]
2024-11-17 15:18:19.772 [info] > git for-each-ref --sort -committerdate --format %(refname) %(objectname) %(*objectname) [1ms]
2024-11-17 15:18:25.624 [info] > git config --get commit.template [7ms]
2024-11-17 15:18:25.624 [info] > git for-each-ref --format=%(refname)%00%(upstream:short)%00%(objectname)%00%(upstream:track)%00%(upstream:remotename)%00%(upstream:remoteref) refs/heads/main refs/remotes/main [1ms]
2024-11-17 15:18:25.639 [info] > git status -z -uall [7ms]
2024-11-17 15:18:25.640 [info] > git for-each-ref --sort -committerdate --format %(refname) %(objectname) %(*objectname) [2ms]
2024-11-17 15:18:32.900 [info] > git config --get commit.template [7ms]
2024-11-17 15:18:32.900 [info] > git for-each-ref --format=%(refname)%00%(upstream:short)%00%(objectname)%00%(upstream:track)%00%(upstream:remotename)%00%(upstream:remoteref) refs/heads/main refs/remotes/main [1ms]
2024-11-17 15:18:32.914 [info] > git status -z -uall [7ms]
2024-11-17 15:18:32.914 [info] > git for-each-ref --sort -committerdate --format %(refname) %(objectname) %(*objectname) [1ms]
2024-11-17 15:18:37.925 [info] > git config --get commit.template [1ms]
2024-11-17 15:18:37.933 [info] > git for-each-ref --format=%(refname)%00%(upstream:short)%00%(objectname)%00%(upstream:track)%00%(upstream:remotename)%00%(upstream:remoteref) refs/heads/main refs/remotes/main [1ms]
2024-11-17 15:18:37.945 [info] > git status -z -uall [6ms]
2024-11-17 15:18:37.946 [info] > git for-each-ref --sort -committerdate --format %(refname) %(objectname) %(*objectname) [1ms]
2024-11-17 15:18:42.960 [info] > git config --get commit.template [1ms]
2024-11-17 15:18:42.967 [info] > git for-each-ref --format=%(refname)%00%(upstream:short)%00%(objectname)%00%(upstream:track)%00%(upstream:remotename)%00%(upstream:remoteref) refs/heads/main refs/remotes/main [1ms]
2024-11-17 15:18:42.980 [info] > git status -z -uall [7ms]
2024-11-17 15:18:42.981 [info] > git for-each-ref --sort -committerdate --format %(refname) %(objectname) %(*objectname) [1ms]
2024-11-17 15:18:50.271 [info] > git config --get commit.template [6ms]
2024-11-17 15:18:50.272 [info] > git for-each-ref --format=%(refname)%00%(upstream:short)%00%(objectname)%00%(upstream:track)%00%(upstream:remotename)%00%(upstream:remoteref) refs/heads/main refs/remotes/main [1ms]
2024-11-17 15:18:50.285 [info] > git status -z -uall [7ms]
2024-11-17 15:18:50.286 [info] > git for-each-ref --sort -committerdate --format %(refname) %(objectname) %(*objectname) [2ms]
2024-11-17 15:18:55.302 [info] > git config --get commit.template [7ms]
2024-11-17 15:18:55.303 [info] > git for-each-ref --format=%(refname)%00%(upstream:short)%00%(objectname)%00%(upstream:track)%00%(upstream:remotename)%00%(upstream:remoteref) refs/heads/main refs/remotes/main [1ms]
2024-11-17 15:18:55.316 [info] > git status -z -uall [7ms]
2024-11-17 15:18:55.317 [info] > git for-each-ref --sort -committerdate --format %(refname) %(objectname) %(*objectname) [1ms]
2024-11-17 15:19:01.022 [info] > git ls-files --stage -- /home/anu/Documents/GitHub/things-ng/src/app/misc/components/observable/observable.component.html [1ms]
2024-11-17 15:19:01.032 [info] > git cat-file -s c3706add1f6b5500fc231bc9417e554eb2dbd606 [1ms]
2024-11-17 15:19:01.043 [info] > git show --textconv :src/app/misc/components/observable/observable.component.html [1ms]
2024-11-17 15:19:01.283 [info] > git fetch [1451ms]
2024-11-17 15:19:01.297 [info] > git config --get commit.template [6ms]
2024-11-17 15:19:01.298 [info] > git for-each-ref --format=%(refname)%00%(upstream:short)%00%(objectname)%00%(upstream:track)%00%(upstream:remotename)%00%(upstream:remoteref) refs/heads/main refs/remotes/main [1ms]
2024-11-17 15:19:01.312 [info] > git status -z -uall [8ms]
2024-11-17 15:19:01.312 [info] > git for-each-ref --sort -committerdate --format %(refname) %(objectname) %(*objectname) [1ms]
2024-11-17 15:19:02.466 [info] > git ls-files --stage -- /home/anu/Documents/GitHub/things-ng/src/app/misc/components/observable/observable.component.html [1ms]
2024-11-17 15:19:02.473 [info] > git cat-file -s c3706add1f6b5500fc231bc9417e554eb2dbd606 [1ms]
2024-11-17 15:19:02.481 [info] > git show --textconv :src/app/misc/components/observable/observable.component.html [1ms]
2024-11-17 15:19:03.137 [info] > git config --get commit.template [8ms]
2024-11-17 15:19:03.138 [info] > git for-each-ref --format=%(refname)%00%(upstream:short)%00%(objectname)%00%(upstream:track)%00%(upstream:remotename)%00%(upstream:remoteref) refs/heads/main refs/remotes/main [2ms]
2024-11-17 15:19:03.151 [info] > git status -z -uall [7ms]
2024-11-17 15:19:03.152 [info] > git for-each-ref --sort -committerdate --format %(refname) %(objectname) %(*objectname) [1ms]
2024-11-17 15:19:15.032 [info] > git config --get commit.template [6ms]
2024-11-17 15:19:15.032 [info] > git for-each-ref --format=%(refname)%00%(upstream:short)%00%(objectname)%00%(upstream:track)%00%(upstream:remotename)%00%(upstream:remoteref) refs/heads/main refs/remotes/main [1ms]
2024-11-17 15:19:15.045 [info] > git status -z -uall [7ms]
2024-11-17 15:19:15.046 [info] > git for-each-ref --sort -committerdate --format %(refname) %(objectname) %(*objectname) [1ms]
2024-11-17 15:19:28.809 [info] > git show --textconv :src/app/misc/components/observable/observable.component.ts [8ms]
2024-11-17 15:19:28.810 [info] > git ls-files --stage -- /home/anu/Documents/GitHub/things-ng/src/app/misc/components/observable/observable.component.ts [1ms]
2024-11-17 15:19:28.819 [info] > git cat-file -s 17726ca63efa25f3e1c42b5b5fde055a6624b385 [1ms]
2024-11-17 15:19:56.676 [info] > git config --get commit.template [8ms]
2024-11-17 15:19:56.677 [info] > git for-each-ref --format=%(refname)%00%(upstream:short)%00%(objectname)%00%(upstream:track)%00%(upstream:remotename)%00%(upstream:remoteref) refs/heads/main refs/remotes/main [1ms]
2024-11-17 15:19:56.693 [info] > git status -z -uall [8ms]
2024-11-17 15:19:56.694 [info] > git for-each-ref --sort -committerdate --format %(refname) %(objectname) %(*objectname) [1ms]
2024-11-17 15:20:01.713 [info] > git config --get commit.template [8ms]
2024-11-17 15:20:01.714 [info] > git for-each-ref --format=%(refname)%00%(upstream:short)%00%(objectname)%00%(upstream:track)%00%(upstream:remotename)%00%(upstream:remoteref) refs/heads/main refs/remotes/main [1ms]
2024-11-17 15:20:01.728 [info] > git status -z -uall [8ms]
2024-11-17 15:20:01.729 [info] > git for-each-ref --sort -committerdate --format %(refname) %(objectname) %(*objectname) [1ms]
2024-11-17 15:20:06.747 [info] > git config --get commit.template [7ms]
2024-11-17 15:20:06.748 [info] > git for-each-ref --format=%(refname)%00%(upstream:short)%00%(objectname)%00%(upstream:track)%00%(upstream:remotename)%00%(upstream:remoteref) refs/heads/main refs/remotes/main [1ms]
2024-11-17 15:20:06.761 [info] > git status -z -uall [7ms]
2024-11-17 15:20:06.762 [info] > git for-each-ref --sort -committerdate --format %(refname) %(objectname) %(*objectname) [1ms]
2024-11-17 15:20:27.502 [info] > git show --textconv :src/app/misc/components/observable/observable.component.html [8ms]
2024-11-17 15:20:27.503 [info] > git ls-files --stage -- /home/anu/Documents/GitHub/things-ng/src/app/misc/components/observable/observable.component.html [1ms]
2024-11-17 15:20:27.511 [info] > git cat-file -s c3706add1f6b5500fc231bc9417e554eb2dbd606 [1ms]
2024-11-17 15:20:46.267 [info] > git config --get commit.template [8ms]
2024-11-17 15:20:46.268 [info] > git for-each-ref --format=%(refname)%00%(upstream:short)%00%(objectname)%00%(upstream:track)%00%(upstream:remotename)%00%(upstream:remoteref) refs/heads/main refs/remotes/main [2ms]
2024-11-17 15:20:46.282 [info] > git status -z -uall [8ms]
2024-11-17 15:20:46.283 [info] > git for-each-ref --sort -committerdate --format %(refname) %(objectname) %(*objectname) [2ms]
2024-11-17 15:20:51.301 [info] > git config --get commit.template [9ms]
2024-11-17 15:20:51.302 [info] > git for-each-ref --format=%(refname)%00%(upstream:short)%00%(objectname)%00%(upstream:track)%00%(upstream:remotename)%00%(upstream:remoteref) refs/heads/main refs/remotes/main [2ms]
2024-11-17 15:20:51.320 [info] > git status -z -uall [10ms]
2024-11-17 15:20:51.321 [info] > git for-each-ref --sort -committerdate --format %(refname) %(objectname) %(*objectname) [1ms]
2024-11-17 15:20:56.340 [info] > git config --get commit.template [10ms]
2024-11-17 15:20:56.341 [info] > git for-each-ref --format=%(refname)%00%(upstream:short)%00%(objectname)%00%(upstream:track)%00%(upstream:remotename)%00%(upstream:remoteref) refs/heads/main refs/remotes/main [1ms]
2024-11-17 15:20:56.357 [info] > git status -z -uall [9ms]
2024-11-17 15:20:56.357 [info] > git for-each-ref --sort -committerdate --format %(refname) %(objectname) %(*objectname) [1ms]
2024-11-17 15:21:07.877 [info] > git config --get commit.template [8ms]
2024-11-17 15:21:07.877 [info] > git for-each-ref --format=%(refname)%00%(upstream:short)%00%(objectname)%00%(upstream:track)%00%(upstream:remotename)%00%(upstream:remoteref) refs/heads/main refs/remotes/main [1ms]
2024-11-17 15:21:07.892 [info] > git status -z -uall [8ms]
2024-11-17 15:21:07.893 [info] > git for-each-ref --sort -committerdate --format %(refname) %(objectname) %(*objectname) [1ms]
2024-11-17 15:21:10.979 [info] > git show --textconv :src/app/misc/components/observable/observable.component.ts [8ms]
2024-11-17 15:21:10.980 [info] > git ls-files --stage -- /home/anu/Documents/GitHub/things-ng/src/app/misc/components/observable/observable.component.ts [1ms]
2024-11-17 15:21:10.989 [info] > git cat-file -s 17726ca63efa25f3e1c42b5b5fde055a6624b385 [1ms]
2024-11-17 15:22:02.642 [info] > git fetch [1318ms]
2024-11-17 15:22:02.657 [info] > git config --get commit.template [6ms]
2024-11-17 15:22:02.658 [info] > git for-each-ref --format=%(refname)%00%(upstream:short)%00%(objectname)%00%(upstream:track)%00%(upstream:remotename)%00%(upstream:remoteref) refs/heads/main refs/remotes/main [1ms]
2024-11-17 15:22:02.674 [info] > git status -z -uall [8ms]
2024-11-17 15:22:02.675 [info] > git for-each-ref --sort -committerdate --format %(refname) %(objectname) %(*objectname) [2ms]
2024-11-17 15:22:03.731 [info] > git config --get commit.template [8ms]
2024-11-17 15:22:03.732 [info] > git for-each-ref --format=%(refname)%00%(upstream:short)%00%(objectname)%00%(upstream:track)%00%(upstream:remotename)%00%(upstream:remoteref) refs/heads/main refs/remotes/main [1ms]
2024-11-17 15:22:03.746 [info] > git status -z -uall [8ms]
2024-11-17 15:22:03.747 [info] > git for-each-ref --sort -committerdate --format %(refname) %(objectname) %(*objectname) [1ms]
2024-11-17 15:22:21.971 [info] > git log --format=%H%n%aN%n%aE%n%at%n%ct%n%P%n%D%n%B -z --shortstat --diff-merges=first-parent -n50 --skip=0 --topo-order --decorate=full --stdin [25ms]
2024-11-17 15:22:23.020 [info] > git log --format=%H%n%aN%n%aE%n%at%n%ct%n%P%n%D%n%B -z --shortstat --diff-merges=first-parent -n50 --skip=0 --topo-order --decorate=full --stdin [12ms]
2024-11-17 15:22:29.502 [info] > git add -A -- . [2ms]
2024-11-17 15:22:29.515 [info] > git -c user.useConfigOnly=true commit --quiet --allow-empty-message --file - [5ms]
2024-11-17 15:22:29.524 [info] > git config --get commit.template [0ms]
2024-11-17 15:22:29.533 [info] > git config --get commit.template [1ms]
2024-11-17 15:22:29.542 [info] > git for-each-ref --format=%(refname)%00%(upstream:short)%00%(objectname)%00%(upstream:track)%00%(upstream:remotename)%00%(upstream:remoteref) refs/heads/main refs/remotes/main [1ms]
2024-11-17 15:22:29.557 [info] > git status -z -uall [8ms]
2024-11-17 15:22:29.558 [info] > git for-each-ref --sort -committerdate --format %(refname) %(objectname) %(*objectname) [1ms]
2024-11-17 15:22:29.570 [info] > git merge-base refs/heads/main refs/remotes/origin/main [2ms]
2024-11-17 15:22:29.580 [info] > git diff --name-status -z --diff-filter=ADMR beef6486c53c525e485fc6d945799724918704f7...refs/remotes/origin/main [1ms]
2024-11-17 15:22:29.609 [info] > git config --get commit.template [9ms]
2024-11-17 15:22:29.609 [info] > git log --format=%H%n%aN%n%aE%n%at%n%ct%n%P%n%D%n%B -z --shortstat --diff-merges=first-parent -n50 --skip=0 --topo-order --decorate=full --stdin [20ms]
2024-11-17 15:22:29.610 [info] > git for-each-ref --format=%(refname)%00%(upstream:short)%00%(objectname)%00%(upstream:track)%00%(upstream:remotename)%00%(upstream:remoteref) refs/heads/main refs/remotes/main [1ms]
2024-11-17 15:22:29.626 [info] > git status -z -uall [8ms]
2024-11-17 15:22:29.626 [info] > git for-each-ref --sort -committerdate --format %(refname) %(objectname) %(*objectname) [1ms]
2024-11-17 15:22:30.973 [info] > git log --oneline --cherry main...main@{upstream} -- [1ms]
2024-11-17 15:22:32.335 [info] > git pull --tags origin main [1354ms]
2024-11-17 15:22:32.335 [info] From https://github.com/Anuragkonduru/things-ng
 * branch            main       -> FETCH_HEAD
2024-11-17 15:22:33.872 [info] > git push origin main:main [1528ms]
2024-11-17 15:22:33.872 [info] To https://github.com/Anuragkonduru/things-ng.git
   beef648..421ef89  main -> main
2024-11-17 15:22:33.888 [info] > git config --get commit.template [7ms]
2024-11-17 15:22:33.889 [info] > git for-each-ref --format=%(refname)%00%(upstream:short)%00%(objectname)%00%(upstream:track)%00%(upstream:remotename)%00%(upstream:remoteref) refs/heads/main refs/remotes/main [1ms]
2024-11-17 15:22:33.904 [info] > git status -z -uall [8ms]
2024-11-17 15:22:33.905 [info] > git for-each-ref --sort -committerdate --format %(refname) %(objectname) %(*objectname) [1ms]
2024-11-17 15:22:33.917 [info] > git merge-base refs/heads/main refs/remotes/origin/main [2ms]
2024-11-17 15:22:33.934 [info] > git diff --name-status -z --diff-filter=ADMR 421ef8910caae5970ad6eef5821897479dcad934...refs/remotes/origin/main [9ms]
2024-11-17 15:22:33.949 [info] > git log --format=%H%n%aN%n%aE%n%at%n%ct%n%P%n%D%n%B -z --shortstat --diff-merges=first-parent -n50 --skip=0 --topo-order --decorate=full --stdin [16ms]
2024-11-17 15:22:34.958 [info] > git config --get commit.template [8ms]
2024-11-17 15:22:34.958 [info] > git for-each-ref --format=%(refname)%00%(upstream:short)%00%(objectname)%00%(upstream:track)%00%(upstream:remotename)%00%(upstream:remoteref) refs/heads/main refs/remotes/main [1ms]
2024-11-17 15:22:34.972 [info] > git status -z -uall [8ms]
2024-11-17 15:22:34.973 [info] > git for-each-ref --sort -committerdate --format %(refname) %(objectname) %(*objectname) [1ms]
