2024-05-17T17:21:54.394Z - info: [ui] [AppStore] loading 0 repositories from store
2024-05-17T17:21:54.566Z - info: [ui] launching: 3.3.12-linux2 (Linux 6.8.9-zen1-2-zen)
2024-05-17T17:21:54.566Z - info: [ui] execPath: '/opt/github-desktop/github-desktop'
2024-05-17T17:22:01.712Z - info: [ui] [SignInStore] initializing OAuth flow
2024-05-17T17:22:01.716Z - info: [main] opening in browser: https://github.com/login/oauth/authorize?client_id=3a723b10ac5575cc5bb9&scope=repo%20user%20workflow&state=2e1fd34f-36a7-466e-aa64-8a04eff1496a
2024-05-17T17:22:02.927Z - info: [main] Received possible protocol arguments: 3
2024-05-17T17:22:02.927Z - info: [main] Processing protocol url
2024-05-17T17:22:02.927Z - info: [ui] [Dispatcher] requesting authenticated user
2024-05-17T17:22:02.993Z - info: [main] Received possible protocol arguments: 2
2024-05-17T17:22:03.037Z - info: [main] Processing protocol url
2024-05-17T17:22:04.660Z - info: [ui] [SignInStore] account resolved
2024-05-17T17:22:04.660Z - info: [ui] [AppStore] adding account Anuragkonduru (Anurag Konduru) to store
2024-05-17T17:36:32.359Z - info: [ui] [AppStore] loading 0 repositories from store
2024-05-17T17:36:32.425Z - info: [ui] launching: 3.3.12-linux2 (Linux 6.8.9-zen1-2-zen)
2024-05-17T17:36:32.425Z - info: [ui] execPath: '/opt/github-desktop/github-desktop'
2024-05-17T17:36:39.915Z - info: [ui] [SignInStore] initializing OAuth flow
2024-05-17T17:36:39.919Z - info: [main] opening in browser: https://github.com/login/oauth/authorize?client_id=3a723b10ac5575cc5bb9&scope=repo%20user%20workflow&state=85e89bae-dbe2-4ce9-b1b9-bcd07dbed966
2024-05-17T17:36:40.788Z - info: [main] Received possible protocol arguments: 3
2024-05-17T17:36:40.788Z - info: [main] Processing protocol url
2024-05-17T17:36:40.788Z - info: [ui] [Dispatcher] requesting authenticated user
2024-05-17T17:36:40.853Z - info: [main] Received possible protocol arguments: 2
2024-05-17T17:36:40.898Z - info: [main] Processing protocol url
2024-05-17T17:36:42.269Z - info: [ui] [SignInStore] account resolved
2024-05-17T17:36:42.270Z - info: [ui] [AppStore] adding account Anuragkonduru (Anurag Konduru) to store
2024-05-17T17:36:58.108Z - info: [ui] [AppStore] loading 0 repositories from store
2024-05-17T17:36:58.270Z - info: [ui] launching: 3.3.12-linux2 (Linux 6.8.9-zen1-2-zen)
2024-05-17T17:36:58.271Z - info: [ui] execPath: '/opt/github-desktop/github-desktop'
2024-05-17T17:37:03.630Z - info: [ui] [SignInStore] initializing OAuth flow
2024-05-17T17:37:03.634Z - info: [main] opening in browser: https://github.com/login/oauth/authorize?client_id=3a723b10ac5575cc5bb9&scope=repo%20user%20workflow&state=7b5dbc02-230f-46d6-8ada-60b1baa34c53
2024-05-17T17:37:04.486Z - info: [main] Received possible protocol arguments: 3
2024-05-17T17:37:04.486Z - info: [main] Processing protocol url
2024-05-17T17:37:04.487Z - info: [ui] [Dispatcher] requesting authenticated user
2024-05-17T17:37:04.552Z - info: [main] Received possible protocol arguments: 2
2024-05-17T17:37:04.595Z - info: [main] Processing protocol url
2024-05-17T17:37:06.129Z - info: [ui] [SignInStore] account resolved
2024-05-17T17:37:06.130Z - info: [ui] [AppStore] adding account Anuragkonduru (Anurag Konduru) to store
2024-05-17T17:39:52.832Z - info: [ui] [AppStore] loading 0 repositories from store
2024-05-17T17:39:52.891Z - info: [ui] launching: 3.3.12-linux2 (Linux 6.8.9-zen1-2-zen)
2024-05-17T17:39:52.892Z - info: [ui] execPath: '/opt/github-desktop/github-desktop'
2024-05-17T17:40:08.533Z - info: [ui] [SignInStore] initializing OAuth flow
2024-05-17T17:40:08.538Z - info: [main] opening in browser: https://github.com/login/oauth/authorize?client_id=3a723b10ac5575cc5bb9&scope=repo%20user%20workflow&state=eeec70e5-09c6-4b82-88ea-ac2fd58f495c
2024-05-17T17:40:09.537Z - info: [main] Received possible protocol arguments: 3
2024-05-17T17:40:09.538Z - info: [main] Processing protocol url
2024-05-17T17:40:09.538Z - info: [ui] [Dispatcher] requesting authenticated user
2024-05-17T17:40:09.602Z - info: [main] Received possible protocol arguments: 2
2024-05-17T17:40:09.647Z - info: [main] Processing protocol url
2024-05-17T17:40:11.069Z - info: [ui] [SignInStore] account resolved
2024-05-17T17:40:11.069Z - info: [ui] [AppStore] adding account Anuragkonduru (Anurag Konduru) to store
2024-05-17T17:40:40.223Z - info: [ui] [SignInStore] initializing OAuth flow
2024-05-17T17:40:40.227Z - info: [main] opening in browser: https://github.com/login/oauth/authorize?client_id=3a723b10ac5575cc5bb9&scope=repo%20user%20workflow&state=050c45b3-7ef1-4631-b1c7-104d85795e0e
2024-05-17T17:40:41.074Z - info: [main] Received possible protocol arguments: 3
2024-05-17T17:40:41.075Z - info: [main] Processing protocol url
2024-05-17T17:40:41.075Z - info: [ui] [Dispatcher] requesting authenticated user
2024-05-17T17:40:41.143Z - info: [main] Received possible protocol arguments: 2
2024-05-17T17:40:41.186Z - info: [main] Processing protocol url
2024-05-17T17:40:42.404Z - info: [ui] [SignInStore] account resolved
2024-05-17T17:40:42.404Z - info: [ui] [AppStore] adding account Anuragkonduru (Anurag Konduru) to store
2024-05-17T17:47:49.260Z - info: [ui] [AppStore] loading 0 repositories from store
2024-05-17T17:47:49.325Z - info: [ui] launching: 3.3.12-linux2 (Linux 6.8.9-zen1-2-zen)
2024-05-17T17:47:49.326Z - info: [ui] execPath: '/opt/github-desktop/github-desktop'
2024-05-17T17:47:54.142Z - info: [ui] [SignInStore] initializing OAuth flow
2024-05-17T17:47:54.146Z - info: [main] opening in browser: https://github.com/login/oauth/authorize?client_id=3a723b10ac5575cc5bb9&scope=repo%20user%20workflow&state=796c74e4-02c2-451d-8af4-a870d46f0b84
2024-05-17T17:47:54.953Z - info: [main] Received possible protocol arguments: 3
2024-05-17T17:47:54.953Z - info: [main] Processing protocol url
2024-05-17T17:47:54.953Z - info: [ui] [Dispatcher] requesting authenticated user
2024-05-17T17:47:55.018Z - info: [main] Received possible protocol arguments: 2
2024-05-17T17:47:55.062Z - info: [main] Processing protocol url
2024-05-17T17:47:56.795Z - info: [ui] [SignInStore] account resolved
2024-05-17T17:47:56.796Z - info: [ui] [AppStore] adding account Anuragkonduru (Anurag Konduru) to store
