2024-11-08 12:29:13.408 [info] [main] Log level: Info
2024-11-08 12:29:13.408 [info] [main] Validating found git in: "git"
2024-11-08 12:29:13.408 [info] [main] Using git "2.47.0" from "git"
2024-11-08 12:29:13.408 [info] [Model][doInitialScan] Initial repository scan started
2024-11-08 12:29:13.408 [info] > git rev-parse --show-toplevel [11ms]
2024-11-08 12:29:13.408 [info] > git rev-parse --git-dir --git-common-dir [162ms]
2024-11-08 12:29:13.408 [info] [Model][openRepository] Opened repository: /home/anu/Documents/GitHub/Angular-misc
2024-11-08 12:29:13.431 [info] > git rev-parse --show-toplevel [10ms]
2024-11-08 12:29:13.431 [info] > git config --get commit.template [17ms]
2024-11-08 12:29:13.588 [info] > git rev-parse --show-toplevel [51ms]
2024-11-08 12:29:13.594 [info] > git for-each-ref --format=%(refname)%00%(upstream:short)%00%(objectname)%00%(upstream:track)%00%(upstream:remotename)%00%(upstream:remoteref) refs/heads/main refs/remotes/main [8ms]
2024-11-08 12:29:13.602 [info] > git rev-parse --show-toplevel [8ms]
2024-11-08 12:29:13.604 [info] [Model][doInitialScan] Initial repository scan completed - repositories (1), closed repositories (0), parent repositories (0), unsafe repositories (0)
2024-11-08 12:29:13.656 [info] > git status -z -uall [18ms]
2024-11-08 12:29:13.656 [info] > git for-each-ref --sort -committerdate --format %(refname) %(objectname) %(*objectname) [12ms]
2024-11-08 12:29:13.675 [info] > git for-each-ref --format=%(refname)%00%(upstream:short)%00%(objectname)%00%(upstream:track)%00%(upstream:remotename)%00%(upstream:remoteref) refs/heads/main refs/remotes/main [9ms]
2024-11-08 12:29:13.685 [info] > git config --local branch.main.vscode-merge-base [4ms]
2024-11-08 12:29:13.692 [info] > git config --get commit.template [18ms]
2024-11-08 12:29:13.699 [info] > git for-each-ref --format=%(refname)%00%(upstream:short)%00%(objectname)%00%(upstream:track)%00%(upstream:remotename)%00%(upstream:remoteref) refs/heads/origin/main refs/remotes/origin/main [8ms]
2024-11-08 12:29:13.716 [info] > git merge-base refs/heads/main refs/remotes/origin/main [8ms]
2024-11-08 12:29:13.724 [info] > git for-each-ref --format=%(refname)%00%(upstream:short)%00%(objectname)%00%(upstream:track)%00%(upstream:remotename)%00%(upstream:remoteref) refs/heads/main refs/remotes/main [9ms]
2024-11-08 12:29:13.725 [info] > git diff --name-status -z --diff-filter=ADMR ec93559bad8bb9d389905518e29cd0a4fcc9f0ac...refs/remotes/origin/main [2ms]
2024-11-08 12:29:13.743 [info] > git status -z -uall [7ms]
2024-11-08 12:29:13.744 [info] > git for-each-ref --sort -committerdate --format %(refname) %(objectname) %(*objectname) [2ms]
2024-11-08 12:29:13.934 [info] > git check-ignore -v -z --stdin [2ms]
2024-11-08 12:29:14.157 [info] > git fetch [772ms]
2024-11-08 12:29:14.168 [info] > git config --get commit.template [2ms]
2024-11-08 12:29:14.178 [info] > git for-each-ref --format=%(refname)%00%(upstream:short)%00%(objectname)%00%(upstream:track)%00%(upstream:remotename)%00%(upstream:remoteref) refs/heads/main refs/remotes/main [1ms]
2024-11-08 12:29:14.194 [info] > git status -z -uall [8ms]
2024-11-08 12:29:14.195 [info] > git for-each-ref --sort -committerdate --format %(refname) %(objectname) %(*objectname) [2ms]
2024-11-08 12:29:15.254 [info] > git config --get commit.template [6ms]
2024-11-08 12:29:15.255 [info] > git for-each-ref --format=%(refname)%00%(upstream:short)%00%(objectname)%00%(upstream:track)%00%(upstream:remotename)%00%(upstream:remoteref) refs/heads/main refs/remotes/main [1ms]
2024-11-08 12:29:15.266 [info] > git status -z -uall [6ms]
2024-11-08 12:29:15.267 [info] > git for-each-ref --sort -committerdate --format %(refname) %(objectname) %(*objectname) [1ms]
2024-11-08 12:29:42.492 [info] [main] Log level: Info
2024-11-08 12:29:42.492 [info] [main] Validating found git in: "git"
2024-11-08 12:29:42.492 [info] [main] Using git "2.47.0" from "git"
2024-11-08 12:29:42.492 [info] [Model][doInitialScan] Initial repository scan started
2024-11-08 12:29:42.492 [info] > git rev-parse --show-toplevel [7ms]
2024-11-08 12:29:42.498 [info] > git rev-parse --git-dir --git-common-dir [1ms]
2024-11-08 12:29:42.512 [info] [Model][openRepository] Opened repository: /home/anu/Documents/GitHub/Angular-misc
2024-11-08 12:29:42.530 [info] > git rev-parse --show-toplevel [4ms]
2024-11-08 12:29:42.530 [info] > git config --get commit.template [11ms]
2024-11-08 12:29:42.836 [info] > git for-each-ref --format=%(refname)%00%(upstream:short)%00%(objectname)%00%(upstream:track)%00%(upstream:remotename)%00%(upstream:remoteref) refs/heads/main refs/remotes/main [293ms]
2024-11-08 12:29:42.836 [info] > git rev-parse --show-toplevel [300ms]
2024-11-08 12:29:43.030 [info] > git rev-parse --show-toplevel [47ms]
2024-11-08 12:29:43.031 [info] [Model][doInitialScan] Initial repository scan completed - repositories (1), closed repositories (0), parent repositories (0), unsafe repositories (0)
2024-11-08 12:29:43.054 [info] > git status -z -uall [8ms]
2024-11-08 12:29:43.070 [info] > git for-each-ref --sort -committerdate --format %(refname) %(objectname) %(*objectname) [16ms]
2024-11-08 12:29:43.115 [info] > git for-each-ref --format=%(refname)%00%(upstream:short)%00%(objectname)%00%(upstream:track)%00%(upstream:remotename)%00%(upstream:remoteref) refs/heads/main refs/remotes/main [34ms]
2024-11-08 12:29:43.130 [info] > git config --local branch.main.vscode-merge-base [6ms]
2024-11-08 12:29:43.137 [info] > git config --get commit.template [23ms]
2024-11-08 12:29:43.139 [info] > git for-each-ref --format=%(refname)%00%(upstream:short)%00%(objectname)%00%(upstream:track)%00%(upstream:remotename)%00%(upstream:remoteref) refs/heads/origin/main refs/remotes/origin/main [2ms]
2024-11-08 12:29:43.156 [info] > git merge-base refs/heads/main refs/remotes/origin/main [10ms]
2024-11-08 12:29:43.179 [info] > git diff --name-status -z --diff-filter=ADMR ec93559bad8bb9d389905518e29cd0a4fcc9f0ac...refs/remotes/origin/main [17ms]
2024-11-08 12:29:43.180 [info] > git for-each-ref --format=%(refname)%00%(upstream:short)%00%(objectname)%00%(upstream:track)%00%(upstream:remotename)%00%(upstream:remoteref) refs/heads/main refs/remotes/main [25ms]
2024-11-08 12:29:43.207 [info] > git status -z -uall [8ms]
2024-11-08 12:29:43.208 [info] > git for-each-ref --sort -committerdate --format %(refname) %(objectname) %(*objectname) [2ms]
2024-11-08 12:29:43.508 [info] > git fetch [997ms]
2024-11-08 12:29:43.520 [info] > git config --get commit.template [6ms]
2024-11-08 12:29:43.521 [info] > git for-each-ref --format=%(refname)%00%(upstream:short)%00%(objectname)%00%(upstream:track)%00%(upstream:remotename)%00%(upstream:remoteref) refs/heads/main refs/remotes/main [1ms]
2024-11-08 12:29:43.532 [info] > git status -z -uall [6ms]
2024-11-08 12:29:43.533 [info] > git for-each-ref --sort -committerdate --format %(refname) %(objectname) %(*objectname) [1ms]
2024-11-08 12:29:44.592 [info] > git config --get commit.template [5ms]
2024-11-08 12:29:44.593 [info] > git for-each-ref --format=%(refname)%00%(upstream:short)%00%(objectname)%00%(upstream:track)%00%(upstream:remotename)%00%(upstream:remoteref) refs/heads/main refs/remotes/main [1ms]
2024-11-08 12:29:44.605 [info] > git status -z -uall [7ms]
2024-11-08 12:29:44.606 [info] > git for-each-ref --sort -committerdate --format %(refname) %(objectname) %(*objectname) [2ms]
2024-11-08 12:29:52.677 [info] > git check-ignore -v -z --stdin [1ms]
2024-11-08 12:30:47.253 [info] [main] Log level: Info
2024-11-08 12:30:47.253 [info] [main] Validating found git in: "git"
2024-11-08 12:30:47.253 [info] [main] Using git "2.47.0" from "git"
2024-11-08 12:30:47.253 [info] [Model][doInitialScan] Initial repository scan started
2024-11-08 12:30:47.253 [info] > git rev-parse --show-toplevel [7ms]
2024-11-08 12:30:47.253 [info] fatal: not a git repository (or any parent up to mount point /)
Stopping at filesystem boundary (GIT_DISCOVERY_ACROSS_FILESYSTEM not set).
2024-11-08 12:30:47.254 [info] > git rev-parse --show-toplevel [1ms]
2024-11-08 12:30:47.254 [info] fatal: not a git repository (or any parent up to mount point /)
Stopping at filesystem boundary (GIT_DISCOVERY_ACROSS_FILESYSTEM not set).
2024-11-08 12:30:47.255 [info] [Model][doInitialScan] Initial repository scan completed - repositories (0), closed repositories (0), parent repositories (0), unsafe repositories (0)
2024-11-08 12:30:48.635 [info] > git rev-parse --show-toplevel [4ms]
2024-11-08 12:30:48.635 [info] fatal: not a git repository (or any parent up to mount point /)
Stopping at filesystem boundary (GIT_DISCOVERY_ACROSS_FILESYSTEM not set).
2024-11-08 12:30:51.900 [info] > git rev-parse --show-toplevel [2ms]
2024-11-08 12:30:51.900 [info] fatal: not a git repository (or any parent up to mount point /)
Stopping at filesystem boundary (GIT_DISCOVERY_ACROSS_FILESYSTEM not set).
2024-11-08 12:36:28.171 [info] > git rev-parse --show-toplevel [3ms]
2024-11-08 12:36:28.171 [info] fatal: not a git repository (or any parent up to mount point /)
Stopping at filesystem boundary (GIT_DISCOVERY_ACROSS_FILESYSTEM not set).
2024-11-08 12:37:04.622 [info] > git rev-parse --show-toplevel [2ms]
2024-11-08 12:37:04.623 [info] fatal: not a git repository (or any parent up to mount point /)
Stopping at filesystem boundary (GIT_DISCOVERY_ACROSS_FILESYSTEM not set).
2024-11-08 12:37:21.012 [info] > git rev-parse --show-toplevel [2ms]
2024-11-08 12:37:21.012 [info] fatal: not a git repository (or any parent up to mount point /)
Stopping at filesystem boundary (GIT_DISCOVERY_ACROSS_FILESYSTEM not set).
2024-11-08 12:37:22.680 [info] > git rev-parse --show-toplevel [2ms]
2024-11-08 12:37:22.680 [info] fatal: not a git repository (or any parent up to mount point /)
Stopping at filesystem boundary (GIT_DISCOVERY_ACROSS_FILESYSTEM not set).
2024-11-08 12:37:22.691 [info] > git rev-parse --show-toplevel [1ms]
2024-11-08 12:37:22.691 [info] fatal: not a git repository (or any parent up to mount point /)
Stopping at filesystem boundary (GIT_DISCOVERY_ACROSS_FILESYSTEM not set).
2024-11-08 12:37:22.700 [info] > git rev-parse --show-toplevel [1ms]
2024-11-08 12:37:22.700 [info] fatal: not a git repository (or any parent up to mount point /)
Stopping at filesystem boundary (GIT_DISCOVERY_ACROSS_FILESYSTEM not set).
2024-11-08 12:38:22.043 [info] > git rev-parse --show-toplevel [1ms]
2024-11-08 12:38:22.043 [info] fatal: not a git repository (or any parent up to mount point /)
Stopping at filesystem boundary (GIT_DISCOVERY_ACROSS_FILESYSTEM not set).
2024-11-08 12:38:28.807 [info] [main] Log level: Info
2024-11-08 12:38:28.807 [info] [main] Validating found git in: "git"
2024-11-08 12:38:28.807 [info] [main] Using git "2.47.0" from "git"
2024-11-08 12:38:28.807 [info] [Model][doInitialScan] Initial repository scan started
2024-11-08 12:38:28.807 [info] > git rev-parse --show-toplevel [17ms]
2024-11-08 12:38:28.807 [info] fatal: not a git repository (or any parent up to mount point /)
Stopping at filesystem boundary (GIT_DISCOVERY_ACROSS_FILESYSTEM not set).
2024-11-08 12:38:28.837 [info] > git rev-parse --show-toplevel [150ms]
2024-11-08 12:38:28.837 [info] fatal: not a git repository (or any parent up to mount point /)
Stopping at filesystem boundary (GIT_DISCOVERY_ACROSS_FILESYSTEM not set).
2024-11-08 12:38:28.883 [info] > git rev-parse --show-toplevel [19ms]
2024-11-08 12:38:28.883 [info] fatal: not a git repository (or any parent up to mount point /)
Stopping at filesystem boundary (GIT_DISCOVERY_ACROSS_FILESYSTEM not set).
2024-11-08 12:38:28.885 [info] [Model][doInitialScan] Initial repository scan completed - repositories (0), closed repositories (0), parent repositories (0), unsafe repositories (0)
2024-11-08 12:38:29.015 [info] > git rev-parse --show-toplevel [4ms]
2024-11-08 12:38:29.015 [info] fatal: not a git repository (or any parent up to mount point /)
Stopping at filesystem boundary (GIT_DISCOVERY_ACROSS_FILESYSTEM not set).
2024-11-08 12:38:29.024 [info] > git rev-parse --show-toplevel [1ms]
2024-11-08 12:38:29.024 [info] fatal: not a git repository (or any parent up to mount point /)
Stopping at filesystem boundary (GIT_DISCOVERY_ACROSS_FILESYSTEM not set).
2024-11-08 12:38:39.720 [info] > git rev-parse --show-toplevel [1ms]
2024-11-08 12:38:39.720 [info] fatal: not a git repository (or any parent up to mount point /)
Stopping at filesystem boundary (GIT_DISCOVERY_ACROSS_FILESYSTEM not set).
2024-11-08 12:38:42.178 [info] > git rev-parse --show-toplevel [2ms]
2024-11-08 12:38:42.178 [info] fatal: not a git repository (or any parent up to mount point /)
Stopping at filesystem boundary (GIT_DISCOVERY_ACROSS_FILESYSTEM not set).
2024-11-08 12:38:42.186 [info] > git rev-parse --show-toplevel [1ms]
2024-11-08 12:38:42.186 [info] fatal: not a git repository (or any parent up to mount point /)
Stopping at filesystem boundary (GIT_DISCOVERY_ACROSS_FILESYSTEM not set).
2024-11-08 12:39:51.354 [info] > git rev-parse --show-toplevel [1ms]
2024-11-08 12:39:51.354 [info] fatal: not a git repository (or any parent up to mount point /)
Stopping at filesystem boundary (GIT_DISCOVERY_ACROSS_FILESYSTEM not set).
2024-11-08 12:39:52.468 [info] > git rev-parse --show-toplevel [2ms]
2024-11-08 12:39:52.468 [info] fatal: not a git repository (or any parent up to mount point /)
Stopping at filesystem boundary (GIT_DISCOVERY_ACROSS_FILESYSTEM not set).
2024-11-08 12:39:58.016 [info] > git rev-parse --show-toplevel [2ms]
2024-11-08 12:39:58.016 [info] fatal: not a git repository (or any parent up to mount point /)
Stopping at filesystem boundary (GIT_DISCOVERY_ACROSS_FILESYSTEM not set).
2024-11-08 12:40:03.601 [info] > git rev-parse --show-toplevel [2ms]
2024-11-08 12:40:03.601 [info] fatal: not a git repository (or any parent up to mount point /)
Stopping at filesystem boundary (GIT_DISCOVERY_ACROSS_FILESYSTEM not set).
2024-11-08 12:40:34.928 [info] > git rev-parse --show-toplevel [2ms]
2024-11-08 12:40:34.928 [info] fatal: not a git repository (or any parent up to mount point /)
Stopping at filesystem boundary (GIT_DISCOVERY_ACROSS_FILESYSTEM not set).
2024-11-08 12:40:57.027 [info] > git rev-parse --show-toplevel [1ms]
2024-11-08 12:40:57.027 [info] fatal: not a git repository (or any parent up to mount point /)
Stopping at filesystem boundary (GIT_DISCOVERY_ACROSS_FILESYSTEM not set).
2024-11-08 12:41:58.474 [info] > git rev-parse --show-toplevel [1ms]
2024-11-08 12:41:58.474 [info] fatal: not a git repository (or any parent up to mount point /)
Stopping at filesystem boundary (GIT_DISCOVERY_ACROSS_FILESYSTEM not set).
2024-11-08 12:42:37.524 [info] > git rev-parse --show-toplevel [2ms]
2024-11-08 12:42:37.524 [info] fatal: not a git repository (or any parent up to mount point /)
Stopping at filesystem boundary (GIT_DISCOVERY_ACROSS_FILESYSTEM not set).
2024-11-08 12:42:47.240 [info] > git rev-parse --show-toplevel [2ms]
2024-11-08 12:42:47.240 [info] fatal: not a git repository (or any parent up to mount point /)
Stopping at filesystem boundary (GIT_DISCOVERY_ACROSS_FILESYSTEM not set).
2024-11-08 12:42:50.074 [info] > git rev-parse --show-toplevel [2ms]
2024-11-08 12:42:50.074 [info] fatal: not a git repository (or any parent up to mount point /)
Stopping at filesystem boundary (GIT_DISCOVERY_ACROSS_FILESYSTEM not set).
2024-11-08 12:42:51.930 [info] > git rev-parse --show-toplevel [1ms]
2024-11-08 12:42:51.930 [info] fatal: not a git repository (or any parent up to mount point /)
Stopping at filesystem boundary (GIT_DISCOVERY_ACROSS_FILESYSTEM not set).
2024-11-08 12:42:54.444 [info] > git rev-parse --show-toplevel [2ms]
2024-11-08 12:42:54.444 [info] fatal: not a git repository (or any parent up to mount point /)
Stopping at filesystem boundary (GIT_DISCOVERY_ACROSS_FILESYSTEM not set).
2024-11-08 12:43:04.675 [info] > git rev-parse --show-toplevel [2ms]
2024-11-08 12:43:04.675 [info] fatal: not a git repository (or any parent up to mount point /)
Stopping at filesystem boundary (GIT_DISCOVERY_ACROSS_FILESYSTEM not set).
2024-11-08 12:43:30.971 [info] > git rev-parse --show-toplevel [2ms]
2024-11-08 12:43:30.972 [info] fatal: not a git repository (or any parent up to mount point /)
Stopping at filesystem boundary (GIT_DISCOVERY_ACROSS_FILESYSTEM not set).
2024-11-08 12:43:46.799 [info] > git rev-parse --show-toplevel [1ms]
2024-11-08 12:43:46.799 [info] fatal: not a git repository (or any parent up to mount point /)
Stopping at filesystem boundary (GIT_DISCOVERY_ACROSS_FILESYSTEM not set).
2024-11-08 12:44:13.806 [info] > git rev-parse --show-toplevel [2ms]
2024-11-08 12:44:13.806 [info] fatal: not a git repository (or any parent up to mount point /)
Stopping at filesystem boundary (GIT_DISCOVERY_ACROSS_FILESYSTEM not set).
2024-11-08 12:45:24.014 [info] > git rev-parse --show-toplevel [2ms]
2024-11-08 12:45:24.014 [info] fatal: not a git repository (or any parent up to mount point /)
Stopping at filesystem boundary (GIT_DISCOVERY_ACROSS_FILESYSTEM not set).
2024-11-08 12:45:28.681 [info] > git rev-parse --show-toplevel [2ms]
2024-11-08 12:45:28.681 [info] fatal: not a git repository (or any parent up to mount point /)
Stopping at filesystem boundary (GIT_DISCOVERY_ACROSS_FILESYSTEM not set).
2024-11-08 12:45:40.866 [info] > git rev-parse --show-toplevel [1ms]
2024-11-08 12:45:40.866 [info] fatal: not a git repository (or any parent up to mount point /)
Stopping at filesystem boundary (GIT_DISCOVERY_ACROSS_FILESYSTEM not set).
2024-11-08 12:46:09.587 [info] > git rev-parse --show-toplevel [1ms]
2024-11-08 12:46:09.587 [info] fatal: not a git repository (or any parent up to mount point /)
Stopping at filesystem boundary (GIT_DISCOVERY_ACROSS_FILESYSTEM not set).
2024-11-08 12:46:36.601 [info] > git rev-parse --show-toplevel [1ms]
2024-11-08 12:46:36.601 [info] fatal: not a git repository (or any parent up to mount point /)
Stopping at filesystem boundary (GIT_DISCOVERY_ACROSS_FILESYSTEM not set).
2024-11-08 12:46:41.527 [info] > git rev-parse --show-toplevel [1ms]
2024-11-08 12:46:41.527 [info] fatal: not a git repository (or any parent up to mount point /)
Stopping at filesystem boundary (GIT_DISCOVERY_ACROSS_FILESYSTEM not set).
2024-11-08 12:46:57.764 [info] > git rev-parse --show-toplevel [2ms]
2024-11-08 12:46:57.764 [info] fatal: not a git repository (or any parent up to mount point /)
Stopping at filesystem boundary (GIT_DISCOVERY_ACROSS_FILESYSTEM not set).
2024-11-08 12:46:59.387 [info] > git rev-parse --show-toplevel [1ms]
2024-11-08 12:46:59.387 [info] fatal: not a git repository (or any parent up to mount point /)
Stopping at filesystem boundary (GIT_DISCOVERY_ACROSS_FILESYSTEM not set).
2024-11-08 12:47:00.437 [info] > git rev-parse --show-toplevel [2ms]
2024-11-08 12:47:00.437 [info] fatal: not a git repository (or any parent up to mount point /)
Stopping at filesystem boundary (GIT_DISCOVERY_ACROSS_FILESYSTEM not set).
2024-11-08 12:47:02.334 [info] > git rev-parse --show-toplevel [1ms]
2024-11-08 12:47:02.334 [info] fatal: not a git repository (or any parent up to mount point /)
Stopping at filesystem boundary (GIT_DISCOVERY_ACROSS_FILESYSTEM not set).
2024-11-08 12:47:05.972 [info] > git rev-parse --show-toplevel [2ms]
2024-11-08 12:47:05.972 [info] fatal: not a git repository (or any parent up to mount point /)
Stopping at filesystem boundary (GIT_DISCOVERY_ACROSS_FILESYSTEM not set).
2024-11-08 12:47:20.513 [info] > git rev-parse --show-toplevel [2ms]
2024-11-08 12:47:20.513 [info] fatal: not a git repository (or any parent up to mount point /)
Stopping at filesystem boundary (GIT_DISCOVERY_ACROSS_FILESYSTEM not set).
2024-11-08 12:48:08.963 [info] > git rev-parse --show-toplevel [2ms]
2024-11-08 12:48:08.963 [info] fatal: not a git repository (or any parent up to mount point /)
Stopping at filesystem boundary (GIT_DISCOVERY_ACROSS_FILESYSTEM not set).
2024-11-08 12:48:24.259 [info] > git rev-parse --show-toplevel [1ms]
2024-11-08 12:48:24.259 [info] fatal: not a git repository (or any parent up to mount point /)
Stopping at filesystem boundary (GIT_DISCOVERY_ACROSS_FILESYSTEM not set).
2024-11-08 12:49:32.402 [info] > git rev-parse --show-toplevel [2ms]
2024-11-08 12:49:32.402 [info] fatal: not a git repository (or any parent up to mount point /)
Stopping at filesystem boundary (GIT_DISCOVERY_ACROSS_FILESYSTEM not set).
2024-11-08 12:49:36.878 [info] > git rev-parse --show-toplevel [1ms]
2024-11-08 12:49:36.878 [info] fatal: not a git repository (or any parent up to mount point /)
Stopping at filesystem boundary (GIT_DISCOVERY_ACROSS_FILESYSTEM not set).
2024-11-08 12:50:50.056 [info] > git rev-parse --show-toplevel [1ms]
2024-11-08 12:50:50.056 [info] fatal: not a git repository (or any parent up to mount point /)
Stopping at filesystem boundary (GIT_DISCOVERY_ACROSS_FILESYSTEM not set).
2024-11-08 12:51:02.192 [info] > git rev-parse --show-toplevel [2ms]
2024-11-08 12:51:02.192 [info] fatal: not a git repository (or any parent up to mount point /)
Stopping at filesystem boundary (GIT_DISCOVERY_ACROSS_FILESYSTEM not set).
2024-11-08 12:52:05.184 [info] > git rev-parse --show-toplevel [1ms]
2024-11-08 12:52:05.184 [info] fatal: not a git repository (or any parent up to mount point /)
Stopping at filesystem boundary (GIT_DISCOVERY_ACROSS_FILESYSTEM not set).
2024-11-08 12:54:36.976 [info] > git rev-parse --show-toplevel [2ms]
2024-11-08 12:54:36.976 [info] fatal: not a git repository (or any parent up to mount point /)
Stopping at filesystem boundary (GIT_DISCOVERY_ACROSS_FILESYSTEM not set).
2024-11-08 12:54:36.986 [info] > git rev-parse --show-toplevel [1ms]
2024-11-08 12:54:36.986 [info] fatal: not a git repository (or any parent up to mount point /)
Stopping at filesystem boundary (GIT_DISCOVERY_ACROSS_FILESYSTEM not set).
2024-11-08 12:54:36.995 [info] > git rev-parse --show-toplevel [1ms]
2024-11-08 12:54:36.995 [info] fatal: not a git repository (or any parent up to mount point /)
Stopping at filesystem boundary (GIT_DISCOVERY_ACROSS_FILESYSTEM not set).
2024-11-08 12:59:07.605 [info] > git rev-parse --show-toplevel [1ms]
2024-11-08 12:59:07.605 [info] fatal: not a git repository (or any parent up to mount point /)
Stopping at filesystem boundary (GIT_DISCOVERY_ACROSS_FILESYSTEM not set).
2024-11-08 13:02:00.366 [info] > git rev-parse --show-toplevel [2ms]
2024-11-08 13:02:00.366 [info] fatal: not a git repository (or any parent up to mount point /)
Stopping at filesystem boundary (GIT_DISCOVERY_ACROSS_FILESYSTEM not set).
2024-11-08 13:02:29.045 [info] > git rev-parse --show-toplevel [3ms]
2024-11-08 13:02:29.045 [info] fatal: not a git repository (or any parent up to mount point /)
Stopping at filesystem boundary (GIT_DISCOVERY_ACROSS_FILESYSTEM not set).
2024-11-08 13:02:46.546 [info] > git rev-parse --show-toplevel [1ms]
2024-11-08 13:02:46.546 [info] fatal: not a git repository (or any parent up to mount point /)
Stopping at filesystem boundary (GIT_DISCOVERY_ACROSS_FILESYSTEM not set).
2024-11-08 13:03:09.338 [info] > git rev-parse --show-toplevel [2ms]
2024-11-08 13:03:09.338 [info] fatal: not a git repository (or any parent up to mount point /)
Stopping at filesystem boundary (GIT_DISCOVERY_ACROSS_FILESYSTEM not set).
2024-11-08 13:04:19.184 [info] > git rev-parse --show-toplevel [2ms]
2024-11-08 13:04:19.184 [info] fatal: not a git repository (or any parent up to mount point /)
Stopping at filesystem boundary (GIT_DISCOVERY_ACROSS_FILESYSTEM not set).
2024-11-08 13:04:24.015 [info] > git rev-parse --show-toplevel [2ms]
2024-11-08 13:04:24.015 [info] fatal: not a git repository (or any parent up to mount point /)
Stopping at filesystem boundary (GIT_DISCOVERY_ACROSS_FILESYSTEM not set).
2024-11-08 13:04:25.494 [info] > git rev-parse --show-toplevel [1ms]
2024-11-08 13:04:25.494 [info] fatal: not a git repository (or any parent up to mount point /)
Stopping at filesystem boundary (GIT_DISCOVERY_ACROSS_FILESYSTEM not set).
2024-11-08 13:04:28.305 [info] > git rev-parse --show-toplevel [1ms]
2024-11-08 13:04:28.305 [info] fatal: not a git repository (or any parent up to mount point /)
Stopping at filesystem boundary (GIT_DISCOVERY_ACROSS_FILESYSTEM not set).
2024-11-08 13:04:57.887 [info] > git rev-parse --show-toplevel [2ms]
2024-11-08 13:04:57.887 [info] fatal: not a git repository (or any parent up to mount point /)
Stopping at filesystem boundary (GIT_DISCOVERY_ACROSS_FILESYSTEM not set).
2024-11-08 13:05:01.079 [info] > git rev-parse --show-toplevel [1ms]
2024-11-08 13:05:01.079 [info] fatal: not a git repository (or any parent up to mount point /)
Stopping at filesystem boundary (GIT_DISCOVERY_ACROSS_FILESYSTEM not set).
2024-11-08 13:05:13.231 [info] > git rev-parse --show-toplevel [1ms]
2024-11-08 13:05:13.231 [info] fatal: not a git repository (or any parent up to mount point /)
Stopping at filesystem boundary (GIT_DISCOVERY_ACROSS_FILESYSTEM not set).
2024-11-08 13:05:19.177 [info] > git rev-parse --show-toplevel [2ms]
2024-11-08 13:05:19.177 [info] fatal: not a git repository (or any parent up to mount point /)
Stopping at filesystem boundary (GIT_DISCOVERY_ACROSS_FILESYSTEM not set).
2024-11-08 13:05:24.936 [info] > git rev-parse --show-toplevel [1ms]
2024-11-08 13:05:24.937 [info] fatal: not a git repository (or any parent up to mount point /)
Stopping at filesystem boundary (GIT_DISCOVERY_ACROSS_FILESYSTEM not set).
2024-11-08 13:05:34.032 [info] > git rev-parse --show-toplevel [1ms]
2024-11-08 13:05:34.032 [info] fatal: not a git repository (or any parent up to mount point /)
Stopping at filesystem boundary (GIT_DISCOVERY_ACROSS_FILESYSTEM not set).
2024-11-08 13:05:47.132 [info] > git rev-parse --show-toplevel [2ms]
2024-11-08 13:05:47.132 [info] fatal: not a git repository (or any parent up to mount point /)
Stopping at filesystem boundary (GIT_DISCOVERY_ACROSS_FILESYSTEM not set).
2024-11-08 13:06:25.634 [info] > git rev-parse --show-toplevel [1ms]
2024-11-08 13:06:25.634 [info] fatal: not a git repository (or any parent up to mount point /)
Stopping at filesystem boundary (GIT_DISCOVERY_ACROSS_FILESYSTEM not set).
2024-11-08 13:06:27.267 [info] > git rev-parse --show-toplevel [1ms]
2024-11-08 13:06:27.267 [info] fatal: not a git repository (or any parent up to mount point /)
Stopping at filesystem boundary (GIT_DISCOVERY_ACROSS_FILESYSTEM not set).
2024-11-08 13:06:27.276 [info] > git rev-parse --show-toplevel [1ms]
2024-11-08 13:06:27.276 [info] fatal: not a git repository (or any parent up to mount point /)
Stopping at filesystem boundary (GIT_DISCOVERY_ACROSS_FILESYSTEM not set).
2024-11-08 13:06:27.286 [info] > git rev-parse --show-toplevel [1ms]
2024-11-08 13:06:27.286 [info] fatal: not a git repository (or any parent up to mount point /)
Stopping at filesystem boundary (GIT_DISCOVERY_ACROSS_FILESYSTEM not set).
2024-11-08 13:14:18.696 [info] > git rev-parse --show-toplevel [2ms]
2024-11-08 13:14:18.696 [info] fatal: not a git repository (or any parent up to mount point /)
Stopping at filesystem boundary (GIT_DISCOVERY_ACROSS_FILESYSTEM not set).
2024-11-08 13:14:18.716 [info] > git rev-parse --show-toplevel [2ms]
2024-11-08 13:14:18.716 [info] fatal: not a git repository (or any parent up to mount point /)
Stopping at filesystem boundary (GIT_DISCOVERY_ACROSS_FILESYSTEM not set).
2024-11-08 13:14:18.725 [info] > git rev-parse --show-toplevel [1ms]
2024-11-08 13:14:18.725 [info] fatal: not a git repository (or any parent up to mount point /)
Stopping at filesystem boundary (GIT_DISCOVERY_ACROSS_FILESYSTEM not set).
2024-11-08 13:14:21.335 [info] > git rev-parse --show-toplevel [5ms]
2024-11-08 13:14:21.335 [info] fatal: not a git repository (or any parent up to mount point /)
Stopping at filesystem boundary (GIT_DISCOVERY_ACROSS_FILESYSTEM not set).
2024-11-08 13:14:21.356 [info] > git rev-parse --show-toplevel [2ms]
2024-11-08 13:14:21.356 [info] fatal: not a git repository (or any parent up to mount point /)
Stopping at filesystem boundary (GIT_DISCOVERY_ACROSS_FILESYSTEM not set).
2024-11-08 13:14:21.365 [info] > git rev-parse --show-toplevel [1ms]
2024-11-08 13:14:21.365 [info] fatal: not a git repository (or any parent up to mount point /)
Stopping at filesystem boundary (GIT_DISCOVERY_ACROSS_FILESYSTEM not set).
2024-11-08 13:14:34.024 [info] > git rev-parse --show-toplevel [1ms]
2024-11-08 13:14:34.024 [info] fatal: not a git repository (or any parent up to mount point /)
Stopping at filesystem boundary (GIT_DISCOVERY_ACROSS_FILESYSTEM not set).
2024-11-08 13:14:34.042 [info] > git rev-parse --show-toplevel [1ms]
2024-11-08 13:14:34.042 [info] fatal: not a git repository (or any parent up to mount point /)
Stopping at filesystem boundary (GIT_DISCOVERY_ACROSS_FILESYSTEM not set).
2024-11-08 13:14:34.050 [info] > git rev-parse --show-toplevel [1ms]
2024-11-08 13:14:34.050 [info] fatal: not a git repository (or any parent up to mount point /)
Stopping at filesystem boundary (GIT_DISCOVERY_ACROSS_FILESYSTEM not set).
2024-11-08 13:14:41.558 [info] > git rev-parse --show-toplevel [1ms]
2024-11-08 13:14:41.558 [info] fatal: not a git repository (or any parent up to mount point /)
Stopping at filesystem boundary (GIT_DISCOVERY_ACROSS_FILESYSTEM not set).
2024-11-08 13:14:41.586 [info] > git rev-parse --show-toplevel [2ms]
2024-11-08 13:14:41.590 [info] fatal: not a git repository (or any parent up to mount point /)
Stopping at filesystem boundary (GIT_DISCOVERY_ACROSS_FILESYSTEM not set).
2024-11-08 13:14:41.599 [info] > git rev-parse --show-toplevel [1ms]
2024-11-08 13:14:41.599 [info] fatal: not a git repository (or any parent up to mount point /)
Stopping at filesystem boundary (GIT_DISCOVERY_ACROSS_FILESYSTEM not set).
2024-11-08 13:14:55.837 [info] > git rev-parse --show-toplevel [2ms]
2024-11-08 13:14:55.837 [info] fatal: not a git repository (or any parent up to mount point /)
Stopping at filesystem boundary (GIT_DISCOVERY_ACROSS_FILESYSTEM not set).
2024-11-08 13:14:55.874 [info] > git rev-parse --show-toplevel [2ms]
2024-11-08 13:14:55.874 [info] fatal: not a git repository (or any parent up to mount point /)
Stopping at filesystem boundary (GIT_DISCOVERY_ACROSS_FILESYSTEM not set).
2024-11-08 13:14:55.885 [info] > git rev-parse --show-toplevel [2ms]
2024-11-08 13:14:55.885 [info] fatal: not a git repository (or any parent up to mount point /)
Stopping at filesystem boundary (GIT_DISCOVERY_ACROSS_FILESYSTEM not set).
2024-11-08 13:15:00.566 [info] > git rev-parse --show-toplevel [4ms]
2024-11-08 13:15:00.566 [info] fatal: not a git repository (or any parent up to mount point /)
Stopping at filesystem boundary (GIT_DISCOVERY_ACROSS_FILESYSTEM not set).
2024-11-08 13:15:00.576 [info] > git rev-parse --show-toplevel [0ms]
2024-11-08 13:15:00.576 [info] fatal: not a git repository (or any parent up to mount point /)
Stopping at filesystem boundary (GIT_DISCOVERY_ACROSS_FILESYSTEM not set).
2024-11-08 13:15:00.586 [info] > git rev-parse --show-toplevel [1ms]
2024-11-08 13:15:00.586 [info] fatal: not a git repository (or any parent up to mount point /)
Stopping at filesystem boundary (GIT_DISCOVERY_ACROSS_FILESYSTEM not set).
2024-11-08 13:15:02.064 [info] > git rev-parse --show-toplevel [1ms]
2024-11-08 13:15:02.064 [info] fatal: not a git repository (or any parent up to mount point /)
Stopping at filesystem boundary (GIT_DISCOVERY_ACROSS_FILESYSTEM not set).
2024-11-08 13:15:02.080 [info] > git rev-parse --show-toplevel [1ms]
2024-11-08 13:15:02.080 [info] fatal: not a git repository (or any parent up to mount point /)
Stopping at filesystem boundary (GIT_DISCOVERY_ACROSS_FILESYSTEM not set).
2024-11-08 13:15:02.090 [info] > git rev-parse --show-toplevel [1ms]
2024-11-08 13:15:02.090 [info] fatal: not a git repository (or any parent up to mount point /)
Stopping at filesystem boundary (GIT_DISCOVERY_ACROSS_FILESYSTEM not set).
2024-11-08 13:15:24.589 [info] > git rev-parse --show-toplevel [4ms]
2024-11-08 13:15:24.589 [info] fatal: not a git repository (or any parent up to mount point /)
Stopping at filesystem boundary (GIT_DISCOVERY_ACROSS_FILESYSTEM not set).
2024-11-08 13:15:24.598 [info] > git rev-parse --show-toplevel [1ms]
2024-11-08 13:15:24.598 [info] fatal: not a git repository (or any parent up to mount point /)
Stopping at filesystem boundary (GIT_DISCOVERY_ACROSS_FILESYSTEM not set).
2024-11-08 13:15:24.607 [info] > git rev-parse --show-toplevel [2ms]
2024-11-08 13:15:24.607 [info] fatal: not a git repository (or any parent up to mount point /)
Stopping at filesystem boundary (GIT_DISCOVERY_ACROSS_FILESYSTEM not set).
2024-11-08 13:15:26.442 [info] > git rev-parse --show-toplevel [7ms]
2024-11-08 13:15:26.442 [info] fatal: not a git repository (or any parent up to mount point /)
Stopping at filesystem boundary (GIT_DISCOVERY_ACROSS_FILESYSTEM not set).
2024-11-08 13:15:26.452 [info] > git rev-parse --show-toplevel [1ms]
2024-11-08 13:15:26.452 [info] fatal: not a git repository (or any parent up to mount point /)
Stopping at filesystem boundary (GIT_DISCOVERY_ACROSS_FILESYSTEM not set).
2024-11-08 13:15:26.463 [info] > git rev-parse --show-toplevel [1ms]
2024-11-08 13:15:26.463 [info] fatal: not a git repository (or any parent up to mount point /)
Stopping at filesystem boundary (GIT_DISCOVERY_ACROSS_FILESYSTEM not set).
2024-11-08 13:16:42.613 [info] > git rev-parse --show-toplevel [2ms]
2024-11-08 13:16:42.613 [info] fatal: not a git repository (or any parent up to mount point /)
Stopping at filesystem boundary (GIT_DISCOVERY_ACROSS_FILESYSTEM not set).
2024-11-08 13:16:42.625 [info] > git rev-parse --show-toplevel [1ms]
2024-11-08 13:16:42.625 [info] fatal: not a git repository (or any parent up to mount point /)
Stopping at filesystem boundary (GIT_DISCOVERY_ACROSS_FILESYSTEM not set).
2024-11-08 13:16:42.635 [info] > git rev-parse --show-toplevel [1ms]
2024-11-08 13:16:42.635 [info] fatal: not a git repository (or any parent up to mount point /)
Stopping at filesystem boundary (GIT_DISCOVERY_ACROSS_FILESYSTEM not set).
2024-11-08 14:51:36.671 [info] > git rev-parse --show-toplevel [7ms]
2024-11-08 14:51:36.671 [info] fatal: not a git repository (or any parent up to mount point /)
Stopping at filesystem boundary (GIT_DISCOVERY_ACROSS_FILESYSTEM not set).
2024-11-08 14:51:36.688 [info] > git rev-parse --show-toplevel [1ms]
2024-11-08 14:51:36.688 [info] fatal: not a git repository (or any parent up to mount point /)
Stopping at filesystem boundary (GIT_DISCOVERY_ACROSS_FILESYSTEM not set).
2024-11-08 14:51:36.697 [info] > git rev-parse --show-toplevel [1ms]
2024-11-08 14:51:36.697 [info] fatal: not a git repository (or any parent up to mount point /)
Stopping at filesystem boundary (GIT_DISCOVERY_ACROSS_FILESYSTEM not set).
2024-11-08 14:51:38.228 [info] > git rev-parse --show-toplevel [4ms]
2024-11-08 14:51:38.228 [info] fatal: not a git repository (or any parent up to mount point /)
Stopping at filesystem boundary (GIT_DISCOVERY_ACROSS_FILESYSTEM not set).
2024-11-08 14:51:38.236 [info] > git rev-parse --show-toplevel [1ms]
2024-11-08 14:51:38.236 [info] fatal: not a git repository (or any parent up to mount point /)
Stopping at filesystem boundary (GIT_DISCOVERY_ACROSS_FILESYSTEM not set).
2024-11-08 14:51:38.245 [info] > git rev-parse --show-toplevel [1ms]
2024-11-08 14:51:38.245 [info] fatal: not a git repository (or any parent up to mount point /)
Stopping at filesystem boundary (GIT_DISCOVERY_ACROSS_FILESYSTEM not set).
2024-11-08 14:51:51.117 [info] > git rev-parse --show-toplevel [1ms]
2024-11-08 14:51:51.117 [info] fatal: not a git repository (or any parent up to mount point /)
Stopping at filesystem boundary (GIT_DISCOVERY_ACROSS_FILESYSTEM not set).
2024-11-08 14:51:51.131 [info] > git rev-parse --show-toplevel [2ms]
2024-11-08 14:51:51.131 [info] fatal: not a git repository (or any parent up to mount point /)
Stopping at filesystem boundary (GIT_DISCOVERY_ACROSS_FILESYSTEM not set).
2024-11-08 14:51:51.140 [info] > git rev-parse --show-toplevel [1ms]
2024-11-08 14:51:51.141 [info] fatal: not a git repository (or any parent up to mount point /)
Stopping at filesystem boundary (GIT_DISCOVERY_ACROSS_FILESYSTEM not set).
2024-11-08 14:51:58.299 [info] > git rev-parse --show-toplevel [1ms]
2024-11-08 14:51:58.299 [info] fatal: not a git repository (or any parent up to mount point /)
Stopping at filesystem boundary (GIT_DISCOVERY_ACROSS_FILESYSTEM not set).
2024-11-08 14:51:58.371 [info] > git rev-parse --show-toplevel [2ms]
2024-11-08 14:51:58.371 [info] fatal: not a git repository (or any parent up to mount point /)
Stopping at filesystem boundary (GIT_DISCOVERY_ACROSS_FILESYSTEM not set).
2024-11-08 14:51:58.380 [info] > git rev-parse --show-toplevel [1ms]
2024-11-08 14:51:58.380 [info] fatal: not a git repository (or any parent up to mount point /)
Stopping at filesystem boundary (GIT_DISCOVERY_ACROSS_FILESYSTEM not set).
2024-11-08 14:52:00.472 [info] > git rev-parse --show-toplevel [5ms]
2024-11-08 14:52:00.472 [info] fatal: not a git repository (or any parent up to mount point /)
Stopping at filesystem boundary (GIT_DISCOVERY_ACROSS_FILESYSTEM not set).
2024-11-08 14:52:00.481 [info] > git rev-parse --show-toplevel [2ms]
2024-11-08 14:52:00.481 [info] fatal: not a git repository (or any parent up to mount point /)
Stopping at filesystem boundary (GIT_DISCOVERY_ACROSS_FILESYSTEM not set).
2024-11-08 14:52:00.489 [info] > git rev-parse --show-toplevel [1ms]
2024-11-08 14:52:00.489 [info] fatal: not a git repository (or any parent up to mount point /)
Stopping at filesystem boundary (GIT_DISCOVERY_ACROSS_FILESYSTEM not set).
2024-11-08 14:52:54.497 [info] > git rev-parse --show-toplevel [5ms]
2024-11-08 14:52:54.497 [info] fatal: not a git repository (or any parent up to mount point /)
Stopping at filesystem boundary (GIT_DISCOVERY_ACROSS_FILESYSTEM not set).
2024-11-08 14:52:54.506 [info] > git rev-parse --show-toplevel [1ms]
2024-11-08 14:52:54.506 [info] fatal: not a git repository (or any parent up to mount point /)
Stopping at filesystem boundary (GIT_DISCOVERY_ACROSS_FILESYSTEM not set).
2024-11-08 14:52:54.514 [info] > git rev-parse --show-toplevel [1ms]
2024-11-08 14:52:54.514 [info] fatal: not a git repository (or any parent up to mount point /)
Stopping at filesystem boundary (GIT_DISCOVERY_ACROSS_FILESYSTEM not set).
2024-11-08 14:53:23.426 [info] > git rev-parse --show-toplevel [1ms]
2024-11-08 14:53:23.426 [info] fatal: not a git repository (or any parent up to mount point /)
Stopping at filesystem boundary (GIT_DISCOVERY_ACROSS_FILESYSTEM not set).
2024-11-08 14:53:23.469 [info] > git rev-parse --show-toplevel [1ms]
2024-11-08 14:53:23.469 [info] fatal: not a git repository (or any parent up to mount point /)
Stopping at filesystem boundary (GIT_DISCOVERY_ACROSS_FILESYSTEM not set).
2024-11-08 14:53:23.478 [info] > git rev-parse --show-toplevel [1ms]
2024-11-08 14:53:23.478 [info] fatal: not a git repository (or any parent up to mount point /)
Stopping at filesystem boundary (GIT_DISCOVERY_ACROSS_FILESYSTEM not set).
2024-11-08 15:00:28.951 [info] > git rev-parse --show-toplevel [2ms]
2024-11-08 15:00:28.951 [info] fatal: not a git repository (or any parent up to mount point /)
Stopping at filesystem boundary (GIT_DISCOVERY_ACROSS_FILESYSTEM not set).
2024-11-08 15:00:28.965 [info] > git rev-parse --show-toplevel [1ms]
2024-11-08 15:00:28.965 [info] fatal: not a git repository (or any parent up to mount point /)
Stopping at filesystem boundary (GIT_DISCOVERY_ACROSS_FILESYSTEM not set).
2024-11-08 15:00:28.974 [info] > git rev-parse --show-toplevel [1ms]
2024-11-08 15:00:28.974 [info] fatal: not a git repository (or any parent up to mount point /)
Stopping at filesystem boundary (GIT_DISCOVERY_ACROSS_FILESYSTEM not set).
2024-11-08 15:00:29.879 [info] > git rev-parse --show-toplevel [2ms]
2024-11-08 15:00:29.879 [info] fatal: not a git repository (or any parent up to mount point /)
Stopping at filesystem boundary (GIT_DISCOVERY_ACROSS_FILESYSTEM not set).
2024-11-08 15:00:29.896 [info] > git rev-parse --show-toplevel [2ms]
2024-11-08 15:00:29.896 [info] fatal: not a git repository (or any parent up to mount point /)
Stopping at filesystem boundary (GIT_DISCOVERY_ACROSS_FILESYSTEM not set).
2024-11-08 15:00:29.907 [info] > git rev-parse --show-toplevel [1ms]
2024-11-08 15:00:29.908 [info] fatal: not a git repository (or any parent up to mount point /)
Stopping at filesystem boundary (GIT_DISCOVERY_ACROSS_FILESYSTEM not set).
2024-11-08 15:01:05.498 [info] > git rev-parse --show-toplevel [1ms]
2024-11-08 15:01:05.498 [info] fatal: not a git repository (or any parent up to mount point /)
Stopping at filesystem boundary (GIT_DISCOVERY_ACROSS_FILESYSTEM not set).
2024-11-08 15:01:05.521 [info] > git rev-parse --show-toplevel [2ms]
2024-11-08 15:01:05.521 [info] fatal: not a git repository (or any parent up to mount point /)
Stopping at filesystem boundary (GIT_DISCOVERY_ACROSS_FILESYSTEM not set).
2024-11-08 15:01:05.530 [info] > git rev-parse --show-toplevel [1ms]
2024-11-08 15:01:05.530 [info] fatal: not a git repository (or any parent up to mount point /)
Stopping at filesystem boundary (GIT_DISCOVERY_ACROSS_FILESYSTEM not set).
2024-11-08 15:01:11.018 [info] > git rev-parse --show-toplevel [4ms]
2024-11-08 15:01:11.018 [info] fatal: not a git repository (or any parent up to mount point /)
Stopping at filesystem boundary (GIT_DISCOVERY_ACROSS_FILESYSTEM not set).
2024-11-08 15:01:11.027 [info] > git rev-parse --show-toplevel [0ms]
2024-11-08 15:01:11.027 [info] fatal: not a git repository (or any parent up to mount point /)
Stopping at filesystem boundary (GIT_DISCOVERY_ACROSS_FILESYSTEM not set).
2024-11-08 15:01:11.036 [info] > git rev-parse --show-toplevel [1ms]
2024-11-08 15:01:11.036 [info] fatal: not a git repository (or any parent up to mount point /)
Stopping at filesystem boundary (GIT_DISCOVERY_ACROSS_FILESYSTEM not set).
2024-11-08 15:01:16.157 [info] > git rev-parse --show-toplevel [7ms]
2024-11-08 15:01:16.157 [info] fatal: not a git repository (or any parent up to mount point /)
Stopping at filesystem boundary (GIT_DISCOVERY_ACROSS_FILESYSTEM not set).
2024-11-08 15:01:16.166 [info] > git rev-parse --show-toplevel [1ms]
2024-11-08 15:01:16.166 [info] fatal: not a git repository (or any parent up to mount point /)
Stopping at filesystem boundary (GIT_DISCOVERY_ACROSS_FILESYSTEM not set).
2024-11-08 15:01:16.175 [info] > git rev-parse --show-toplevel [1ms]
2024-11-08 15:01:16.176 [info] fatal: not a git repository (or any parent up to mount point /)
Stopping at filesystem boundary (GIT_DISCOVERY_ACROSS_FILESYSTEM not set).
2024-11-08 15:01:18.872 [info] > git rev-parse --show-toplevel [4ms]
2024-11-08 15:01:18.872 [info] fatal: not a git repository (or any parent up to mount point /)
Stopping at filesystem boundary (GIT_DISCOVERY_ACROSS_FILESYSTEM not set).
2024-11-08 15:01:18.880 [info] > git rev-parse --show-toplevel [1ms]
2024-11-08 15:01:18.880 [info] fatal: not a git repository (or any parent up to mount point /)
Stopping at filesystem boundary (GIT_DISCOVERY_ACROSS_FILESYSTEM not set).
2024-11-08 15:01:18.889 [info] > git rev-parse --show-toplevel [1ms]
2024-11-08 15:01:18.889 [info] fatal: not a git repository (or any parent up to mount point /)
Stopping at filesystem boundary (GIT_DISCOVERY_ACROSS_FILESYSTEM not set).
2024-11-08 15:04:02.189 [info] > git rev-parse --show-toplevel [2ms]
2024-11-08 15:04:02.189 [info] fatal: not a git repository (or any parent up to mount point /)
Stopping at filesystem boundary (GIT_DISCOVERY_ACROSS_FILESYSTEM not set).
2024-11-08 15:04:02.205 [info] > git rev-parse --show-toplevel [1ms]
2024-11-08 15:04:02.205 [info] fatal: not a git repository (or any parent up to mount point /)
Stopping at filesystem boundary (GIT_DISCOVERY_ACROSS_FILESYSTEM not set).
2024-11-08 15:04:02.215 [info] > git rev-parse --show-toplevel [1ms]
2024-11-08 15:04:02.215 [info] fatal: not a git repository (or any parent up to mount point /)
Stopping at filesystem boundary (GIT_DISCOVERY_ACROSS_FILESYSTEM not set).
2024-11-08 15:04:05.599 [info] > git rev-parse --show-toplevel [1ms]
2024-11-08 15:04:05.599 [info] fatal: not a git repository (or any parent up to mount point /)
Stopping at filesystem boundary (GIT_DISCOVERY_ACROSS_FILESYSTEM not set).
2024-11-08 15:04:05.625 [info] > git rev-parse --show-toplevel [2ms]
2024-11-08 15:04:05.625 [info] fatal: not a git repository (or any parent up to mount point /)
Stopping at filesystem boundary (GIT_DISCOVERY_ACROSS_FILESYSTEM not set).
2024-11-08 15:04:05.634 [info] > git rev-parse --show-toplevel [1ms]
2024-11-08 15:04:05.635 [info] fatal: not a git repository (or any parent up to mount point /)
Stopping at filesystem boundary (GIT_DISCOVERY_ACROSS_FILESYSTEM not set).
2024-11-08 15:06:20.153 [info] > git rev-parse --show-toplevel [2ms]
2024-11-08 15:06:20.153 [info] fatal: not a git repository (or any parent up to mount point /)
Stopping at filesystem boundary (GIT_DISCOVERY_ACROSS_FILESYSTEM not set).
2024-11-08 15:06:20.169 [info] > git rev-parse --show-toplevel [2ms]
2024-11-08 15:06:20.169 [info] fatal: not a git repository (or any parent up to mount point /)
Stopping at filesystem boundary (GIT_DISCOVERY_ACROSS_FILESYSTEM not set).
2024-11-08 15:06:20.178 [info] > git rev-parse --show-toplevel [1ms]
2024-11-08 15:06:20.178 [info] fatal: not a git repository (or any parent up to mount point /)
Stopping at filesystem boundary (GIT_DISCOVERY_ACROSS_FILESYSTEM not set).
2024-11-08 15:06:23.923 [info] > git rev-parse --show-toplevel [4ms]
2024-11-08 15:06:23.927 [info] fatal: not a git repository (or any parent up to mount point /)
Stopping at filesystem boundary (GIT_DISCOVERY_ACROSS_FILESYSTEM not set).
2024-11-08 15:06:23.936 [info] > git rev-parse --show-toplevel [1ms]
2024-11-08 15:06:23.936 [info] fatal: not a git repository (or any parent up to mount point /)
Stopping at filesystem boundary (GIT_DISCOVERY_ACROSS_FILESYSTEM not set).
2024-11-08 15:06:23.945 [info] > git rev-parse --show-toplevel [1ms]
2024-11-08 15:06:23.945 [info] fatal: not a git repository (or any parent up to mount point /)
Stopping at filesystem boundary (GIT_DISCOVERY_ACROSS_FILESYSTEM not set).
2024-11-08 15:06:25.966 [info] > git rev-parse --show-toplevel [1ms]
2024-11-08 15:06:25.966 [info] fatal: not a git repository (or any parent up to mount point /)
Stopping at filesystem boundary (GIT_DISCOVERY_ACROSS_FILESYSTEM not set).
2024-11-08 15:06:25.979 [info] > git rev-parse --show-toplevel [1ms]
2024-11-08 15:06:25.979 [info] fatal: not a git repository (or any parent up to mount point /)
Stopping at filesystem boundary (GIT_DISCOVERY_ACROSS_FILESYSTEM not set).
2024-11-08 15:06:25.987 [info] > git rev-parse --show-toplevel [1ms]
2024-11-08 15:06:25.987 [info] fatal: not a git repository (or any parent up to mount point /)
Stopping at filesystem boundary (GIT_DISCOVERY_ACROSS_FILESYSTEM not set).
2024-11-08 15:06:31.049 [info] > git rev-parse --show-toplevel [1ms]
2024-11-08 15:06:31.049 [info] fatal: not a git repository (or any parent up to mount point /)
Stopping at filesystem boundary (GIT_DISCOVERY_ACROSS_FILESYSTEM not set).
2024-11-08 15:06:31.080 [info] > git rev-parse --show-toplevel [2ms]
2024-11-08 15:06:31.080 [info] fatal: not a git repository (or any parent up to mount point /)
Stopping at filesystem boundary (GIT_DISCOVERY_ACROSS_FILESYSTEM not set).
2024-11-08 15:06:31.089 [info] > git rev-parse --show-toplevel [1ms]
2024-11-08 15:06:31.089 [info] fatal: not a git repository (or any parent up to mount point /)
Stopping at filesystem boundary (GIT_DISCOVERY_ACROSS_FILESYSTEM not set).
2024-11-08 15:06:33.354 [info] > git rev-parse --show-toplevel [1ms]
2024-11-08 15:06:33.354 [info] fatal: not a git repository (or any parent up to mount point /)
Stopping at filesystem boundary (GIT_DISCOVERY_ACROSS_FILESYSTEM not set).
2024-11-08 15:06:33.366 [info] > git rev-parse --show-toplevel [1ms]
2024-11-08 15:06:33.366 [info] fatal: not a git repository (or any parent up to mount point /)
Stopping at filesystem boundary (GIT_DISCOVERY_ACROSS_FILESYSTEM not set).
2024-11-08 15:06:33.375 [info] > git rev-parse --show-toplevel [2ms]
2024-11-08 15:06:33.375 [info] fatal: not a git repository (or any parent up to mount point /)
Stopping at filesystem boundary (GIT_DISCOVERY_ACROSS_FILESYSTEM not set).
2024-11-08 15:06:34.130 [info] > git rev-parse --show-toplevel [4ms]
2024-11-08 15:06:34.130 [info] fatal: not a git repository (or any parent up to mount point /)
Stopping at filesystem boundary (GIT_DISCOVERY_ACROSS_FILESYSTEM not set).
2024-11-08 15:06:34.141 [info] > git rev-parse --show-toplevel [1ms]
2024-11-08 15:06:34.141 [info] fatal: not a git repository (or any parent up to mount point /)
Stopping at filesystem boundary (GIT_DISCOVERY_ACROSS_FILESYSTEM not set).
2024-11-08 15:06:34.149 [info] > git rev-parse --show-toplevel [1ms]
2024-11-08 15:06:34.149 [info] fatal: not a git repository (or any parent up to mount point /)
Stopping at filesystem boundary (GIT_DISCOVERY_ACROSS_FILESYSTEM not set).
2024-11-08 15:07:53.692 [info] > git rev-parse --show-toplevel [1ms]
2024-11-08 15:07:53.692 [info] fatal: not a git repository (or any parent up to mount point /)
Stopping at filesystem boundary (GIT_DISCOVERY_ACROSS_FILESYSTEM not set).
2024-11-08 15:07:53.708 [info] > git rev-parse --show-toplevel [2ms]
2024-11-08 15:07:53.708 [info] fatal: not a git repository (or any parent up to mount point /)
Stopping at filesystem boundary (GIT_DISCOVERY_ACROSS_FILESYSTEM not set).
2024-11-08 15:07:53.717 [info] > git rev-parse --show-toplevel [1ms]
2024-11-08 15:07:53.717 [info] fatal: not a git repository (or any parent up to mount point /)
Stopping at filesystem boundary (GIT_DISCOVERY_ACROSS_FILESYSTEM not set).
2024-11-08 15:07:59.151 [info] > git rev-parse --show-toplevel [4ms]
2024-11-08 15:07:59.151 [info] fatal: not a git repository (or any parent up to mount point /)
Stopping at filesystem boundary (GIT_DISCOVERY_ACROSS_FILESYSTEM not set).
2024-11-08 15:07:59.160 [info] > git rev-parse --show-toplevel [1ms]
2024-11-08 15:07:59.160 [info] fatal: not a git repository (or any parent up to mount point /)
Stopping at filesystem boundary (GIT_DISCOVERY_ACROSS_FILESYSTEM not set).
2024-11-08 15:07:59.168 [info] > git rev-parse --show-toplevel [1ms]
2024-11-08 15:07:59.168 [info] fatal: not a git repository (or any parent up to mount point /)
Stopping at filesystem boundary (GIT_DISCOVERY_ACROSS_FILESYSTEM not set).
2024-11-08 15:10:47.180 [info] > git rev-parse --show-toplevel [1ms]
2024-11-08 15:10:47.180 [info] fatal: not a git repository (or any parent up to mount point /)
Stopping at filesystem boundary (GIT_DISCOVERY_ACROSS_FILESYSTEM not set).
2024-11-08 15:10:47.222 [info] > git rev-parse --show-toplevel [2ms]
2024-11-08 15:10:47.222 [info] fatal: not a git repository (or any parent up to mount point /)
Stopping at filesystem boundary (GIT_DISCOVERY_ACROSS_FILESYSTEM not set).
2024-11-08 15:10:47.234 [info] > git rev-parse --show-toplevel [1ms]
2024-11-08 15:10:47.234 [info] fatal: not a git repository (or any parent up to mount point /)
Stopping at filesystem boundary (GIT_DISCOVERY_ACROSS_FILESYSTEM not set).
2024-11-08 15:11:05.229 [info] > git rev-parse --show-toplevel [1ms]
2024-11-08 15:11:05.229 [info] fatal: not a git repository (or any parent up to mount point /)
Stopping at filesystem boundary (GIT_DISCOVERY_ACROSS_FILESYSTEM not set).
2024-11-08 15:11:05.252 [info] > git rev-parse --show-toplevel [2ms]
2024-11-08 15:11:05.252 [info] fatal: not a git repository (or any parent up to mount point /)
Stopping at filesystem boundary (GIT_DISCOVERY_ACROSS_FILESYSTEM not set).
2024-11-08 15:11:05.261 [info] > git rev-parse --show-toplevel [1ms]
2024-11-08 15:11:05.261 [info] fatal: not a git repository (or any parent up to mount point /)
Stopping at filesystem boundary (GIT_DISCOVERY_ACROSS_FILESYSTEM not set).
2024-11-08 15:11:10.897 [info] > git rev-parse --show-toplevel [3ms]
2024-11-08 15:11:10.897 [info] fatal: not a git repository (or any parent up to mount point /)
Stopping at filesystem boundary (GIT_DISCOVERY_ACROSS_FILESYSTEM not set).
2024-11-08 15:11:10.908 [info] > git rev-parse --show-toplevel [2ms]
2024-11-08 15:11:10.908 [info] fatal: not a git repository (or any parent up to mount point /)
Stopping at filesystem boundary (GIT_DISCOVERY_ACROSS_FILESYSTEM not set).
2024-11-08 15:11:10.917 [info] > git rev-parse --show-toplevel [1ms]
2024-11-08 15:11:10.917 [info] fatal: not a git repository (or any parent up to mount point /)
Stopping at filesystem boundary (GIT_DISCOVERY_ACROSS_FILESYSTEM not set).
2024-11-08 15:11:13.053 [info] > git rev-parse --show-toplevel [3ms]
2024-11-08 15:11:13.053 [info] fatal: not a git repository (or any parent up to mount point /)
Stopping at filesystem boundary (GIT_DISCOVERY_ACROSS_FILESYSTEM not set).
2024-11-08 15:11:13.064 [info] > git rev-parse --show-toplevel [1ms]
2024-11-08 15:11:13.064 [info] fatal: not a git repository (or any parent up to mount point /)
Stopping at filesystem boundary (GIT_DISCOVERY_ACROSS_FILESYSTEM not set).
2024-11-08 15:11:13.073 [info] > git rev-parse --show-toplevel [1ms]
2024-11-08 15:11:13.073 [info] fatal: not a git repository (or any parent up to mount point /)
Stopping at filesystem boundary (GIT_DISCOVERY_ACROSS_FILESYSTEM not set).
2024-11-08 15:11:16.551 [info] > git rev-parse --show-toplevel [1ms]
2024-11-08 15:11:16.551 [info] fatal: not a git repository (or any parent up to mount point /)
Stopping at filesystem boundary (GIT_DISCOVERY_ACROSS_FILESYSTEM not set).
2024-11-08 15:11:16.577 [info] > git rev-parse --show-toplevel [2ms]
2024-11-08 15:11:16.577 [info] fatal: not a git repository (or any parent up to mount point /)
Stopping at filesystem boundary (GIT_DISCOVERY_ACROSS_FILESYSTEM not set).
2024-11-08 15:11:16.587 [info] > git rev-parse --show-toplevel [2ms]
2024-11-08 15:11:16.587 [info] fatal: not a git repository (or any parent up to mount point /)
Stopping at filesystem boundary (GIT_DISCOVERY_ACROSS_FILESYSTEM not set).
2024-11-08 15:11:27.695 [info] > git rev-parse --show-toplevel [1ms]
2024-11-08 15:11:27.695 [info] fatal: not a git repository (or any parent up to mount point /)
Stopping at filesystem boundary (GIT_DISCOVERY_ACROSS_FILESYSTEM not set).
2024-11-08 15:11:27.720 [info] > git rev-parse --show-toplevel [2ms]
2024-11-08 15:11:27.720 [info] fatal: not a git repository (or any parent up to mount point /)
Stopping at filesystem boundary (GIT_DISCOVERY_ACROSS_FILESYSTEM not set).
2024-11-08 15:11:27.730 [info] > git rev-parse --show-toplevel [2ms]
2024-11-08 15:11:27.730 [info] fatal: not a git repository (or any parent up to mount point /)
Stopping at filesystem boundary (GIT_DISCOVERY_ACROSS_FILESYSTEM not set).
2024-11-08 15:11:29.576 [info] > git rev-parse --show-toplevel [5ms]
2024-11-08 15:11:29.576 [info] fatal: not a git repository (or any parent up to mount point /)
Stopping at filesystem boundary (GIT_DISCOVERY_ACROSS_FILESYSTEM not set).
2024-11-08 15:11:29.586 [info] > git rev-parse --show-toplevel [1ms]
2024-11-08 15:11:29.586 [info] fatal: not a git repository (or any parent up to mount point /)
Stopping at filesystem boundary (GIT_DISCOVERY_ACROSS_FILESYSTEM not set).
2024-11-08 15:11:29.595 [info] > git rev-parse --show-toplevel [1ms]
2024-11-08 15:11:29.595 [info] fatal: not a git repository (or any parent up to mount point /)
Stopping at filesystem boundary (GIT_DISCOVERY_ACROSS_FILESYSTEM not set).
2024-11-08 15:24:00.351 [info] > git rev-parse --show-toplevel [4ms]
2024-11-08 15:24:00.351 [info] fatal: not a git repository (or any parent up to mount point /)
Stopping at filesystem boundary (GIT_DISCOVERY_ACROSS_FILESYSTEM not set).
2024-11-08 15:24:00.367 [info] > git rev-parse --show-toplevel [2ms]
2024-11-08 15:24:00.367 [info] fatal: not a git repository (or any parent up to mount point /)
Stopping at filesystem boundary (GIT_DISCOVERY_ACROSS_FILESYSTEM not set).
2024-11-08 15:24:00.376 [info] > git rev-parse --show-toplevel [2ms]
2024-11-08 15:24:00.376 [info] fatal: not a git repository (or any parent up to mount point /)
Stopping at filesystem boundary (GIT_DISCOVERY_ACROSS_FILESYSTEM not set).
2024-11-08 15:24:04.785 [info] > git rev-parse --show-toplevel [1ms]
2024-11-08 15:24:04.785 [info] fatal: not a git repository (or any parent up to mount point /)
Stopping at filesystem boundary (GIT_DISCOVERY_ACROSS_FILESYSTEM not set).
2024-11-08 15:24:04.810 [info] > git rev-parse --show-toplevel [1ms]
2024-11-08 15:24:04.810 [info] fatal: not a git repository (or any parent up to mount point /)
Stopping at filesystem boundary (GIT_DISCOVERY_ACROSS_FILESYSTEM not set).
2024-11-08 15:24:04.819 [info] > git rev-parse --show-toplevel [1ms]
2024-11-08 15:24:04.819 [info] fatal: not a git repository (or any parent up to mount point /)
Stopping at filesystem boundary (GIT_DISCOVERY_ACROSS_FILESYSTEM not set).
2024-11-08 15:25:04.077 [info] > git rev-parse --show-toplevel [1ms]
2024-11-08 15:25:04.077 [info] fatal: not a git repository (or any parent up to mount point /)
Stopping at filesystem boundary (GIT_DISCOVERY_ACROSS_FILESYSTEM not set).
2024-11-08 15:25:04.107 [info] > git rev-parse --show-toplevel [1ms]
2024-11-08 15:25:04.107 [info] fatal: not a git repository (or any parent up to mount point /)
Stopping at filesystem boundary (GIT_DISCOVERY_ACROSS_FILESYSTEM not set).
2024-11-08 15:25:04.115 [info] > git rev-parse --show-toplevel [0ms]
2024-11-08 15:25:04.116 [info] fatal: not a git repository (or any parent up to mount point /)
Stopping at filesystem boundary (GIT_DISCOVERY_ACROSS_FILESYSTEM not set).
2024-11-08 15:25:06.018 [info] > git rev-parse --show-toplevel [3ms]
2024-11-08 15:25:06.018 [info] fatal: not a git repository (or any parent up to mount point /)
Stopping at filesystem boundary (GIT_DISCOVERY_ACROSS_FILESYSTEM not set).
2024-11-08 15:25:06.028 [info] > git rev-parse --show-toplevel [2ms]
2024-11-08 15:25:06.028 [info] fatal: not a git repository (or any parent up to mount point /)
Stopping at filesystem boundary (GIT_DISCOVERY_ACROSS_FILESYSTEM not set).
2024-11-08 15:25:06.038 [info] > git rev-parse --show-toplevel [1ms]
2024-11-08 15:25:06.038 [info] fatal: not a git repository (or any parent up to mount point /)
Stopping at filesystem boundary (GIT_DISCOVERY_ACROSS_FILESYSTEM not set).
2024-11-08 15:46:08.859 [info] > git rev-parse --show-toplevel [6ms]
2024-11-08 15:46:08.859 [info] fatal: not a git repository (or any parent up to mount point /)
Stopping at filesystem boundary (GIT_DISCOVERY_ACROSS_FILESYSTEM not set).
2024-11-08 15:46:08.877 [info] > git rev-parse --show-toplevel [2ms]
2024-11-08 15:46:08.877 [info] fatal: not a git repository (or any parent up to mount point /)
Stopping at filesystem boundary (GIT_DISCOVERY_ACROSS_FILESYSTEM not set).
2024-11-08 15:46:08.885 [info] > git rev-parse --show-toplevel [1ms]
2024-11-08 15:46:08.885 [info] fatal: not a git repository (or any parent up to mount point /)
Stopping at filesystem boundary (GIT_DISCOVERY_ACROSS_FILESYSTEM not set).
2024-11-08 15:46:14.122 [info] > git rev-parse --show-toplevel [2ms]
2024-11-08 15:46:14.122 [info] fatal: not a git repository (or any parent up to mount point /)
Stopping at filesystem boundary (GIT_DISCOVERY_ACROSS_FILESYSTEM not set).
2024-11-08 15:46:14.134 [info] > git rev-parse --show-toplevel [2ms]
2024-11-08 15:46:14.134 [info] fatal: not a git repository (or any parent up to mount point /)
Stopping at filesystem boundary (GIT_DISCOVERY_ACROSS_FILESYSTEM not set).
2024-11-08 15:46:14.142 [info] > git rev-parse --show-toplevel [1ms]
2024-11-08 15:46:14.142 [info] fatal: not a git repository (or any parent up to mount point /)
Stopping at filesystem boundary (GIT_DISCOVERY_ACROSS_FILESYSTEM not set).
2024-11-08 16:03:33.417 [info] > git rev-parse --show-toplevel [8ms]
2024-11-08 16:03:33.417 [info] fatal: not a git repository (or any parent up to mount point /)
Stopping at filesystem boundary (GIT_DISCOVERY_ACROSS_FILESYSTEM not set).
2024-11-08 16:03:33.429 [info] > git rev-parse --show-toplevel [1ms]
2024-11-08 16:03:33.429 [info] fatal: not a git repository (or any parent up to mount point /)
Stopping at filesystem boundary (GIT_DISCOVERY_ACROSS_FILESYSTEM not set).
2024-11-08 16:03:33.438 [info] > git rev-parse --show-toplevel [0ms]
2024-11-08 16:03:33.438 [info] fatal: not a git repository (or any parent up to mount point /)
Stopping at filesystem boundary (GIT_DISCOVERY_ACROSS_FILESYSTEM not set).
2024-11-08 16:03:47.508 [info] > git rev-parse --show-toplevel [2ms]
2024-11-08 16:03:47.508 [info] fatal: not a git repository (or any parent up to mount point /)
Stopping at filesystem boundary (GIT_DISCOVERY_ACROSS_FILESYSTEM not set).
2024-11-08 16:03:47.529 [info] > git rev-parse --show-toplevel [2ms]
2024-11-08 16:03:47.529 [info] fatal: not a git repository (or any parent up to mount point /)
Stopping at filesystem boundary (GIT_DISCOVERY_ACROSS_FILESYSTEM not set).
2024-11-08 16:03:47.541 [info] > git rev-parse --show-toplevel [1ms]
2024-11-08 16:03:47.541 [info] fatal: not a git repository (or any parent up to mount point /)
Stopping at filesystem boundary (GIT_DISCOVERY_ACROSS_FILESYSTEM not set).
2024-11-08 16:06:09.343 [info] > git rev-parse --show-toplevel [2ms]
2024-11-08 16:06:09.343 [info] fatal: not a git repository (or any parent up to mount point /)
Stopping at filesystem boundary (GIT_DISCOVERY_ACROSS_FILESYSTEM not set).
2024-11-08 16:06:09.360 [info] > git rev-parse --show-toplevel [2ms]
2024-11-08 16:06:09.360 [info] fatal: not a git repository (or any parent up to mount point /)
Stopping at filesystem boundary (GIT_DISCOVERY_ACROSS_FILESYSTEM not set).
2024-11-08 16:06:09.374 [info] > git rev-parse --show-toplevel [1ms]
2024-11-08 16:06:09.374 [info] fatal: not a git repository (or any parent up to mount point /)
Stopping at filesystem boundary (GIT_DISCOVERY_ACROSS_FILESYSTEM not set).
2024-11-08 16:06:10.502 [info] > git rev-parse --show-toplevel [3ms]
2024-11-08 16:06:10.502 [info] fatal: not a git repository (or any parent up to mount point /)
Stopping at filesystem boundary (GIT_DISCOVERY_ACROSS_FILESYSTEM not set).
2024-11-08 16:06:10.511 [info] > git rev-parse --show-toplevel [1ms]
2024-11-08 16:06:10.511 [info] fatal: not a git repository (or any parent up to mount point /)
Stopping at filesystem boundary (GIT_DISCOVERY_ACROSS_FILESYSTEM not set).
2024-11-08 16:06:10.520 [info] > git rev-parse --show-toplevel [1ms]
2024-11-08 16:06:10.520 [info] fatal: not a git repository (or any parent up to mount point /)
Stopping at filesystem boundary (GIT_DISCOVERY_ACROSS_FILESYSTEM not set).
2024-11-08 16:11:32.454 [info] > git rev-parse --show-toplevel [5ms]
2024-11-08 16:11:32.454 [info] fatal: not a git repository (or any parent up to mount point /)
Stopping at filesystem boundary (GIT_DISCOVERY_ACROSS_FILESYSTEM not set).
2024-11-08 16:11:32.464 [info] > git rev-parse --show-toplevel [1ms]
2024-11-08 16:11:32.464 [info] fatal: not a git repository (or any parent up to mount point /)
Stopping at filesystem boundary (GIT_DISCOVERY_ACROSS_FILESYSTEM not set).
2024-11-08 16:11:32.473 [info] > git rev-parse --show-toplevel [1ms]
2024-11-08 16:11:32.473 [info] fatal: not a git repository (or any parent up to mount point /)
Stopping at filesystem boundary (GIT_DISCOVERY_ACROSS_FILESYSTEM not set).
2024-11-08 16:18:58.798 [info] > git rev-parse --show-toplevel [3ms]
2024-11-08 16:18:58.798 [info] fatal: not a git repository (or any parent up to mount point /)
Stopping at filesystem boundary (GIT_DISCOVERY_ACROSS_FILESYSTEM not set).
2024-11-08 16:18:58.809 [info] > git rev-parse --show-toplevel [1ms]
2024-11-08 16:18:58.809 [info] fatal: not a git repository (or any parent up to mount point /)
Stopping at filesystem boundary (GIT_DISCOVERY_ACROSS_FILESYSTEM not set).
2024-11-08 16:18:58.819 [info] > git rev-parse --show-toplevel [1ms]
2024-11-08 16:18:58.819 [info] fatal: not a git repository (or any parent up to mount point /)
Stopping at filesystem boundary (GIT_DISCOVERY_ACROSS_FILESYSTEM not set).
2024-11-08 16:19:00.250 [info] > git rev-parse --show-toplevel [2ms]
2024-11-08 16:19:00.250 [info] fatal: not a git repository (or any parent up to mount point /)
Stopping at filesystem boundary (GIT_DISCOVERY_ACROSS_FILESYSTEM not set).
2024-11-08 16:19:00.266 [info] > git rev-parse --show-toplevel [1ms]
2024-11-08 16:19:00.266 [info] fatal: not a git repository (or any parent up to mount point /)
Stopping at filesystem boundary (GIT_DISCOVERY_ACROSS_FILESYSTEM not set).
2024-11-08 16:19:00.276 [info] > git rev-parse --show-toplevel [1ms]
2024-11-08 16:19:00.276 [info] fatal: not a git repository (or any parent up to mount point /)
Stopping at filesystem boundary (GIT_DISCOVERY_ACROSS_FILESYSTEM not set).
2024-11-08 16:19:04.037 [info] > git rev-parse --show-toplevel [1ms]
2024-11-08 16:19:04.037 [info] fatal: not a git repository (or any parent up to mount point /)
Stopping at filesystem boundary (GIT_DISCOVERY_ACROSS_FILESYSTEM not set).
2024-11-08 16:19:04.048 [info] > git rev-parse --show-toplevel [1ms]
2024-11-08 16:19:04.048 [info] fatal: not a git repository (or any parent up to mount point /)
Stopping at filesystem boundary (GIT_DISCOVERY_ACROSS_FILESYSTEM not set).
2024-11-08 16:19:04.057 [info] > git rev-parse --show-toplevel [1ms]
2024-11-08 16:19:04.057 [info] fatal: not a git repository (or any parent up to mount point /)
Stopping at filesystem boundary (GIT_DISCOVERY_ACROSS_FILESYSTEM not set).
2024-11-08 16:19:07.563 [info] > git rev-parse --show-toplevel [0ms]
2024-11-08 16:19:07.563 [info] fatal: not a git repository (or any parent up to mount point /)
Stopping at filesystem boundary (GIT_DISCOVERY_ACROSS_FILESYSTEM not set).
2024-11-08 16:19:11.476 [info] > git rev-parse --show-toplevel [1ms]
2024-11-08 16:19:11.476 [info] fatal: not a git repository (or any parent up to mount point /)
Stopping at filesystem boundary (GIT_DISCOVERY_ACROSS_FILESYSTEM not set).
2024-11-08 16:19:16.020 [info] > git rev-parse --show-toplevel [1ms]
2024-11-08 16:19:16.020 [info] fatal: not a git repository (or any parent up to mount point /)
Stopping at filesystem boundary (GIT_DISCOVERY_ACROSS_FILESYSTEM not set).
2024-11-08 16:19:26.427 [info] > git rev-parse --show-toplevel [1ms]
2024-11-08 16:19:26.427 [info] fatal: not a git repository (or any parent up to mount point /)
Stopping at filesystem boundary (GIT_DISCOVERY_ACROSS_FILESYSTEM not set).
2024-11-08 16:19:42.712 [info] > git rev-parse --show-toplevel [10ms]
2024-11-08 16:19:42.712 [info] fatal: not a git repository (or any parent up to mount point /)
Stopping at filesystem boundary (GIT_DISCOVERY_ACROSS_FILESYSTEM not set).
2024-11-08 16:19:49.356 [info] > git rev-parse --show-toplevel [2ms]
2024-11-08 16:19:49.356 [info] fatal: not a git repository (or any parent up to mount point /)
Stopping at filesystem boundary (GIT_DISCOVERY_ACROSS_FILESYSTEM not set).
2024-11-08 16:19:52.526 [info] > git rev-parse --show-toplevel [1ms]
2024-11-08 16:19:52.526 [info] fatal: not a git repository (or any parent up to mount point /)
Stopping at filesystem boundary (GIT_DISCOVERY_ACROSS_FILESYSTEM not set).
2024-11-08 16:19:52.535 [info] > git rev-parse --show-toplevel [1ms]
2024-11-08 16:19:52.535 [info] fatal: not a git repository (or any parent up to mount point /)
Stopping at filesystem boundary (GIT_DISCOVERY_ACROSS_FILESYSTEM not set).
2024-11-08 16:20:23.261 [info] > git rev-parse --show-toplevel [1ms]
2024-11-08 16:20:23.261 [info] fatal: not a git repository (or any parent up to mount point /)
Stopping at filesystem boundary (GIT_DISCOVERY_ACROSS_FILESYSTEM not set).
2024-11-08 16:20:23.345 [info] > git rev-parse --show-toplevel [2ms]
2024-11-08 16:20:23.345 [info] fatal: not a git repository (or any parent up to mount point /)
Stopping at filesystem boundary (GIT_DISCOVERY_ACROSS_FILESYSTEM not set).
2024-11-08 16:20:23.358 [info] > git rev-parse --show-toplevel [2ms]
2024-11-08 16:20:23.358 [info] fatal: not a git repository (or any parent up to mount point /)
Stopping at filesystem boundary (GIT_DISCOVERY_ACROSS_FILESYSTEM not set).
2024-11-08 16:27:54.961 [info] > git rev-parse --show-toplevel [1ms]
2024-11-08 16:27:54.961 [info] fatal: not a git repository (or any parent up to mount point /)
Stopping at filesystem boundary (GIT_DISCOVERY_ACROSS_FILESYSTEM not set).
2024-11-08 16:27:54.984 [info] > git rev-parse --show-toplevel [1ms]
2024-11-08 16:27:54.984 [info] fatal: not a git repository (or any parent up to mount point /)
Stopping at filesystem boundary (GIT_DISCOVERY_ACROSS_FILESYSTEM not set).
2024-11-08 16:27:54.994 [info] > git rev-parse --show-toplevel [1ms]
2024-11-08 16:27:54.994 [info] fatal: not a git repository (or any parent up to mount point /)
Stopping at filesystem boundary (GIT_DISCOVERY_ACROSS_FILESYSTEM not set).
2024-11-08 16:28:51.819 [info] > git rev-parse --show-toplevel [1ms]
2024-11-08 16:28:51.819 [info] fatal: not a git repository (or any parent up to mount point /)
Stopping at filesystem boundary (GIT_DISCOVERY_ACROSS_FILESYSTEM not set).
2024-11-08 16:28:51.835 [info] > git rev-parse --show-toplevel [1ms]
2024-11-08 16:28:51.835 [info] fatal: not a git repository (or any parent up to mount point /)
Stopping at filesystem boundary (GIT_DISCOVERY_ACROSS_FILESYSTEM not set).
2024-11-08 16:28:51.845 [info] > git rev-parse --show-toplevel [1ms]
2024-11-08 16:28:51.845 [info] fatal: not a git repository (or any parent up to mount point /)
Stopping at filesystem boundary (GIT_DISCOVERY_ACROSS_FILESYSTEM not set).
2024-11-08 16:31:29.086 [info] > git rev-parse --show-toplevel [1ms]
2024-11-08 16:31:29.086 [info] fatal: not a git repository (or any parent up to mount point /)
Stopping at filesystem boundary (GIT_DISCOVERY_ACROSS_FILESYSTEM not set).
2024-11-08 16:31:29.101 [info] > git rev-parse --show-toplevel [2ms]
2024-11-08 16:31:29.101 [info] fatal: not a git repository (or any parent up to mount point /)
Stopping at filesystem boundary (GIT_DISCOVERY_ACROSS_FILESYSTEM not set).
2024-11-08 16:31:29.111 [info] > git rev-parse --show-toplevel [1ms]
2024-11-08 16:31:29.111 [info] fatal: not a git repository (or any parent up to mount point /)
Stopping at filesystem boundary (GIT_DISCOVERY_ACROSS_FILESYSTEM not set).
2024-11-08 16:32:42.649 [info] > git rev-parse --show-toplevel [1ms]
2024-11-08 16:32:42.650 [info] fatal: not a git repository (or any parent up to mount point /)
Stopping at filesystem boundary (GIT_DISCOVERY_ACROSS_FILESYSTEM not set).
2024-11-08 16:32:42.676 [info] > git rev-parse --show-toplevel [1ms]
2024-11-08 16:32:42.676 [info] fatal: not a git repository (or any parent up to mount point /)
Stopping at filesystem boundary (GIT_DISCOVERY_ACROSS_FILESYSTEM not set).
2024-11-08 16:32:42.687 [info] > git rev-parse --show-toplevel [2ms]
2024-11-08 16:32:42.687 [info] fatal: not a git repository (or any parent up to mount point /)
Stopping at filesystem boundary (GIT_DISCOVERY_ACROSS_FILESYSTEM not set).
2024-11-08 16:36:34.121 [info] > git rev-parse --show-toplevel [1ms]
2024-11-08 16:36:34.121 [info] fatal: not a git repository (or any parent up to mount point /)
Stopping at filesystem boundary (GIT_DISCOVERY_ACROSS_FILESYSTEM not set).
2024-11-08 16:36:34.144 [info] > git rev-parse --show-toplevel [2ms]
2024-11-08 16:36:34.144 [info] fatal: not a git repository (or any parent up to mount point /)
Stopping at filesystem boundary (GIT_DISCOVERY_ACROSS_FILESYSTEM not set).
2024-11-08 16:36:34.154 [info] > git rev-parse --show-toplevel [1ms]
2024-11-08 16:36:34.154 [info] fatal: not a git repository (or any parent up to mount point /)
Stopping at filesystem boundary (GIT_DISCOVERY_ACROSS_FILESYSTEM not set).
2024-11-08 16:39:22.827 [info] > git rev-parse --show-toplevel [8ms]
2024-11-08 16:39:22.827 [info] fatal: not a git repository (or any parent up to mount point /)
Stopping at filesystem boundary (GIT_DISCOVERY_ACROSS_FILESYSTEM not set).
2024-11-08 16:39:24.122 [info] > git rev-parse --show-toplevel [2ms]
2024-11-08 16:39:24.122 [info] fatal: not a git repository (or any parent up to mount point /)
Stopping at filesystem boundary (GIT_DISCOVERY_ACROSS_FILESYSTEM not set).
2024-11-08 16:40:50.688 [info] > git rev-parse --show-toplevel [2ms]
2024-11-08 16:40:50.688 [info] fatal: not a git repository (or any parent up to mount point /)
Stopping at filesystem boundary (GIT_DISCOVERY_ACROSS_FILESYSTEM not set).
2024-11-08 16:40:59.609 [info] > git rev-parse --show-toplevel [1ms]
2024-11-08 16:40:59.609 [info] fatal: not a git repository (or any parent up to mount point /)
Stopping at filesystem boundary (GIT_DISCOVERY_ACROSS_FILESYSTEM not set).
2024-11-08 16:40:59.621 [info] > git rev-parse --show-toplevel [2ms]
2024-11-08 16:40:59.621 [info] fatal: not a git repository (or any parent up to mount point /)
Stopping at filesystem boundary (GIT_DISCOVERY_ACROSS_FILESYSTEM not set).
2024-11-08 16:41:17.935 [info] > git rev-parse --show-toplevel [2ms]
2024-11-08 16:41:17.935 [info] fatal: not a git repository (or any parent up to mount point /)
Stopping at filesystem boundary (GIT_DISCOVERY_ACROSS_FILESYSTEM not set).
2024-11-08 16:41:17.962 [info] > git rev-parse --show-toplevel [1ms]
2024-11-08 16:41:17.962 [info] fatal: not a git repository (or any parent up to mount point /)
Stopping at filesystem boundary (GIT_DISCOVERY_ACROSS_FILESYSTEM not set).
2024-11-08 16:41:17.971 [info] > git rev-parse --show-toplevel [1ms]
2024-11-08 16:41:17.971 [info] fatal: not a git repository (or any parent up to mount point /)
Stopping at filesystem boundary (GIT_DISCOVERY_ACROSS_FILESYSTEM not set).
2024-11-08 16:41:23.001 [info] > git rev-parse --show-toplevel [1ms]
2024-11-08 16:41:23.001 [info] fatal: not a git repository (or any parent up to mount point /)
Stopping at filesystem boundary (GIT_DISCOVERY_ACROSS_FILESYSTEM not set).
2024-11-08 16:41:23.024 [info] > git rev-parse --show-toplevel [2ms]
2024-11-08 16:41:23.025 [info] fatal: not a git repository (or any parent up to mount point /)
Stopping at filesystem boundary (GIT_DISCOVERY_ACROSS_FILESYSTEM not set).
2024-11-08 16:41:23.033 [info] > git rev-parse --show-toplevel [1ms]
2024-11-08 16:41:23.033 [info] fatal: not a git repository (or any parent up to mount point /)
Stopping at filesystem boundary (GIT_DISCOVERY_ACROSS_FILESYSTEM not set).
2024-11-08 16:41:23.043 [info] > git rev-parse --show-toplevel [2ms]
2024-11-08 16:41:23.043 [info] fatal: not a git repository (or any parent up to mount point /)
Stopping at filesystem boundary (GIT_DISCOVERY_ACROSS_FILESYSTEM not set).
2024-11-08 16:41:23.789 [info] > git rev-parse --show-toplevel [1ms]
2024-11-08 16:41:23.789 [info] fatal: not a git repository (or any parent up to mount point /)
Stopping at filesystem boundary (GIT_DISCOVERY_ACROSS_FILESYSTEM not set).
2024-11-08 16:41:23.801 [info] > git rev-parse --show-toplevel [2ms]
2024-11-08 16:41:23.801 [info] fatal: not a git repository (or any parent up to mount point /)
Stopping at filesystem boundary (GIT_DISCOVERY_ACROSS_FILESYSTEM not set).
2024-11-08 16:41:23.810 [info] > git rev-parse --show-toplevel [1ms]
2024-11-08 16:41:23.810 [info] fatal: not a git repository (or any parent up to mount point /)
Stopping at filesystem boundary (GIT_DISCOVERY_ACROSS_FILESYSTEM not set).
2024-11-08 16:41:24.320 [info] > git rev-parse --show-toplevel [1ms]
2024-11-08 16:41:24.320 [info] fatal: not a git repository (or any parent up to mount point /)
Stopping at filesystem boundary (GIT_DISCOVERY_ACROSS_FILESYSTEM not set).
2024-11-08 16:41:24.340 [info] > git rev-parse --show-toplevel [2ms]
2024-11-08 16:41:24.340 [info] fatal: not a git repository (or any parent up to mount point /)
Stopping at filesystem boundary (GIT_DISCOVERY_ACROSS_FILESYSTEM not set).
2024-11-08 16:41:24.349 [info] > git rev-parse --show-toplevel [1ms]
2024-11-08 16:41:24.350 [info] fatal: not a git repository (or any parent up to mount point /)
Stopping at filesystem boundary (GIT_DISCOVERY_ACROSS_FILESYSTEM not set).
2024-11-08 16:41:24.358 [info] > git rev-parse --show-toplevel [1ms]
2024-11-08 16:41:24.358 [info] fatal: not a git repository (or any parent up to mount point /)
Stopping at filesystem boundary (GIT_DISCOVERY_ACROSS_FILESYSTEM not set).
2024-11-08 16:41:25.099 [info] > git rev-parse --show-toplevel [5ms]
2024-11-08 16:41:25.099 [info] fatal: not a git repository (or any parent up to mount point /)
Stopping at filesystem boundary (GIT_DISCOVERY_ACROSS_FILESYSTEM not set).
2024-11-08 16:41:25.108 [info] > git rev-parse --show-toplevel [1ms]
2024-11-08 16:41:25.108 [info] fatal: not a git repository (or any parent up to mount point /)
Stopping at filesystem boundary (GIT_DISCOVERY_ACROSS_FILESYSTEM not set).
2024-11-08 16:41:25.118 [info] > git rev-parse --show-toplevel [1ms]
2024-11-08 16:41:25.118 [info] fatal: not a git repository (or any parent up to mount point /)
Stopping at filesystem boundary (GIT_DISCOVERY_ACROSS_FILESYSTEM not set).
2024-11-08 16:41:33.584 [info] > git rev-parse --show-toplevel [1ms]
2024-11-08 16:41:33.584 [info] fatal: not a git repository (or any parent up to mount point /)
Stopping at filesystem boundary (GIT_DISCOVERY_ACROSS_FILESYSTEM not set).
2024-11-08 16:41:33.593 [info] > git rev-parse --show-toplevel [1ms]
2024-11-08 16:41:33.593 [info] fatal: not a git repository (or any parent up to mount point /)
Stopping at filesystem boundary (GIT_DISCOVERY_ACROSS_FILESYSTEM not set).
2024-11-08 16:41:33.603 [info] > git rev-parse --show-toplevel [1ms]
2024-11-08 16:41:33.603 [info] fatal: not a git repository (or any parent up to mount point /)
Stopping at filesystem boundary (GIT_DISCOVERY_ACROSS_FILESYSTEM not set).
2024-11-08 16:42:50.032 [info] > git rev-parse --show-toplevel [1ms]
2024-11-08 16:42:50.032 [info] fatal: not a git repository (or any parent up to mount point /)
Stopping at filesystem boundary (GIT_DISCOVERY_ACROSS_FILESYSTEM not set).
2024-11-08 16:42:50.074 [info] > git rev-parse --show-toplevel [2ms]
2024-11-08 16:42:50.074 [info] fatal: not a git repository (or any parent up to mount point /)
Stopping at filesystem boundary (GIT_DISCOVERY_ACROSS_FILESYSTEM not set).
2024-11-08 16:42:50.082 [info] > git rev-parse --show-toplevel [0ms]
2024-11-08 16:42:50.082 [info] fatal: not a git repository (or any parent up to mount point /)
Stopping at filesystem boundary (GIT_DISCOVERY_ACROSS_FILESYSTEM not set).
2024-11-08 16:50:16.247 [info] > git rev-parse --show-toplevel [4ms]
2024-11-08 16:50:16.247 [info] fatal: not a git repository (or any parent up to mount point /)
Stopping at filesystem boundary (GIT_DISCOVERY_ACROSS_FILESYSTEM not set).
2024-11-08 16:50:16.357 [info] > git rev-parse --show-toplevel [2ms]
2024-11-08 16:50:16.357 [info] fatal: not a git repository (or any parent up to mount point /)
Stopping at filesystem boundary (GIT_DISCOVERY_ACROSS_FILESYSTEM not set).
2024-11-08 16:50:16.370 [info] > git rev-parse --show-toplevel [1ms]
2024-11-08 16:50:16.370 [info] fatal: not a git repository (or any parent up to mount point /)
Stopping at filesystem boundary (GIT_DISCOVERY_ACROSS_FILESYSTEM not set).
2024-11-08 16:50:20.568 [info] > git rev-parse --show-toplevel [1ms]
2024-11-08 16:50:20.568 [info] fatal: not a git repository (or any parent up to mount point /)
Stopping at filesystem boundary (GIT_DISCOVERY_ACROSS_FILESYSTEM not set).
2024-11-08 16:50:20.586 [info] > git rev-parse --show-toplevel [1ms]
2024-11-08 16:50:20.586 [info] fatal: not a git repository (or any parent up to mount point /)
Stopping at filesystem boundary (GIT_DISCOVERY_ACROSS_FILESYSTEM not set).
2024-11-08 16:50:20.596 [info] > git rev-parse --show-toplevel [1ms]
2024-11-08 16:50:20.596 [info] fatal: not a git repository (or any parent up to mount point /)
Stopping at filesystem boundary (GIT_DISCOVERY_ACROSS_FILESYSTEM not set).
2024-11-08 16:51:06.157 [info] > git rev-parse --show-toplevel [1ms]
2024-11-08 16:51:06.157 [info] fatal: not a git repository (or any parent up to mount point /)
Stopping at filesystem boundary (GIT_DISCOVERY_ACROSS_FILESYSTEM not set).
2024-11-08 16:51:06.285 [info] > git rev-parse --show-toplevel [2ms]
2024-11-08 16:51:06.285 [info] fatal: not a git repository (or any parent up to mount point /)
Stopping at filesystem boundary (GIT_DISCOVERY_ACROSS_FILESYSTEM not set).
2024-11-08 16:51:06.302 [info] > git rev-parse --show-toplevel [1ms]
2024-11-08 16:51:06.302 [info] fatal: not a git repository (or any parent up to mount point /)
Stopping at filesystem boundary (GIT_DISCOVERY_ACROSS_FILESYSTEM not set).
2024-11-08 16:52:45.093 [info] > git rev-parse --show-toplevel [3ms]
2024-11-08 16:52:45.093 [info] fatal: not a git repository (or any parent up to mount point /)
Stopping at filesystem boundary (GIT_DISCOVERY_ACROSS_FILESYSTEM not set).
2024-11-08 16:52:45.230 [info] > git rev-parse --show-toplevel [2ms]
2024-11-08 16:52:45.230 [info] fatal: not a git repository (or any parent up to mount point /)
Stopping at filesystem boundary (GIT_DISCOVERY_ACROSS_FILESYSTEM not set).
2024-11-08 16:52:45.244 [info] > git rev-parse --show-toplevel [2ms]
2024-11-08 16:52:45.244 [info] fatal: not a git repository (or any parent up to mount point /)
Stopping at filesystem boundary (GIT_DISCOVERY_ACROSS_FILESYSTEM not set).
2024-11-08 16:53:03.067 [info] > git rev-parse --show-toplevel [2ms]
2024-11-08 16:53:03.067 [info] fatal: not a git repository (or any parent up to mount point /)
Stopping at filesystem boundary (GIT_DISCOVERY_ACROSS_FILESYSTEM not set).
2024-11-08 16:53:03.086 [info] > git rev-parse --show-toplevel [1ms]
2024-11-08 16:53:03.086 [info] fatal: not a git repository (or any parent up to mount point /)
Stopping at filesystem boundary (GIT_DISCOVERY_ACROSS_FILESYSTEM not set).
2024-11-08 16:53:03.097 [info] > git rev-parse --show-toplevel [1ms]
2024-11-08 16:53:03.097 [info] fatal: not a git repository (or any parent up to mount point /)
Stopping at filesystem boundary (GIT_DISCOVERY_ACROSS_FILESYSTEM not set).
2024-11-08 16:54:14.060 [info] > git rev-parse --show-toplevel [2ms]
2024-11-08 16:54:14.060 [info] fatal: not a git repository (or any parent up to mount point /)
Stopping at filesystem boundary (GIT_DISCOVERY_ACROSS_FILESYSTEM not set).
2024-11-08 16:54:14.199 [info] > git rev-parse --show-toplevel [2ms]
2024-11-08 16:54:14.199 [info] fatal: not a git repository (or any parent up to mount point /)
Stopping at filesystem boundary (GIT_DISCOVERY_ACROSS_FILESYSTEM not set).
2024-11-08 16:54:14.210 [info] > git rev-parse --show-toplevel [2ms]
2024-11-08 16:54:14.210 [info] fatal: not a git repository (or any parent up to mount point /)
Stopping at filesystem boundary (GIT_DISCOVERY_ACROSS_FILESYSTEM not set).
2024-11-08 16:59:57.864 [info] > git rev-parse --show-toplevel [1ms]
2024-11-08 16:59:57.864 [info] fatal: not a git repository (or any parent up to mount point /)
Stopping at filesystem boundary (GIT_DISCOVERY_ACROSS_FILESYSTEM not set).
2024-11-08 17:00:04.490 [info] > git rev-parse --show-toplevel [2ms]
2024-11-08 17:00:04.490 [info] fatal: not a git repository (or any parent up to mount point /)
Stopping at filesystem boundary (GIT_DISCOVERY_ACROSS_FILESYSTEM not set).
2024-11-08 17:00:07.034 [info] > git rev-parse --show-toplevel [3ms]
2024-11-08 17:00:07.034 [info] fatal: not a git repository (or any parent up to mount point /)
Stopping at filesystem boundary (GIT_DISCOVERY_ACROSS_FILESYSTEM not set).
2024-11-08 17:00:09.405 [info] > git rev-parse --show-toplevel [1ms]
2024-11-08 17:00:09.405 [info] fatal: not a git repository (or any parent up to mount point /)
Stopping at filesystem boundary (GIT_DISCOVERY_ACROSS_FILESYSTEM not set).
2024-11-08 17:00:11.291 [info] > git rev-parse --show-toplevel [1ms]
2024-11-08 17:00:11.291 [info] fatal: not a git repository (or any parent up to mount point /)
Stopping at filesystem boundary (GIT_DISCOVERY_ACROSS_FILESYSTEM not set).
2024-11-08 17:00:13.887 [info] > git rev-parse --show-toplevel [2ms]
2024-11-08 17:00:13.887 [info] fatal: not a git repository (or any parent up to mount point /)
Stopping at filesystem boundary (GIT_DISCOVERY_ACROSS_FILESYSTEM not set).
2024-11-08 17:00:39.639 [info] > git rev-parse --show-toplevel [1ms]
2024-11-08 17:00:39.639 [info] fatal: not a git repository (or any parent up to mount point /)
Stopping at filesystem boundary (GIT_DISCOVERY_ACROSS_FILESYSTEM not set).
2024-11-08 17:00:49.125 [info] > git rev-parse --show-toplevel [2ms]
2024-11-08 17:00:49.125 [info] fatal: not a git repository (or any parent up to mount point /)
Stopping at filesystem boundary (GIT_DISCOVERY_ACROSS_FILESYSTEM not set).
2024-11-08 17:02:55.445 [info] > git rev-parse --show-toplevel [2ms]
2024-11-08 17:02:55.445 [info] fatal: not a git repository (or any parent up to mount point /)
Stopping at filesystem boundary (GIT_DISCOVERY_ACROSS_FILESYSTEM not set).
2024-11-08 17:03:20.646 [info] > git rev-parse --show-toplevel [2ms]
2024-11-08 17:03:20.646 [info] fatal: not a git repository (or any parent up to mount point /)
Stopping at filesystem boundary (GIT_DISCOVERY_ACROSS_FILESYSTEM not set).
2024-11-08 17:03:21.961 [info] > git rev-parse --show-toplevel [1ms]
2024-11-08 17:03:21.961 [info] fatal: not a git repository (or any parent up to mount point /)
Stopping at filesystem boundary (GIT_DISCOVERY_ACROSS_FILESYSTEM not set).
2024-11-08 17:03:40.411 [info] > git rev-parse --show-toplevel [2ms]
2024-11-08 17:03:40.411 [info] fatal: not a git repository (or any parent up to mount point /)
Stopping at filesystem boundary (GIT_DISCOVERY_ACROSS_FILESYSTEM not set).
2024-11-08 17:03:48.054 [info] > git rev-parse --show-toplevel [2ms]
2024-11-08 17:03:48.054 [info] fatal: not a git repository (or any parent up to mount point /)
Stopping at filesystem boundary (GIT_DISCOVERY_ACROSS_FILESYSTEM not set).
2024-11-08 17:03:52.113 [info] > git rev-parse --show-toplevel [1ms]
2024-11-08 17:03:52.113 [info] fatal: not a git repository (or any parent up to mount point /)
Stopping at filesystem boundary (GIT_DISCOVERY_ACROSS_FILESYSTEM not set).
2024-11-08 17:04:06.432 [info] > git rev-parse --show-toplevel [1ms]
2024-11-08 17:04:06.432 [info] fatal: not a git repository (or any parent up to mount point /)
Stopping at filesystem boundary (GIT_DISCOVERY_ACROSS_FILESYSTEM not set).
2024-11-08 17:04:10.852 [info] > git rev-parse --show-toplevel [2ms]
2024-11-08 17:04:10.852 [info] fatal: not a git repository (or any parent up to mount point /)
Stopping at filesystem boundary (GIT_DISCOVERY_ACROSS_FILESYSTEM not set).
2024-11-08 17:05:18.584 [info] > git rev-parse --show-toplevel [2ms]
2024-11-08 17:05:18.584 [info] fatal: not a git repository (or any parent up to mount point /)
Stopping at filesystem boundary (GIT_DISCOVERY_ACROSS_FILESYSTEM not set).
2024-11-08 17:05:40.440 [info] > git rev-parse --show-toplevel [2ms]
2024-11-08 17:05:40.440 [info] fatal: not a git repository (or any parent up to mount point /)
Stopping at filesystem boundary (GIT_DISCOVERY_ACROSS_FILESYSTEM not set).
2024-11-08 17:05:43.674 [info] > git rev-parse --show-toplevel [2ms]
2024-11-08 17:05:43.674 [info] fatal: not a git repository (or any parent up to mount point /)
Stopping at filesystem boundary (GIT_DISCOVERY_ACROSS_FILESYSTEM not set).
2024-11-08 17:05:47.948 [info] > git rev-parse --show-toplevel [1ms]
2024-11-08 17:05:47.948 [info] fatal: not a git repository (or any parent up to mount point /)
Stopping at filesystem boundary (GIT_DISCOVERY_ACROSS_FILESYSTEM not set).
2024-11-08 17:05:57.863 [info] > git rev-parse --show-toplevel [1ms]
2024-11-08 17:05:57.863 [info] fatal: not a git repository (or any parent up to mount point /)
Stopping at filesystem boundary (GIT_DISCOVERY_ACROSS_FILESYSTEM not set).
2024-11-08 17:06:19.591 [info] > git rev-parse --show-toplevel [2ms]
2024-11-08 17:06:19.591 [info] fatal: not a git repository (or any parent up to mount point /)
Stopping at filesystem boundary (GIT_DISCOVERY_ACROSS_FILESYSTEM not set).
2024-11-08 17:07:41.940 [info] > git rev-parse --show-toplevel [2ms]
2024-11-08 17:07:41.940 [info] fatal: not a git repository (or any parent up to mount point /)
Stopping at filesystem boundary (GIT_DISCOVERY_ACROSS_FILESYSTEM not set).
2024-11-08 17:09:37.165 [info] > git rev-parse --show-toplevel [2ms]
2024-11-08 17:09:37.165 [info] fatal: not a git repository (or any parent up to mount point /)
Stopping at filesystem boundary (GIT_DISCOVERY_ACROSS_FILESYSTEM not set).
