2024-11-17 18:32:58.266 [info] Using settings sync service https://vscode-sync.trafficmanager.net/
2024-11-17 18:32:58.266 [info] Auto Sync is enabled.
2024-11-17 18:32:58.266 [info] Auto Sync: Suspended until auth token is available.
2024-11-17 18:32:59.883 [info] Auto Sync: Triggered by Interval
2024-11-17 18:32:59.883 [info] Sync started.
2024-11-17 18:33:00.646 [info] Settings: No changes found during synchronizing settings.
2024-11-17 18:33:00.664 [info] Keybindings: No changes found during synchronizing keybindings.
2024-11-17 18:33:00.690 [info] Snippets: No changes found during synchronizing snippets.
2024-11-17 18:33:00.691 [info] Tasks: No changes found during synchronizing tasks.
2024-11-17 18:33:00.695 [info] GlobalState: No changes found during synchronizing ui state.
2024-11-17 18:33:00.732 [info] Extensions: No changes found during synchronizing extensions.
2024-11-17 18:33:00.733 [info] Profiles: No changes found during synchronizing profiles.
2024-11-17 18:33:00.734 [info] Sync done. Took 852ms
2024-11-17 18:36:33.352 [info] Auto Sync: Triggered by Activity
2024-11-17 18:36:33.352 [info] Sync started.
2024-11-17 18:36:33.937 [info] Settings: No changes found during synchronizing settings.
2024-11-17 18:36:33.938 [info] Keybindings: No changes found during synchronizing keybindings.
2024-11-17 18:36:33.940 [info] Snippets: No changes found during synchronizing snippets.
2024-11-17 18:36:33.941 [info] Tasks: No changes found during synchronizing tasks.
2024-11-17 18:36:33.944 [info] GlobalState: No changes found during synchronizing ui state.
2024-11-17 18:36:34.003 [info] Extensions: No changes found during synchronizing extensions.
2024-11-17 18:36:34.004 [info] Profiles: No changes found during synchronizing profiles.
2024-11-17 18:36:34.004 [info] Sync done. Took 653ms
2024-11-17 18:36:48.732 [info] Auto Sync: Triggered by Activity
2024-11-17 18:36:48.732 [info] Sync started.
2024-11-17 18:36:48.867 [info] Settings: No changes found during synchronizing settings.
2024-11-17 18:36:48.869 [info] Keybindings: No changes found during synchronizing keybindings.
2024-11-17 18:36:48.871 [info] Snippets: No changes found during synchronizing snippets.
2024-11-17 18:36:48.872 [info] Tasks: No changes found during synchronizing tasks.
2024-11-17 18:36:48.875 [info] GlobalState: No changes found during synchronizing ui state.
2024-11-17 18:36:49.789 [info] Extensions: Updated remote extensions. Removed: ["asvetliakov.vscode-neovim"].
2024-11-17 18:36:49.796 [info] Extensions: Updated last synchronized extensions. Skipped: ["msjsdiag.debugger-for-edge","dzannotti.vscode-babel-coloring"].
2024-11-17 18:36:49.798 [info] Profiles: No changes found during synchronizing profiles.
2024-11-17 18:36:49.799 [info] Sync done. Took 1067ms
