[Server(40446) solarized/] onInitialize
[Server(40446) solarized/] Number of style sheets - 1
[Server(40446) solarized/] setupInitialStylemap
[Server(40446) solarized/] Document opened: solarized.css.
[Server(40446) solarized/] Document changed: solarized.css. Invalidating Cache.
[Server(40446) solarized/] Document changed: solarized.css. Invalidating Cache.
[Server(40446) solarized/] Document changed: solarized.css. Invalidating Cache.
[Server(40446) solarized/] Document changed: solarized.css. Invalidating Cache.
[Server(40446) solarized/] Document changed: solarized.css. Invalidating Cache.
[Server(40446) solarized/] Document changed: solarized.css. Invalidating Cache.
[Server(40446) solarized/] Document changed: solarized.css. Invalidating Cache.
[Server(40446) solarized/] Document changed: solarized.css. Invalidating Cache.
[Server(40446) solarized/] Document changed: solarized.css. Invalidating Cache.
[Server(40446) solarized/] Document changed: solarized.css. Invalidating Cache.
[Server(40446) solarized/] Document changed: solarized.css. Invalidating Cache.
[Server(40446) solarized/] Document changed: solarized.css. Invalidating Cache.
[Server(40446) solarized/] Document changed: solarized.css. Invalidating Cache.
[Server(40446) solarized/] Document changed: solarized.css. Invalidating Cache.
[Server(40446) solarized/] Document changed: solarized.css. Invalidating Cache.
[Server(40446) solarized/] Document changed: solarized.css. Invalidating Cache.
[Server(40446) solarized/] Document changed: solarized.css. Invalidating Cache.
[Server(40446) solarized/] Document changed: solarized.css. Invalidating Cache.
[Server(40446) solarized/] Document changed: solarized.css. Invalidating Cache.
[Server(40446) solarized/] Document changed: solarized.css. Invalidating Cache.
[Server(40446) solarized/] Document changed: solarized.css. Invalidating Cache.
[Server(40446) solarized/] Document changed: solarized.css. Invalidating Cache.
[Server(40446) solarized/] Document changed: solarized.css. Invalidating Cache.
[Server(40446) solarized/] Document changed: solarized.css. Invalidating Cache.
[Server(40446) solarized/] Document changed: solarized.css. Invalidating Cache.
[Server(40446) solarized/] Document changed: solarized.css. Invalidating Cache.
