Locating server…
Booting server...
Checking if /home/anu/.config/waybar/themes/solarized/solarized.css may be Tailwind-related…
Setting up server…
Listening for messages…
Searching for Tailwind CSS projects in the workspace's folders.
[Global] Creating projects: []
[Global] Preparing projects...
[Global] Initializing projects...
[Info  - 8:17:46 PM] [GLOBAL] No matching project for document {
  fsPath: '/home/anu/.config/waybar/themes/solarized/solarized.css',
  normalPath: '/home/anu/.config/waybar/themes/solarized/solarized.css'
}
[Global] Initialized 0 projects
[Info  - 8:18:35 PM] [GLOBAL] No matching project for document {
  fsPath: '/home/anu/.config/waybar/themes/solarized/solarized.css',
  normalPath: '/home/anu/.config/waybar/themes/solarized/solarized.css'
}
[Info  - 8:18:44 PM] [GLOBAL] No matching project for document {
  fsPath: '/home/anu/.config/waybar/themes/solarized/solarized.css',
  normalPath: '/home/anu/.config/waybar/themes/solarized/solarized.css'
}
[Info  - 8:19:38 PM] [GLOBAL] No matching project for document {
  fsPath: '/home/anu/.config/waybar/themes/solarized/solarized.css',
  normalPath: '/home/anu/.config/waybar/themes/solarized/solarized.css'
}
[Info  - 8:19:46 PM] [GLOBAL] No matching project for document {
  fsPath: '/home/anu/.config/waybar/themes/solarized/solarized.css',
  normalPath: '/home/anu/.config/waybar/themes/solarized/solarized.css'
}
[Info  - 8:19:53 PM] [GLOBAL] No matching project for document {
  fsPath: '/home/anu/.config/waybar/themes/solarized/solarized.css',
  normalPath: '/home/anu/.config/waybar/themes/solarized/solarized.css'
}
[Info  - 8:20:00 PM] [GLOBAL] No matching project for document {
  fsPath: '/home/anu/.config/waybar/themes/solarized/solarized.css',
  normalPath: '/home/anu/.config/waybar/themes/solarized/solarized.css'
}
[Info  - 8:20:11 PM] [GLOBAL] No matching project for document {
  fsPath: '/home/anu/.config/waybar/themes/solarized/solarized.css',
  normalPath: '/home/anu/.config/waybar/themes/solarized/solarized.css'
}
[Info  - 8:20:24 PM] [GLOBAL] No matching project for document {
  fsPath: '/home/anu/.config/waybar/themes/solarized/solarized.css',
  normalPath: '/home/anu/.config/waybar/themes/solarized/solarized.css'
}
[Info  - 8:20:30 PM] [GLOBAL] No matching project for document {
  fsPath: '/home/anu/.config/waybar/themes/solarized/solarized.css',
  normalPath: '/home/anu/.config/waybar/themes/solarized/solarized.css'
}
[Info  - 8:20:39 PM] [GLOBAL] No matching project for document {
  fsPath: '/home/anu/.config/waybar/themes/solarized/solarized.css',
  normalPath: '/home/anu/.config/waybar/themes/solarized/solarized.css'
}
[Info  - 8:20:49 PM] [GLOBAL] No matching project for document {
  fsPath: '/home/anu/.config/waybar/themes/solarized/solarized.css',
  normalPath: '/home/anu/.config/waybar/themes/solarized/solarized.css'
}
[Info  - 8:20:55 PM] [GLOBAL] No matching project for document {
  fsPath: '/home/anu/.config/waybar/themes/solarized/solarized.css',
  normalPath: '/home/anu/.config/waybar/themes/solarized/solarized.css'
}
[Info  - 8:21:01 PM] [GLOBAL] No matching project for document {
  fsPath: '/home/anu/.config/waybar/themes/solarized/solarized.css',
  normalPath: '/home/anu/.config/waybar/themes/solarized/solarized.css'
}
[Info  - 8:21:12 PM] [GLOBAL] No matching project for document {
  fsPath: '/home/anu/.config/waybar/themes/solarized/solarized.css',
  normalPath: '/home/anu/.config/waybar/themes/solarized/solarized.css'
}
[Info  - 8:21:15 PM] [GLOBAL] No matching project for document {
  fsPath: '/home/anu/.config/waybar/themes/solarized/solarized.css',
  normalPath: '/home/anu/.config/waybar/themes/solarized/solarized.css'
}
[Info  - 8:21:22 PM] [GLOBAL] No matching project for document {
  fsPath: '/home/anu/.config/waybar/themes/solarized/solarized.css',
  normalPath: '/home/anu/.config/waybar/themes/solarized/solarized.css'
}
[Info  - 8:21:24 PM] [GLOBAL] No matching project for document {
  fsPath: '/home/anu/.config/waybar/themes/solarized/solarized.css',
  normalPath: '/home/anu/.config/waybar/themes/solarized/solarized.css'
}
[Info  - 8:22:29 PM] [GLOBAL] No matching project for document {
  fsPath: '/home/anu/.config/waybar/themes/solarized/solarized.css',
  normalPath: '/home/anu/.config/waybar/themes/solarized/solarized.css'
}
[Info  - 8:22:35 PM] [GLOBAL] No matching project for document {
  fsPath: '/home/anu/.config/waybar/themes/solarized/solarized.css',
  normalPath: '/home/anu/.config/waybar/themes/solarized/solarized.css'
}
[Info  - 8:22:55 PM] [GLOBAL] No matching project for document {
  fsPath: '/home/anu/.config/waybar/themes/solarized/solarized.css',
  normalPath: '/home/anu/.config/waybar/themes/solarized/solarized.css'
}
[Info  - 8:22:58 PM] [GLOBAL] No matching project for document {
  fsPath: '/home/anu/.config/waybar/themes/solarized/solarized.css',
  normalPath: '/home/anu/.config/waybar/themes/solarized/solarized.css'
}
[Info  - 8:23:05 PM] [GLOBAL] No matching project for document {
  fsPath: '/home/anu/.config/waybar/themes/solarized/solarized.css',
  normalPath: '/home/anu/.config/waybar/themes/solarized/solarized.css'
}
[Info  - 8:23:07 PM] [GLOBAL] No matching project for document {
  fsPath: '/home/anu/.config/waybar/themes/solarized/solarized.css',
  normalPath: '/home/anu/.config/waybar/themes/solarized/solarized.css'
}
[Info  - 8:23:10 PM] [GLOBAL] No matching project for document {
  fsPath: '/home/anu/.config/waybar/themes/solarized/solarized.css',
  normalPath: '/home/anu/.config/waybar/themes/solarized/solarized.css'
}
[Info  - 8:23:11 PM] [GLOBAL] No matching project for document {
  fsPath: '/home/anu/.config/waybar/themes/solarized/solarized.css',
  normalPath: '/home/anu/.config/waybar/themes/solarized/solarized.css'
}
[Info  - 8:23:12 PM] [GLOBAL] No matching project for document {
  fsPath: '/home/anu/.config/waybar/themes/solarized/solarized.css',
  normalPath: '/home/anu/.config/waybar/themes/solarized/solarized.css'
}
[Info  - 8:23:12 PM] [GLOBAL] No matching project for document {
  fsPath: '/home/anu/.config/waybar/themes/solarized/solarized.css',
  normalPath: '/home/anu/.config/waybar/themes/solarized/solarized.css'
}
