2024-11-14 09:23:41.621 [info] Reading sessions from keychain...
2024-11-14 09:23:41.621 [info] Getting sessions for all scopes...
2024-11-14 09:23:41.621 [info] Getting sessions for all scopes...
2024-11-14 09:23:41.621 [info] Getting sessions for all scopes...
2024-11-14 09:23:41.621 [info] Getting sessions for user:email...
2024-11-14 09:23:41.621 [info] Got stored sessions!
2024-11-14 09:23:41.621 [info] Got 1 verified sessions.
2024-11-14 09:23:41.621 [info] Got 1 sessions for ...
2024-11-14 09:23:41.621 [info] Got 1 sessions for ...
2024-11-14 09:23:41.621 [info] Got 1 sessions for ...
2024-11-14 09:23:41.621 [info] Got 1 sessions for user:email...
2024-11-14 09:23:41.621 [info] Getting sessions for user:email...
2024-11-14 09:23:41.621 [info] Got 1 sessions for user:email...
2024-11-14 09:23:41.621 [info] Getting sessions for user:email...
2024-11-14 09:23:41.621 [info] Got 1 sessions for user:email...
2024-11-14 09:23:41.749 [info] Getting sessions for read:user,repo,user:email...
2024-11-14 09:23:41.749 [info] Got 0 sessions for read:user,repo,user:email...
2024-11-14 09:23:42.559 [info] Getting sessions for all scopes...
2024-11-14 09:23:42.559 [info] Got 1 sessions for ...
2024-11-14 09:23:52.856 [info] Reading sessions from keychain...
2024-11-14 09:23:52.856 [info] Getting sessions for all scopes...
2024-11-14 09:23:52.856 [info] Getting sessions for all scopes...
2024-11-14 09:23:52.856 [info] Getting sessions for all scopes...
2024-11-14 09:23:52.856 [info] Getting sessions for user:email...
2024-11-14 09:23:52.856 [info] Got stored sessions!
2024-11-14 09:23:52.856 [info] Got 1 verified sessions.
2024-11-14 09:23:52.856 [info] Got 1 sessions for ...
2024-11-14 09:23:52.856 [info] Got 1 sessions for ...
2024-11-14 09:23:52.856 [info] Got 1 sessions for ...
2024-11-14 09:23:52.856 [info] Got 1 sessions for user:email...
2024-11-14 09:23:53.919 [info] Getting sessions for read:user,repo,user:email...
2024-11-14 09:23:53.919 [info] Got 0 sessions for read:user,repo,user:email...
2024-11-14 09:24:24.808 [info] Reading sessions from keychain...
2024-11-14 09:24:24.808 [info] Getting sessions for all scopes...
2024-11-14 09:24:24.808 [info] Getting sessions for all scopes...
2024-11-14 09:24:24.808 [info] Getting sessions for all scopes...
2024-11-14 09:24:24.808 [info] Getting sessions for user:email...
2024-11-14 09:24:24.808 [info] Got stored sessions!
2024-11-14 09:24:24.808 [info] Got 1 verified sessions.
2024-11-14 09:24:24.808 [info] Got 1 sessions for ...
2024-11-14 09:24:24.808 [info] Got 1 sessions for ...
2024-11-14 09:24:24.808 [info] Got 1 sessions for ...
2024-11-14 09:24:24.808 [info] Got 1 sessions for user:email...
2024-11-14 09:24:25.967 [info] Getting sessions for read:user,repo,user:email...
2024-11-14 09:24:25.967 [info] Got 0 sessions for read:user,repo,user:email...
