2024-11-17 15:05:46.341 [info] [main] Log level: Info
2024-11-17 15:05:46.341 [info] [main] Validating found git in: "git"
2024-11-17 15:05:46.341 [info] [main] Using git "2.47.0" from "git"
2024-11-17 15:05:46.341 [info] [Model][doInitialScan] Initial repository scan started
2024-11-17 15:05:46.341 [info] > git rev-parse --show-toplevel [8ms]
2024-11-17 15:05:46.341 [info] > git rev-parse --path-format=relative --show-toplevel [3ms]
2024-11-17 15:05:46.343 [info] [Model][doInitialScan] Initial repository scan completed - repositories (0), closed repositories (0), parent repositories (1), unsafe repositories (0)
2024-11-17 15:05:46.349 [info] > git rev-parse --show-toplevel [1ms]
2024-11-17 15:05:46.356 [info] > git rev-parse --path-format=relative --show-toplevel [1ms]
2024-11-17 15:05:46.861 [info] > git rev-parse --show-toplevel [45ms]
2024-11-17 15:05:46.871 [info] > git rev-parse --path-format=relative --show-toplevel [3ms]
2024-11-17 15:05:46.913 [info] > git rev-parse --show-toplevel [2ms]
2024-11-17 15:05:47.113 [info] > git rev-parse --show-toplevel [2ms]
2024-11-17 15:05:47.146 [info] > git rev-parse --show-toplevel [9ms]
2024-11-17 15:05:47.146 [info] fatal: not a git repository (or any parent up to mount point /)
Stopping at filesystem boundary (GIT_DISCOVERY_ACROSS_FILESYSTEM not set).
2024-11-17 15:05:47.617 [info] > git rev-parse --show-toplevel [1ms]
2024-11-17 15:05:47.625 [info] > git rev-parse --path-format=relative --show-toplevel [0ms]
2024-11-17 15:06:16.786 [info] [main] Log level: Info
2024-11-17 15:06:16.786 [info] [main] Validating found git in: "git"
2024-11-17 15:06:16.786 [info] [main] Using git "2.47.0" from "git"
2024-11-17 15:06:16.786 [info] [Model][doInitialScan] Initial repository scan started
2024-11-17 15:06:16.786 [info] > git rev-parse --show-toplevel [8ms]
2024-11-17 15:06:16.803 [info] > git rev-parse --show-toplevel [7ms]
2024-11-17 15:06:17.323 [info] > git rev-parse --show-toplevel [66ms]
2024-11-17 15:06:17.329 [info] [Model][doInitialScan] Initial repository scan completed - repositories (0), closed repositories (0), parent repositories (1), unsafe repositories (0)
2024-11-17 15:06:17.572 [info] > git rev-parse --show-toplevel [5ms]
2024-11-17 15:06:17.595 [info] > git rev-parse --show-toplevel [5ms]
2024-11-17 15:06:18.262 [info] > git rev-parse --show-toplevel [1ms]
2024-11-17 15:06:26.927 [info] > git rev-parse --show-toplevel [2ms]
2024-11-17 15:06:54.480 [info] > git rev-parse --show-toplevel [1ms]
2024-11-17 15:06:54.496 [info] > git rev-parse --git-dir --git-common-dir [8ms]
2024-11-17 15:06:54.511 [info] [Model][openRepository] Opened repository: /home/anu/Documents/GitHub/dotfiles
2024-11-17 15:06:54.523 [info] > git config --get commit.template [1ms]
2024-11-17 15:06:54.533 [info] > git for-each-ref --format=%(refname)%00%(upstream:short)%00%(objectname)%00%(upstream:track)%00%(upstream:remotename)%00%(upstream:remoteref) refs/heads/main refs/remotes/main [1ms]
2024-11-17 15:06:54.568 [info] > git for-each-ref --sort -committerdate --format %(refname) %(objectname) %(*objectname) [17ms]
2024-11-17 15:06:54.661 [info] > git status -z -uall [120ms]
2024-11-17 15:06:54.685 [info] > git for-each-ref --format=%(refname)%00%(upstream:short)%00%(objectname)%00%(upstream:track)%00%(upstream:remotename)%00%(upstream:remoteref) refs/heads/main refs/remotes/main [10ms]
2024-11-17 15:06:54.695 [info] > git config --get commit.template [11ms]
2024-11-17 15:06:54.699 [info] > git config --local branch.main.vscode-merge-base [6ms]
2024-11-17 15:06:54.699 [warning] [Git][config] git config failed: Failed to execute git
2024-11-17 15:06:54.718 [info] > git for-each-ref --format=%(refname)%00%(upstream:short)%00%(objectname)%00%(upstream:track)%00%(upstream:remotename)%00%(upstream:remoteref) refs/heads/main refs/remotes/main [2ms]
2024-11-17 15:06:54.718 [info] > git reflog main --grep-reflog=branch: Created from *. [11ms]
2024-11-17 15:06:54.750 [info] > git for-each-ref --sort -committerdate --format %(refname) %(objectname) %(*objectname) [2ms]
2024-11-17 15:06:54.751 [info] > git symbolic-ref --short refs/remotes/origin/HEAD [25ms]
2024-11-17 15:06:54.761 [info] > git for-each-ref --format=%(refname)%00%(upstream:short)%00%(objectname)%00%(upstream:track)%00%(upstream:remotename)%00%(upstream:remoteref) refs/heads/origin/main refs/remotes/origin/main [1ms]
2024-11-17 15:06:54.781 [info] > git config --local branch.main.vscode-merge-base origin/main [13ms]
2024-11-17 15:06:54.796 [info] > git status -z -uall [62ms] (cancelled)
2024-11-17 15:06:54.797 [info] > git config --get commit.template [1ms]
2024-11-17 15:06:54.797 [info] > git for-each-ref --format=%(refname)%00%(upstream:short)%00%(objectname)%00%(upstream:track)%00%(upstream:remotename)%00%(upstream:remoteref) refs/heads/main refs/remotes/main [9ms]
2024-11-17 15:06:54.814 [info] > git config --local branch.main.vscode-merge-base [8ms]
2024-11-17 15:06:54.823 [info] > git for-each-ref --format=%(refname)%00%(upstream:short)%00%(objectname)%00%(upstream:track)%00%(upstream:remotename)%00%(upstream:remoteref) refs/heads/main refs/remotes/main [10ms]
2024-11-17 15:06:54.824 [info] > git for-each-ref --format=%(refname)%00%(upstream:short)%00%(objectname)%00%(upstream:track)%00%(upstream:remotename)%00%(upstream:remoteref) refs/heads/origin/main refs/remotes/origin/main [2ms]
2024-11-17 15:06:54.837 [info] > git merge-base refs/heads/main refs/remotes/origin/main [3ms]
2024-11-17 15:06:54.889 [info] > git for-each-ref --sort -committerdate --format %(refname) %(objectname) %(*objectname) [15ms]
2024-11-17 15:06:54.889 [info] > git diff --name-status -z --diff-filter=ADMR 337ecc3b36d528f86b291450b4d4bf91ce25b1eb...refs/remotes/origin/main [40ms]
2024-11-17 15:06:54.992 [info] > git status -z -uall [132ms]
2024-11-17 15:06:55.005 [info] > git show --textconv :.config/nvim/init.lua [14ms]
2024-11-17 15:06:55.010 [info] > git ls-files --stage -- /home/anu/Documents/GitHub/dotfiles/.config/nvim/init.lua [6ms]
2024-11-17 15:06:55.027 [info] > git cat-file -s e2a3f10e382e4fce4b9ed90bad469f48452a05f9 [9ms]
2024-11-17 15:06:55.332 [info] > git fetch [821ms]
2024-11-17 15:06:55.348 [info] > git config --get commit.template [8ms]
2024-11-17 15:06:55.358 [info] > git for-each-ref --format=%(refname)%00%(upstream:short)%00%(objectname)%00%(upstream:track)%00%(upstream:remotename)%00%(upstream:remoteref) refs/heads/main refs/remotes/main [2ms]
2024-11-17 15:06:55.382 [info] > git check-ignore -v -z --stdin [35ms]
2024-11-17 15:06:55.383 [info] > git for-each-ref --sort -committerdate --format %(refname) %(objectname) %(*objectname) [2ms]
2024-11-17 15:06:55.485 [info] > git status -z -uall [119ms]
2024-11-17 15:06:56.519 [info] > git config --get commit.template [1ms]
2024-11-17 15:06:56.528 [info] > git for-each-ref --format=%(refname)%00%(upstream:short)%00%(objectname)%00%(upstream:track)%00%(upstream:remotename)%00%(upstream:remoteref) refs/heads/main refs/remotes/main [2ms]
2024-11-17 15:06:56.547 [info] > git for-each-ref --sort -committerdate --format %(refname) %(objectname) %(*objectname) [1ms]
2024-11-17 15:06:56.625 [info] > git ls-files --stage -- /home/anu/Documents/GitHub/dotfiles/.config/nvim/init.lua [6ms]
2024-11-17 15:06:56.632 [info] > git cat-file -s e2a3f10e382e4fce4b9ed90bad469f48452a05f9 [1ms]
2024-11-17 15:06:56.646 [info] > git show --textconv :.config/nvim/init.lua [6ms]
2024-11-17 15:06:56.651 [info] > git status -z -uall [116ms]
2024-11-17 15:07:00.689 [info] > git log --format=%H%n%aN%n%aE%n%at%n%ct%n%P%n%D%n%B -z --shortstat --diff-merges=first-parent -n50 --skip=0 --topo-order --decorate=full --stdin [5801ms]
2024-11-17 15:07:00.689 [info] warning: exhaustive rename detection was skipped due to too many files.
warning: you may want to set your diff.renameLimit variable to at least 44800 and retry the command.
2024-11-17 15:07:03.346 [info] > git add -A -- . [283ms]
2024-11-17 15:07:03.871 [info] > git show --textconv :.git/COMMIT_EDITMSG [10ms]
2024-11-17 15:07:03.875 [info] > git ls-files --stage -- /home/anu/Documents/GitHub/dotfiles/.git/COMMIT_EDITMSG [5ms]
2024-11-17 15:07:04.188 [info] > git check-ignore -v -z --stdin [10ms]
2024-11-17 15:07:04.785 [info] > git ls-files --stage -- /home/anu/Documents/GitHub/dotfiles/.git/COMMIT_EDITMSG [7ms]
2024-11-17 15:07:04.799 [info] > git show --textconv :.git/COMMIT_EDITMSG [6ms]
2024-11-17 15:07:13.478 [info] > git check-ignore -v -z --stdin [13ms]
2024-11-17 15:07:31.937 [info] > git -c user.useConfigOnly=true commit --quiet [28584ms]
2024-11-17 15:07:31.947 [info] > git config --get commit.template [1ms]
2024-11-17 15:07:31.960 [info] > git for-each-ref --format=%(refname)%00%(upstream:short)%00%(objectname)%00%(upstream:track)%00%(upstream:remotename)%00%(upstream:remoteref) refs/heads/main refs/remotes/main [3ms]
2024-11-17 15:07:31.992 [info] > git for-each-ref --sort -committerdate --format %(refname) %(objectname) %(*objectname) [6ms]
2024-11-17 15:07:32.090 [info] > git status -z -uall [116ms]
2024-11-17 15:07:32.103 [info] > git merge-base refs/heads/main refs/remotes/origin/main [3ms]
2024-11-17 15:07:32.112 [info] > git diff --name-status -z --diff-filter=ADMR 337ecc3b36d528f86b291450b4d4bf91ce25b1eb...refs/remotes/origin/main [2ms]
2024-11-17 15:07:32.157 [info] > git config --get commit.template [2ms]
2024-11-17 15:07:32.173 [info] > git for-each-ref --format=%(refname)%00%(upstream:short)%00%(objectname)%00%(upstream:track)%00%(upstream:remotename)%00%(upstream:remoteref) refs/heads/main refs/remotes/main [8ms]
2024-11-17 15:07:32.183 [info] > git show --textconv :.config/nvim/init.lua [10ms]
2024-11-17 15:07:32.221 [info] > git for-each-ref --sort -committerdate --format %(refname) %(objectname) %(*objectname) [16ms]
2024-11-17 15:07:32.222 [info] > git ls-files --stage -- /home/anu/Documents/GitHub/dotfiles/.config/nvim/init.lua [40ms]
2024-11-17 15:07:32.237 [info] > git cat-file -s e2a3f10e382e4fce4b9ed90bad469f48452a05f9 [4ms]
2024-11-17 15:07:32.314 [info] > git status -z -uall [121ms]
2024-11-17 15:07:32.808 [info] > git check-ignore -v -z --stdin [17ms]
2024-11-17 15:07:33.270 [info] > git ls-files --stage -- /home/anu/Documents/GitHub/dotfiles/.config/nvim/init.lua [6ms]
2024-11-17 15:07:33.278 [info] > git cat-file -s e2a3f10e382e4fce4b9ed90bad469f48452a05f9 [1ms]
2024-11-17 15:07:33.291 [info] > git show --textconv :.config/nvim/init.lua [5ms]
2024-11-17 15:07:33.536 [info] > git config --get commit.template [6ms]
2024-11-17 15:07:33.537 [info] > git for-each-ref --format=%(refname)%00%(upstream:short)%00%(objectname)%00%(upstream:track)%00%(upstream:remotename)%00%(upstream:remoteref) refs/heads/main refs/remotes/main [2ms]
2024-11-17 15:07:33.558 [info] > git for-each-ref --sort -committerdate --format %(refname) %(objectname) %(*objectname) [3ms]
2024-11-17 15:07:33.647 [info] > git status -z -uall [103ms]
2024-11-17 15:07:39.214 [info] > git config --get commit.template [7ms]
2024-11-17 15:07:39.215 [info] > git for-each-ref --format=%(refname)%00%(upstream:short)%00%(objectname)%00%(upstream:track)%00%(upstream:remotename)%00%(upstream:remoteref) refs/heads/main refs/remotes/main [1ms]
2024-11-17 15:07:39.235 [info] > git for-each-ref --sort -committerdate --format %(refname) %(objectname) %(*objectname) [1ms]
2024-11-17 15:07:39.317 [info] > git status -z -uall [95ms]
2024-11-17 15:07:39.945 [info] > git check-ignore -v -z --stdin [8ms]
2024-11-17 15:07:45.750 [info] > git config --get commit.template [8ms]
2024-11-17 15:07:45.752 [info] > git for-each-ref --format=%(refname)%00%(upstream:short)%00%(objectname)%00%(upstream:track)%00%(upstream:remotename)%00%(upstream:remoteref) refs/heads/main refs/remotes/main [2ms]
2024-11-17 15:07:45.770 [info] > git for-each-ref --sort -committerdate --format %(refname) %(objectname) %(*objectname) [2ms]
2024-11-17 15:07:45.853 [info] > git status -z -uall [95ms]
2024-11-17 15:07:46.492 [info] > git check-ignore -v -z --stdin [9ms]
2024-11-17 15:07:46.526 [info] > git show --textconv :.config/nvim/init.lua [10ms]
2024-11-17 15:07:46.530 [info] > git ls-files --stage -- /home/anu/Documents/GitHub/dotfiles/.config/nvim/init.lua [5ms]
2024-11-17 15:07:46.539 [info] > git cat-file -s e2a3f10e382e4fce4b9ed90bad469f48452a05f9 [1ms]
2024-11-17 15:07:50.874 [info] > git config --get commit.template [8ms]
2024-11-17 15:07:50.875 [info] > git for-each-ref --format=%(refname)%00%(upstream:short)%00%(objectname)%00%(upstream:track)%00%(upstream:remotename)%00%(upstream:remoteref) refs/heads/main refs/remotes/main [2ms]
2024-11-17 15:07:50.896 [info] > git for-each-ref --sort -committerdate --format %(refname) %(objectname) %(*objectname) [3ms]
2024-11-17 15:07:50.978 [info] > git status -z -uall [96ms]
2024-11-17 15:07:58.612 [info] > git config --get commit.template [9ms]
2024-11-17 15:07:58.614 [info] > git for-each-ref --format=%(refname)%00%(upstream:short)%00%(objectname)%00%(upstream:track)%00%(upstream:remotename)%00%(upstream:remoteref) refs/heads/main refs/remotes/main [1ms]
2024-11-17 15:07:58.632 [info] > git for-each-ref --sort -committerdate --format %(refname) %(objectname) %(*objectname) [2ms]
2024-11-17 15:07:58.716 [info] > git status -z -uall [96ms]
2024-11-17 15:08:07.728 [info] > git config --get commit.template [8ms]
2024-11-17 15:08:07.729 [info] > git for-each-ref --format=%(refname)%00%(upstream:short)%00%(objectname)%00%(upstream:track)%00%(upstream:remotename)%00%(upstream:remoteref) refs/heads/main refs/remotes/main [2ms]
2024-11-17 15:08:07.751 [info] > git for-each-ref --sort -committerdate --format %(refname) %(objectname) %(*objectname) [4ms]
2024-11-17 15:08:07.833 [info] > git status -z -uall [98ms]
2024-11-17 15:08:16.888 [info] > git config --get commit.template [6ms]
2024-11-17 15:08:16.889 [info] > git for-each-ref --format=%(refname)%00%(upstream:short)%00%(objectname)%00%(upstream:track)%00%(upstream:remotename)%00%(upstream:remoteref) refs/heads/main refs/remotes/main [1ms]
2024-11-17 15:08:16.908 [info] > git for-each-ref --sort -committerdate --format %(refname) %(objectname) %(*objectname) [2ms]
2024-11-17 15:08:16.990 [info] > git status -z -uall [94ms]
2024-11-17 15:08:18.342 [info] > git add -A -- /home/anu/Documents/GitHub/dotfiles/.config/Code/CachedData/e8653663e8840adaf45af01eab5c627a5af81807/chrome/js/index-dir/the-real-index /home/anu/Documents/GitHub/dotfiles/.config/Code/DawnGraphiteCache/data_1 /home/anu/Documents/GitHub/dotfiles/.config/Code/DawnWebGPUCache/data_1 /home/anu/Documents/GitHub/dotfiles/.config/Code/GPUCache/data_0 /home/anu/Documents/GitHub/dotfiles/.config/Code/GPUCache/data_1 /home/anu/Documents/GitHub/dotfiles/.config/Code/GPUCache/index /home/anu/Documents/GitHub/dotfiles/.config/Code/SharedStorage /home/anu/Documents/GitHub/dotfiles/.config/Code/User/globalStorage/state.vscdb /home/anu/Documents/GitHub/dotfiles/.config/Code/User/globalStorage/storage.json /home/anu/Documents/GitHub/dotfiles/.config/Code/User/workspaceStorage/148ff2a617bd6d238417fb7fbb75c008/state.vscdb /home/anu/Documents/GitHub/dotfiles/.config/Code/logs/20241117T150544/window1/exthost/asvetliakov.vscode-neovim/vscode-neovim logs.log /home/anu/Documents/GitHub/dotfiles/.config/Code/logs/20241117T150544/window1/exthost/exthost.log /home/anu/Documents/GitHub/dotfiles/.config/Code/logs/20241117T150544/window1/exthost/output_logging_20241117T150616/1-vscode-neovim messages.log /home/anu/Documents/GitHub/dotfiles/.config/Code/logs/20241117T150544/window1/exthost/output_logging_20241117T150616/4-Tailwind CSS IntelliSense.log /home/anu/Documents/GitHub/dotfiles/.config/Code/logs/20241117T150544/window1/exthost/output_logging_20241117T150616/5-GitLens.log /home/anu/Documents/GitHub/dotfiles/.config/Code/logs/20241117T150544/window1/exthost/vscode.git/Git.log /home/anu/Documents/GitHub/dotfiles/.config/suckless/dwm /home/anu/Documents/GitHub/dotfiles/.config/suckless/dwmblocks /home/anu/Documents/GitHub/dotfiles/.config/suckless/st /home/anu/Documents/GitHub/dotfiles/.config/suckless/surf /home/anu/Documents/GitHub/dotfiles/.config/Code/Backups/46f07106e9e1c052530f30df5801db6d/untitled/-7f9c1a2e /home/anu/Documents/GitHub/dotfiles/.config/Code/CachedData/e8653663e8840adaf45af01eab5c627a5af81807/chrome/js/46dea7f9cc693b99_0 /home/anu/Documents/GitHub/dotfiles/.config/Code/CachedData/e8653663e8840adaf45af01eab5c627a5af81807/chrome/js/b14312964efc6bbe_0 /home/anu/Documents/GitHub/dotfiles/.config/Code/SharedStorage-wal /home/anu/Documents/GitHub/dotfiles/.config/Code/User/History/2263e5f1/oEA3 /home/anu/Documents/GitHub/dotfiles/.config/Code/logs/20241117T150544/window1/exthost/output_logging_20241117T150616/10-GitLens (Git).log [76ms]
2024-11-17 15:08:18.355 [info] > git config --get commit.template [6ms]
2024-11-17 15:08:18.357 [info] > git for-each-ref --format=%(refname)%00%(upstream:short)%00%(objectname)%00%(upstream:track)%00%(upstream:remotename)%00%(upstream:remoteref) refs/heads/main refs/remotes/main [1ms]
2024-11-17 15:08:18.374 [info] > git for-each-ref --sort -committerdate --format %(refname) %(objectname) %(*objectname) [2ms]
2024-11-17 15:08:18.455 [info] > git status -z -uall [93ms]
2024-11-17 15:08:19.105 [info] > git check-ignore -v -z --stdin [7ms]
2024-11-17 15:08:20.039 [info] > git -c user.useConfigOnly=true commit --quiet --allow-empty-message --file - [67ms]
2024-11-17 15:08:20.050 [info] > git config --get commit.template [1ms]
2024-11-17 15:08:20.071 [info] > git config --get commit.template [12ms]
2024-11-17 15:08:20.071 [info] > git for-each-ref --format=%(refname)%00%(upstream:short)%00%(objectname)%00%(upstream:track)%00%(upstream:remotename)%00%(upstream:remoteref) refs/heads/main refs/remotes/main [2ms]
2024-11-17 15:08:20.098 [info] > git for-each-ref --sort -committerdate --format %(refname) %(objectname) %(*objectname) [1ms]
2024-11-17 15:08:20.180 [info] > git status -z -uall [101ms]
2024-11-17 15:08:20.192 [info] > git merge-base refs/heads/main refs/remotes/origin/main [2ms]
2024-11-17 15:08:20.201 [info] > git diff --name-status -z --diff-filter=ADMR 337ecc3b36d528f86b291450b4d4bf91ce25b1eb...refs/remotes/origin/main [2ms]
2024-11-17 15:08:20.212 [info] > git config --get commit.template [2ms]
2024-11-17 15:08:20.221 [info] > git for-each-ref --format=%(refname)%00%(upstream:short)%00%(objectname)%00%(upstream:track)%00%(upstream:remotename)%00%(upstream:remoteref) refs/heads/main refs/remotes/main [2ms]
2024-11-17 15:08:20.240 [info] > git for-each-ref --sort -committerdate --format %(refname) %(objectname) %(*objectname) [3ms]
2024-11-17 15:08:20.328 [info] > git status -z -uall [101ms]
2024-11-17 15:08:22.008 [info] > git config --get commit.template [8ms]
2024-11-17 15:08:22.009 [info] > git for-each-ref --format=%(refname)%00%(upstream:short)%00%(objectname)%00%(upstream:track)%00%(upstream:remotename)%00%(upstream:remoteref) refs/heads/main refs/remotes/main [2ms]
2024-11-17 15:08:22.026 [info] > git for-each-ref --sort -committerdate --format %(refname) %(objectname) %(*objectname) [2ms]
2024-11-17 15:08:22.105 [info] > git status -z -uall [90ms]
2024-11-17 15:08:28.472 [info] > git config --get commit.template [8ms]
2024-11-17 15:08:28.473 [info] > git for-each-ref --format=%(refname)%00%(upstream:short)%00%(objectname)%00%(upstream:track)%00%(upstream:remotename)%00%(upstream:remoteref) refs/heads/main refs/remotes/main [2ms]
2024-11-17 15:08:28.493 [info] > git for-each-ref --sort -committerdate --format %(refname) %(objectname) %(*objectname) [2ms]
2024-11-17 15:08:28.574 [info] > git status -z -uall [94ms]
2024-11-17 15:08:28.764 [info] > git check-ignore -v -z --stdin [13ms]
2024-11-17 15:08:33.588 [info] > git config --get commit.template [1ms]
2024-11-17 15:08:33.596 [info] > git for-each-ref --format=%(refname)%00%(upstream:short)%00%(objectname)%00%(upstream:track)%00%(upstream:remotename)%00%(upstream:remoteref) refs/heads/main refs/remotes/main [2ms]
2024-11-17 15:08:33.613 [info] > git for-each-ref --sort -committerdate --format %(refname) %(objectname) %(*objectname) [1ms]
2024-11-17 15:08:33.688 [info] > git status -z -uall [87ms]
2024-11-17 15:08:44.122 [info] > git check-ignore -v -z --stdin [9ms]
2024-11-17 15:08:45.094 [info] > git config --get commit.template [7ms]
2024-11-17 15:08:45.095 [info] > git for-each-ref --format=%(refname)%00%(upstream:short)%00%(objectname)%00%(upstream:track)%00%(upstream:remotename)%00%(upstream:remoteref) refs/heads/main refs/remotes/main [1ms]
2024-11-17 15:08:45.113 [info] > git for-each-ref --sort -committerdate --format %(refname) %(objectname) %(*objectname) [3ms]
2024-11-17 15:08:45.190 [info] > git status -z -uall [89ms]
2024-11-17 15:08:50.974 [info] > git config --get commit.template [6ms]
2024-11-17 15:08:50.975 [info] > git for-each-ref --format=%(refname)%00%(upstream:short)%00%(objectname)%00%(upstream:track)%00%(upstream:remotename)%00%(upstream:remoteref) refs/heads/main refs/remotes/main [2ms]
2024-11-17 15:08:50.994 [info] > git for-each-ref --sort -committerdate --format %(refname) %(objectname) %(*objectname) [2ms]
2024-11-17 15:08:51.069 [info] > git status -z -uall [88ms]
2024-11-17 15:08:59.775 [info] > git config --get commit.template [7ms]
2024-11-17 15:08:59.776 [info] > git for-each-ref --format=%(refname)%00%(upstream:short)%00%(objectname)%00%(upstream:track)%00%(upstream:remotename)%00%(upstream:remoteref) refs/heads/main refs/remotes/main [2ms]
2024-11-17 15:08:59.796 [info] > git for-each-ref --sort -committerdate --format %(refname) %(objectname) %(*objectname) [3ms]
2024-11-17 15:08:59.879 [info] > git status -z -uall [96ms]
2024-11-17 15:09:04.896 [info] > git config --get commit.template [6ms]
2024-11-17 15:09:04.897 [info] > git for-each-ref --format=%(refname)%00%(upstream:short)%00%(objectname)%00%(upstream:track)%00%(upstream:remotename)%00%(upstream:remoteref) refs/heads/main refs/remotes/main [2ms]
2024-11-17 15:09:04.914 [info] > git for-each-ref --sort -committerdate --format %(refname) %(objectname) %(*objectname) [3ms]
2024-11-17 15:09:04.990 [info] > git status -z -uall [88ms]
2024-11-17 15:09:14.737 [info] > git config --get commit.template [8ms]
2024-11-17 15:09:14.738 [info] > git for-each-ref --format=%(refname)%00%(upstream:short)%00%(objectname)%00%(upstream:track)%00%(upstream:remotename)%00%(upstream:remoteref) refs/heads/main refs/remotes/main [2ms]
2024-11-17 15:09:14.758 [info] > git for-each-ref --sort -committerdate --format %(refname) %(objectname) %(*objectname) [2ms]
2024-11-17 15:09:14.846 [info] > git status -z -uall [101ms]
2024-11-17 15:09:19.865 [info] > git config --get commit.template [7ms]
2024-11-17 15:09:19.866 [info] > git for-each-ref --format=%(refname)%00%(upstream:short)%00%(objectname)%00%(upstream:track)%00%(upstream:remotename)%00%(upstream:remoteref) refs/heads/main refs/remotes/main [2ms]
2024-11-17 15:09:19.885 [info] > git for-each-ref --sort -committerdate --format %(refname) %(objectname) %(*objectname) [1ms]
2024-11-17 15:09:19.968 [info] > git status -z -uall [95ms]
2024-11-17 15:09:38.633 [info] > git config --get commit.template [1ms]
2024-11-17 15:09:38.641 [info] > git for-each-ref --format=%(refname)%00%(upstream:short)%00%(objectname)%00%(upstream:track)%00%(upstream:remotename)%00%(upstream:remoteref) refs/heads/main refs/remotes/main [2ms]
2024-11-17 15:09:38.663 [info] > git for-each-ref --sort -committerdate --format %(refname) %(objectname) %(*objectname) [2ms]
2024-11-17 15:09:38.737 [info] > git status -z -uall [90ms]
2024-11-17 15:09:43.755 [info] > git config --get commit.template [7ms]
2024-11-17 15:09:43.756 [info] > git for-each-ref --format=%(refname)%00%(upstream:short)%00%(objectname)%00%(upstream:track)%00%(upstream:remotename)%00%(upstream:remoteref) refs/heads/main refs/remotes/main [2ms]
2024-11-17 15:09:43.774 [info] > git for-each-ref --sort -committerdate --format %(refname) %(objectname) %(*objectname) [3ms]
2024-11-17 15:09:43.850 [info] > git status -z -uall [88ms]
2024-11-17 15:09:48.868 [info] > git config --get commit.template [6ms]
2024-11-17 15:09:48.869 [info] > git for-each-ref --format=%(refname)%00%(upstream:short)%00%(objectname)%00%(upstream:track)%00%(upstream:remotename)%00%(upstream:remoteref) refs/heads/main refs/remotes/main [2ms]
2024-11-17 15:09:48.886 [info] > git for-each-ref --sort -committerdate --format %(refname) %(objectname) %(*objectname) [2ms]
2024-11-17 15:09:48.966 [info] > git status -z -uall [91ms]
2024-11-17 15:09:55.174 [info] > git config --get commit.template [7ms]
2024-11-17 15:09:55.175 [info] > git for-each-ref --format=%(refname)%00%(upstream:short)%00%(objectname)%00%(upstream:track)%00%(upstream:remotename)%00%(upstream:remoteref) refs/heads/main refs/remotes/main [2ms]
2024-11-17 15:09:55.195 [info] > git for-each-ref --sort -committerdate --format %(refname) %(objectname) %(*objectname) [3ms]
2024-11-17 15:09:55.271 [info] > git status -z -uall [90ms]
2024-11-17 15:09:56.507 [info] > git fetch [1011ms]
2024-11-17 15:09:56.525 [info] > git config --get commit.template [9ms]
2024-11-17 15:09:56.528 [info] > git for-each-ref --format=%(refname)%00%(upstream:short)%00%(objectname)%00%(upstream:track)%00%(upstream:remotename)%00%(upstream:remoteref) refs/heads/main refs/remotes/main [5ms]
2024-11-17 15:09:56.550 [info] > git for-each-ref --sort -committerdate --format %(refname) %(objectname) %(*objectname) [5ms]
2024-11-17 15:09:56.640 [info] > git status -z -uall [104ms]
2024-11-17 15:10:00.287 [info] > git config --get commit.template [6ms]
2024-11-17 15:10:00.289 [info] > git for-each-ref --format=%(refname)%00%(upstream:short)%00%(objectname)%00%(upstream:track)%00%(upstream:remotename)%00%(upstream:remoteref) refs/heads/main refs/remotes/main [2ms]
2024-11-17 15:10:00.308 [info] > git for-each-ref --sort -committerdate --format %(refname) %(objectname) %(*objectname) [4ms]
2024-11-17 15:10:00.395 [info] > git status -z -uall [100ms]
2024-11-17 15:10:16.908 [info] > git config --get commit.template [7ms]
2024-11-17 15:10:16.909 [info] > git for-each-ref --format=%(refname)%00%(upstream:short)%00%(objectname)%00%(upstream:track)%00%(upstream:remotename)%00%(upstream:remoteref) refs/heads/main refs/remotes/main [2ms]
2024-11-17 15:10:16.929 [info] > git for-each-ref --sort -committerdate --format %(refname) %(objectname) %(*objectname) [4ms]
2024-11-17 15:10:17.018 [info] > git status -z -uall [102ms]
2024-11-17 15:10:56.964 [info] > git config --get commit.template [6ms]
2024-11-17 15:10:56.965 [info] > git for-each-ref --format=%(refname)%00%(upstream:short)%00%(objectname)%00%(upstream:track)%00%(upstream:remotename)%00%(upstream:remoteref) refs/heads/main refs/remotes/main [2ms]
2024-11-17 15:10:56.982 [info] > git for-each-ref --sort -committerdate --format %(refname) %(objectname) %(*objectname) [1ms]
2024-11-17 15:10:57.069 [info] > git status -z -uall [98ms]
2024-11-17 15:11:16.913 [info] > git config --get commit.template [6ms]
2024-11-17 15:11:16.915 [info] > git for-each-ref --format=%(refname)%00%(upstream:short)%00%(objectname)%00%(upstream:track)%00%(upstream:remotename)%00%(upstream:remoteref) refs/heads/main refs/remotes/main [2ms]
2024-11-17 15:11:16.935 [info] > git for-each-ref --sort -committerdate --format %(refname) %(objectname) %(*objectname) [2ms]
2024-11-17 15:11:17.019 [info] > git status -z -uall [99ms]
2024-11-17 15:11:22.034 [info] > git config --get commit.template [6ms]
2024-11-17 15:11:22.035 [info] > git for-each-ref --format=%(refname)%00%(upstream:short)%00%(objectname)%00%(upstream:track)%00%(upstream:remotename)%00%(upstream:remoteref) refs/heads/main refs/remotes/main [1ms]
2024-11-17 15:11:22.053 [info] > git for-each-ref --sort -committerdate --format %(refname) %(objectname) %(*objectname) [2ms]
2024-11-17 15:11:22.138 [info] > git status -z -uall [97ms]
2024-11-17 15:11:31.922 [info] > git config --get commit.template [6ms]
2024-11-17 15:11:31.923 [info] > git for-each-ref --format=%(refname)%00%(upstream:short)%00%(objectname)%00%(upstream:track)%00%(upstream:remotename)%00%(upstream:remoteref) refs/heads/main refs/remotes/main [1ms]
2024-11-17 15:11:31.944 [info] > git for-each-ref --sort -committerdate --format %(refname) %(objectname) %(*objectname) [2ms]
2024-11-17 15:11:32.029 [info] > git status -z -uall [99ms]
2024-11-17 15:11:39.490 [info] > git config --get commit.template [7ms]
2024-11-17 15:11:39.491 [info] > git for-each-ref --format=%(refname)%00%(upstream:short)%00%(objectname)%00%(upstream:track)%00%(upstream:remotename)%00%(upstream:remoteref) refs/heads/main refs/remotes/main [2ms]
2024-11-17 15:11:39.510 [info] > git for-each-ref --sort -committerdate --format %(refname) %(objectname) %(*objectname) [1ms]
2024-11-17 15:11:39.596 [info] > git status -z -uall [99ms]
2024-11-17 15:12:16.913 [info] > git config --get commit.template [7ms]
2024-11-17 15:12:16.914 [info] > git for-each-ref --format=%(refname)%00%(upstream:short)%00%(objectname)%00%(upstream:track)%00%(upstream:remotename)%00%(upstream:remoteref) refs/heads/main refs/remotes/main [1ms]
2024-11-17 15:12:16.932 [info] > git for-each-ref --sort -committerdate --format %(refname) %(objectname) %(*objectname) [1ms]
2024-11-17 15:12:17.020 [info] > git status -z -uall [100ms]
2024-11-17 15:12:22.032 [info] > git config --get commit.template [1ms]
2024-11-17 15:12:22.040 [info] > git for-each-ref --format=%(refname)%00%(upstream:short)%00%(objectname)%00%(upstream:track)%00%(upstream:remotename)%00%(upstream:remoteref) refs/heads/main refs/remotes/main [1ms]
2024-11-17 15:12:22.056 [info] > git for-each-ref --sort -committerdate --format %(refname) %(objectname) %(*objectname) [1ms]
2024-11-17 15:12:22.143 [info] > git status -z -uall [97ms]
2024-11-17 15:12:32.308 [info] > git config --get commit.template [7ms]
2024-11-17 15:12:32.309 [info] > git for-each-ref --format=%(refname)%00%(upstream:short)%00%(objectname)%00%(upstream:track)%00%(upstream:remotename)%00%(upstream:remoteref) refs/heads/main refs/remotes/main [1ms]
2024-11-17 15:12:32.329 [info] > git for-each-ref --sort -committerdate --format %(refname) %(objectname) %(*objectname) [2ms]
2024-11-17 15:12:32.422 [info] > git status -z -uall [105ms]
2024-11-17 15:12:41.425 [info] > git config --get commit.template [7ms]
2024-11-17 15:12:41.426 [info] > git for-each-ref --format=%(refname)%00%(upstream:short)%00%(objectname)%00%(upstream:track)%00%(upstream:remotename)%00%(upstream:remoteref) refs/heads/main refs/remotes/main [2ms]
2024-11-17 15:12:41.445 [info] > git for-each-ref --sort -committerdate --format %(refname) %(objectname) %(*objectname) [2ms]
2024-11-17 15:12:41.534 [info] > git status -z -uall [102ms]
2024-11-17 15:12:46.550 [info] > git config --get commit.template [6ms]
2024-11-17 15:12:46.551 [info] > git for-each-ref --format=%(refname)%00%(upstream:short)%00%(objectname)%00%(upstream:track)%00%(upstream:remotename)%00%(upstream:remoteref) refs/heads/main refs/remotes/main [1ms]
2024-11-17 15:12:46.572 [info] > git for-each-ref --sort -committerdate --format %(refname) %(objectname) %(*objectname) [3ms]
2024-11-17 15:12:46.659 [info] > git status -z -uall [102ms]
2024-11-17 15:12:57.553 [info] > git fetch [902ms]
2024-11-17 15:12:57.567 [info] > git config --get commit.template [7ms]
2024-11-17 15:12:57.568 [info] > git for-each-ref --format=%(refname)%00%(upstream:short)%00%(objectname)%00%(upstream:track)%00%(upstream:remotename)%00%(upstream:remoteref) refs/heads/main refs/remotes/main [1ms]
2024-11-17 15:12:57.587 [info] > git for-each-ref --sort -committerdate --format %(refname) %(objectname) %(*objectname) [1ms]
2024-11-17 15:12:57.688 [info] > git status -z -uall [112ms]
2024-11-17 15:13:11.205 [info] > git config --get commit.template [7ms]
2024-11-17 15:13:11.206 [info] > git for-each-ref --format=%(refname)%00%(upstream:short)%00%(objectname)%00%(upstream:track)%00%(upstream:remotename)%00%(upstream:remoteref) refs/heads/main refs/remotes/main [2ms]
2024-11-17 15:13:11.224 [info] > git for-each-ref --sort -committerdate --format %(refname) %(objectname) %(*objectname) [2ms]
2024-11-17 15:13:11.311 [info] > git status -z -uall [99ms]
2024-11-17 15:13:16.919 [info] > git config --get commit.template [7ms]
2024-11-17 15:13:16.920 [info] > git for-each-ref --format=%(refname)%00%(upstream:short)%00%(objectname)%00%(upstream:track)%00%(upstream:remotename)%00%(upstream:remoteref) refs/heads/main refs/remotes/main [2ms]
2024-11-17 15:13:16.937 [info] > git for-each-ref --sort -committerdate --format %(refname) %(objectname) %(*objectname) [1ms]
2024-11-17 15:13:17.024 [info] > git status -z -uall [98ms]
2024-11-17 15:13:23.501 [info] > git config --get commit.template [7ms]
2024-11-17 15:13:23.502 [info] > git for-each-ref --format=%(refname)%00%(upstream:short)%00%(objectname)%00%(upstream:track)%00%(upstream:remotename)%00%(upstream:remoteref) refs/heads/main refs/remotes/main [2ms]
2024-11-17 15:13:23.520 [info] > git for-each-ref --sort -committerdate --format %(refname) %(objectname) %(*objectname) [1ms]
2024-11-17 15:13:23.611 [info] > git status -z -uall [103ms]
2024-11-17 15:13:25.326 [info] > git show --textconv :.config/nvim/init.lua [10ms]
2024-11-17 15:13:25.333 [info] > git ls-files --stage -- /home/anu/Documents/GitHub/dotfiles/.config/nvim/init.lua [7ms]
2024-11-17 15:13:25.343 [info] > git cat-file -s e2a3f10e382e4fce4b9ed90bad469f48452a05f9 [2ms]
2024-11-17 15:13:28.626 [info] > git config --get commit.template [6ms]
2024-11-17 15:13:28.628 [info] > git for-each-ref --format=%(refname)%00%(upstream:short)%00%(objectname)%00%(upstream:track)%00%(upstream:remotename)%00%(upstream:remoteref) refs/heads/main refs/remotes/main [2ms]
2024-11-17 15:13:28.645 [info] > git for-each-ref --sort -committerdate --format %(refname) %(objectname) %(*objectname) [1ms]
2024-11-17 15:13:28.733 [info] > git status -z -uall [100ms]
2024-11-17 15:13:33.749 [info] > git config --get commit.template [7ms]
2024-11-17 15:13:33.750 [info] > git for-each-ref --format=%(refname)%00%(upstream:short)%00%(objectname)%00%(upstream:track)%00%(upstream:remotename)%00%(upstream:remoteref) refs/heads/main refs/remotes/main [2ms]
2024-11-17 15:13:33.771 [info] > git for-each-ref --sort -committerdate --format %(refname) %(objectname) %(*objectname) [0ms]
2024-11-17 15:13:33.859 [info] > git status -z -uall [99ms]
