2024-11-30 14:49:05.839 [info] Started local extension host with pid 1115897.
2024-11-30 14:49:06.316 [error] Extension 'ms-python.python' wants API proposal 'terminalShellIntegration' but that proposal DOES NOT EXIST. Likely, the proposal has been finalized (check 'vscode.d.ts') or was abandoned.
2024-11-30 14:49:07.168 [info] Settings Sync: Updating due to initialize
2024-11-30 14:49:07.168 [info] Settings Sync: Updating authentication providers. Authentication Providers from store: [{"id":"github","scopes":["user:email"]},{"id":"microsoft","scopes":["openid","profile","email","offline_access"]}]
2024-11-30 14:49:07.169 [info] Settings Sync: Authentication providers updated []
2024-11-30 14:49:07.252 [info] Settings Sync: Updating authentication providers. Authentication Providers from store: [{"id":"github","scopes":["user:email"]},{"id":"microsoft","scopes":["openid","profile","email","offline_access"]}]
2024-11-30 14:49:07.253 [info] Settings Sync: Authentication providers updated ["github"]
2024-11-30 14:49:07.253 [info] Settings Sync: Updating authentication providers. Authentication Providers from store: [{"id":"github","scopes":["user:email"]},{"id":"microsoft","scopes":["openid","profile","email","offline_access"]}]
2024-11-30 14:49:07.253 [info] Settings Sync: Authentication providers updated ["github"]
2024-11-30 14:49:07.253 [info] Settings Sync: Updating authentication providers. Authentication Providers from store: [{"id":"github","scopes":["user:email"]},{"id":"microsoft","scopes":["openid","profile","email","offline_access"]}]
2024-11-30 14:49:07.253 [info] Settings Sync: Authentication providers updated ["github","microsoft"]
2024-11-30 14:49:07.254 [info] Settings Sync: Updating authentication providers. Authentication Providers from store: [{"id":"github","scopes":["user:email"]},{"id":"microsoft","scopes":["openid","profile","email","offline_access"]}]
2024-11-30 14:49:07.254 [info] Settings Sync: Authentication providers updated ["github","microsoft"]
2024-11-30 14:49:07.254 [info] Settings Sync: Updating due to declared authentication providers changed
2024-11-30 14:49:07.255 [info] Settings Sync: Updating authentication providers. Authentication Providers from store: [{"id":"github","scopes":["user:email"]},{"id":"microsoft","scopes":["openid","profile","email","offline_access"]}]
2024-11-30 14:49:07.255 [info] Settings Sync: Authentication providers updated ["github","microsoft"]
2024-11-30 14:49:07.255 [info] Settings Sync: Updating due to declared authentication providers changed
2024-11-30 14:49:07.255 [info] Settings Sync: Updating authentication providers. Authentication Providers from store: [{"id":"github","scopes":["user:email"]},{"id":"microsoft","scopes":["openid","profile","email","offline_access"]}]
2024-11-30 14:49:07.255 [info] Settings Sync: Authentication providers updated ["github","microsoft"]
2024-11-30 14:49:07.729 [info] Settings Sync: Updating authentication providers. Authentication Providers from store: [{"id":"github","scopes":["user:email"]},{"id":"microsoft","scopes":["openid","profile","email","offline_access"]}]
2024-11-30 14:49:07.729 [info] Settings Sync: Authentication providers updated ["github","microsoft"]
2024-11-30 14:49:10.941 [info] [perf] Render performance baseline is 20ms
2024-11-30 14:50:43.720 [error] Error: file:///home/anu/Documents/GitHub/things-ng/src/app/states/app.reducer.ts has changed in the meantime
    at YGe.q (vscode-file://vscode-app/opt/visual-studio-code/resources/app/out/vs/workbench/workbench.desktop.main.js:2103:14829)
    at YGe.apply (vscode-file://vscode-app/opt/visual-studio-code/resources/app/out/vs/workbench/workbench.desktop.main.js:2103:15689)
    at QGe.o (vscode-file://vscode-app/opt/visual-studio-code/resources/app/out/vs/workbench/workbench.desktop.main.js:2103:18033)
    at QGe.perform (vscode-file://vscode-app/opt/visual-studio-code/resources/app/out/vs/workbench/workbench.desktop.main.js:2103:17528)
    at ZGe.apply (vscode-file://vscode-app/opt/visual-studio-code/resources/app/out/vs/workbench/workbench.desktop.main.js:2103:19211)
    at cRt.$tryApplyWorkspaceEdit (vscode-file://vscode-app/opt/visual-studio-code/resources/app/out/vs/workbench/workbench.desktop.main.js:492:7022)
    at Pht.S (vscode-file://vscode-app/opt/visual-studio-code/resources/app/out/vs/workbench/workbench.desktop.main.js:3124:41686)
    at Pht.Q (vscode-file://vscode-app/opt/visual-studio-code/resources/app/out/vs/workbench/workbench.desktop.main.js:3124:41464)
    at Pht.M (vscode-file://vscode-app/opt/visual-studio-code/resources/app/out/vs/workbench/workbench.desktop.main.js:3124:40552)
    at Pht.L (vscode-file://vscode-app/opt/visual-studio-code/resources/app/out/vs/workbench/workbench.desktop.main.js:3124:39789)
2024-11-30 14:50:43.720 [warning] IGNORING workspace edit: Error: file:///home/anu/Documents/GitHub/things-ng/src/app/states/app.reducer.ts has changed in the meantime
2024-11-30 14:51:03.967 [error] Error: file:///home/anu/Documents/GitHub/things-ng/src/app/states/app.reducer.ts has changed in the meantime
    at YGe.q (vscode-file://vscode-app/opt/visual-studio-code/resources/app/out/vs/workbench/workbench.desktop.main.js:2103:14829)
    at YGe.apply (vscode-file://vscode-app/opt/visual-studio-code/resources/app/out/vs/workbench/workbench.desktop.main.js:2103:15689)
    at QGe.o (vscode-file://vscode-app/opt/visual-studio-code/resources/app/out/vs/workbench/workbench.desktop.main.js:2103:18033)
    at QGe.perform (vscode-file://vscode-app/opt/visual-studio-code/resources/app/out/vs/workbench/workbench.desktop.main.js:2103:17528)
    at ZGe.apply (vscode-file://vscode-app/opt/visual-studio-code/resources/app/out/vs/workbench/workbench.desktop.main.js:2103:19211)
    at cRt.$tryApplyWorkspaceEdit (vscode-file://vscode-app/opt/visual-studio-code/resources/app/out/vs/workbench/workbench.desktop.main.js:492:7022)
    at Pht.S (vscode-file://vscode-app/opt/visual-studio-code/resources/app/out/vs/workbench/workbench.desktop.main.js:3124:41686)
    at Pht.Q (vscode-file://vscode-app/opt/visual-studio-code/resources/app/out/vs/workbench/workbench.desktop.main.js:3124:41464)
    at Pht.M (vscode-file://vscode-app/opt/visual-studio-code/resources/app/out/vs/workbench/workbench.desktop.main.js:3124:40552)
    at Pht.L (vscode-file://vscode-app/opt/visual-studio-code/resources/app/out/vs/workbench/workbench.desktop.main.js:3124:39789)
2024-11-30 14:51:03.967 [warning] IGNORING workspace edit: Error: file:///home/anu/Documents/GitHub/things-ng/src/app/states/app.reducer.ts has changed in the meantime
2024-11-30 14:53:40.174 [error] Error: file:///home/anu/Documents/GitHub/things-ng/src/app/states/app.reducer.ts has changed in the meantime
    at YGe.q (vscode-file://vscode-app/opt/visual-studio-code/resources/app/out/vs/workbench/workbench.desktop.main.js:2103:14829)
    at YGe.apply (vscode-file://vscode-app/opt/visual-studio-code/resources/app/out/vs/workbench/workbench.desktop.main.js:2103:15689)
    at QGe.o (vscode-file://vscode-app/opt/visual-studio-code/resources/app/out/vs/workbench/workbench.desktop.main.js:2103:18033)
    at QGe.perform (vscode-file://vscode-app/opt/visual-studio-code/resources/app/out/vs/workbench/workbench.desktop.main.js:2103:17528)
    at ZGe.apply (vscode-file://vscode-app/opt/visual-studio-code/resources/app/out/vs/workbench/workbench.desktop.main.js:2103:19211)
    at cRt.$tryApplyWorkspaceEdit (vscode-file://vscode-app/opt/visual-studio-code/resources/app/out/vs/workbench/workbench.desktop.main.js:492:7022)
    at Pht.S (vscode-file://vscode-app/opt/visual-studio-code/resources/app/out/vs/workbench/workbench.desktop.main.js:3124:41686)
    at Pht.Q (vscode-file://vscode-app/opt/visual-studio-code/resources/app/out/vs/workbench/workbench.desktop.main.js:3124:41464)
    at Pht.M (vscode-file://vscode-app/opt/visual-studio-code/resources/app/out/vs/workbench/workbench.desktop.main.js:3124:40552)
    at Pht.L (vscode-file://vscode-app/opt/visual-studio-code/resources/app/out/vs/workbench/workbench.desktop.main.js:3124:39789)
2024-11-30 14:53:40.174 [warning] IGNORING workspace edit: Error: file:///home/anu/Documents/GitHub/things-ng/src/app/states/app.reducer.ts has changed in the meantime
