2024-11-17 18:37:37.993 [info] Extension host with pid 948276 started
2024-11-17 18:37:37.993 [info] Skipping acquiring lock for /home/anu/.config/Code/User/workspaceStorage/3feea9ff58c7930770fa771924ea1a14.
2024-11-17 18:37:38.300 [info] ExtensionService#_doActivateExtension vscode.emmet, startup: false, activationEvent: 'onLanguage'
2024-11-17 18:37:38.317 [info] ExtensionService#_doActivateExtension vscode.typescript-language-features, startup: false, activationEvent: 'onLanguage:typescript'
2024-11-17 18:37:38.364 [info] ExtensionService#_doActivateExtension YoavBls.pretty-ts-errors, startup: false, activationEvent: 'onLanguage:typescript'
2024-11-17 18:37:38.712 [info] ExtensionService#_doActivateExtension vscode.git-base, startup: true, activationEvent: '*', root cause: vscode.git
2024-11-17 18:37:38.715 [info] ExtensionService#_doActivateExtension christian-kohler.path-intellisense, startup: true, activationEvent: '*'
2024-11-17 18:37:38.725 [info] ExtensionService#_doActivateExtension formulahendry.auto-close-tag, startup: true, activationEvent: '*'
2024-11-17 18:37:38.726 [info] ExtensionService#_doActivateExtension formulahendry.auto-rename-tag, startup: true, activationEvent: '*'
2024-11-17 18:37:38.754 [info] ExtensionService#_doActivateExtension johnpapa.vscode-cloak, startup: true, activationEvent: '*'
2024-11-17 18:37:38.757 [info] ExtensionService#_doActivateExtension kamikillerto.vscode-colorize, startup: true, activationEvent: '*'
2024-11-17 18:37:38.766 [info] ExtensionService#_doActivateExtension oouo-diogo-perdigao.docthis, startup: true, activationEvent: '*'
2024-11-17 18:37:38.867 [info] ExtensionService#_doActivateExtension vscode.npm, startup: true, activationEvent: 'workspaceContains:package.json'
2024-11-17 18:37:38.977 [info] ExtensionService#_doActivateExtension vscode.git, startup: true, activationEvent: '*'
2024-11-17 18:37:39.053 [info] ExtensionService#_doActivateExtension vscode.github, startup: true, activationEvent: '*'
2024-11-17 18:37:39.258 [info] ExtensionService#_doActivateExtension pranaygp.vscode-css-peek, startup: true, activationEvent: 'workspaceContains:**/*.css,**/*.scss,**/*.sass,**/*.less'
2024-11-17 18:37:39.341 [info] ExtensionService#_doActivateExtension AykutSarac.jsoncrack-vscode, startup: true, activationEvent: 'workspaceContains:**/*.{json}'
2024-11-17 18:37:39.351 [info] ExtensionService#_doActivateExtension vscode.github-authentication, startup: false, activationEvent: 'onAuthenticationRequest:github'
2024-11-17 18:37:39.434 [info] ExtensionService#_doActivateExtension vdanchenkov.tailwind-class-sorter, startup: true, activationEvent: 'workspaceContains:**/tailwind.config.js'
2024-11-17 18:37:39.702 [info] Eager extensions activated
2024-11-17 18:37:39.717 [info] ExtensionService#_doActivateExtension vscode.debug-auto-launch, startup: false, activationEvent: 'onStartupFinished'
2024-11-17 18:37:39.719 [info] ExtensionService#_doActivateExtension vscode.merge-conflict, startup: false, activationEvent: 'onStartupFinished'
2024-11-17 18:37:39.735 [info] ExtensionService#_doActivateExtension aaron-bond.better-comments, startup: false, activationEvent: 'onStartupFinished'
2024-11-17 18:37:39.738 [info] ExtensionService#_doActivateExtension bradlc.vscode-tailwindcss, startup: false, activationEvent: 'onStartupFinished'
2024-11-17 18:37:39.773 [info] ExtensionService#_doActivateExtension Catppuccin.catppuccin-vsc, startup: false, activationEvent: 'onStartupFinished'
2024-11-17 18:37:39.777 [info] ExtensionService#_doActivateExtension eamodio.gitlens, startup: false, activationEvent: 'onStartupFinished'
2024-11-17 18:37:39.908 [info] ExtensionService#_doActivateExtension esbenp.prettier-vscode, startup: false, activationEvent: 'onStartupFinished'
2024-11-17 18:37:39.975 [info] ExtensionService#_doActivateExtension formulahendry.code-runner, startup: false, activationEvent: 'onStartupFinished'
2024-11-17 18:37:39.987 [info] ExtensionService#_doActivateExtension kisstkondoros.vscode-gutter-preview, startup: false, activationEvent: 'onStartupFinished'
2024-11-17 18:37:40.031 [info] ExtensionService#_doActivateExtension miguelsolorio.symbols, startup: false, activationEvent: 'onStartupFinished'
2024-11-17 18:37:40.036 [info] ExtensionService#_doActivateExtension PKief.material-icon-theme, startup: false, activationEvent: 'onStartupFinished'
2024-11-17 18:37:40.057 [info] ExtensionService#_doActivateExtension ritwickdey.LiveServer, startup: false, activationEvent: 'onStartupFinished'
2024-11-17 18:37:40.414 [info] ExtensionService#_doActivateExtension vscode.configuration-editing, startup: false, activationEvent: 'onLanguage:jsonc'
2024-11-17 18:37:40.429 [info] ExtensionService#_doActivateExtension vscode.json-language-features, startup: false, activationEvent: 'onLanguage:jsonc'
2024-11-17 18:37:44.715 [info] ExtensionService#_doActivateExtension vscode.extension-editing, startup: false, activationEvent: 'onLanguage:json'
2024-11-17 18:38:02.161 [info] ExtensionService#_doActivateExtension vscode.html-language-features, startup: false, activationEvent: 'onLanguage:html'
2024-11-17 18:39:49.344 [warning] TextEditor is closed/disposed
2024-11-17 18:42:12.896 [warning] TextEditor is closed/disposed
2024-11-17 18:42:42.358 [warning] TextEditor is closed/disposed
2024-11-17 18:43:12.204 [warning] TextEditor is closed/disposed
2024-11-17 18:43:26.691 [warning] TextEditor is closed/disposed
2024-11-17 18:43:28.756 [warning] TextEditor is closed/disposed
2024-11-17 18:43:34.492 [warning] TextEditor is closed/disposed
2024-11-17 18:43:35.831 [warning] TextEditor is closed/disposed
2024-11-17 18:43:51.879 [warning] TextEditor is closed/disposed
2024-11-17 18:43:59.672 [warning] TextEditor is closed/disposed
2024-11-17 18:43:59.701 [info] ExtensionService#_doActivateExtension vscode.css-language-features, startup: false, activationEvent: 'onLanguage:scss'
2024-11-17 18:44:05.977 [warning] TextEditor is closed/disposed
2024-11-17 18:44:34.378 [warning] TextEditor is closed/disposed
2024-11-17 18:44:37.665 [warning] TextEditor is closed/disposed
2024-11-17 18:45:08.611 [warning] TextEditor is closed/disposed
2024-11-17 18:45:19.274 [warning] TextEditor is closed/disposed
2024-11-17 18:49:00.004 [warning] TextEditor is closed/disposed
2024-11-17 18:49:09.124 [warning] TextEditor is closed/disposed
2024-11-17 18:50:11.228 [warning] TextEditor is closed/disposed
2024-11-17 18:50:35.872 [warning] TextEditor is closed/disposed
2024-11-17 18:51:03.319 [warning] TextEditor is closed/disposed
2024-11-17 18:54:23.877 [warning] TextEditor is closed/disposed
2024-11-17 18:54:55.933 [warning] TextEditor is closed/disposed
2024-11-17 18:55:15.751 [warning] TextEditor is closed/disposed
2024-11-17 19:00:30.105 [warning] TextEditor is closed/disposed
2024-11-17 19:00:42.050 [warning] TextEditor is closed/disposed
2024-11-17 19:02:09.170 [warning] TextEditor is closed/disposed
2024-11-17 19:02:09.767 [warning] TextEditor is closed/disposed
2024-11-17 19:02:28.215 [info] Extension host terminating: renderer closed the MessagePort
2024-11-17 19:02:28.271 [error] Canceled: Canceled
    at new tT (file:///opt/visual-studio-code/resources/app/out/vs/workbench/api/node/extensionHostProcess.js:31:108738)
    at py.U (file:///opt/visual-studio-code/resources/app/out/vs/workbench/api/node/extensionHostProcess.js:31:113348)
    at Proxy.s.<computed>.n.charCodeAt.s.<computed> (file:///opt/visual-studio-code/resources/app/out/vs/workbench/api/node/extensionHostProcess.js:31:110842)
    at Y0.g (file:///opt/visual-studio-code/resources/app/out/vs/workbench/api/node/extensionHostProcess.js:114:32313)
    at Y0.executeCommand (file:///opt/visual-studio-code/resources/app/out/vs/workbench/api/node/extensionHostProcess.js:114:31817)
    at r.registerCommand.description (file:///opt/visual-studio-code/resources/app/out/vs/workbench/api/node/extensionHostProcess.js:114:31147)
    at Y0.h (file:///opt/visual-studio-code/resources/app/out/vs/workbench/api/node/extensionHostProcess.js:114:32833)
    at Y0.g (file:///opt/visual-studio-code/resources/app/out/vs/workbench/api/node/extensionHostProcess.js:114:31910)
    at Y0.executeCommand (file:///opt/visual-studio-code/resources/app/out/vs/workbench/api/node/extensionHostProcess.js:114:31817)
    at Object.executeCommand (file:///opt/visual-studio-code/resources/app/out/vs/workbench/api/node/extensionHostProcess.js:156:37246)
    at mh.O [as value] (/opt/visual-studio-code/resources/app/extensions/git/dist/main.js:2:961845)
    at D.B (file:///opt/visual-studio-code/resources/app/out/vs/workbench/api/node/extensionHostProcess.js:29:746)
    at D.C (file:///opt/visual-studio-code/resources/app/out/vs/workbench/api/node/extensionHostProcess.js:29:816)
    at D.fire (file:///opt/visual-studio-code/resources/app/out/vs/workbench/api/node/extensionHostProcess.js:29:1033)
    at Object.p [as dispose] (/opt/visual-studio-code/resources/app/extensions/git/dist/main.js:2:983333)
    at /opt/visual-studio-code/resources/app/extensions/git/dist/main.js:2:989455
    at Array.forEach (<anonymous>)
    at b.dispose (/opt/visual-studio-code/resources/app/extensions/git/dist/main.js:2:989441)
    at V1.<anonymous> (file:///opt/visual-studio-code/resources/app/out/vs/workbench/api/node/extensionHostProcess.js:108:19994)
    at V1.dispose (file:///opt/visual-studio-code/resources/app/out/vs/workbench/api/node/extensionHostProcess.js:108:20090)
    at V1.<anonymous> (/opt/visual-studio-code/resources/app/extensions/git/dist/main.js:2:964255)
    at V1.dispose (file:///opt/visual-studio-code/resources/app/out/vs/workbench/api/node/extensionHostProcess.js:108:20090)
    at ci (file:///opt/visual-studio-code/resources/app/out/vs/workbench/api/node/extensionHostProcess.js:24:699)
    at file:///opt/visual-studio-code/resources/app/out/vs/workbench/api/node/extensionHostProcess.js:118:14992
    at file:///opt/visual-studio-code/resources/app/out/vs/workbench/api/node/extensionHostProcess.js:24:1009
    at Object.dispose (file:///opt/visual-studio-code/resources/app/out/vs/workbench/api/node/extensionHostProcess.js:7:2146)
    at z_.eb (file:///opt/visual-studio-code/resources/app/out/vs/workbench/api/node/extensionHostProcess.js:118:11919)
    at file:///opt/visual-studio-code/resources/app/out/vs/workbench/api/node/extensionHostProcess.js:118:9874
    at Array.map (<anonymous>)
    at z_.$ (file:///opt/visual-studio-code/resources/app/out/vs/workbench/api/node/extensionHostProcess.js:118:9862)
    at z_.terminate (file:///opt/visual-studio-code/resources/app/out/vs/workbench/api/node/extensionHostProcess.js:118:10105)
    at EC.terminate (file:///opt/visual-studio-code/resources/app/out/vs/workbench/api/node/extensionHostProcess.js:119:1424)
    at Zi (file:///opt/visual-studio-code/resources/app/out/vs/workbench/api/node/extensionHostProcess.js:174:15063)
    at MessagePortMain.<anonymous> (file:///opt/visual-studio-code/resources/app/out/vs/workbench/api/node/extensionHostProcess.js:174:11611)
    at MessagePortMain.emit (node:events:519:28)
    at Object.MessagePortMain._internalPort.emit (node:electron/js2c/utility_init:2:2949) setContext undefined
2024-11-17 19:02:28.274 [error] Canceled: Canceled
    at new tT (file:///opt/visual-studio-code/resources/app/out/vs/workbench/api/node/extensionHostProcess.js:31:108738)
    at py.U (file:///opt/visual-studio-code/resources/app/out/vs/workbench/api/node/extensionHostProcess.js:31:113348)
    at Proxy.s.<computed>.n.charCodeAt.s.<computed> (file:///opt/visual-studio-code/resources/app/out/vs/workbench/api/node/extensionHostProcess.js:31:110842)
    at Y0.g (file:///opt/visual-studio-code/resources/app/out/vs/workbench/api/node/extensionHostProcess.js:114:32313)
    at Y0.executeCommand (file:///opt/visual-studio-code/resources/app/out/vs/workbench/api/node/extensionHostProcess.js:114:31817)
    at r.registerCommand.description (file:///opt/visual-studio-code/resources/app/out/vs/workbench/api/node/extensionHostProcess.js:114:31147)
    at Y0.h (file:///opt/visual-studio-code/resources/app/out/vs/workbench/api/node/extensionHostProcess.js:114:32833)
    at Y0.g (file:///opt/visual-studio-code/resources/app/out/vs/workbench/api/node/extensionHostProcess.js:114:31910)
    at Y0.executeCommand (file:///opt/visual-studio-code/resources/app/out/vs/workbench/api/node/extensionHostProcess.js:114:31817)
    at Object.executeCommand (file:///opt/visual-studio-code/resources/app/out/vs/workbench/api/node/extensionHostProcess.js:156:37246)
    at a.VscodeDevShareProvider.set hasGitHubRepositories [as hasGitHubRepositories] (/opt/visual-studio-code/resources/app/extensions/github/dist/extension.js:2:328633)
    at /opt/visual-studio-code/resources/app/extensions/github/dist/extension.js:2:329592
    at mh.value (/opt/visual-studio-code/resources/app/extensions/git/dist/main.js:2:1073936)
    at D.B (file:///opt/visual-studio-code/resources/app/out/vs/workbench/api/node/extensionHostProcess.js:29:746)
    at D.C (file:///opt/visual-studio-code/resources/app/out/vs/workbench/api/node/extensionHostProcess.js:29:816)
    at D.fire (file:///opt/visual-studio-code/resources/app/out/vs/workbench/api/node/extensionHostProcess.js:29:1033)
    at Object.p [as dispose] (/opt/visual-studio-code/resources/app/extensions/git/dist/main.js:2:983333)
    at /opt/visual-studio-code/resources/app/extensions/git/dist/main.js:2:989455
    at Array.forEach (<anonymous>)
    at b.dispose (/opt/visual-studio-code/resources/app/extensions/git/dist/main.js:2:989441)
    at V1.<anonymous> (file:///opt/visual-studio-code/resources/app/out/vs/workbench/api/node/extensionHostProcess.js:108:19994)
    at V1.dispose (file:///opt/visual-studio-code/resources/app/out/vs/workbench/api/node/extensionHostProcess.js:108:20090)
    at V1.<anonymous> (/opt/visual-studio-code/resources/app/extensions/git/dist/main.js:2:964255)
    at V1.dispose (file:///opt/visual-studio-code/resources/app/out/vs/workbench/api/node/extensionHostProcess.js:108:20090)
    at ci (file:///opt/visual-studio-code/resources/app/out/vs/workbench/api/node/extensionHostProcess.js:24:699)
    at file:///opt/visual-studio-code/resources/app/out/vs/workbench/api/node/extensionHostProcess.js:118:14992
    at file:///opt/visual-studio-code/resources/app/out/vs/workbench/api/node/extensionHostProcess.js:24:1009
    at Object.dispose (file:///opt/visual-studio-code/resources/app/out/vs/workbench/api/node/extensionHostProcess.js:7:2146)
    at z_.eb (file:///opt/visual-studio-code/resources/app/out/vs/workbench/api/node/extensionHostProcess.js:118:11919)
    at file:///opt/visual-studio-code/resources/app/out/vs/workbench/api/node/extensionHostProcess.js:118:9874
    at Array.map (<anonymous>)
    at z_.$ (file:///opt/visual-studio-code/resources/app/out/vs/workbench/api/node/extensionHostProcess.js:118:9862)
    at z_.terminate (file:///opt/visual-studio-code/resources/app/out/vs/workbench/api/node/extensionHostProcess.js:118:10105)
    at EC.terminate (file:///opt/visual-studio-code/resources/app/out/vs/workbench/api/node/extensionHostProcess.js:119:1424)
    at Zi (file:///opt/visual-studio-code/resources/app/out/vs/workbench/api/node/extensionHostProcess.js:174:15063)
    at MessagePortMain.<anonymous> (file:///opt/visual-studio-code/resources/app/out/vs/workbench/api/node/extensionHostProcess.js:174:11611)
    at MessagePortMain.emit (node:events:519:28)
    at Object.MessagePortMain._internalPort.emit (node:electron/js2c/utility_init:2:2949) setContext undefined
2024-11-17 19:02:28.280 [error] Canceled: Canceled
    at new tT (file:///opt/visual-studio-code/resources/app/out/vs/workbench/api/node/extensionHostProcess.js:31:108738)
    at py.U (file:///opt/visual-studio-code/resources/app/out/vs/workbench/api/node/extensionHostProcess.js:31:113348)
    at Proxy.s.<computed>.n.charCodeAt.s.<computed> (file:///opt/visual-studio-code/resources/app/out/vs/workbench/api/node/extensionHostProcess.js:31:110842)
    at Y0.g (file:///opt/visual-studio-code/resources/app/out/vs/workbench/api/node/extensionHostProcess.js:114:32313)
    at Y0.executeCommand (file:///opt/visual-studio-code/resources/app/out/vs/workbench/api/node/extensionHostProcess.js:114:31817)
    at r.registerCommand.description (file:///opt/visual-studio-code/resources/app/out/vs/workbench/api/node/extensionHostProcess.js:114:31147)
    at Y0.h (file:///opt/visual-studio-code/resources/app/out/vs/workbench/api/node/extensionHostProcess.js:114:32833)
    at Y0.g (file:///opt/visual-studio-code/resources/app/out/vs/workbench/api/node/extensionHostProcess.js:114:31910)
    at Y0.executeCommand (file:///opt/visual-studio-code/resources/app/out/vs/workbench/api/node/extensionHostProcess.js:114:31817)
    at Object.executeCommand (file:///opt/visual-studio-code/resources/app/out/vs/workbench/api/node/extensionHostProcess.js:156:37246)
    at w (/home/anu/.vscode/extensions/eamodio.gitlens-15.5.1/dist/gitlens.js:1490:39724)
    at c (/home/anu/.vscode/extensions/eamodio.gitlens-15.5.1/dist/gitlens.js:1490:44783)
    at ActionRunners._updateContextKeys (/home/anu/.vscode/extensions/eamodio.gitlens-15.5.1/dist/gitlens.js:1120:19640)
    at s (/home/anu/.vscode/extensions/eamodio.gitlens-15.5.1/dist/gitlens.js:1120:18084)
    at RegisteredActionRunner.unregister (/home/anu/.vscode/extensions/eamodio.gitlens-15.5.1/dist/gitlens.js:1120:18227)
    at RegisteredActionRunner.dispose (/home/anu/.vscode/extensions/eamodio.gitlens-15.5.1/dist/gitlens.js:1120:16881)
    at ActionRunners.dispose (/home/anu/.vscode/extensions/eamodio.gitlens-15.5.1/dist/gitlens.js:1120:17667)
    at /home/anu/.vscode/extensions/eamodio.gitlens-15.5.1/dist/gitlens.js:1448:19381
    at Array.forEach (<anonymous>)
    at Object.dispose (/home/anu/.vscode/extensions/eamodio.gitlens-15.5.1/dist/gitlens.js:1448:19363)
    at ci (file:///opt/visual-studio-code/resources/app/out/vs/workbench/api/node/extensionHostProcess.js:24:699)
    at file:///opt/visual-studio-code/resources/app/out/vs/workbench/api/node/extensionHostProcess.js:118:14992
    at file:///opt/visual-studio-code/resources/app/out/vs/workbench/api/node/extensionHostProcess.js:24:1009
    at Object.dispose (file:///opt/visual-studio-code/resources/app/out/vs/workbench/api/node/extensionHostProcess.js:7:2146)
    at z_.eb (file:///opt/visual-studio-code/resources/app/out/vs/workbench/api/node/extensionHostProcess.js:118:11919)
    at file:///opt/visual-studio-code/resources/app/out/vs/workbench/api/node/extensionHostProcess.js:118:9874
    at Array.map (<anonymous>)
    at z_.$ (file:///opt/visual-studio-code/resources/app/out/vs/workbench/api/node/extensionHostProcess.js:118:9862)
    at z_.terminate (file:///opt/visual-studio-code/resources/app/out/vs/workbench/api/node/extensionHostProcess.js:118:10105)
    at EC.terminate (file:///opt/visual-studio-code/resources/app/out/vs/workbench/api/node/extensionHostProcess.js:119:1424)
    at Zi (file:///opt/visual-studio-code/resources/app/out/vs/workbench/api/node/extensionHostProcess.js:174:15063)
    at MessagePortMain.<anonymous> (file:///opt/visual-studio-code/resources/app/out/vs/workbench/api/node/extensionHostProcess.js:174:11611)
    at MessagePortMain.emit (node:events:519:28)
    at Object.MessagePortMain._internalPort.emit (node:electron/js2c/utility_init:2:2949) setContext undefined
2024-11-17 19:02:28.281 [error] Canceled: Canceled
    at new tT (file:///opt/visual-studio-code/resources/app/out/vs/workbench/api/node/extensionHostProcess.js:31:108738)
    at py.U (file:///opt/visual-studio-code/resources/app/out/vs/workbench/api/node/extensionHostProcess.js:31:113348)
    at Proxy.s.<computed>.n.charCodeAt.s.<computed> (file:///opt/visual-studio-code/resources/app/out/vs/workbench/api/node/extensionHostProcess.js:31:110842)
    at Y0.g (file:///opt/visual-studio-code/resources/app/out/vs/workbench/api/node/extensionHostProcess.js:114:32313)
    at Y0.executeCommand (file:///opt/visual-studio-code/resources/app/out/vs/workbench/api/node/extensionHostProcess.js:114:31817)
    at r.registerCommand.description (file:///opt/visual-studio-code/resources/app/out/vs/workbench/api/node/extensionHostProcess.js:114:31147)
    at Y0.h (file:///opt/visual-studio-code/resources/app/out/vs/workbench/api/node/extensionHostProcess.js:114:32833)
    at Y0.g (file:///opt/visual-studio-code/resources/app/out/vs/workbench/api/node/extensionHostProcess.js:114:31910)
    at Y0.executeCommand (file:///opt/visual-studio-code/resources/app/out/vs/workbench/api/node/extensionHostProcess.js:114:31817)
    at Object.executeCommand (file:///opt/visual-studio-code/resources/app/out/vs/workbench/api/node/extensionHostProcess.js:156:37246)
    at w (/home/anu/.vscode/extensions/eamodio.gitlens-15.5.1/dist/gitlens.js:1490:39724)
    at c (/home/anu/.vscode/extensions/eamodio.gitlens-15.5.1/dist/gitlens.js:1490:44783)
    at ActionRunners._updateContextKeys (/home/anu/.vscode/extensions/eamodio.gitlens-15.5.1/dist/gitlens.js:1120:19640)
    at s (/home/anu/.vscode/extensions/eamodio.gitlens-15.5.1/dist/gitlens.js:1120:18084)
    at RegisteredActionRunner.unregister (/home/anu/.vscode/extensions/eamodio.gitlens-15.5.1/dist/gitlens.js:1120:18227)
    at RegisteredActionRunner.dispose (/home/anu/.vscode/extensions/eamodio.gitlens-15.5.1/dist/gitlens.js:1120:16881)
    at ActionRunners.dispose (/home/anu/.vscode/extensions/eamodio.gitlens-15.5.1/dist/gitlens.js:1120:17667)
    at /home/anu/.vscode/extensions/eamodio.gitlens-15.5.1/dist/gitlens.js:1448:19381
    at Array.forEach (<anonymous>)
    at Object.dispose (/home/anu/.vscode/extensions/eamodio.gitlens-15.5.1/dist/gitlens.js:1448:19363)
    at ci (file:///opt/visual-studio-code/resources/app/out/vs/workbench/api/node/extensionHostProcess.js:24:699)
    at file:///opt/visual-studio-code/resources/app/out/vs/workbench/api/node/extensionHostProcess.js:118:14992
    at file:///opt/visual-studio-code/resources/app/out/vs/workbench/api/node/extensionHostProcess.js:24:1009
    at Object.dispose (file:///opt/visual-studio-code/resources/app/out/vs/workbench/api/node/extensionHostProcess.js:7:2146)
    at z_.eb (file:///opt/visual-studio-code/resources/app/out/vs/workbench/api/node/extensionHostProcess.js:118:11919)
    at file:///opt/visual-studio-code/resources/app/out/vs/workbench/api/node/extensionHostProcess.js:118:9874
    at Array.map (<anonymous>)
    at z_.$ (file:///opt/visual-studio-code/resources/app/out/vs/workbench/api/node/extensionHostProcess.js:118:9862)
    at z_.terminate (file:///opt/visual-studio-code/resources/app/out/vs/workbench/api/node/extensionHostProcess.js:118:10105)
    at EC.terminate (file:///opt/visual-studio-code/resources/app/out/vs/workbench/api/node/extensionHostProcess.js:119:1424)
    at Zi (file:///opt/visual-studio-code/resources/app/out/vs/workbench/api/node/extensionHostProcess.js:174:15063)
    at MessagePortMain.<anonymous> (file:///opt/visual-studio-code/resources/app/out/vs/workbench/api/node/extensionHostProcess.js:174:11611)
    at MessagePortMain.emit (node:events:519:28)
    at Object.MessagePortMain._internalPort.emit (node:electron/js2c/utility_init:2:2949) setContext undefined
2024-11-17 19:02:28.281 [error] Canceled: Canceled
    at new tT (file:///opt/visual-studio-code/resources/app/out/vs/workbench/api/node/extensionHostProcess.js:31:108738)
    at py.U (file:///opt/visual-studio-code/resources/app/out/vs/workbench/api/node/extensionHostProcess.js:31:113348)
    at Proxy.s.<computed>.n.charCodeAt.s.<computed> (file:///opt/visual-studio-code/resources/app/out/vs/workbench/api/node/extensionHostProcess.js:31:110842)
    at Y0.g (file:///opt/visual-studio-code/resources/app/out/vs/workbench/api/node/extensionHostProcess.js:114:32313)
    at Y0.executeCommand (file:///opt/visual-studio-code/resources/app/out/vs/workbench/api/node/extensionHostProcess.js:114:31817)
    at r.registerCommand.description (file:///opt/visual-studio-code/resources/app/out/vs/workbench/api/node/extensionHostProcess.js:114:31147)
    at Y0.h (file:///opt/visual-studio-code/resources/app/out/vs/workbench/api/node/extensionHostProcess.js:114:32833)
    at Y0.g (file:///opt/visual-studio-code/resources/app/out/vs/workbench/api/node/extensionHostProcess.js:114:31910)
    at Y0.executeCommand (file:///opt/visual-studio-code/resources/app/out/vs/workbench/api/node/extensionHostProcess.js:114:31817)
    at Object.executeCommand (file:///opt/visual-studio-code/resources/app/out/vs/workbench/api/node/extensionHostProcess.js:156:37246)
    at w (/home/anu/.vscode/extensions/eamodio.gitlens-15.5.1/dist/gitlens.js:1490:39724)
    at c (/home/anu/.vscode/extensions/eamodio.gitlens-15.5.1/dist/gitlens.js:1490:44783)
    at ActionRunners._updateContextKeys (/home/anu/.vscode/extensions/eamodio.gitlens-15.5.1/dist/gitlens.js:1120:19640)
    at s (/home/anu/.vscode/extensions/eamodio.gitlens-15.5.1/dist/gitlens.js:1120:18084)
    at RegisteredActionRunner.unregister (/home/anu/.vscode/extensions/eamodio.gitlens-15.5.1/dist/gitlens.js:1120:18227)
    at RegisteredActionRunner.dispose (/home/anu/.vscode/extensions/eamodio.gitlens-15.5.1/dist/gitlens.js:1120:16881)
    at ActionRunners.dispose (/home/anu/.vscode/extensions/eamodio.gitlens-15.5.1/dist/gitlens.js:1120:17667)
    at /home/anu/.vscode/extensions/eamodio.gitlens-15.5.1/dist/gitlens.js:1448:19381
    at Array.forEach (<anonymous>)
    at Object.dispose (/home/anu/.vscode/extensions/eamodio.gitlens-15.5.1/dist/gitlens.js:1448:19363)
    at ci (file:///opt/visual-studio-code/resources/app/out/vs/workbench/api/node/extensionHostProcess.js:24:699)
    at file:///opt/visual-studio-code/resources/app/out/vs/workbench/api/node/extensionHostProcess.js:118:14992
    at file:///opt/visual-studio-code/resources/app/out/vs/workbench/api/node/extensionHostProcess.js:24:1009
    at Object.dispose (file:///opt/visual-studio-code/resources/app/out/vs/workbench/api/node/extensionHostProcess.js:7:2146)
    at z_.eb (file:///opt/visual-studio-code/resources/app/out/vs/workbench/api/node/extensionHostProcess.js:118:11919)
    at file:///opt/visual-studio-code/resources/app/out/vs/workbench/api/node/extensionHostProcess.js:118:9874
    at Array.map (<anonymous>)
    at z_.$ (file:///opt/visual-studio-code/resources/app/out/vs/workbench/api/node/extensionHostProcess.js:118:9862)
    at z_.terminate (file:///opt/visual-studio-code/resources/app/out/vs/workbench/api/node/extensionHostProcess.js:118:10105)
    at EC.terminate (file:///opt/visual-studio-code/resources/app/out/vs/workbench/api/node/extensionHostProcess.js:119:1424)
    at Zi (file:///opt/visual-studio-code/resources/app/out/vs/workbench/api/node/extensionHostProcess.js:174:15063)
    at MessagePortMain.<anonymous> (file:///opt/visual-studio-code/resources/app/out/vs/workbench/api/node/extensionHostProcess.js:174:11611)
    at MessagePortMain.emit (node:events:519:28)
    at Object.MessagePortMain._internalPort.emit (node:electron/js2c/utility_init:2:2949) setContext undefined
2024-11-17 19:02:28.287 [error] Canceled: Canceled
    at new tT (file:///opt/visual-studio-code/resources/app/out/vs/workbench/api/node/extensionHostProcess.js:31:108738)
    at py.U (file:///opt/visual-studio-code/resources/app/out/vs/workbench/api/node/extensionHostProcess.js:31:113348)
    at Proxy.s.<computed>.n.charCodeAt.s.<computed> (file:///opt/visual-studio-code/resources/app/out/vs/workbench/api/node/extensionHostProcess.js:31:110842)
    at Y0.g (file:///opt/visual-studio-code/resources/app/out/vs/workbench/api/node/extensionHostProcess.js:114:32313)
    at Y0.executeCommand (file:///opt/visual-studio-code/resources/app/out/vs/workbench/api/node/extensionHostProcess.js:114:31817)
    at r.registerCommand.description (file:///opt/visual-studio-code/resources/app/out/vs/workbench/api/node/extensionHostProcess.js:114:31147)
    at Y0.h (file:///opt/visual-studio-code/resources/app/out/vs/workbench/api/node/extensionHostProcess.js:114:32833)
    at Y0.g (file:///opt/visual-studio-code/resources/app/out/vs/workbench/api/node/extensionHostProcess.js:114:31910)
    at Y0.executeCommand (file:///opt/visual-studio-code/resources/app/out/vs/workbench/api/node/extensionHostProcess.js:114:31817)
    at Object.executeCommand (file:///opt/visual-studio-code/resources/app/out/vs/workbench/api/node/extensionHostProcess.js:156:37246)
    at pE (/home/anu/.vscode/extensions/bradlc.vscode-tailwindcss-0.12.6/dist/extension.js:40:8764)
    at Ne (/home/anu/.vscode/extensions/bradlc.vscode-tailwindcss-0.12.6/dist/extension.js:4:1357)
    at me (/home/anu/.vscode/extensions/bradlc.vscode-tailwindcss-0.12.6/dist/extension.js:3:6845)
    at Immediate.<anonymous> (/home/anu/.vscode/extensions/bradlc.vscode-tailwindcss-0.12.6/dist/extension.js:3:6723)
    at processImmediate (node:internal/timers:483:21) setContext undefined
2024-11-17 19:02:28.300 [error] Error: Channel has been closed
    at s (file:///opt/visual-studio-code/resources/app/out/vs/workbench/api/node/extensionHostProcess.js:120:2431)
    at Object.appendLine (file:///opt/visual-studio-code/resources/app/out/vs/workbench/api/node/extensionHostProcess.js:120:2570)
    at D.logOutputMessage (/opt/visual-studio-code/resources/app/extensions/json-language-features/client/dist/node/jsonClientMain.js:1:285192)
    at D.info (/opt/visual-studio-code/resources/app/extensions/json-language-features/client/dist/node/jsonClientMain.js:1:284925)
    at ChildProcess.<anonymous> (/opt/visual-studio-code/resources/app/extensions/json-language-features/client/dist/node/jsonClientMain.js:1:503028)
    at ChildProcess.emit (node:events:519:28)
    at Process.ChildProcess._handle.onexit (node:internal/child_process:294:12)
2024-11-17 19:02:28.303 [error] Error: Channel has been closed
    at s (file:///opt/visual-studio-code/resources/app/out/vs/workbench/api/node/extensionHostProcess.js:120:2431)
    at Object.appendLine (file:///opt/visual-studio-code/resources/app/out/vs/workbench/api/node/extensionHostProcess.js:120:2570)
    at D.logOutputMessage (/opt/visual-studio-code/resources/app/extensions/html-language-features/client/dist/node/htmlClientMain.js:1:264641)
    at D.info (/opt/visual-studio-code/resources/app/extensions/html-language-features/client/dist/node/htmlClientMain.js:1:264374)
    at ChildProcess.<anonymous> (/opt/visual-studio-code/resources/app/extensions/html-language-features/client/dist/node/htmlClientMain.js:1:482477)
    at ChildProcess.emit (node:events:519:28)
    at Process.ChildProcess._handle.onexit (node:internal/child_process:294:12)
2024-11-17 19:02:28.304 [info] Extension host with pid 948276 exiting with code 0
