2024-11-08 20:46:51.543 [info] Using settings sync service https://vscode-sync.trafficmanager.net/
2024-11-08 20:46:51.543 [info] Auto Sync is enabled.
2024-11-08 20:46:51.543 [info] Auto Sync: Suspended until auth token is available.
2024-11-08 20:46:52.609 [info] Auto Sync: Triggered by Interval
2024-11-08 20:46:52.610 [info] Sync started.
2024-11-08 20:46:53.195 [info] Settings: No changes found during synchronizing settings.
2024-11-08 20:46:53.202 [info] Keybindings: No changes found during synchronizing keybindings.
2024-11-08 20:46:53.205 [info] Snippets: No changes found during synchronizing snippets.
2024-11-08 20:46:53.206 [info] Tasks: No changes found during synchronizing tasks.
2024-11-08 20:46:53.210 [info] GlobalState: No changes found during synchronizing ui state.
2024-11-08 20:46:53.246 [info] Extensions: No changes found during synchronizing extensions.
2024-11-08 20:46:53.248 [info] Profiles: No changes found during synchronizing profiles.
2024-11-08 20:46:53.249 [info] Sync done. Took 643ms
2024-11-08 20:47:07.039 [info] Auto Sync: Triggered by Activity
2024-11-08 20:47:07.040 [info] Sync started.
2024-11-08 20:47:07.819 [info] Settings: Updated remote settings
2024-11-08 20:47:07.829 [info] Settings: Updated last synchronized settings
2024-11-08 20:47:07.831 [info] Keybindings: No changes found during synchronizing keybindings.
2024-11-08 20:47:07.832 [info] Snippets: No changes found during synchronizing snippets.
2024-11-08 20:47:07.833 [info] Tasks: No changes found during synchronizing tasks.
2024-11-08 20:47:09.099 [info] GlobalState: Updated remote ui state. Updated: colorThemeData.
2024-11-08 20:47:09.110 [info] GlobalState: Updated last synchronized ui state
