2024-11-14 09:23:39.896 [info] Added views:outline in workbench.view.explorer
2024-11-14 09:23:39.897 [info] Added views:workbench.view.search in workbench.view.search
2024-11-14 09:23:39.897 [info] Added views:workbench.scm in workbench.view.scm
2024-11-14 09:23:39.897 [info] Added views:workbench.panel.markers.view in workbench.panel.markers
2024-11-14 09:23:39.897 [info] Added views:workbench.panel.output in workbench.panel.output
2024-11-14 09:23:39.897 [info] Added views:terminal in terminal
2024-11-14 09:23:39.897 [info] Added views:timeline in workbench.view.explorer
2024-11-14 09:23:39.897 [info] Added views:workbench.explorer.openEditorsView,workbench.explorer.fileView in workbench.view.explorer
2024-11-14 09:23:40.276 [info] Added views:gitlens.views.home,gitlens.views.workspaces,gitlens.views.account in workbench.view.extension.gitlens
2024-11-14 09:23:40.277 [info] Added views:gitlens.views.commitDetails,gitlens.views.lineHistory,gitlens.views.fileHistory,gitlens.views.searchAndCompare in workbench.view.extension.gitlensInspect
2024-11-14 09:23:40.277 [info] Added views:gitlens.views.commits,gitlens.views.branches,gitlens.views.remotes,gitlens.views.stashes,gitlens.views.tags,gitlens.views.contributors in workbench.view.scm
2024-11-14 09:23:40.444 [info] Added views:workbench.debug.variablesView,workbench.debug.watchExpressionsView,workbench.debug.callStackView,workbench.debug.breakPointsView in workbench.view.debug
2024-11-14 09:23:40.549 [info] Added views:workbench.panel.repl.view in workbench.panel.repl
2024-11-14 09:23:40.549 [info] Removed views:workbench.debug.breakPointsView,workbench.debug.callStackView,workbench.debug.watchExpressionsView,workbench.debug.variablesView from workbench.view.debug
2024-11-14 09:23:40.549 [info] Added views:workbench.debug.welcome in workbench.view.debug
2024-11-14 09:23:40.596 [info] Added views:~remote.forwardedPorts in ~remote.forwardedPortsContainer
2024-11-14 09:23:41.662 [info] Removed views:gitlens.views.searchAndCompare,gitlens.views.fileHistory,gitlens.views.lineHistory,gitlens.views.commitDetails from workbench.view.extension.gitlensInspect
2024-11-14 09:23:41.664 [info] Removed views:gitlens.views.contributors,gitlens.views.tags,gitlens.views.stashes,gitlens.views.remotes,gitlens.views.branches,gitlens.views.commits from workbench.view.scm
2024-11-14 09:23:41.715 [info] Added views:gitlens.views.drafts in workbench.view.extension.gitlens
2024-11-14 09:23:41.727 [info] Added views:gitlens.views.commitDetails,gitlens.views.lineHistory,gitlens.views.fileHistory,gitlens.views.searchAndCompare in workbench.view.extension.gitlensInspect
2024-11-14 09:23:41.728 [info] Added views:gitlens.views.commits,gitlens.views.branches,gitlens.views.remotes,gitlens.views.stashes,gitlens.views.tags,gitlens.views.contributors in workbench.view.scm
2024-11-14 09:23:44.010 [info] Added views:gitlens.views.graph,gitlens.views.graphDetails in workbench.view.extension.gitlensPanel
2024-11-14 09:23:44.010 [info] Added views:gitlens.views.timeline in workbench.view.extension.gitlensInspect
2024-11-14 09:23:44.011 [info] Added views:gitlens.views.worktrees in workbench.view.scm
2024-11-14 09:23:44.030 [info] Added views:workbench.views.extensions.installed,workbench.views.extensions.popular,extensions.recommendedList in workbench.view.extensions
2024-11-14 09:23:44.031 [info] Removed views:workbench.views.extensions.popular from workbench.view.extensions
2024-11-14 09:23:46.160 [info] Removed views:extensions.recommendedList,workbench.views.extensions.installed from workbench.view.extensions
2024-11-14 09:23:46.167 [info] Added views:workbench.views.extensions.marketplace in workbench.view.extensions
2024-11-14 09:23:52.399 [info] Removed views:workbench.panel.repl.view from workbench.panel.repl
2024-11-14 09:23:52.614 [info] Added views:workbench.panel.repl.view in workbench.panel.repl
2024-11-14 09:24:00.633 [info] Removed views:workbench.views.extensions.marketplace from workbench.view.extensions
2024-11-14 09:24:00.643 [info] Added views:workbench.views.extensions.installed,extensions.recommendedList in workbench.view.extensions
2024-11-14 09:24:02.869 [info] Removed views:extensions.recommendedList,workbench.views.extensions.installed from workbench.view.extensions
2024-11-14 09:24:02.874 [info] Added views:workbench.views.extensions.marketplace in workbench.view.extensions
2024-11-14 09:24:24.509 [info] Removed views:workbench.panel.repl.view from workbench.panel.repl
2024-11-14 09:24:24.548 [info] Added views:workbench.panel.repl.view in workbench.panel.repl
