2024-06-26T14:24:25.562Z [Modules] Modules initializing
2024-06-26T14:24:25.562Z [Modules] Distribution: remote
2024-06-26T14:24:25.562Z [Modules] Host updates: enabled
2024-06-26T14:24:25.562Z [Modules] Module updates: enabled
2024-06-26T14:24:25.563Z [Modules] Module install path: /home/anu/.config/discord/0.0.58/modules
2024-06-26T14:24:25.563Z [Modules] Module installed file path: /home/anu/.config/discord/0.0.58/modules/installed.json
2024-06-26T14:24:25.563Z [Modules] Module download path: /home/anu/.config/discord/0.0.58/modules/pending
2024-06-26T14:24:25.821Z [Modules] Bootstrapping...
2024-06-26T14:24:25.822Z [Modules] Installing discord_desktop_core@0 from /opt/discord/resources/bootstrap/discord_desktop_core.zip
2024-06-26T14:24:25.825Z [Modules] Failed installing discord_desktop_core@0: Error: ENOENT: no such file or directory, open '/opt/discord/resources/bootstrap/discord_desktop_core.zip'
2024-06-26T14:24:25.826Z [Modules] Installing discord_erlpack@0 from /opt/discord/resources/bootstrap/discord_erlpack.zip
2024-06-26T14:24:25.827Z [Modules] Failed installing discord_erlpack@0: Error: ENOENT: no such file or directory, open '/opt/discord/resources/bootstrap/discord_erlpack.zip'
2024-06-26T14:24:25.828Z [Modules] Installing discord_spellcheck@0 from /opt/discord/resources/bootstrap/discord_spellcheck.zip
2024-06-26T14:24:25.830Z [Modules] Failed installing discord_spellcheck@0: Error: ENOENT: no such file or directory, open '/opt/discord/resources/bootstrap/discord_spellcheck.zip'
2024-06-26T14:24:25.830Z [Modules] Installing discord_utils@0 from /opt/discord/resources/bootstrap/discord_utils.zip
2024-06-26T14:24:25.831Z [Modules] Failed installing discord_utils@0: Error: ENOENT: no such file or directory, open '/opt/discord/resources/bootstrap/discord_utils.zip'
2024-06-26T14:24:25.831Z [Modules] Installing discord_voice@0 from /opt/discord/resources/bootstrap/discord_voice.zip
2024-06-26T14:24:25.832Z [Modules] Failed installing discord_voice@0: Error: ENOENT: no such file or directory, open '/opt/discord/resources/bootstrap/discord_voice.zip'
2024-06-26T14:24:25.832Z [Modules] Installing discord_zstd@0 from /opt/discord/resources/bootstrap/discord_zstd.zip
2024-06-26T14:24:25.833Z [Modules] Failed installing discord_zstd@0: Error: ENOENT: no such file or directory, open '/opt/discord/resources/bootstrap/discord_zstd.zip'
2024-06-26T14:24:25.833Z [Modules] Finished module installations. [success: 0] [failure: 6]
2024-06-26T14:24:25.833Z [Modules] Checking for host updates.
2024-06-26T14:24:26.376Z [Modules] Host is up to date.
2024-06-26T14:24:26.376Z [Modules] Checking for module updates at https://discord.com/api/modules/stable/versions.json
2024-06-26T14:24:26.891Z [Modules] Module update available: discord_desktop_core@1 [installed: 0]
2024-06-26T14:24:26.892Z [Modules] Module update available: discord_erlpack@1 [installed: 0]
2024-06-26T14:24:26.892Z [Modules] Module update available: discord_spellcheck@1 [installed: 0]
2024-06-26T14:24:26.892Z [Modules] Module update available: discord_utils@1 [installed: 0]
2024-06-26T14:24:26.892Z [Modules] Module update available: discord_voice@1 [installed: 0]
2024-06-26T14:24:26.892Z [Modules] Module update available: discord_zstd@1 [installed: 0]
2024-06-26T14:24:26.892Z [Modules] Fetching discord_desktop_core@1 from https://discord.com/api/modules/stable/discord_desktop_core/1
2024-06-26T14:24:26.892Z [Modules] Streaming discord_desktop_core@1 to /home/anu/.config/discord/0.0.58/modules/pending/discord_desktop_core-1.zip
2024-06-26T14:24:28.201Z [Modules] Streaming discord_desktop_core@1 to /home/anu/.config/discord/0.0.58/modules/pending/discord_desktop_core-1.zip: 1%
2024-06-26T14:24:28.269Z [Modules] Streaming discord_desktop_core@1 to /home/anu/.config/discord/0.0.58/modules/pending/discord_desktop_core-1.zip: 2%
2024-06-26T14:24:28.375Z [Modules] Streaming discord_desktop_core@1 to /home/anu/.config/discord/0.0.58/modules/pending/discord_desktop_core-1.zip: 3%
2024-06-26T14:24:28.436Z [Modules] Streaming discord_desktop_core@1 to /home/anu/.config/discord/0.0.58/modules/pending/discord_desktop_core-1.zip: 4%
2024-06-26T14:24:28.484Z [Modules] Streaming discord_desktop_core@1 to /home/anu/.config/discord/0.0.58/modules/pending/discord_desktop_core-1.zip: 5%
2024-06-26T14:24:28.512Z [Modules] Streaming discord_desktop_core@1 to /home/anu/.config/discord/0.0.58/modules/pending/discord_desktop_core-1.zip: 6%
2024-06-26T14:24:28.544Z [Modules] Streaming discord_desktop_core@1 to /home/anu/.config/discord/0.0.58/modules/pending/discord_desktop_core-1.zip: 7%
2024-06-26T14:24:28.579Z [Modules] Streaming discord_desktop_core@1 to /home/anu/.config/discord/0.0.58/modules/pending/discord_desktop_core-1.zip: 8%
2024-06-26T14:24:28.767Z [Modules] Streaming discord_desktop_core@1 to /home/anu/.config/discord/0.0.58/modules/pending/discord_desktop_core-1.zip: 11%
2024-06-26T14:24:28.767Z [Modules] Streaming discord_desktop_core@1 to /home/anu/.config/discord/0.0.58/modules/pending/discord_desktop_core-1.zip: 12%
2024-06-26T14:24:28.851Z [Modules] Streaming discord_desktop_core@1 to /home/anu/.config/discord/0.0.58/modules/pending/discord_desktop_core-1.zip: 13%
2024-06-26T14:24:28.868Z [Modules] Streaming discord_desktop_core@1 to /home/anu/.config/discord/0.0.58/modules/pending/discord_desktop_core-1.zip: 14%
2024-06-26T14:24:28.885Z [Modules] Streaming discord_desktop_core@1 to /home/anu/.config/discord/0.0.58/modules/pending/discord_desktop_core-1.zip: 15%
2024-06-26T14:24:29.055Z [Modules] Streaming discord_desktop_core@1 to /home/anu/.config/discord/0.0.58/modules/pending/discord_desktop_core-1.zip: 18%
2024-06-26T14:24:29.056Z [Modules] Streaming discord_desktop_core@1 to /home/anu/.config/discord/0.0.58/modules/pending/discord_desktop_core-1.zip: 31%
2024-06-26T14:24:29.057Z [Modules] Streaming discord_desktop_core@1 to /home/anu/.config/discord/0.0.58/modules/pending/discord_desktop_core-1.zip: 32%
2024-06-26T14:24:29.064Z [Modules] Streaming discord_desktop_core@1 to /home/anu/.config/discord/0.0.58/modules/pending/discord_desktop_core-1.zip: 33%
2024-06-26T14:24:29.212Z [Modules] Streaming discord_desktop_core@1 to /home/anu/.config/discord/0.0.58/modules/pending/discord_desktop_core-1.zip: 34%
2024-06-26T14:24:29.216Z [Modules] Streaming discord_desktop_core@1 to /home/anu/.config/discord/0.0.58/modules/pending/discord_desktop_core-1.zip: 35%
2024-06-26T14:24:29.219Z [Modules] Streaming discord_desktop_core@1 to /home/anu/.config/discord/0.0.58/modules/pending/discord_desktop_core-1.zip: 36%
2024-06-26T14:24:29.227Z [Modules] Streaming discord_desktop_core@1 to /home/anu/.config/discord/0.0.58/modules/pending/discord_desktop_core-1.zip: 37%
2024-06-26T14:24:29.231Z [Modules] Streaming discord_desktop_core@1 to /home/anu/.config/discord/0.0.58/modules/pending/discord_desktop_core-1.zip: 38%
2024-06-26T14:24:29.234Z [Modules] Streaming discord_desktop_core@1 to /home/anu/.config/discord/0.0.58/modules/pending/discord_desktop_core-1.zip: 39%
2024-06-26T14:24:29.243Z [Modules] Streaming discord_desktop_core@1 to /home/anu/.config/discord/0.0.58/modules/pending/discord_desktop_core-1.zip: 40%
2024-06-26T14:24:29.246Z [Modules] Streaming discord_desktop_core@1 to /home/anu/.config/discord/0.0.58/modules/pending/discord_desktop_core-1.zip: 41%
2024-06-26T14:24:29.249Z [Modules] Streaming discord_desktop_core@1 to /home/anu/.config/discord/0.0.58/modules/pending/discord_desktop_core-1.zip: 42%
2024-06-26T14:24:29.258Z [Modules] Streaming discord_desktop_core@1 to /home/anu/.config/discord/0.0.58/modules/pending/discord_desktop_core-1.zip: 43%
2024-06-26T14:24:29.260Z [Modules] Streaming discord_desktop_core@1 to /home/anu/.config/discord/0.0.58/modules/pending/discord_desktop_core-1.zip: 44%
2024-06-26T14:24:29.265Z [Modules] Streaming discord_desktop_core@1 to /home/anu/.config/discord/0.0.58/modules/pending/discord_desktop_core-1.zip: 45%
2024-06-26T14:24:29.274Z [Modules] Streaming discord_desktop_core@1 to /home/anu/.config/discord/0.0.58/modules/pending/discord_desktop_core-1.zip: 46%
2024-06-26T14:24:29.279Z [Modules] Streaming discord_desktop_core@1 to /home/anu/.config/discord/0.0.58/modules/pending/discord_desktop_core-1.zip: 47%
2024-06-26T14:24:29.281Z [Modules] Streaming discord_desktop_core@1 to /home/anu/.config/discord/0.0.58/modules/pending/discord_desktop_core-1.zip: 48%
2024-06-26T14:24:29.288Z [Modules] Streaming discord_desktop_core@1 to /home/anu/.config/discord/0.0.58/modules/pending/discord_desktop_core-1.zip: 49%
2024-06-26T14:24:29.292Z [Modules] Streaming discord_desktop_core@1 to /home/anu/.config/discord/0.0.58/modules/pending/discord_desktop_core-1.zip: 50%
2024-06-26T14:24:29.295Z [Modules] Streaming discord_desktop_core@1 to /home/anu/.config/discord/0.0.58/modules/pending/discord_desktop_core-1.zip: 51%
2024-06-26T14:24:29.306Z [Modules] Streaming discord_desktop_core@1 to /home/anu/.config/discord/0.0.58/modules/pending/discord_desktop_core-1.zip: 52%
2024-06-26T14:24:29.307Z [Modules] Streaming discord_desktop_core@1 to /home/anu/.config/discord/0.0.58/modules/pending/discord_desktop_core-1.zip: 53%
2024-06-26T14:24:29.310Z [Modules] Streaming discord_desktop_core@1 to /home/anu/.config/discord/0.0.58/modules/pending/discord_desktop_core-1.zip: 54%
2024-06-26T14:24:29.317Z [Modules] Streaming discord_desktop_core@1 to /home/anu/.config/discord/0.0.58/modules/pending/discord_desktop_core-1.zip: 55%
2024-06-26T14:24:29.320Z [Modules] Streaming discord_desktop_core@1 to /home/anu/.config/discord/0.0.58/modules/pending/discord_desktop_core-1.zip: 56%
2024-06-26T14:24:29.360Z [Modules] Streaming discord_desktop_core@1 to /home/anu/.config/discord/0.0.58/modules/pending/discord_desktop_core-1.zip: 57%
2024-06-26T14:24:29.363Z [Modules] Streaming discord_desktop_core@1 to /home/anu/.config/discord/0.0.58/modules/pending/discord_desktop_core-1.zip: 58%
2024-06-26T14:24:29.366Z [Modules] Streaming discord_desktop_core@1 to /home/anu/.config/discord/0.0.58/modules/pending/discord_desktop_core-1.zip: 59%
2024-06-26T14:24:29.374Z [Modules] Streaming discord_desktop_core@1 to /home/anu/.config/discord/0.0.58/modules/pending/discord_desktop_core-1.zip: 60%
2024-06-26T14:24:29.377Z [Modules] Streaming discord_desktop_core@1 to /home/anu/.config/discord/0.0.58/modules/pending/discord_desktop_core-1.zip: 61%
2024-06-26T14:24:29.380Z [Modules] Streaming discord_desktop_core@1 to /home/anu/.config/discord/0.0.58/modules/pending/discord_desktop_core-1.zip: 62%
2024-06-26T14:24:29.388Z [Modules] Streaming discord_desktop_core@1 to /home/anu/.config/discord/0.0.58/modules/pending/discord_desktop_core-1.zip: 63%
2024-06-26T14:24:29.391Z [Modules] Streaming discord_desktop_core@1 to /home/anu/.config/discord/0.0.58/modules/pending/discord_desktop_core-1.zip: 64%
2024-06-26T14:24:29.394Z [Modules] Streaming discord_desktop_core@1 to /home/anu/.config/discord/0.0.58/modules/pending/discord_desktop_core-1.zip: 65%
2024-06-26T14:24:29.402Z [Modules] Streaming discord_desktop_core@1 to /home/anu/.config/discord/0.0.58/modules/pending/discord_desktop_core-1.zip: 66%
2024-06-26T14:24:29.405Z [Modules] Streaming discord_desktop_core@1 to /home/anu/.config/discord/0.0.58/modules/pending/discord_desktop_core-1.zip: 67%
2024-06-26T14:24:29.408Z [Modules] Streaming discord_desktop_core@1 to /home/anu/.config/discord/0.0.58/modules/pending/discord_desktop_core-1.zip: 68%
2024-06-26T14:24:29.416Z [Modules] Streaming discord_desktop_core@1 to /home/anu/.config/discord/0.0.58/modules/pending/discord_desktop_core-1.zip: 69%
2024-06-26T14:24:29.419Z [Modules] Streaming discord_desktop_core@1 to /home/anu/.config/discord/0.0.58/modules/pending/discord_desktop_core-1.zip: 70%
2024-06-26T14:24:29.423Z [Modules] Streaming discord_desktop_core@1 to /home/anu/.config/discord/0.0.58/modules/pending/discord_desktop_core-1.zip: 71%
2024-06-26T14:24:29.430Z [Modules] Streaming discord_desktop_core@1 to /home/anu/.config/discord/0.0.58/modules/pending/discord_desktop_core-1.zip: 72%
2024-06-26T14:24:29.432Z [Modules] Streaming discord_desktop_core@1 to /home/anu/.config/discord/0.0.58/modules/pending/discord_desktop_core-1.zip: 73%
2024-06-26T14:24:29.437Z [Modules] Streaming discord_desktop_core@1 to /home/anu/.config/discord/0.0.58/modules/pending/discord_desktop_core-1.zip: 74%
2024-06-26T14:24:29.443Z [Modules] Streaming discord_desktop_core@1 to /home/anu/.config/discord/0.0.58/modules/pending/discord_desktop_core-1.zip: 75%
2024-06-26T14:24:29.446Z [Modules] Streaming discord_desktop_core@1 to /home/anu/.config/discord/0.0.58/modules/pending/discord_desktop_core-1.zip: 76%
2024-06-26T14:24:29.450Z [Modules] Streaming discord_desktop_core@1 to /home/anu/.config/discord/0.0.58/modules/pending/discord_desktop_core-1.zip: 77%
2024-06-26T14:24:29.454Z [Modules] Streaming discord_desktop_core@1 to /home/anu/.config/discord/0.0.58/modules/pending/discord_desktop_core-1.zip: 78%
2024-06-26T14:24:29.456Z [Modules] Streaming discord_desktop_core@1 to /home/anu/.config/discord/0.0.58/modules/pending/discord_desktop_core-1.zip: 79%
2024-06-26T14:24:29.463Z [Modules] Streaming discord_desktop_core@1 to /home/anu/.config/discord/0.0.58/modules/pending/discord_desktop_core-1.zip: 80%
2024-06-26T14:24:29.465Z [Modules] Streaming discord_desktop_core@1 to /home/anu/.config/discord/0.0.58/modules/pending/discord_desktop_core-1.zip: 81%
2024-06-26T14:24:29.468Z [Modules] Streaming discord_desktop_core@1 to /home/anu/.config/discord/0.0.58/modules/pending/discord_desktop_core-1.zip: 82%
2024-06-26T14:24:29.473Z [Modules] Streaming discord_desktop_core@1 to /home/anu/.config/discord/0.0.58/modules/pending/discord_desktop_core-1.zip: 83%
2024-06-26T14:24:29.475Z [Modules] Streaming discord_desktop_core@1 to /home/anu/.config/discord/0.0.58/modules/pending/discord_desktop_core-1.zip: 84%
2024-06-26T14:24:29.478Z [Modules] Streaming discord_desktop_core@1 to /home/anu/.config/discord/0.0.58/modules/pending/discord_desktop_core-1.zip: 85%
2024-06-26T14:24:29.483Z [Modules] Streaming discord_desktop_core@1 to /home/anu/.config/discord/0.0.58/modules/pending/discord_desktop_core-1.zip: 86%
2024-06-26T14:24:29.485Z [Modules] Streaming discord_desktop_core@1 to /home/anu/.config/discord/0.0.58/modules/pending/discord_desktop_core-1.zip: 87%
2024-06-26T14:24:29.488Z [Modules] Streaming discord_desktop_core@1 to /home/anu/.config/discord/0.0.58/modules/pending/discord_desktop_core-1.zip: 88%
2024-06-26T14:24:29.493Z [Modules] Streaming discord_desktop_core@1 to /home/anu/.config/discord/0.0.58/modules/pending/discord_desktop_core-1.zip: 89%
2024-06-26T14:24:29.495Z [Modules] Streaming discord_desktop_core@1 to /home/anu/.config/discord/0.0.58/modules/pending/discord_desktop_core-1.zip: 90%
2024-06-26T14:24:29.497Z [Modules] Streaming discord_desktop_core@1 to /home/anu/.config/discord/0.0.58/modules/pending/discord_desktop_core-1.zip: 91%
2024-06-26T14:24:29.502Z [Modules] Streaming discord_desktop_core@1 to /home/anu/.config/discord/0.0.58/modules/pending/discord_desktop_core-1.zip: 92%
2024-06-26T14:24:29.505Z [Modules] Streaming discord_desktop_core@1 to /home/anu/.config/discord/0.0.58/modules/pending/discord_desktop_core-1.zip: 93%
2024-06-26T14:24:29.509Z [Modules] Streaming discord_desktop_core@1 to /home/anu/.config/discord/0.0.58/modules/pending/discord_desktop_core-1.zip: 94%
2024-06-26T14:24:29.510Z [Modules] Streaming discord_desktop_core@1 to /home/anu/.config/discord/0.0.58/modules/pending/discord_desktop_core-1.zip: 95%
2024-06-26T14:24:29.516Z [Modules] Streaming discord_desktop_core@1 to /home/anu/.config/discord/0.0.58/modules/pending/discord_desktop_core-1.zip: 97%
2024-06-26T14:24:29.519Z [Modules] Streaming discord_desktop_core@1 to /home/anu/.config/discord/0.0.58/modules/pending/discord_desktop_core-1.zip: 99%
2024-06-26T14:24:29.520Z [Modules] Streaming discord_desktop_core@1 to /home/anu/.config/discord/0.0.58/modules/pending/discord_desktop_core-1.zip: 100%
2024-06-26T14:24:29.521Z [Modules] Fetching discord_erlpack@1 from https://discord.com/api/modules/stable/discord_erlpack/1
2024-06-26T14:24:29.521Z [Modules] Streaming discord_erlpack@1 to /home/anu/.config/discord/0.0.58/modules/pending/discord_erlpack-1.zip
2024-06-26T14:24:30.094Z [Modules] Streaming discord_erlpack@1 to /home/anu/.config/discord/0.0.58/modules/pending/discord_erlpack-1.zip: 3%
2024-06-26T14:24:30.098Z [Modules] Streaming discord_erlpack@1 to /home/anu/.config/discord/0.0.58/modules/pending/discord_erlpack-1.zip: 6%
2024-06-26T14:24:30.102Z [Modules] Streaming discord_erlpack@1 to /home/anu/.config/discord/0.0.58/modules/pending/discord_erlpack-1.zip: 9%
2024-06-26T14:24:30.105Z [Modules] Streaming discord_erlpack@1 to /home/anu/.config/discord/0.0.58/modules/pending/discord_erlpack-1.zip: 11%
2024-06-26T14:24:30.107Z [Modules] Streaming discord_erlpack@1 to /home/anu/.config/discord/0.0.58/modules/pending/discord_erlpack-1.zip: 12%
2024-06-26T14:24:30.109Z [Modules] Streaming discord_erlpack@1 to /home/anu/.config/discord/0.0.58/modules/pending/discord_erlpack-1.zip: 15%
2024-06-26T14:24:30.113Z [Modules] Streaming discord_erlpack@1 to /home/anu/.config/discord/0.0.58/modules/pending/discord_erlpack-1.zip: 18%
2024-06-26T14:24:30.118Z [Modules] Streaming discord_erlpack@1 to /home/anu/.config/discord/0.0.58/modules/pending/discord_erlpack-1.zip: 21%
2024-06-26T14:24:30.122Z [Modules] Streaming discord_erlpack@1 to /home/anu/.config/discord/0.0.58/modules/pending/discord_erlpack-1.zip: 24%
2024-06-26T14:24:30.122Z [Modules] Streaming discord_erlpack@1 to /home/anu/.config/discord/0.0.58/modules/pending/discord_erlpack-1.zip: 25%
2024-06-26T14:24:30.126Z [Modules] Streaming discord_erlpack@1 to /home/anu/.config/discord/0.0.58/modules/pending/discord_erlpack-1.zip: 27%
2024-06-26T14:24:30.129Z [Modules] Streaming discord_erlpack@1 to /home/anu/.config/discord/0.0.58/modules/pending/discord_erlpack-1.zip: 30%
2024-06-26T14:24:30.133Z [Modules] Streaming discord_erlpack@1 to /home/anu/.config/discord/0.0.58/modules/pending/discord_erlpack-1.zip: 34%
2024-06-26T14:24:30.136Z [Modules] Streaming discord_erlpack@1 to /home/anu/.config/discord/0.0.58/modules/pending/discord_erlpack-1.zip: 35%
2024-06-26T14:24:30.139Z [Modules] Streaming discord_erlpack@1 to /home/anu/.config/discord/0.0.58/modules/pending/discord_erlpack-1.zip: 37%
2024-06-26T14:24:30.141Z [Modules] Streaming discord_erlpack@1 to /home/anu/.config/discord/0.0.58/modules/pending/discord_erlpack-1.zip: 40%
2024-06-26T14:24:30.145Z [Modules] Streaming discord_erlpack@1 to /home/anu/.config/discord/0.0.58/modules/pending/discord_erlpack-1.zip: 43%
2024-06-26T14:24:30.149Z [Modules] Streaming discord_erlpack@1 to /home/anu/.config/discord/0.0.58/modules/pending/discord_erlpack-1.zip: 46%
2024-06-26T14:24:30.153Z [Modules] Streaming discord_erlpack@1 to /home/anu/.config/discord/0.0.58/modules/pending/discord_erlpack-1.zip: 49%
2024-06-26T14:24:30.156Z [Modules] Streaming discord_erlpack@1 to /home/anu/.config/discord/0.0.58/modules/pending/discord_erlpack-1.zip: 50%
2024-06-26T14:24:30.159Z [Modules] Streaming discord_erlpack@1 to /home/anu/.config/discord/0.0.58/modules/pending/discord_erlpack-1.zip: 51%
2024-06-26T14:24:30.161Z [Modules] Streaming discord_erlpack@1 to /home/anu/.config/discord/0.0.58/modules/pending/discord_erlpack-1.zip: 52%
2024-06-26T14:24:30.350Z [Modules] Streaming discord_erlpack@1 to /home/anu/.config/discord/0.0.58/modules/pending/discord_erlpack-1.zip: 53%
2024-06-26T14:24:30.353Z [Modules] Streaming discord_erlpack@1 to /home/anu/.config/discord/0.0.58/modules/pending/discord_erlpack-1.zip: 54%
2024-06-26T14:24:30.390Z [Modules] Streaming discord_erlpack@1 to /home/anu/.config/discord/0.0.58/modules/pending/discord_erlpack-1.zip: 57%
2024-06-26T14:24:30.392Z [Modules] Streaming discord_erlpack@1 to /home/anu/.config/discord/0.0.58/modules/pending/discord_erlpack-1.zip: 58%
2024-06-26T14:24:30.397Z [Modules] Streaming discord_erlpack@1 to /home/anu/.config/discord/0.0.58/modules/pending/discord_erlpack-1.zip: 61%
2024-06-26T14:24:30.399Z [Modules] Streaming discord_erlpack@1 to /home/anu/.config/discord/0.0.58/modules/pending/discord_erlpack-1.zip: 64%
2024-06-26T14:24:30.399Z [Modules] Streaming discord_erlpack@1 to /home/anu/.config/discord/0.0.58/modules/pending/discord_erlpack-1.zip: 66%
2024-06-26T14:24:30.401Z [Modules] Streaming discord_erlpack@1 to /home/anu/.config/discord/0.0.58/modules/pending/discord_erlpack-1.zip: 68%
2024-06-26T14:24:30.401Z [Modules] Streaming discord_erlpack@1 to /home/anu/.config/discord/0.0.58/modules/pending/discord_erlpack-1.zip: 71%
2024-06-26T14:24:30.403Z [Modules] Streaming discord_erlpack@1 to /home/anu/.config/discord/0.0.58/modules/pending/discord_erlpack-1.zip: 74%
2024-06-26T14:24:30.410Z [Modules] Streaming discord_erlpack@1 to /home/anu/.config/discord/0.0.58/modules/pending/discord_erlpack-1.zip: 78%
2024-06-26T14:24:30.499Z [Modules] Streaming discord_erlpack@1 to /home/anu/.config/discord/0.0.58/modules/pending/discord_erlpack-1.zip: 79%
2024-06-26T14:24:30.506Z [Modules] Streaming discord_erlpack@1 to /home/anu/.config/discord/0.0.58/modules/pending/discord_erlpack-1.zip: 81%
2024-06-26T14:24:30.541Z [Modules] Streaming discord_erlpack@1 to /home/anu/.config/discord/0.0.58/modules/pending/discord_erlpack-1.zip: 84%
2024-06-26T14:24:30.543Z [Modules] Streaming discord_erlpack@1 to /home/anu/.config/discord/0.0.58/modules/pending/discord_erlpack-1.zip: 87%
2024-06-26T14:24:30.544Z [Modules] Streaming discord_erlpack@1 to /home/anu/.config/discord/0.0.58/modules/pending/discord_erlpack-1.zip: 92%
2024-06-26T14:24:30.544Z [Modules] Streaming discord_erlpack@1 to /home/anu/.config/discord/0.0.58/modules/pending/discord_erlpack-1.zip: 97%
2024-06-26T14:24:30.544Z [Modules] Streaming discord_erlpack@1 to /home/anu/.config/discord/0.0.58/modules/pending/discord_erlpack-1.zip: 100%
2024-06-26T14:24:30.545Z [Modules] Fetching discord_spellcheck@1 from https://discord.com/api/modules/stable/discord_spellcheck/1
2024-06-26T14:24:30.545Z [Modules] Streaming discord_spellcheck@1 to /home/anu/.config/discord/0.0.58/modules/pending/discord_spellcheck-1.zip
2024-06-26T14:24:31.087Z [Modules] Streaming discord_spellcheck@1 to /home/anu/.config/discord/0.0.58/modules/pending/discord_spellcheck-1.zip: 1%
2024-06-26T14:24:31.090Z [Modules] Streaming discord_spellcheck@1 to /home/anu/.config/discord/0.0.58/modules/pending/discord_spellcheck-1.zip: 2%
2024-06-26T14:24:31.093Z [Modules] Streaming discord_spellcheck@1 to /home/anu/.config/discord/0.0.58/modules/pending/discord_spellcheck-1.zip: 3%
2024-06-26T14:24:31.099Z [Modules] Streaming discord_spellcheck@1 to /home/anu/.config/discord/0.0.58/modules/pending/discord_spellcheck-1.zip: 4%
2024-06-26T14:24:31.101Z [Modules] Streaming discord_spellcheck@1 to /home/anu/.config/discord/0.0.58/modules/pending/discord_spellcheck-1.zip: 5%
2024-06-26T14:24:31.107Z [Modules] Streaming discord_spellcheck@1 to /home/anu/.config/discord/0.0.58/modules/pending/discord_spellcheck-1.zip: 6%
2024-06-26T14:24:31.109Z [Modules] Streaming discord_spellcheck@1 to /home/anu/.config/discord/0.0.58/modules/pending/discord_spellcheck-1.zip: 7%
2024-06-26T14:24:31.112Z [Modules] Streaming discord_spellcheck@1 to /home/anu/.config/discord/0.0.58/modules/pending/discord_spellcheck-1.zip: 8%
2024-06-26T14:24:31.118Z [Modules] Streaming discord_spellcheck@1 to /home/anu/.config/discord/0.0.58/modules/pending/discord_spellcheck-1.zip: 9%
2024-06-26T14:24:31.502Z [Modules] Streaming discord_spellcheck@1 to /home/anu/.config/discord/0.0.58/modules/pending/discord_spellcheck-1.zip: 10%
2024-06-26T14:24:31.503Z [Modules] Streaming discord_spellcheck@1 to /home/anu/.config/discord/0.0.58/modules/pending/discord_spellcheck-1.zip: 11%
2024-06-26T14:24:31.503Z [Modules] Streaming discord_spellcheck@1 to /home/anu/.config/discord/0.0.58/modules/pending/discord_spellcheck-1.zip: 12%
2024-06-26T14:24:31.504Z [Modules] Streaming discord_spellcheck@1 to /home/anu/.config/discord/0.0.58/modules/pending/discord_spellcheck-1.zip: 13%
2024-06-26T14:24:31.504Z [Modules] Streaming discord_spellcheck@1 to /home/anu/.config/discord/0.0.58/modules/pending/discord_spellcheck-1.zip: 15%
2024-06-26T14:24:31.574Z [Modules] Streaming discord_spellcheck@1 to /home/anu/.config/discord/0.0.58/modules/pending/discord_spellcheck-1.zip: 16%
2024-06-26T14:24:31.575Z [Modules] Streaming discord_spellcheck@1 to /home/anu/.config/discord/0.0.58/modules/pending/discord_spellcheck-1.zip: 17%
2024-06-26T14:24:31.578Z [Modules] Streaming discord_spellcheck@1 to /home/anu/.config/discord/0.0.58/modules/pending/discord_spellcheck-1.zip: 18%
2024-06-26T14:24:31.579Z [Modules] Streaming discord_spellcheck@1 to /home/anu/.config/discord/0.0.58/modules/pending/discord_spellcheck-1.zip: 19%
2024-06-26T14:24:31.581Z [Modules] Streaming discord_spellcheck@1 to /home/anu/.config/discord/0.0.58/modules/pending/discord_spellcheck-1.zip: 20%
2024-06-26T14:24:31.584Z [Modules] Streaming discord_spellcheck@1 to /home/anu/.config/discord/0.0.58/modules/pending/discord_spellcheck-1.zip: 21%
2024-06-26T14:24:31.587Z [Modules] Streaming discord_spellcheck@1 to /home/anu/.config/discord/0.0.58/modules/pending/discord_spellcheck-1.zip: 22%
2024-06-26T14:24:31.796Z [Modules] Streaming discord_spellcheck@1 to /home/anu/.config/discord/0.0.58/modules/pending/discord_spellcheck-1.zip: 23%
2024-06-26T14:24:31.797Z [Modules] Streaming discord_spellcheck@1 to /home/anu/.config/discord/0.0.58/modules/pending/discord_spellcheck-1.zip: 24%
2024-06-26T14:24:31.798Z [Modules] Streaming discord_spellcheck@1 to /home/anu/.config/discord/0.0.58/modules/pending/discord_spellcheck-1.zip: 25%
2024-06-26T14:24:31.799Z [Modules] Streaming discord_spellcheck@1 to /home/anu/.config/discord/0.0.58/modules/pending/discord_spellcheck-1.zip: 27%
2024-06-26T14:24:31.799Z [Modules] Streaming discord_spellcheck@1 to /home/anu/.config/discord/0.0.58/modules/pending/discord_spellcheck-1.zip: 28%
2024-06-26T14:24:31.799Z [Modules] Streaming discord_spellcheck@1 to /home/anu/.config/discord/0.0.58/modules/pending/discord_spellcheck-1.zip: 29%
2024-06-26T14:24:31.800Z [Modules] Streaming discord_spellcheck@1 to /home/anu/.config/discord/0.0.58/modules/pending/discord_spellcheck-1.zip: 31%
2024-06-26T14:24:31.800Z [Modules] Streaming discord_spellcheck@1 to /home/anu/.config/discord/0.0.58/modules/pending/discord_spellcheck-1.zip: 33%
2024-06-26T14:24:31.801Z [Modules] Streaming discord_spellcheck@1 to /home/anu/.config/discord/0.0.58/modules/pending/discord_spellcheck-1.zip: 34%
2024-06-26T14:24:31.801Z [Modules] Streaming discord_spellcheck@1 to /home/anu/.config/discord/0.0.58/modules/pending/discord_spellcheck-1.zip: 36%
2024-06-26T14:24:31.802Z [Modules] Streaming discord_spellcheck@1 to /home/anu/.config/discord/0.0.58/modules/pending/discord_spellcheck-1.zip: 38%
2024-06-26T14:24:31.803Z [Modules] Streaming discord_spellcheck@1 to /home/anu/.config/discord/0.0.58/modules/pending/discord_spellcheck-1.zip: 41%
2024-06-26T14:24:31.803Z [Modules] Streaming discord_spellcheck@1 to /home/anu/.config/discord/0.0.58/modules/pending/discord_spellcheck-1.zip: 45%
2024-06-26T14:24:31.805Z [Modules] Streaming discord_spellcheck@1 to /home/anu/.config/discord/0.0.58/modules/pending/discord_spellcheck-1.zip: 46%
2024-06-26T14:24:31.806Z [Modules] Streaming discord_spellcheck@1 to /home/anu/.config/discord/0.0.58/modules/pending/discord_spellcheck-1.zip: 48%
2024-06-26T14:24:31.807Z [Modules] Streaming discord_spellcheck@1 to /home/anu/.config/discord/0.0.58/modules/pending/discord_spellcheck-1.zip: 49%
2024-06-26T14:24:31.950Z [Modules] Streaming discord_spellcheck@1 to /home/anu/.config/discord/0.0.58/modules/pending/discord_spellcheck-1.zip: 50%
2024-06-26T14:24:31.954Z [Modules] Streaming discord_spellcheck@1 to /home/anu/.config/discord/0.0.58/modules/pending/discord_spellcheck-1.zip: 51%
2024-06-26T14:24:31.958Z [Modules] Streaming discord_spellcheck@1 to /home/anu/.config/discord/0.0.58/modules/pending/discord_spellcheck-1.zip: 52%
2024-06-26T14:24:31.960Z [Modules] Streaming discord_spellcheck@1 to /home/anu/.config/discord/0.0.58/modules/pending/discord_spellcheck-1.zip: 53%
2024-06-26T14:24:31.965Z [Modules] Streaming discord_spellcheck@1 to /home/anu/.config/discord/0.0.58/modules/pending/discord_spellcheck-1.zip: 54%
2024-06-26T14:24:31.968Z [Modules] Streaming discord_spellcheck@1 to /home/anu/.config/discord/0.0.58/modules/pending/discord_spellcheck-1.zip: 55%
2024-06-26T14:24:31.973Z [Modules] Streaming discord_spellcheck@1 to /home/anu/.config/discord/0.0.58/modules/pending/discord_spellcheck-1.zip: 56%
2024-06-26T14:24:31.975Z [Modules] Streaming discord_spellcheck@1 to /home/anu/.config/discord/0.0.58/modules/pending/discord_spellcheck-1.zip: 57%
2024-06-26T14:24:31.980Z [Modules] Streaming discord_spellcheck@1 to /home/anu/.config/discord/0.0.58/modules/pending/discord_spellcheck-1.zip: 58%
2024-06-26T14:24:32.178Z [Modules] Streaming discord_spellcheck@1 to /home/anu/.config/discord/0.0.58/modules/pending/discord_spellcheck-1.zip: 59%
2024-06-26T14:24:32.193Z [Modules] Streaming discord_spellcheck@1 to /home/anu/.config/discord/0.0.58/modules/pending/discord_spellcheck-1.zip: 60%
2024-06-26T14:24:32.203Z [Modules] Streaming discord_spellcheck@1 to /home/anu/.config/discord/0.0.58/modules/pending/discord_spellcheck-1.zip: 61%
2024-06-26T14:24:32.210Z [Modules] Streaming discord_spellcheck@1 to /home/anu/.config/discord/0.0.58/modules/pending/discord_spellcheck-1.zip: 62%
2024-06-26T14:24:32.224Z [Modules] Streaming discord_spellcheck@1 to /home/anu/.config/discord/0.0.58/modules/pending/discord_spellcheck-1.zip: 63%
2024-06-26T14:24:32.236Z [Modules] Streaming discord_spellcheck@1 to /home/anu/.config/discord/0.0.58/modules/pending/discord_spellcheck-1.zip: 64%
2024-06-26T14:24:32.259Z [Modules] Streaming discord_spellcheck@1 to /home/anu/.config/discord/0.0.58/modules/pending/discord_spellcheck-1.zip: 65%
2024-06-26T14:24:32.261Z [Modules] Streaming discord_spellcheck@1 to /home/anu/.config/discord/0.0.58/modules/pending/discord_spellcheck-1.zip: 66%
2024-06-26T14:24:32.272Z [Modules] Streaming discord_spellcheck@1 to /home/anu/.config/discord/0.0.58/modules/pending/discord_spellcheck-1.zip: 67%
2024-06-26T14:24:32.319Z [Modules] Streaming discord_spellcheck@1 to /home/anu/.config/discord/0.0.58/modules/pending/discord_spellcheck-1.zip: 68%
2024-06-26T14:24:32.324Z [Modules] Streaming discord_spellcheck@1 to /home/anu/.config/discord/0.0.58/modules/pending/discord_spellcheck-1.zip: 69%
2024-06-26T14:24:32.327Z [Modules] Streaming discord_spellcheck@1 to /home/anu/.config/discord/0.0.58/modules/pending/discord_spellcheck-1.zip: 70%
2024-06-26T14:24:32.329Z [Modules] Streaming discord_spellcheck@1 to /home/anu/.config/discord/0.0.58/modules/pending/discord_spellcheck-1.zip: 71%
2024-06-26T14:24:32.331Z [Modules] Streaming discord_spellcheck@1 to /home/anu/.config/discord/0.0.58/modules/pending/discord_spellcheck-1.zip: 72%
2024-06-26T14:24:32.336Z [Modules] Streaming discord_spellcheck@1 to /home/anu/.config/discord/0.0.58/modules/pending/discord_spellcheck-1.zip: 73%
2024-06-26T14:24:32.338Z [Modules] Streaming discord_spellcheck@1 to /home/anu/.config/discord/0.0.58/modules/pending/discord_spellcheck-1.zip: 74%
2024-06-26T14:24:32.343Z [Modules] Streaming discord_spellcheck@1 to /home/anu/.config/discord/0.0.58/modules/pending/discord_spellcheck-1.zip: 75%
2024-06-26T14:24:32.535Z [Modules] Streaming discord_spellcheck@1 to /home/anu/.config/discord/0.0.58/modules/pending/discord_spellcheck-1.zip: 76%
2024-06-26T14:24:32.537Z [Modules] Streaming discord_spellcheck@1 to /home/anu/.config/discord/0.0.58/modules/pending/discord_spellcheck-1.zip: 77%
2024-06-26T14:24:32.557Z [Modules] Streaming discord_spellcheck@1 to /home/anu/.config/discord/0.0.58/modules/pending/discord_spellcheck-1.zip: 78%
2024-06-26T14:24:32.558Z [Modules] Streaming discord_spellcheck@1 to /home/anu/.config/discord/0.0.58/modules/pending/discord_spellcheck-1.zip: 79%
2024-06-26T14:24:32.559Z [Modules] Streaming discord_spellcheck@1 to /home/anu/.config/discord/0.0.58/modules/pending/discord_spellcheck-1.zip: 80%
2024-06-26T14:24:32.561Z [Modules] Streaming discord_spellcheck@1 to /home/anu/.config/discord/0.0.58/modules/pending/discord_spellcheck-1.zip: 81%
2024-06-26T14:24:32.569Z [Modules] Streaming discord_spellcheck@1 to /home/anu/.config/discord/0.0.58/modules/pending/discord_spellcheck-1.zip: 82%
2024-06-26T14:24:32.573Z [Modules] Streaming discord_spellcheck@1 to /home/anu/.config/discord/0.0.58/modules/pending/discord_spellcheck-1.zip: 83%
2024-06-26T14:24:32.580Z [Modules] Streaming discord_spellcheck@1 to /home/anu/.config/discord/0.0.58/modules/pending/discord_spellcheck-1.zip: 84%
2024-06-26T14:24:32.580Z [Modules] Streaming discord_spellcheck@1 to /home/anu/.config/discord/0.0.58/modules/pending/discord_spellcheck-1.zip: 85%
2024-06-26T14:24:32.618Z [Modules] Streaming discord_spellcheck@1 to /home/anu/.config/discord/0.0.58/modules/pending/discord_spellcheck-1.zip: 86%
2024-06-26T14:24:32.619Z [Modules] Streaming discord_spellcheck@1 to /home/anu/.config/discord/0.0.58/modules/pending/discord_spellcheck-1.zip: 88%
2024-06-26T14:24:32.620Z [Modules] Streaming discord_spellcheck@1 to /home/anu/.config/discord/0.0.58/modules/pending/discord_spellcheck-1.zip: 89%
2024-06-26T14:24:32.623Z [Modules] Streaming discord_spellcheck@1 to /home/anu/.config/discord/0.0.58/modules/pending/discord_spellcheck-1.zip: 90%
2024-06-26T14:24:32.624Z [Modules] Streaming discord_spellcheck@1 to /home/anu/.config/discord/0.0.58/modules/pending/discord_spellcheck-1.zip: 91%
2024-06-26T14:24:32.624Z [Modules] Streaming discord_spellcheck@1 to /home/anu/.config/discord/0.0.58/modules/pending/discord_spellcheck-1.zip: 92%
2024-06-26T14:24:32.624Z [Modules] Streaming discord_spellcheck@1 to /home/anu/.config/discord/0.0.58/modules/pending/discord_spellcheck-1.zip: 93%
2024-06-26T14:24:32.689Z [Modules] Streaming discord_spellcheck@1 to /home/anu/.config/discord/0.0.58/modules/pending/discord_spellcheck-1.zip: 94%
2024-06-26T14:24:32.691Z [Modules] Streaming discord_spellcheck@1 to /home/anu/.config/discord/0.0.58/modules/pending/discord_spellcheck-1.zip: 95%
2024-06-26T14:24:32.693Z [Modules] Streaming discord_spellcheck@1 to /home/anu/.config/discord/0.0.58/modules/pending/discord_spellcheck-1.zip: 96%
2024-06-26T14:24:32.697Z [Modules] Streaming discord_spellcheck@1 to /home/anu/.config/discord/0.0.58/modules/pending/discord_spellcheck-1.zip: 97%
2024-06-26T14:24:32.699Z [Modules] Streaming discord_spellcheck@1 to /home/anu/.config/discord/0.0.58/modules/pending/discord_spellcheck-1.zip: 98%
2024-06-26T14:24:32.701Z [Modules] Streaming discord_spellcheck@1 to /home/anu/.config/discord/0.0.58/modules/pending/discord_spellcheck-1.zip: 99%
2024-06-26T14:24:32.703Z [Modules] Streaming discord_spellcheck@1 to /home/anu/.config/discord/0.0.58/modules/pending/discord_spellcheck-1.zip: 100%
2024-06-26T14:24:32.703Z [Modules] Fetching discord_utils@1 from https://discord.com/api/modules/stable/discord_utils/1
2024-06-26T14:24:32.703Z [Modules] Streaming discord_utils@1 to /home/anu/.config/discord/0.0.58/modules/pending/discord_utils-1.zip
2024-06-26T14:24:33.254Z [Modules] Streaming discord_utils@1 to /home/anu/.config/discord/0.0.58/modules/pending/discord_utils-1.zip: 2%
2024-06-26T14:24:33.257Z [Modules] Streaming discord_utils@1 to /home/anu/.config/discord/0.0.58/modules/pending/discord_utils-1.zip: 4%
2024-06-26T14:24:33.259Z [Modules] Streaming discord_utils@1 to /home/anu/.config/discord/0.0.58/modules/pending/discord_utils-1.zip: 6%
2024-06-26T14:24:33.261Z [Modules] Streaming discord_utils@1 to /home/anu/.config/discord/0.0.58/modules/pending/discord_utils-1.zip: 8%
2024-06-26T14:24:33.263Z [Modules] Streaming discord_utils@1 to /home/anu/.config/discord/0.0.58/modules/pending/discord_utils-1.zip: 10%
2024-06-26T14:24:33.266Z [Modules] Streaming discord_utils@1 to /home/anu/.config/discord/0.0.58/modules/pending/discord_utils-1.zip: 12%
2024-06-26T14:24:33.268Z [Modules] Streaming discord_utils@1 to /home/anu/.config/discord/0.0.58/modules/pending/discord_utils-1.zip: 14%
2024-06-26T14:24:33.270Z [Modules] Streaming discord_utils@1 to /home/anu/.config/discord/0.0.58/modules/pending/discord_utils-1.zip: 16%
2024-06-26T14:24:33.272Z [Modules] Streaming discord_utils@1 to /home/anu/.config/discord/0.0.58/modules/pending/discord_utils-1.zip: 18%
2024-06-26T14:24:33.275Z [Modules] Streaming discord_utils@1 to /home/anu/.config/discord/0.0.58/modules/pending/discord_utils-1.zip: 20%
2024-06-26T14:24:33.278Z [Modules] Streaming discord_utils@1 to /home/anu/.config/discord/0.0.58/modules/pending/discord_utils-1.zip: 22%
2024-06-26T14:24:33.279Z [Modules] Streaming discord_utils@1 to /home/anu/.config/discord/0.0.58/modules/pending/discord_utils-1.zip: 23%
2024-06-26T14:24:33.281Z [Modules] Streaming discord_utils@1 to /home/anu/.config/discord/0.0.58/modules/pending/discord_utils-1.zip: 25%
2024-06-26T14:24:33.283Z [Modules] Streaming discord_utils@1 to /home/anu/.config/discord/0.0.58/modules/pending/discord_utils-1.zip: 27%
2024-06-26T14:24:33.286Z [Modules] Streaming discord_utils@1 to /home/anu/.config/discord/0.0.58/modules/pending/discord_utils-1.zip: 28%
2024-06-26T14:24:33.484Z [Modules] Streaming discord_utils@1 to /home/anu/.config/discord/0.0.58/modules/pending/discord_utils-1.zip: 30%
2024-06-26T14:24:33.487Z [Modules] Streaming discord_utils@1 to /home/anu/.config/discord/0.0.58/modules/pending/discord_utils-1.zip: 31%
2024-06-26T14:24:33.493Z [Modules] Streaming discord_utils@1 to /home/anu/.config/discord/0.0.58/modules/pending/discord_utils-1.zip: 32%
2024-06-26T14:24:33.494Z [Modules] Streaming discord_utils@1 to /home/anu/.config/discord/0.0.58/modules/pending/discord_utils-1.zip: 33%
2024-06-26T14:24:33.497Z [Modules] Streaming discord_utils@1 to /home/anu/.config/discord/0.0.58/modules/pending/discord_utils-1.zip: 34%
2024-06-26T14:24:33.499Z [Modules] Streaming discord_utils@1 to /home/anu/.config/discord/0.0.58/modules/pending/discord_utils-1.zip: 35%
2024-06-26T14:24:33.506Z [Modules] Streaming discord_utils@1 to /home/anu/.config/discord/0.0.58/modules/pending/discord_utils-1.zip: 36%
2024-06-26T14:24:33.507Z [Modules] Streaming discord_utils@1 to /home/anu/.config/discord/0.0.58/modules/pending/discord_utils-1.zip: 38%
2024-06-26T14:24:33.509Z [Modules] Streaming discord_utils@1 to /home/anu/.config/discord/0.0.58/modules/pending/discord_utils-1.zip: 39%
2024-06-26T14:24:33.518Z [Modules] Streaming discord_utils@1 to /home/anu/.config/discord/0.0.58/modules/pending/discord_utils-1.zip: 41%
2024-06-26T14:24:33.522Z [Modules] Streaming discord_utils@1 to /home/anu/.config/discord/0.0.58/modules/pending/discord_utils-1.zip: 42%
2024-06-26T14:24:33.570Z [Modules] Streaming discord_utils@1 to /home/anu/.config/discord/0.0.58/modules/pending/discord_utils-1.zip: 44%
2024-06-26T14:24:33.570Z [Modules] Streaming discord_utils@1 to /home/anu/.config/discord/0.0.58/modules/pending/discord_utils-1.zip: 45%
2024-06-26T14:24:33.572Z [Modules] Streaming discord_utils@1 to /home/anu/.config/discord/0.0.58/modules/pending/discord_utils-1.zip: 47%
2024-06-26T14:24:33.574Z [Modules] Streaming discord_utils@1 to /home/anu/.config/discord/0.0.58/modules/pending/discord_utils-1.zip: 48%
2024-06-26T14:24:33.576Z [Modules] Streaming discord_utils@1 to /home/anu/.config/discord/0.0.58/modules/pending/discord_utils-1.zip: 50%
2024-06-26T14:24:33.577Z [Modules] Streaming discord_utils@1 to /home/anu/.config/discord/0.0.58/modules/pending/discord_utils-1.zip: 51%
2024-06-26T14:24:33.578Z [Modules] Streaming discord_utils@1 to /home/anu/.config/discord/0.0.58/modules/pending/discord_utils-1.zip: 53%
2024-06-26T14:24:33.579Z [Modules] Streaming discord_utils@1 to /home/anu/.config/discord/0.0.58/modules/pending/discord_utils-1.zip: 55%
2024-06-26T14:24:33.581Z [Modules] Streaming discord_utils@1 to /home/anu/.config/discord/0.0.58/modules/pending/discord_utils-1.zip: 57%
2024-06-26T14:24:33.582Z [Modules] Streaming discord_utils@1 to /home/anu/.config/discord/0.0.58/modules/pending/discord_utils-1.zip: 58%
2024-06-26T14:24:33.583Z [Modules] Streaming discord_utils@1 to /home/anu/.config/discord/0.0.58/modules/pending/discord_utils-1.zip: 60%
2024-06-26T14:24:33.586Z [Modules] Streaming discord_utils@1 to /home/anu/.config/discord/0.0.58/modules/pending/discord_utils-1.zip: 61%
2024-06-26T14:24:33.586Z [Modules] Streaming discord_utils@1 to /home/anu/.config/discord/0.0.58/modules/pending/discord_utils-1.zip: 62%
2024-06-26T14:24:33.587Z [Modules] Streaming discord_utils@1 to /home/anu/.config/discord/0.0.58/modules/pending/discord_utils-1.zip: 63%
2024-06-26T14:24:33.588Z [Modules] Streaming discord_utils@1 to /home/anu/.config/discord/0.0.58/modules/pending/discord_utils-1.zip: 65%
2024-06-26T14:24:33.590Z [Modules] Streaming discord_utils@1 to /home/anu/.config/discord/0.0.58/modules/pending/discord_utils-1.zip: 66%
2024-06-26T14:24:33.591Z [Modules] Streaming discord_utils@1 to /home/anu/.config/discord/0.0.58/modules/pending/discord_utils-1.zip: 67%
2024-06-26T14:24:33.592Z [Modules] Streaming discord_utils@1 to /home/anu/.config/discord/0.0.58/modules/pending/discord_utils-1.zip: 69%
2024-06-26T14:24:33.593Z [Modules] Streaming discord_utils@1 to /home/anu/.config/discord/0.0.58/modules/pending/discord_utils-1.zip: 71%
2024-06-26T14:24:33.595Z [Modules] Streaming discord_utils@1 to /home/anu/.config/discord/0.0.58/modules/pending/discord_utils-1.zip: 72%
2024-06-26T14:24:33.631Z [Modules] Streaming discord_utils@1 to /home/anu/.config/discord/0.0.58/modules/pending/discord_utils-1.zip: 74%
2024-06-26T14:24:33.633Z [Modules] Streaming discord_utils@1 to /home/anu/.config/discord/0.0.58/modules/pending/discord_utils-1.zip: 75%
2024-06-26T14:24:33.638Z [Modules] Streaming discord_utils@1 to /home/anu/.config/discord/0.0.58/modules/pending/discord_utils-1.zip: 77%
2024-06-26T14:24:33.641Z [Modules] Streaming discord_utils@1 to /home/anu/.config/discord/0.0.58/modules/pending/discord_utils-1.zip: 78%
2024-06-26T14:24:33.643Z [Modules] Streaming discord_utils@1 to /home/anu/.config/discord/0.0.58/modules/pending/discord_utils-1.zip: 80%
2024-06-26T14:24:33.646Z [Modules] Streaming discord_utils@1 to /home/anu/.config/discord/0.0.58/modules/pending/discord_utils-1.zip: 81%
2024-06-26T14:24:33.649Z [Modules] Streaming discord_utils@1 to /home/anu/.config/discord/0.0.58/modules/pending/discord_utils-1.zip: 83%
2024-06-26T14:24:33.649Z [Modules] Streaming discord_utils@1 to /home/anu/.config/discord/0.0.58/modules/pending/discord_utils-1.zip: 84%
2024-06-26T14:24:33.651Z [Modules] Streaming discord_utils@1 to /home/anu/.config/discord/0.0.58/modules/pending/discord_utils-1.zip: 85%
2024-06-26T14:24:33.655Z [Modules] Streaming discord_utils@1 to /home/anu/.config/discord/0.0.58/modules/pending/discord_utils-1.zip: 87%
2024-06-26T14:24:33.662Z [Modules] Streaming discord_utils@1 to /home/anu/.config/discord/0.0.58/modules/pending/discord_utils-1.zip: 89%
2024-06-26T14:24:33.662Z [Modules] Streaming discord_utils@1 to /home/anu/.config/discord/0.0.58/modules/pending/discord_utils-1.zip: 90%
2024-06-26T14:24:33.664Z [Modules] Streaming discord_utils@1 to /home/anu/.config/discord/0.0.58/modules/pending/discord_utils-1.zip: 92%
2024-06-26T14:24:33.666Z [Modules] Streaming discord_utils@1 to /home/anu/.config/discord/0.0.58/modules/pending/discord_utils-1.zip: 94%
2024-06-26T14:24:33.671Z [Modules] Streaming discord_utils@1 to /home/anu/.config/discord/0.0.58/modules/pending/discord_utils-1.zip: 95%
2024-06-26T14:24:33.673Z [Modules] Streaming discord_utils@1 to /home/anu/.config/discord/0.0.58/modules/pending/discord_utils-1.zip: 96%
2024-06-26T14:24:33.677Z [Modules] Streaming discord_utils@1 to /home/anu/.config/discord/0.0.58/modules/pending/discord_utils-1.zip: 97%
2024-06-26T14:24:33.868Z [Modules] Streaming discord_utils@1 to /home/anu/.config/discord/0.0.58/modules/pending/discord_utils-1.zip: 99%
2024-06-26T14:24:33.869Z [Modules] Streaming discord_utils@1 to /home/anu/.config/discord/0.0.58/modules/pending/discord_utils-1.zip: 100%
2024-06-26T14:24:33.870Z [Modules] Fetching discord_voice@1 from https://discord.com/api/modules/stable/discord_voice/1
2024-06-26T14:24:33.870Z [Modules] Streaming discord_voice@1 to /home/anu/.config/discord/0.0.58/modules/pending/discord_voice-1.zip
2024-06-26T14:24:34.400Z [Modules] Streaming discord_voice@1 to /home/anu/.config/discord/0.0.58/modules/pending/discord_voice-1.zip: 1%
2024-06-26T14:24:34.409Z [Modules] Streaming discord_voice@1 to /home/anu/.config/discord/0.0.58/modules/pending/discord_voice-1.zip: 2%
2024-06-26T14:24:34.417Z [Modules] Streaming discord_voice@1 to /home/anu/.config/discord/0.0.58/modules/pending/discord_voice-1.zip: 3%
2024-06-26T14:24:34.429Z [Modules] Streaming discord_voice@1 to /home/anu/.config/discord/0.0.58/modules/pending/discord_voice-1.zip: 4%
2024-06-26T14:24:34.645Z [Modules] Streaming discord_voice@1 to /home/anu/.config/discord/0.0.58/modules/pending/discord_voice-1.zip: 5%
2024-06-26T14:24:34.673Z [Modules] Streaming discord_voice@1 to /home/anu/.config/discord/0.0.58/modules/pending/discord_voice-1.zip: 6%
2024-06-26T14:24:34.699Z [Modules] Streaming discord_voice@1 to /home/anu/.config/discord/0.0.58/modules/pending/discord_voice-1.zip: 7%
2024-06-26T14:24:34.717Z [Modules] Streaming discord_voice@1 to /home/anu/.config/discord/0.0.58/modules/pending/discord_voice-1.zip: 8%
2024-06-26T14:24:34.771Z [Modules] Streaming discord_voice@1 to /home/anu/.config/discord/0.0.58/modules/pending/discord_voice-1.zip: 9%
2024-06-26T14:24:34.783Z [Modules] Streaming discord_voice@1 to /home/anu/.config/discord/0.0.58/modules/pending/discord_voice-1.zip: 10%
2024-06-26T14:24:34.796Z [Modules] Streaming discord_voice@1 to /home/anu/.config/discord/0.0.58/modules/pending/discord_voice-1.zip: 11%
2024-06-26T14:24:34.813Z [Modules] Streaming discord_voice@1 to /home/anu/.config/discord/0.0.58/modules/pending/discord_voice-1.zip: 12%
2024-06-26T14:24:34.829Z [Modules] Streaming discord_voice@1 to /home/anu/.config/discord/0.0.58/modules/pending/discord_voice-1.zip: 13%
2024-06-26T14:24:34.843Z [Modules] Streaming discord_voice@1 to /home/anu/.config/discord/0.0.58/modules/pending/discord_voice-1.zip: 14%
2024-06-26T14:24:35.223Z [Modules] Streaming discord_voice@1 to /home/anu/.config/discord/0.0.58/modules/pending/discord_voice-1.zip: 15%
2024-06-26T14:24:35.224Z [Modules] Streaming discord_voice@1 to /home/anu/.config/discord/0.0.58/modules/pending/discord_voice-1.zip: 16%
2024-06-26T14:24:35.225Z [Modules] Streaming discord_voice@1 to /home/anu/.config/discord/0.0.58/modules/pending/discord_voice-1.zip: 17%
2024-06-26T14:24:35.273Z [Modules] Streaming discord_voice@1 to /home/anu/.config/discord/0.0.58/modules/pending/discord_voice-1.zip: 18%
2024-06-26T14:24:35.281Z [Modules] Streaming discord_voice@1 to /home/anu/.config/discord/0.0.58/modules/pending/discord_voice-1.zip: 19%
2024-06-26T14:24:35.281Z [Modules] Streaming discord_voice@1 to /home/anu/.config/discord/0.0.58/modules/pending/discord_voice-1.zip: 20%
2024-06-26T14:24:35.282Z [Modules] Streaming discord_voice@1 to /home/anu/.config/discord/0.0.58/modules/pending/discord_voice-1.zip: 21%
2024-06-26T14:24:35.282Z [Modules] Streaming discord_voice@1 to /home/anu/.config/discord/0.0.58/modules/pending/discord_voice-1.zip: 22%
2024-06-26T14:24:35.283Z [Modules] Streaming discord_voice@1 to /home/anu/.config/discord/0.0.58/modules/pending/discord_voice-1.zip: 23%
2024-06-26T14:24:35.284Z [Modules] Streaming discord_voice@1 to /home/anu/.config/discord/0.0.58/modules/pending/discord_voice-1.zip: 24%
2024-06-26T14:24:35.373Z [Modules] Streaming discord_voice@1 to /home/anu/.config/discord/0.0.58/modules/pending/discord_voice-1.zip: 25%
2024-06-26T14:24:35.377Z [Modules] Streaming discord_voice@1 to /home/anu/.config/discord/0.0.58/modules/pending/discord_voice-1.zip: 26%
2024-06-26T14:24:35.379Z [Modules] Streaming discord_voice@1 to /home/anu/.config/discord/0.0.58/modules/pending/discord_voice-1.zip: 27%
2024-06-26T14:24:35.422Z [Modules] Streaming discord_voice@1 to /home/anu/.config/discord/0.0.58/modules/pending/discord_voice-1.zip: 28%
2024-06-26T14:24:35.423Z [Modules] Streaming discord_voice@1 to /home/anu/.config/discord/0.0.58/modules/pending/discord_voice-1.zip: 29%
2024-06-26T14:24:35.433Z [Modules] Streaming discord_voice@1 to /home/anu/.config/discord/0.0.58/modules/pending/discord_voice-1.zip: 30%
2024-06-26T14:24:35.439Z [Modules] Streaming discord_voice@1 to /home/anu/.config/discord/0.0.58/modules/pending/discord_voice-1.zip: 31%
2024-06-26T14:24:35.447Z [Modules] Streaming discord_voice@1 to /home/anu/.config/discord/0.0.58/modules/pending/discord_voice-1.zip: 32%
2024-06-26T14:24:35.454Z [Modules] Streaming discord_voice@1 to /home/anu/.config/discord/0.0.58/modules/pending/discord_voice-1.zip: 33%
2024-06-26T14:24:35.679Z [Modules] Streaming discord_voice@1 to /home/anu/.config/discord/0.0.58/modules/pending/discord_voice-1.zip: 34%
2024-06-26T14:24:35.702Z [Modules] Streaming discord_voice@1 to /home/anu/.config/discord/0.0.58/modules/pending/discord_voice-1.zip: 35%
2024-06-26T14:24:35.729Z [Modules] Streaming discord_voice@1 to /home/anu/.config/discord/0.0.58/modules/pending/discord_voice-1.zip: 36%
2024-06-26T14:24:35.761Z [Modules] Streaming discord_voice@1 to /home/anu/.config/discord/0.0.58/modules/pending/discord_voice-1.zip: 37%
2024-06-26T14:24:35.804Z [Modules] Streaming discord_voice@1 to /home/anu/.config/discord/0.0.58/modules/pending/discord_voice-1.zip: 38%
2024-06-26T14:24:35.823Z [Modules] Streaming discord_voice@1 to /home/anu/.config/discord/0.0.58/modules/pending/discord_voice-1.zip: 39%
2024-06-26T14:24:35.824Z [Modules] Streaming discord_voice@1 to /home/anu/.config/discord/0.0.58/modules/pending/discord_voice-1.zip: 40%
2024-06-26T14:24:36.027Z [Modules] Streaming discord_voice@1 to /home/anu/.config/discord/0.0.58/modules/pending/discord_voice-1.zip: 41%
2024-06-26T14:24:36.410Z [Modules] Streaming discord_voice@1 to /home/anu/.config/discord/0.0.58/modules/pending/discord_voice-1.zip: 42%
2024-06-26T14:24:36.422Z [Modules] Streaming discord_voice@1 to /home/anu/.config/discord/0.0.58/modules/pending/discord_voice-1.zip: 43%
2024-06-26T14:24:36.423Z [Modules] Streaming discord_voice@1 to /home/anu/.config/discord/0.0.58/modules/pending/discord_voice-1.zip: 44%
2024-06-26T14:24:36.424Z [Modules] Streaming discord_voice@1 to /home/anu/.config/discord/0.0.58/modules/pending/discord_voice-1.zip: 45%
2024-06-26T14:24:36.446Z [Modules] Streaming discord_voice@1 to /home/anu/.config/discord/0.0.58/modules/pending/discord_voice-1.zip: 46%
2024-06-26T14:24:36.448Z [Modules] Streaming discord_voice@1 to /home/anu/.config/discord/0.0.58/modules/pending/discord_voice-1.zip: 47%
2024-06-26T14:24:36.448Z [Modules] Streaming discord_voice@1 to /home/anu/.config/discord/0.0.58/modules/pending/discord_voice-1.zip: 48%
2024-06-26T14:24:36.449Z [Modules] Streaming discord_voice@1 to /home/anu/.config/discord/0.0.58/modules/pending/discord_voice-1.zip: 49%
2024-06-26T14:24:36.450Z [Modules] Streaming discord_voice@1 to /home/anu/.config/discord/0.0.58/modules/pending/discord_voice-1.zip: 50%
2024-06-26T14:24:36.450Z [Modules] Streaming discord_voice@1 to /home/anu/.config/discord/0.0.58/modules/pending/discord_voice-1.zip: 51%
2024-06-26T14:24:36.451Z [Modules] Streaming discord_voice@1 to /home/anu/.config/discord/0.0.58/modules/pending/discord_voice-1.zip: 52%
2024-06-26T14:24:36.451Z [Modules] Streaming discord_voice@1 to /home/anu/.config/discord/0.0.58/modules/pending/discord_voice-1.zip: 53%
2024-06-26T14:24:36.452Z [Modules] Streaming discord_voice@1 to /home/anu/.config/discord/0.0.58/modules/pending/discord_voice-1.zip: 54%
2024-06-26T14:24:36.453Z [Modules] Streaming discord_voice@1 to /home/anu/.config/discord/0.0.58/modules/pending/discord_voice-1.zip: 55%
2024-06-26T14:24:36.453Z [Modules] Streaming discord_voice@1 to /home/anu/.config/discord/0.0.58/modules/pending/discord_voice-1.zip: 56%
2024-06-26T14:24:36.600Z [Modules] Streaming discord_voice@1 to /home/anu/.config/discord/0.0.58/modules/pending/discord_voice-1.zip: 57%
2024-06-26T14:24:36.607Z [Modules] Streaming discord_voice@1 to /home/anu/.config/discord/0.0.58/modules/pending/discord_voice-1.zip: 58%
2024-06-26T14:24:36.614Z [Modules] Streaming discord_voice@1 to /home/anu/.config/discord/0.0.58/modules/pending/discord_voice-1.zip: 59%
2024-06-26T14:24:36.624Z [Modules] Streaming discord_voice@1 to /home/anu/.config/discord/0.0.58/modules/pending/discord_voice-1.zip: 60%
2024-06-26T14:24:36.843Z [Modules] Streaming discord_voice@1 to /home/anu/.config/discord/0.0.58/modules/pending/discord_voice-1.zip: 61%
2024-06-26T14:24:36.866Z [Modules] Streaming discord_voice@1 to /home/anu/.config/discord/0.0.58/modules/pending/discord_voice-1.zip: 62%
2024-06-26T14:24:36.904Z [Modules] Streaming discord_voice@1 to /home/anu/.config/discord/0.0.58/modules/pending/discord_voice-1.zip: 63%
2024-06-26T14:24:36.916Z [Modules] Streaming discord_voice@1 to /home/anu/.config/discord/0.0.58/modules/pending/discord_voice-1.zip: 64%
2024-06-26T14:24:36.967Z [Modules] Streaming discord_voice@1 to /home/anu/.config/discord/0.0.58/modules/pending/discord_voice-1.zip: 65%
2024-06-26T14:24:36.986Z [Modules] Streaming discord_voice@1 to /home/anu/.config/discord/0.0.58/modules/pending/discord_voice-1.zip: 66%
2024-06-26T14:24:37.000Z [Modules] Streaming discord_voice@1 to /home/anu/.config/discord/0.0.58/modules/pending/discord_voice-1.zip: 67%
2024-06-26T14:24:37.010Z [Modules] Streaming discord_voice@1 to /home/anu/.config/discord/0.0.58/modules/pending/discord_voice-1.zip: 68%
2024-06-26T14:24:37.023Z [Modules] Streaming discord_voice@1 to /home/anu/.config/discord/0.0.58/modules/pending/discord_voice-1.zip: 69%
2024-06-26T14:24:37.059Z [Modules] Streaming discord_voice@1 to /home/anu/.config/discord/0.0.58/modules/pending/discord_voice-1.zip: 70%
2024-06-26T14:24:37.070Z [Modules] Streaming discord_voice@1 to /home/anu/.config/discord/0.0.58/modules/pending/discord_voice-1.zip: 71%
2024-06-26T14:24:37.274Z [Modules] Streaming discord_voice@1 to /home/anu/.config/discord/0.0.58/modules/pending/discord_voice-1.zip: 72%
2024-06-26T14:24:37.473Z [Modules] Streaming discord_voice@1 to /home/anu/.config/discord/0.0.58/modules/pending/discord_voice-1.zip: 73%
2024-06-26T14:24:37.477Z [Modules] Streaming discord_voice@1 to /home/anu/.config/discord/0.0.58/modules/pending/discord_voice-1.zip: 74%
2024-06-26T14:24:37.478Z [Modules] Streaming discord_voice@1 to /home/anu/.config/discord/0.0.58/modules/pending/discord_voice-1.zip: 75%
2024-06-26T14:24:37.478Z [Modules] Streaming discord_voice@1 to /home/anu/.config/discord/0.0.58/modules/pending/discord_voice-1.zip: 76%
2024-06-26T14:24:37.479Z [Modules] Streaming discord_voice@1 to /home/anu/.config/discord/0.0.58/modules/pending/discord_voice-1.zip: 77%
2024-06-26T14:24:37.479Z [Modules] Streaming discord_voice@1 to /home/anu/.config/discord/0.0.58/modules/pending/discord_voice-1.zip: 78%
2024-06-26T14:24:37.480Z [Modules] Streaming discord_voice@1 to /home/anu/.config/discord/0.0.58/modules/pending/discord_voice-1.zip: 79%
2024-06-26T14:24:37.567Z [Modules] Streaming discord_voice@1 to /home/anu/.config/discord/0.0.58/modules/pending/discord_voice-1.zip: 80%
2024-06-26T14:24:37.571Z [Modules] Streaming discord_voice@1 to /home/anu/.config/discord/0.0.58/modules/pending/discord_voice-1.zip: 81%
2024-06-26T14:24:37.576Z [Modules] Streaming discord_voice@1 to /home/anu/.config/discord/0.0.58/modules/pending/discord_voice-1.zip: 82%
2024-06-26T14:24:37.578Z [Modules] Streaming discord_voice@1 to /home/anu/.config/discord/0.0.58/modules/pending/discord_voice-1.zip: 83%
2024-06-26T14:24:37.578Z [Modules] Streaming discord_voice@1 to /home/anu/.config/discord/0.0.58/modules/pending/discord_voice-1.zip: 84%
2024-06-26T14:24:37.579Z [Modules] Streaming discord_voice@1 to /home/anu/.config/discord/0.0.58/modules/pending/discord_voice-1.zip: 85%
2024-06-26T14:24:37.627Z [Modules] Streaming discord_voice@1 to /home/anu/.config/discord/0.0.58/modules/pending/discord_voice-1.zip: 86%
2024-06-26T14:24:37.632Z [Modules] Streaming discord_voice@1 to /home/anu/.config/discord/0.0.58/modules/pending/discord_voice-1.zip: 87%
2024-06-26T14:24:37.639Z [Modules] Streaming discord_voice@1 to /home/anu/.config/discord/0.0.58/modules/pending/discord_voice-1.zip: 88%
2024-06-26T14:24:37.653Z [Modules] Streaming discord_voice@1 to /home/anu/.config/discord/0.0.58/modules/pending/discord_voice-1.zip: 89%
2024-06-26T14:24:37.879Z [Modules] Streaming discord_voice@1 to /home/anu/.config/discord/0.0.58/modules/pending/discord_voice-1.zip: 90%
2024-06-26T14:24:37.898Z [Modules] Streaming discord_voice@1 to /home/anu/.config/discord/0.0.58/modules/pending/discord_voice-1.zip: 91%
2024-06-26T14:24:37.958Z [Modules] Streaming discord_voice@1 to /home/anu/.config/discord/0.0.58/modules/pending/discord_voice-1.zip: 92%
2024-06-26T14:24:37.964Z [Modules] Streaming discord_voice@1 to /home/anu/.config/discord/0.0.58/modules/pending/discord_voice-1.zip: 93%
2024-06-26T14:24:37.968Z [Modules] Streaming discord_voice@1 to /home/anu/.config/discord/0.0.58/modules/pending/discord_voice-1.zip: 94%
2024-06-26T14:24:37.969Z [Modules] Streaming discord_voice@1 to /home/anu/.config/discord/0.0.58/modules/pending/discord_voice-1.zip: 95%
2024-06-26T14:24:37.974Z [Modules] Streaming discord_voice@1 to /home/anu/.config/discord/0.0.58/modules/pending/discord_voice-1.zip: 96%
2024-06-26T14:24:38.034Z [Modules] Streaming discord_voice@1 to /home/anu/.config/discord/0.0.58/modules/pending/discord_voice-1.zip: 97%
2024-06-26T14:24:38.041Z [Modules] Streaming discord_voice@1 to /home/anu/.config/discord/0.0.58/modules/pending/discord_voice-1.zip: 98%
2024-06-26T14:24:38.046Z [Modules] Streaming discord_voice@1 to /home/anu/.config/discord/0.0.58/modules/pending/discord_voice-1.zip: 99%
2024-06-26T14:24:38.053Z [Modules] Streaming discord_voice@1 to /home/anu/.config/discord/0.0.58/modules/pending/discord_voice-1.zip: 100%
2024-06-26T14:24:38.054Z [Modules] Fetching discord_zstd@1 from https://discord.com/api/modules/stable/discord_zstd/1
2024-06-26T14:24:38.054Z [Modules] Streaming discord_zstd@1 to /home/anu/.config/discord/0.0.58/modules/pending/discord_zstd-1.zip
2024-06-26T14:24:38.610Z [Modules] Streaming discord_zstd@1 to /home/anu/.config/discord/0.0.58/modules/pending/discord_zstd-1.zip: 16%
2024-06-26T14:24:38.610Z [Modules] Streaming discord_zstd@1 to /home/anu/.config/discord/0.0.58/modules/pending/discord_zstd-1.zip: 19%
2024-06-26T14:24:38.612Z [Modules] Streaming discord_zstd@1 to /home/anu/.config/discord/0.0.58/modules/pending/discord_zstd-1.zip: 35%
2024-06-26T14:24:38.612Z [Modules] Streaming discord_zstd@1 to /home/anu/.config/discord/0.0.58/modules/pending/discord_zstd-1.zip: 39%
2024-06-26T14:24:38.614Z [Modules] Streaming discord_zstd@1 to /home/anu/.config/discord/0.0.58/modules/pending/discord_zstd-1.zip: 56%
2024-06-26T14:24:38.618Z [Modules] Streaming discord_zstd@1 to /home/anu/.config/discord/0.0.58/modules/pending/discord_zstd-1.zip: 79%
2024-06-26T14:24:38.619Z [Modules] Streaming discord_zstd@1 to /home/anu/.config/discord/0.0.58/modules/pending/discord_zstd-1.zip: 95%
2024-06-26T14:24:38.619Z [Modules] Streaming discord_zstd@1 to /home/anu/.config/discord/0.0.58/modules/pending/discord_zstd-1.zip: 100%
2024-06-26T14:24:38.620Z [Modules] Finished module downloads. [success: 6] [failure: 0]
2024-06-26T14:24:38.620Z [Modules] Installing updates...
2024-06-26T14:24:38.621Z [Modules] Installing discord_desktop_core@1 from /home/anu/.config/discord/0.0.58/modules/pending/discord_desktop_core-1.zip
2024-06-26T14:24:38.684Z [Modules] Installing discord_erlpack@1 from /home/anu/.config/discord/0.0.58/modules/pending/discord_erlpack-1.zip
2024-06-26T14:24:38.731Z [Modules] Installing discord_spellcheck@1 from /home/anu/.config/discord/0.0.58/modules/pending/discord_spellcheck-1.zip
2024-06-26T14:24:39.234Z [Modules] Installing discord_utils@1 from /home/anu/.config/discord/0.0.58/modules/pending/discord_utils-1.zip
2024-06-26T14:24:39.325Z [Modules] Installing discord_voice@1 from /home/anu/.config/discord/0.0.58/modules/pending/discord_voice-1.zip
2024-06-26T14:24:39.749Z [Modules] Installing discord_zstd@1 from /home/anu/.config/discord/0.0.58/modules/pending/discord_zstd-1.zip
2024-06-26T14:24:39.758Z [Modules] Finished module installations. [success: 6] [failure: 0]
2024-06-26T14:24:39.758Z [Modules] Checking for host updates.
2024-06-26T14:24:40.145Z [Modules] Host is up to date.
2024-06-26T14:24:40.145Z [Modules] Checking for module updates at https://discord.com/api/modules/stable/versions.json
2024-06-26T14:24:40.147Z [Modules] No module updates available.
2024-06-26T14:24:43.134Z [Modules] Starting to install discord_krisp...
2024-06-26T14:24:43.134Z [Modules] Fetching discord_krisp@1 from https://discord.com/api/modules/stable/discord_krisp/1
2024-06-26T14:24:43.135Z [Modules] Streaming discord_krisp@1 to /home/anu/.config/discord/0.0.58/modules/pending/discord_krisp-1.zip
2024-06-26T14:24:43.142Z [Modules] Starting to install discord_game_utils...
2024-06-26T14:24:43.681Z [Modules] Streaming discord_krisp@1 to /home/anu/.config/discord/0.0.58/modules/pending/discord_krisp-1.zip: 1%
2024-06-26T14:24:43.682Z [Modules] Streaming discord_krisp@1 to /home/anu/.config/discord/0.0.58/modules/pending/discord_krisp-1.zip: 2%
2024-06-26T14:24:43.686Z [Modules] Streaming discord_krisp@1 to /home/anu/.config/discord/0.0.58/modules/pending/discord_krisp-1.zip: 3%
2024-06-26T14:24:43.901Z [Modules] Streaming discord_krisp@1 to /home/anu/.config/discord/0.0.58/modules/pending/discord_krisp-1.zip: 4%
2024-06-26T14:24:43.923Z [Modules] Streaming discord_krisp@1 to /home/anu/.config/discord/0.0.58/modules/pending/discord_krisp-1.zip: 5%
2024-06-26T14:24:43.948Z [Modules] Streaming discord_krisp@1 to /home/anu/.config/discord/0.0.58/modules/pending/discord_krisp-1.zip: 6%
2024-06-26T14:24:43.985Z [Modules] Streaming discord_krisp@1 to /home/anu/.config/discord/0.0.58/modules/pending/discord_krisp-1.zip: 7%
2024-06-26T14:24:44.031Z [Modules] Streaming discord_krisp@1 to /home/anu/.config/discord/0.0.58/modules/pending/discord_krisp-1.zip: 8%
2024-06-26T14:24:44.047Z [Modules] Streaming discord_krisp@1 to /home/anu/.config/discord/0.0.58/modules/pending/discord_krisp-1.zip: 9%
2024-06-26T14:24:44.061Z [Modules] Streaming discord_krisp@1 to /home/anu/.config/discord/0.0.58/modules/pending/discord_krisp-1.zip: 10%
2024-06-26T14:24:44.686Z [Modules] Streaming discord_krisp@1 to /home/anu/.config/discord/0.0.58/modules/pending/discord_krisp-1.zip: 11%
2024-06-26T14:24:44.687Z [Modules] Streaming discord_krisp@1 to /home/anu/.config/discord/0.0.58/modules/pending/discord_krisp-1.zip: 12%
2024-06-26T14:24:44.687Z [Modules] Streaming discord_krisp@1 to /home/anu/.config/discord/0.0.58/modules/pending/discord_krisp-1.zip: 13%
2024-06-26T14:24:44.688Z [Modules] Streaming discord_krisp@1 to /home/anu/.config/discord/0.0.58/modules/pending/discord_krisp-1.zip: 14%
2024-06-26T14:24:44.689Z [Modules] Streaming discord_krisp@1 to /home/anu/.config/discord/0.0.58/modules/pending/discord_krisp-1.zip: 15%
2024-06-26T14:24:44.690Z [Modules] Streaming discord_krisp@1 to /home/anu/.config/discord/0.0.58/modules/pending/discord_krisp-1.zip: 16%
2024-06-26T14:24:44.690Z [Modules] Streaming discord_krisp@1 to /home/anu/.config/discord/0.0.58/modules/pending/discord_krisp-1.zip: 17%
2024-06-26T14:24:44.691Z [Modules] Streaming discord_krisp@1 to /home/anu/.config/discord/0.0.58/modules/pending/discord_krisp-1.zip: 18%
2024-06-26T14:24:44.692Z [Modules] Streaming discord_krisp@1 to /home/anu/.config/discord/0.0.58/modules/pending/discord_krisp-1.zip: 19%
2024-06-26T14:24:44.692Z [Modules] Streaming discord_krisp@1 to /home/anu/.config/discord/0.0.58/modules/pending/discord_krisp-1.zip: 20%
2024-06-26T14:24:44.693Z [Modules] Streaming discord_krisp@1 to /home/anu/.config/discord/0.0.58/modules/pending/discord_krisp-1.zip: 21%
2024-06-26T14:24:44.693Z [Modules] Streaming discord_krisp@1 to /home/anu/.config/discord/0.0.58/modules/pending/discord_krisp-1.zip: 22%
2024-06-26T14:24:44.693Z [Modules] Streaming discord_krisp@1 to /home/anu/.config/discord/0.0.58/modules/pending/discord_krisp-1.zip: 23%
2024-06-26T14:24:44.694Z [Modules] Streaming discord_krisp@1 to /home/anu/.config/discord/0.0.58/modules/pending/discord_krisp-1.zip: 24%
2024-06-26T14:24:44.694Z [Modules] Streaming discord_krisp@1 to /home/anu/.config/discord/0.0.58/modules/pending/discord_krisp-1.zip: 25%
2024-06-26T14:24:44.839Z [Modules] Streaming discord_krisp@1 to /home/anu/.config/discord/0.0.58/modules/pending/discord_krisp-1.zip: 26%
2024-06-26T14:24:44.845Z [Modules] Streaming discord_krisp@1 to /home/anu/.config/discord/0.0.58/modules/pending/discord_krisp-1.zip: 27%
2024-06-26T14:24:44.852Z [Modules] Streaming discord_krisp@1 to /home/anu/.config/discord/0.0.58/modules/pending/discord_krisp-1.zip: 28%
2024-06-26T14:24:44.858Z [Modules] Streaming discord_krisp@1 to /home/anu/.config/discord/0.0.58/modules/pending/discord_krisp-1.zip: 29%
2024-06-26T14:24:45.259Z [Modules] Streaming discord_krisp@1 to /home/anu/.config/discord/0.0.58/modules/pending/discord_krisp-1.zip: 30%
2024-06-26T14:24:45.260Z [Modules] Streaming discord_krisp@1 to /home/anu/.config/discord/0.0.58/modules/pending/discord_krisp-1.zip: 31%
2024-06-26T14:24:45.260Z [Modules] Streaming discord_krisp@1 to /home/anu/.config/discord/0.0.58/modules/pending/discord_krisp-1.zip: 32%
2024-06-26T14:24:45.331Z [Modules] Streaming discord_krisp@1 to /home/anu/.config/discord/0.0.58/modules/pending/discord_krisp-1.zip: 33%
2024-06-26T14:24:45.339Z [Modules] Streaming discord_krisp@1 to /home/anu/.config/discord/0.0.58/modules/pending/discord_krisp-1.zip: 34%
2024-06-26T14:24:45.557Z [Modules] Streaming discord_krisp@1 to /home/anu/.config/discord/0.0.58/modules/pending/discord_krisp-1.zip: 35%
2024-06-26T14:24:45.559Z [Modules] Streaming discord_krisp@1 to /home/anu/.config/discord/0.0.58/modules/pending/discord_krisp-1.zip: 36%
2024-06-26T14:24:45.562Z [Modules] Streaming discord_krisp@1 to /home/anu/.config/discord/0.0.58/modules/pending/discord_krisp-1.zip: 37%
2024-06-26T14:24:45.567Z [Modules] Streaming discord_krisp@1 to /home/anu/.config/discord/0.0.58/modules/pending/discord_krisp-1.zip: 38%
2024-06-26T14:24:45.568Z [Modules] Streaming discord_krisp@1 to /home/anu/.config/discord/0.0.58/modules/pending/discord_krisp-1.zip: 39%
2024-06-26T14:24:45.569Z [Modules] Streaming discord_krisp@1 to /home/anu/.config/discord/0.0.58/modules/pending/discord_krisp-1.zip: 40%
2024-06-26T14:24:45.569Z [Modules] Streaming discord_krisp@1 to /home/anu/.config/discord/0.0.58/modules/pending/discord_krisp-1.zip: 41%
2024-06-26T14:24:45.570Z [Modules] Streaming discord_krisp@1 to /home/anu/.config/discord/0.0.58/modules/pending/discord_krisp-1.zip: 42%
2024-06-26T14:24:45.571Z [Modules] Streaming discord_krisp@1 to /home/anu/.config/discord/0.0.58/modules/pending/discord_krisp-1.zip: 43%
2024-06-26T14:24:45.571Z [Modules] Streaming discord_krisp@1 to /home/anu/.config/discord/0.0.58/modules/pending/discord_krisp-1.zip: 44%
2024-06-26T14:24:45.572Z [Modules] Streaming discord_krisp@1 to /home/anu/.config/discord/0.0.58/modules/pending/discord_krisp-1.zip: 45%
2024-06-26T14:24:45.572Z [Modules] Streaming discord_krisp@1 to /home/anu/.config/discord/0.0.58/modules/pending/discord_krisp-1.zip: 46%
2024-06-26T14:24:45.717Z [Modules] Streaming discord_krisp@1 to /home/anu/.config/discord/0.0.58/modules/pending/discord_krisp-1.zip: 47%
2024-06-26T14:24:45.723Z [Modules] Streaming discord_krisp@1 to /home/anu/.config/discord/0.0.58/modules/pending/discord_krisp-1.zip: 48%
2024-06-26T14:24:45.729Z [Modules] Streaming discord_krisp@1 to /home/anu/.config/discord/0.0.58/modules/pending/discord_krisp-1.zip: 49%
2024-06-26T14:24:45.737Z [Modules] Streaming discord_krisp@1 to /home/anu/.config/discord/0.0.58/modules/pending/discord_krisp-1.zip: 50%
2024-06-26T14:24:45.921Z [Modules] Checking for host updates.
2024-06-26T14:24:45.941Z [Modules] Streaming discord_krisp@1 to /home/anu/.config/discord/0.0.58/modules/pending/discord_krisp-1.zip: 51%
2024-06-26T14:24:45.998Z [Modules] Starting to install discord_rpc...
2024-06-26T14:24:46.006Z [Modules] Streaming discord_krisp@1 to /home/anu/.config/discord/0.0.58/modules/pending/discord_krisp-1.zip: 52%
2024-06-26T14:24:46.011Z [Modules] Streaming discord_krisp@1 to /home/anu/.config/discord/0.0.58/modules/pending/discord_krisp-1.zip: 53%
2024-06-26T14:24:46.228Z [Modules] Streaming discord_krisp@1 to /home/anu/.config/discord/0.0.58/modules/pending/discord_krisp-1.zip: 54%
2024-06-26T14:24:46.231Z [Modules] Streaming discord_krisp@1 to /home/anu/.config/discord/0.0.58/modules/pending/discord_krisp-1.zip: 55%
2024-06-26T14:24:46.368Z [Modules] Host is up to date.
2024-06-26T14:24:46.368Z [Modules] Checking for module updates at https://discord.com/api/modules/stable/versions.json
2024-06-26T14:24:46.371Z [Modules] No module updates available.
2024-06-26T14:24:46.423Z [Modules] Streaming discord_krisp@1 to /home/anu/.config/discord/0.0.58/modules/pending/discord_krisp-1.zip: 56%
2024-06-26T14:24:46.436Z [Modules] Streaming discord_krisp@1 to /home/anu/.config/discord/0.0.58/modules/pending/discord_krisp-1.zip: 57%
2024-06-26T14:24:46.440Z [Modules] Streaming discord_krisp@1 to /home/anu/.config/discord/0.0.58/modules/pending/discord_krisp-1.zip: 58%
2024-06-26T14:24:46.444Z [Modules] Streaming discord_krisp@1 to /home/anu/.config/discord/0.0.58/modules/pending/discord_krisp-1.zip: 59%
2024-06-26T14:24:46.444Z [Modules] Streaming discord_krisp@1 to /home/anu/.config/discord/0.0.58/modules/pending/discord_krisp-1.zip: 60%
2024-06-26T14:24:46.445Z [Modules] Streaming discord_krisp@1 to /home/anu/.config/discord/0.0.58/modules/pending/discord_krisp-1.zip: 61%
2024-06-26T14:24:46.446Z [Modules] Streaming discord_krisp@1 to /home/anu/.config/discord/0.0.58/modules/pending/discord_krisp-1.zip: 62%
2024-06-26T14:24:46.446Z [Modules] Streaming discord_krisp@1 to /home/anu/.config/discord/0.0.58/modules/pending/discord_krisp-1.zip: 63%
2024-06-26T14:24:46.447Z [Modules] Streaming discord_krisp@1 to /home/anu/.config/discord/0.0.58/modules/pending/discord_krisp-1.zip: 64%
2024-06-26T14:24:46.448Z [Modules] Streaming discord_krisp@1 to /home/anu/.config/discord/0.0.58/modules/pending/discord_krisp-1.zip: 65%
2024-06-26T14:24:46.448Z [Modules] Streaming discord_krisp@1 to /home/anu/.config/discord/0.0.58/modules/pending/discord_krisp-1.zip: 66%
2024-06-26T14:24:46.449Z [Modules] Streaming discord_krisp@1 to /home/anu/.config/discord/0.0.58/modules/pending/discord_krisp-1.zip: 67%
2024-06-26T14:24:46.450Z [Modules] Streaming discord_krisp@1 to /home/anu/.config/discord/0.0.58/modules/pending/discord_krisp-1.zip: 68%
2024-06-26T14:24:46.596Z [Modules] Streaming discord_krisp@1 to /home/anu/.config/discord/0.0.58/modules/pending/discord_krisp-1.zip: 69%
2024-06-26T14:24:46.603Z [Modules] Streaming discord_krisp@1 to /home/anu/.config/discord/0.0.58/modules/pending/discord_krisp-1.zip: 70%
2024-06-26T14:24:46.611Z [Modules] Streaming discord_krisp@1 to /home/anu/.config/discord/0.0.58/modules/pending/discord_krisp-1.zip: 71%
2024-06-26T14:24:46.617Z [Modules] Streaming discord_krisp@1 to /home/anu/.config/discord/0.0.58/modules/pending/discord_krisp-1.zip: 72%
2024-06-26T14:24:46.833Z [Modules] Streaming discord_krisp@1 to /home/anu/.config/discord/0.0.58/modules/pending/discord_krisp-1.zip: 73%
2024-06-26T14:24:46.864Z [Modules] Streaming discord_krisp@1 to /home/anu/.config/discord/0.0.58/modules/pending/discord_krisp-1.zip: 74%
2024-06-26T14:24:46.899Z [Modules] Streaming discord_krisp@1 to /home/anu/.config/discord/0.0.58/modules/pending/discord_krisp-1.zip: 75%
2024-06-26T14:24:46.910Z [Modules] Streaming discord_krisp@1 to /home/anu/.config/discord/0.0.58/modules/pending/discord_krisp-1.zip: 76%
2024-06-26T14:24:46.935Z [Modules] Streaming discord_krisp@1 to /home/anu/.config/discord/0.0.58/modules/pending/discord_krisp-1.zip: 77%
2024-06-26T14:24:46.977Z [Modules] Streaming discord_krisp@1 to /home/anu/.config/discord/0.0.58/modules/pending/discord_krisp-1.zip: 78%
2024-06-26T14:24:46.996Z [Modules] Streaming discord_krisp@1 to /home/anu/.config/discord/0.0.58/modules/pending/discord_krisp-1.zip: 79%
2024-06-26T14:24:47.008Z [Modules] Streaming discord_krisp@1 to /home/anu/.config/discord/0.0.58/modules/pending/discord_krisp-1.zip: 80%
2024-06-26T14:24:47.025Z [Modules] Streaming discord_krisp@1 to /home/anu/.config/discord/0.0.58/modules/pending/discord_krisp-1.zip: 81%
2024-06-26T14:24:47.218Z [Modules] Streaming discord_krisp@1 to /home/anu/.config/discord/0.0.58/modules/pending/discord_krisp-1.zip: 82%
2024-06-26T14:24:47.247Z [Modules] Streaming discord_krisp@1 to /home/anu/.config/discord/0.0.58/modules/pending/discord_krisp-1.zip: 83%
2024-06-26T14:24:47.273Z [Modules] Streaming discord_krisp@1 to /home/anu/.config/discord/0.0.58/modules/pending/discord_krisp-1.zip: 84%
2024-06-26T14:24:47.278Z [Modules] Streaming discord_krisp@1 to /home/anu/.config/discord/0.0.58/modules/pending/discord_krisp-1.zip: 85%
2024-06-26T14:24:47.476Z [Modules] Streaming discord_krisp@1 to /home/anu/.config/discord/0.0.58/modules/pending/discord_krisp-1.zip: 86%
2024-06-26T14:24:47.476Z [Modules] Streaming discord_krisp@1 to /home/anu/.config/discord/0.0.58/modules/pending/discord_krisp-1.zip: 87%
2024-06-26T14:24:47.477Z [Modules] Streaming discord_krisp@1 to /home/anu/.config/discord/0.0.58/modules/pending/discord_krisp-1.zip: 88%
2024-06-26T14:24:47.477Z [Modules] Streaming discord_krisp@1 to /home/anu/.config/discord/0.0.58/modules/pending/discord_krisp-1.zip: 89%
2024-06-26T14:24:47.478Z [Modules] Streaming discord_krisp@1 to /home/anu/.config/discord/0.0.58/modules/pending/discord_krisp-1.zip: 90%
2024-06-26T14:24:47.478Z [Modules] Streaming discord_krisp@1 to /home/anu/.config/discord/0.0.58/modules/pending/discord_krisp-1.zip: 91%
2024-06-26T14:24:47.541Z [Modules] Streaming discord_krisp@1 to /home/anu/.config/discord/0.0.58/modules/pending/discord_krisp-1.zip: 92%
2024-06-26T14:24:47.549Z [Modules] Streaming discord_krisp@1 to /home/anu/.config/discord/0.0.58/modules/pending/discord_krisp-1.zip: 93%
2024-06-26T14:24:47.571Z [Modules] Streaming discord_krisp@1 to /home/anu/.config/discord/0.0.58/modules/pending/discord_krisp-1.zip: 94%
2024-06-26T14:24:47.571Z [Modules] Streaming discord_krisp@1 to /home/anu/.config/discord/0.0.58/modules/pending/discord_krisp-1.zip: 95%
2024-06-26T14:24:47.623Z [Modules] Streaming discord_krisp@1 to /home/anu/.config/discord/0.0.58/modules/pending/discord_krisp-1.zip: 96%
2024-06-26T14:24:47.624Z [Modules] Streaming discord_krisp@1 to /home/anu/.config/discord/0.0.58/modules/pending/discord_krisp-1.zip: 97%
2024-06-26T14:24:47.634Z [Modules] Streaming discord_krisp@1 to /home/anu/.config/discord/0.0.58/modules/pending/discord_krisp-1.zip: 98%
2024-06-26T14:24:47.643Z [Modules] Streaming discord_krisp@1 to /home/anu/.config/discord/0.0.58/modules/pending/discord_krisp-1.zip: 99%
2024-06-26T14:24:47.649Z [Modules] Streaming discord_krisp@1 to /home/anu/.config/discord/0.0.58/modules/pending/discord_krisp-1.zip: 100%
2024-06-26T14:24:47.650Z [Modules] Fetching discord_game_utils@1 from https://discord.com/api/modules/stable/discord_game_utils/1
2024-06-26T14:24:47.650Z [Modules] Streaming discord_game_utils@1 to /home/anu/.config/discord/0.0.58/modules/pending/discord_game_utils-1.zip
2024-06-26T14:24:47.650Z [Modules] Installing discord_krisp@1 from /home/anu/.config/discord/0.0.58/modules/pending/discord_krisp-1.zip
2024-06-26T14:24:47.928Z [Modules] Finished module installations. [success: 1] [failure: 0]
2024-06-26T14:24:48.220Z [Modules] Streaming discord_game_utils@1 to /home/anu/.config/discord/0.0.58/modules/pending/discord_game_utils-1.zip: 2%
2024-06-26T14:24:48.222Z [Modules] Streaming discord_game_utils@1 to /home/anu/.config/discord/0.0.58/modules/pending/discord_game_utils-1.zip: 5%
2024-06-26T14:24:48.224Z [Modules] Streaming discord_game_utils@1 to /home/anu/.config/discord/0.0.58/modules/pending/discord_game_utils-1.zip: 7%
2024-06-26T14:24:48.224Z [Modules] Streaming discord_game_utils@1 to /home/anu/.config/discord/0.0.58/modules/pending/discord_game_utils-1.zip: 8%
2024-06-26T14:24:48.226Z [Modules] Streaming discord_game_utils@1 to /home/anu/.config/discord/0.0.58/modules/pending/discord_game_utils-1.zip: 10%
2024-06-26T14:24:48.228Z [Modules] Streaming discord_game_utils@1 to /home/anu/.config/discord/0.0.58/modules/pending/discord_game_utils-1.zip: 12%
2024-06-26T14:24:48.230Z [Modules] Streaming discord_game_utils@1 to /home/anu/.config/discord/0.0.58/modules/pending/discord_game_utils-1.zip: 15%
2024-06-26T14:24:48.233Z [Modules] Streaming discord_game_utils@1 to /home/anu/.config/discord/0.0.58/modules/pending/discord_game_utils-1.zip: 17%
2024-06-26T14:24:48.233Z [Modules] Streaming discord_game_utils@1 to /home/anu/.config/discord/0.0.58/modules/pending/discord_game_utils-1.zip: 18%
2024-06-26T14:24:48.234Z [Modules] Streaming discord_game_utils@1 to /home/anu/.config/discord/0.0.58/modules/pending/discord_game_utils-1.zip: 19%
2024-06-26T14:24:48.236Z [Modules] Streaming discord_game_utils@1 to /home/anu/.config/discord/0.0.58/modules/pending/discord_game_utils-1.zip: 21%
2024-06-26T14:24:48.238Z [Modules] Streaming discord_game_utils@1 to /home/anu/.config/discord/0.0.58/modules/pending/discord_game_utils-1.zip: 24%
2024-06-26T14:24:48.240Z [Modules] Streaming discord_game_utils@1 to /home/anu/.config/discord/0.0.58/modules/pending/discord_game_utils-1.zip: 27%
2024-06-26T14:24:48.242Z [Modules] Streaming discord_game_utils@1 to /home/anu/.config/discord/0.0.58/modules/pending/discord_game_utils-1.zip: 29%
2024-06-26T14:24:48.242Z [Modules] Streaming discord_game_utils@1 to /home/anu/.config/discord/0.0.58/modules/pending/discord_game_utils-1.zip: 30%
2024-06-26T14:24:48.245Z [Modules] Streaming discord_game_utils@1 to /home/anu/.config/discord/0.0.58/modules/pending/discord_game_utils-1.zip: 32%
2024-06-26T14:24:48.248Z [Modules] Streaming discord_game_utils@1 to /home/anu/.config/discord/0.0.58/modules/pending/discord_game_utils-1.zip: 33%
2024-06-26T14:24:48.438Z [Modules] Streaming discord_game_utils@1 to /home/anu/.config/discord/0.0.58/modules/pending/discord_game_utils-1.zip: 34%
2024-06-26T14:24:48.439Z [Modules] Streaming discord_game_utils@1 to /home/anu/.config/discord/0.0.58/modules/pending/discord_game_utils-1.zip: 35%
2024-06-26T14:24:48.448Z [Modules] Streaming discord_game_utils@1 to /home/anu/.config/discord/0.0.58/modules/pending/discord_game_utils-1.zip: 37%
2024-06-26T14:24:48.451Z [Modules] Streaming discord_game_utils@1 to /home/anu/.config/discord/0.0.58/modules/pending/discord_game_utils-1.zip: 38%
2024-06-26T14:24:48.460Z [Modules] Streaming discord_game_utils@1 to /home/anu/.config/discord/0.0.58/modules/pending/discord_game_utils-1.zip: 40%
2024-06-26T14:24:48.499Z [Modules] Streaming discord_game_utils@1 to /home/anu/.config/discord/0.0.58/modules/pending/discord_game_utils-1.zip: 43%
2024-06-26T14:24:48.500Z [Modules] Streaming discord_game_utils@1 to /home/anu/.config/discord/0.0.58/modules/pending/discord_game_utils-1.zip: 44%
2024-06-26T14:24:48.501Z [Modules] Streaming discord_game_utils@1 to /home/anu/.config/discord/0.0.58/modules/pending/discord_game_utils-1.zip: 46%
2024-06-26T14:24:48.501Z [Modules] Streaming discord_game_utils@1 to /home/anu/.config/discord/0.0.58/modules/pending/discord_game_utils-1.zip: 47%
2024-06-26T14:24:48.503Z [Modules] Streaming discord_game_utils@1 to /home/anu/.config/discord/0.0.58/modules/pending/discord_game_utils-1.zip: 48%
2024-06-26T14:24:48.505Z [Modules] Streaming discord_game_utils@1 to /home/anu/.config/discord/0.0.58/modules/pending/discord_game_utils-1.zip: 50%
2024-06-26T14:24:48.505Z [Modules] Streaming discord_game_utils@1 to /home/anu/.config/discord/0.0.58/modules/pending/discord_game_utils-1.zip: 53%
2024-06-26T14:24:48.507Z [Modules] Streaming discord_game_utils@1 to /home/anu/.config/discord/0.0.58/modules/pending/discord_game_utils-1.zip: 56%
2024-06-26T14:24:48.508Z [Modules] Streaming discord_game_utils@1 to /home/anu/.config/discord/0.0.58/modules/pending/discord_game_utils-1.zip: 58%
2024-06-26T14:24:48.510Z [Modules] Streaming discord_game_utils@1 to /home/anu/.config/discord/0.0.58/modules/pending/discord_game_utils-1.zip: 60%
2024-06-26T14:24:48.513Z [Modules] Streaming discord_game_utils@1 to /home/anu/.config/discord/0.0.58/modules/pending/discord_game_utils-1.zip: 62%
2024-06-26T14:24:48.514Z [Modules] Streaming discord_game_utils@1 to /home/anu/.config/discord/0.0.58/modules/pending/discord_game_utils-1.zip: 64%
2024-06-26T14:24:48.514Z [Modules] Streaming discord_game_utils@1 to /home/anu/.config/discord/0.0.58/modules/pending/discord_game_utils-1.zip: 66%
2024-06-26T14:24:48.516Z [Modules] Streaming discord_game_utils@1 to /home/anu/.config/discord/0.0.58/modules/pending/discord_game_utils-1.zip: 68%
2024-06-26T14:24:48.516Z [Modules] Streaming discord_game_utils@1 to /home/anu/.config/discord/0.0.58/modules/pending/discord_game_utils-1.zip: 69%
2024-06-26T14:24:48.518Z [Modules] Streaming discord_game_utils@1 to /home/anu/.config/discord/0.0.58/modules/pending/discord_game_utils-1.zip: 71%
2024-06-26T14:24:48.519Z [Modules] Streaming discord_game_utils@1 to /home/anu/.config/discord/0.0.58/modules/pending/discord_game_utils-1.zip: 73%
2024-06-26T14:24:48.522Z [Modules] Streaming discord_game_utils@1 to /home/anu/.config/discord/0.0.58/modules/pending/discord_game_utils-1.zip: 75%
2024-06-26T14:24:48.523Z [Modules] Streaming discord_game_utils@1 to /home/anu/.config/discord/0.0.58/modules/pending/discord_game_utils-1.zip: 76%
2024-06-26T14:24:48.523Z [Modules] Streaming discord_game_utils@1 to /home/anu/.config/discord/0.0.58/modules/pending/discord_game_utils-1.zip: 79%
2024-06-26T14:24:48.527Z [Modules] Streaming discord_game_utils@1 to /home/anu/.config/discord/0.0.58/modules/pending/discord_game_utils-1.zip: 82%
2024-06-26T14:24:48.591Z [Modules] Streaming discord_game_utils@1 to /home/anu/.config/discord/0.0.58/modules/pending/discord_game_utils-1.zip: 85%
2024-06-26T14:24:48.593Z [Modules] Streaming discord_game_utils@1 to /home/anu/.config/discord/0.0.58/modules/pending/discord_game_utils-1.zip: 86%
2024-06-26T14:24:48.595Z [Modules] Streaming discord_game_utils@1 to /home/anu/.config/discord/0.0.58/modules/pending/discord_game_utils-1.zip: 89%
2024-06-26T14:24:48.598Z [Modules] Streaming discord_game_utils@1 to /home/anu/.config/discord/0.0.58/modules/pending/discord_game_utils-1.zip: 90%
2024-06-26T14:24:48.602Z [Modules] Streaming discord_game_utils@1 to /home/anu/.config/discord/0.0.58/modules/pending/discord_game_utils-1.zip: 93%
2024-06-26T14:24:48.603Z [Modules] Streaming discord_game_utils@1 to /home/anu/.config/discord/0.0.58/modules/pending/discord_game_utils-1.zip: 94%
2024-06-26T14:24:48.604Z [Modules] Streaming discord_game_utils@1 to /home/anu/.config/discord/0.0.58/modules/pending/discord_game_utils-1.zip: 95%
2024-06-26T14:24:48.610Z [Modules] Streaming discord_game_utils@1 to /home/anu/.config/discord/0.0.58/modules/pending/discord_game_utils-1.zip: 98%
2024-06-26T14:24:48.651Z [Modules] Streaming discord_game_utils@1 to /home/anu/.config/discord/0.0.58/modules/pending/discord_game_utils-1.zip: 100%
2024-06-26T14:24:48.652Z [Modules] Fetching discord_rpc@1 from https://discord.com/api/modules/stable/discord_rpc/1
2024-06-26T14:24:48.653Z [Modules] Streaming discord_rpc@1 to /home/anu/.config/discord/0.0.58/modules/pending/discord_rpc-1.zip
2024-06-26T14:24:48.653Z [Modules] Installing discord_game_utils@1 from /home/anu/.config/discord/0.0.58/modules/pending/discord_game_utils-1.zip
2024-06-26T14:24:48.708Z [Modules] Finished module installations. [success: 1] [failure: 0]
2024-06-26T14:24:49.167Z [Modules] Streaming discord_rpc@1 to /home/anu/.config/discord/0.0.58/modules/pending/discord_rpc-1.zip: 100%
2024-06-26T14:24:49.168Z [Modules] Finished module downloads. [success: 3] [failure: 0]
2024-06-26T14:24:49.169Z [Modules] Installing discord_rpc@1 from /home/anu/.config/discord/0.0.58/modules/pending/discord_rpc-1.zip
2024-06-26T14:24:49.179Z [Modules] Finished module installations. [success: 1] [failure: 0]
2024-06-26T15:35:00.201Z [Modules] Modules initializing
2024-06-26T15:35:00.201Z [Modules] Distribution: remote
2024-06-26T15:35:00.201Z [Modules] Host updates: enabled
2024-06-26T15:35:00.201Z [Modules] Module updates: enabled
2024-06-26T15:35:00.201Z [Modules] Module install path: /home/anu/.config/discord/0.0.58/modules
2024-06-26T15:35:00.201Z [Modules] Module installed file path: /home/anu/.config/discord/0.0.58/modules/installed.json
2024-06-26T15:35:00.201Z [Modules] Module download path: /home/anu/.config/discord/0.0.58/modules/pending
2024-06-26T15:35:00.470Z [Modules] No updates to install
2024-06-26T15:35:00.470Z [Modules] Checking for host updates.
2024-06-26T15:35:01.130Z [Modules] Host is up to date.
2024-06-26T15:35:01.130Z [Modules] Checking for module updates at https://discord.com/api/modules/stable/versions.json
2024-06-26T15:35:01.530Z [Modules] No module updates available.
2024-06-26T15:35:06.004Z [Modules] Checking for host updates.
2024-06-26T15:35:06.372Z [Modules] Host is up to date.
2024-06-26T15:35:06.372Z [Modules] Checking for module updates at https://discord.com/api/modules/stable/versions.json
2024-06-26T15:35:06.374Z [Modules] No module updates available.
2024-06-26T15:35:06.908Z [Modules] Checking for host updates.
2024-06-26T15:35:07.293Z [Modules] Host is up to date.
2024-06-26T15:35:07.294Z [Modules] Checking for module updates at https://discord.com/api/modules/stable/versions.json
2024-06-26T15:35:07.296Z [Modules] No module updates available.
