Locating server…
Booting server...
Checking if /home/anu/Documents/GitHub/Angular-misc/src/app/Components/behavioural-subject/behavioural-subject.component.css may be Tailwind-related…
Checking if /home/anu/Documents/GitHub/Angular-misc/src/app/Components/promises/promises.component.css may be Tailwind-related…
Checking if /home/anu/Documents/GitHub/Angular-misc/src/app/Components/forms/template/template.component.css may be Tailwind-related…
Checking if /home/anu/Documents/GitHub/Angular-misc/src/app/Components/forms/reactive/reactive.component.css may be Tailwind-related…
Checking if /home/anu/Documents/GitHub/Angular-misc/src/app/Components/forms/forms.component.css may be Tailwind-related…
Checking if /home/anu/Documents/GitHub/Angular-misc/src/app/Components/http/http.component.css may be Tailwind-related…
Checking if /home/anu/Documents/GitHub/Angular-misc/src/app/Components/directives/directives.component.css may be Tailwind-related…
Checking if /home/anu/Documents/GitHub/Angular-misc/src/app/Components/input-output/input-output.component.css may be Tailwind-related…
Checking if /home/anu/Documents/GitHub/Angular-misc/src/app/Components/input-output/child/child.component.css may be Tailwind-related…
Checking if /home/anu/Documents/GitHub/Angular-misc/src/app/Components/subjects/subjects.component.css may be Tailwind-related…
Checking if /home/anu/Documents/GitHub/Angular-misc/src/app/Components/notfound/notfound.component.css may be Tailwind-related…
Checking if /home/anu/Documents/GitHub/Angular-misc/src/app/Components/lifecycle/lifecycle.component.css may be Tailwind-related…
Checking if /home/anu/Documents/GitHub/Angular-misc/src/app/Components/http-interceptor/http-interceptor.component.css may be Tailwind-related…
Checking if /home/anu/Documents/GitHub/Angular-misc/src/app/Components/search/search.component.css may be Tailwind-related…
Checking if /home/anu/Documents/GitHub/Angular-misc/src/app/Components/observable/observable.component.css may be Tailwind-related…
Checking if /home/anu/Documents/GitHub/Angular-misc/src/app/Components/Directives/custom/custom.component.css may be Tailwind-related…
Checking if /home/anu/Documents/GitHub/Angular-misc/src/app/Components/Directives/default/default.component.css may be Tailwind-related…
Checking if /home/anu/Documents/GitHub/Angular-misc/src/app/app.component.css may be Tailwind-related…
Checking if /home/anu/Documents/GitHub/Angular-misc/src/styles.css may be Tailwind-related…
Setting up server…
Listening for messages…
Searching for Tailwind CSS projects in the workspace's folders.
[Global] Creating projects: []
[Global] Preparing projects...
[Global] Initializing projects...
[Global] Initialized 0 projects
[Info  - 11:19:06 AM] [GLOBAL] No matching project for document {
  fsPath: '/home/anu/Documents/GitHub/Angular-misc/src/app/app.component.html',
  normalPath: '/home/anu/Documents/GitHub/Angular-misc/src/app/app.component.html'
}
[Info  - 11:19:06 AM] [GLOBAL] No matching project for document {
  fsPath: '/home/anu/Documents/GitHub/Angular-misc/src/app/app.component.html',
  normalPath: '/home/anu/Documents/GitHub/Angular-misc/src/app/app.component.html'
}
[Info  - 11:19:06 AM] [GLOBAL] No matching project for document {
  fsPath: '/home/anu/Documents/GitHub/Angular-misc/src/app/app.component.html',
  normalPath: '/home/anu/Documents/GitHub/Angular-misc/src/app/app.component.html'
}
[Info  - 11:19:12 AM] [GLOBAL] No matching project for document {
  fsPath: '/home/anu/Documents/GitHub/Angular-misc/src/app/app.component.ts',
  normalPath: '/home/anu/Documents/GitHub/Angular-misc/src/app/app.component.ts'
}
[Info  - 11:19:12 AM] [GLOBAL] No matching project for document {
  fsPath: '/home/anu/Documents/GitHub/Angular-misc/src/app/app.component.ts',
  normalPath: '/home/anu/Documents/GitHub/Angular-misc/src/app/app.component.ts'
}
[Info  - 11:19:12 AM] [GLOBAL] No matching project for document {
  fsPath: '/home/anu/Documents/GitHub/Angular-misc/src/app/app.component.ts',
  normalPath: '/home/anu/Documents/GitHub/Angular-misc/src/app/app.component.ts'
}
[Info  - 11:19:17 AM] [GLOBAL] No matching project for document {
  fsPath: '/home/anu/Documents/GitHub/Angular-misc/src/app/app.component.ts',
  normalPath: '/home/anu/Documents/GitHub/Angular-misc/src/app/app.component.ts'
}
[Info  - 11:19:18 AM] [GLOBAL] No matching project for document {
  fsPath: '/home/anu/Documents/GitHub/Angular-misc/src/app/app.component.ts',
  normalPath: '/home/anu/Documents/GitHub/Angular-misc/src/app/app.component.ts'
}
[Info  - 11:19:18 AM] [GLOBAL] No matching project for document {
  fsPath: '/home/anu/Documents/GitHub/Angular-misc/src/app/app.component.ts',
  normalPath: '/home/anu/Documents/GitHub/Angular-misc/src/app/app.component.ts'
}
[Info  - 11:19:19 AM] [GLOBAL] No matching project for document {
  fsPath: '/home/anu/Documents/GitHub/Angular-misc/src/app/app.component.ts',
  normalPath: '/home/anu/Documents/GitHub/Angular-misc/src/app/app.component.ts'
}
[Info  - 11:19:20 AM] [GLOBAL] No matching project for document {
  fsPath: '/home/anu/Documents/GitHub/Angular-misc/src/app/app.component.ts',
  normalPath: '/home/anu/Documents/GitHub/Angular-misc/src/app/app.component.ts'
}
[Info  - 11:19:20 AM] [GLOBAL] No matching project for document {
  fsPath: '/home/anu/Documents/GitHub/Angular-misc/src/app/app.component.ts',
  normalPath: '/home/anu/Documents/GitHub/Angular-misc/src/app/app.component.ts'
}
[Info  - 11:19:20 AM] [GLOBAL] No matching project for document {
  fsPath: '/home/anu/Documents/GitHub/Angular-misc/src/app/app.component.ts',
  normalPath: '/home/anu/Documents/GitHub/Angular-misc/src/app/app.component.ts'
}
[Info  - 11:19:22 AM] [GLOBAL] No matching project for document {
  fsPath: '/home/anu/Documents/GitHub/Angular-misc/src/app/app.component.ts',
  normalPath: '/home/anu/Documents/GitHub/Angular-misc/src/app/app.component.ts'
}
[Info  - 11:19:22 AM] [GLOBAL] No matching project for document {
  fsPath: '/home/anu/Documents/GitHub/Angular-misc/src/app/app.component.ts',
  normalPath: '/home/anu/Documents/GitHub/Angular-misc/src/app/app.component.ts'
}
[Info  - 11:19:22 AM] [GLOBAL] No matching project for document {
  fsPath: '/home/anu/Documents/GitHub/Angular-misc/src/app/app.component.ts',
  normalPath: '/home/anu/Documents/GitHub/Angular-misc/src/app/app.component.ts'
}
[Info  - 11:19:23 AM] [GLOBAL] No matching project for document {
  fsPath: '/home/anu/Documents/GitHub/Angular-misc/src/app/app.component.ts',
  normalPath: '/home/anu/Documents/GitHub/Angular-misc/src/app/app.component.ts'
}
[Info  - 11:19:23 AM] [GLOBAL] No matching project for document {
  fsPath: '/home/anu/Documents/GitHub/Angular-misc/src/app/app.component.ts',
  normalPath: '/home/anu/Documents/GitHub/Angular-misc/src/app/app.component.ts'
}
[Info  - 11:19:24 AM] [GLOBAL] No matching project for document {
  fsPath: '/home/anu/Documents/GitHub/Angular-misc/src/app/app.component.ts',
  normalPath: '/home/anu/Documents/GitHub/Angular-misc/src/app/app.component.ts'
}
[Info  - 11:19:24 AM] [GLOBAL] No matching project for document {
  fsPath: '/home/anu/Documents/GitHub/Angular-misc/src/app/app.component.ts',
  normalPath: '/home/anu/Documents/GitHub/Angular-misc/src/app/app.component.ts'
}
[Info  - 11:19:25 AM] [GLOBAL] No matching project for document {
  fsPath: '/home/anu/Documents/GitHub/Angular-misc/src/app/app.component.ts',
  normalPath: '/home/anu/Documents/GitHub/Angular-misc/src/app/app.component.ts'
}
[Info  - 11:19:25 AM] [GLOBAL] No matching project for document {
  fsPath: '/home/anu/Documents/GitHub/Angular-misc/src/app/app.component.ts',
  normalPath: '/home/anu/Documents/GitHub/Angular-misc/src/app/app.component.ts'
}
[Info  - 11:19:26 AM] [GLOBAL] No matching project for document {
  fsPath: '/home/anu/Documents/GitHub/Angular-misc/src/app/app.component.ts',
  normalPath: '/home/anu/Documents/GitHub/Angular-misc/src/app/app.component.ts'
}
[Info  - 11:19:27 AM] [GLOBAL] No matching project for document {
  fsPath: '/home/anu/Documents/GitHub/Angular-misc/src/app/app.component.ts',
  normalPath: '/home/anu/Documents/GitHub/Angular-misc/src/app/app.component.ts'
}
[Info  - 11:19:28 AM] [GLOBAL] No matching project for document {
  fsPath: '/home/anu/Documents/GitHub/Angular-misc/src/app/app.component.ts',
  normalPath: '/home/anu/Documents/GitHub/Angular-misc/src/app/app.component.ts'
}
[Info  - 11:19:30 AM] [GLOBAL] No matching project for document {
  fsPath: '/home/anu/Documents/GitHub/Angular-misc/src/app/app.component.ts',
  normalPath: '/home/anu/Documents/GitHub/Angular-misc/src/app/app.component.ts'
}
[Info  - 11:19:30 AM] [GLOBAL] No matching project for document {
  fsPath: '/home/anu/Documents/GitHub/Angular-misc/src/app/app.component.ts',
  normalPath: '/home/anu/Documents/GitHub/Angular-misc/src/app/app.component.ts'
}
[Info  - 11:19:31 AM] [GLOBAL] No matching project for document {
  fsPath: '/home/anu/Documents/GitHub/Angular-misc/src/app/app.component.ts',
  normalPath: '/home/anu/Documents/GitHub/Angular-misc/src/app/app.component.ts'
}
[Info  - 11:19:32 AM] [GLOBAL] No matching project for document {
  fsPath: '/home/anu/Documents/GitHub/Angular-misc/src/app/app.component.ts',
  normalPath: '/home/anu/Documents/GitHub/Angular-misc/src/app/app.component.ts'
}
[Info  - 11:19:33 AM] [GLOBAL] No matching project for document {
  fsPath: '/home/anu/Documents/GitHub/Angular-misc/src/app/app.component.ts',
  normalPath: '/home/anu/Documents/GitHub/Angular-misc/src/app/app.component.ts'
}
[Info  - 11:19:35 AM] [GLOBAL] No matching project for document {
  fsPath: '/home/anu/Documents/GitHub/Angular-misc/src/app/app.component.ts',
  normalPath: '/home/anu/Documents/GitHub/Angular-misc/src/app/app.component.ts'
}
[Info  - 11:19:36 AM] [GLOBAL] No matching project for document {
  fsPath: '/home/anu/Documents/GitHub/Angular-misc/src/app/app.component.ts',
  normalPath: '/home/anu/Documents/GitHub/Angular-misc/src/app/app.component.ts'
}
[Info  - 11:19:37 AM] [GLOBAL] No matching project for document {
  fsPath: '/home/anu/Documents/GitHub/Angular-misc/src/app/app.component.ts',
  normalPath: '/home/anu/Documents/GitHub/Angular-misc/src/app/app.component.ts'
}
[Info  - 11:19:39 AM] [GLOBAL] No matching project for document {
  fsPath: '/home/anu/Documents/GitHub/Angular-misc/src/app/app.component.ts',
  normalPath: '/home/anu/Documents/GitHub/Angular-misc/src/app/app.component.ts'
}
[Info  - 11:19:39 AM] [GLOBAL] No matching project for document {
  fsPath: '/home/anu/Documents/GitHub/Angular-misc/src/app/app.component.ts',
  normalPath: '/home/anu/Documents/GitHub/Angular-misc/src/app/app.component.ts'
}
[Info  - 11:19:40 AM] [GLOBAL] No matching project for document {
  fsPath: '/home/anu/Documents/GitHub/Angular-misc/src/app/app.component.ts',
  normalPath: '/home/anu/Documents/GitHub/Angular-misc/src/app/app.component.ts'
}
[Info  - 11:19:40 AM] [GLOBAL] No matching project for document {
  fsPath: '/home/anu/Documents/GitHub/Angular-misc/src/app/app.component.ts',
  normalPath: '/home/anu/Documents/GitHub/Angular-misc/src/app/app.component.ts'
}
[Info  - 11:19:41 AM] [GLOBAL] No matching project for document {
  fsPath: '/home/anu/Documents/GitHub/Angular-misc/src/app/app.component.ts',
  normalPath: '/home/anu/Documents/GitHub/Angular-misc/src/app/app.component.ts'
}
[Info  - 11:19:42 AM] [GLOBAL] No matching project for document {
  fsPath: '/home/anu/Documents/GitHub/Angular-misc/src/app/app.component.ts',
  normalPath: '/home/anu/Documents/GitHub/Angular-misc/src/app/app.component.ts'
}
[Info  - 11:19:42 AM] [GLOBAL] No matching project for document {
  fsPath: '/home/anu/Documents/GitHub/Angular-misc/src/app/app.component.ts',
  normalPath: '/home/anu/Documents/GitHub/Angular-misc/src/app/app.component.ts'
}
[Info  - 11:19:43 AM] [GLOBAL] No matching project for document {
  fsPath: '/home/anu/Documents/GitHub/Angular-misc/src/app/app.component.ts',
  normalPath: '/home/anu/Documents/GitHub/Angular-misc/src/app/app.component.ts'
}
[Info  - 11:19:43 AM] [GLOBAL] No matching project for document {
  fsPath: '/home/anu/Documents/GitHub/Angular-misc/src/app/app.component.ts',
  normalPath: '/home/anu/Documents/GitHub/Angular-misc/src/app/app.component.ts'
}
[Info  - 11:19:55 AM] [GLOBAL] No matching project for document {
  fsPath: '/home/anu/Documents/GitHub/Angular-misc/src/app/app.component.ts',
  normalPath: '/home/anu/Documents/GitHub/Angular-misc/src/app/app.component.ts'
}
[Info  - 11:19:55 AM] [GLOBAL] No matching project for document {
  fsPath: '/home/anu/Documents/GitHub/Angular-misc/src/app/app.component.ts',
  normalPath: '/home/anu/Documents/GitHub/Angular-misc/src/app/app.component.ts'
}
[Info  - 11:19:56 AM] [GLOBAL] No matching project for document {
  fsPath: '/home/anu/Documents/GitHub/Angular-misc/src/app/app.component.ts',
  normalPath: '/home/anu/Documents/GitHub/Angular-misc/src/app/app.component.ts'
}
[Info  - 11:19:57 AM] [GLOBAL] No matching project for document {
  fsPath: '/home/anu/Documents/GitHub/Angular-misc/src/app/app.component.ts',
  normalPath: '/home/anu/Documents/GitHub/Angular-misc/src/app/app.component.ts'
}
[Info  - 11:19:57 AM] [GLOBAL] No matching project for document {
  fsPath: '/home/anu/Documents/GitHub/Angular-misc/src/app/app.component.ts',
  normalPath: '/home/anu/Documents/GitHub/Angular-misc/src/app/app.component.ts'
}
[Info  - 11:19:58 AM] [GLOBAL] No matching project for document {
  fsPath: '/home/anu/Documents/GitHub/Angular-misc/src/app/app.component.ts',
  normalPath: '/home/anu/Documents/GitHub/Angular-misc/src/app/app.component.ts'
}
[Info  - 11:19:59 AM] [GLOBAL] No matching project for document {
  fsPath: '/home/anu/Documents/GitHub/Angular-misc/src/app/app.component.ts',
  normalPath: '/home/anu/Documents/GitHub/Angular-misc/src/app/app.component.ts'
}
[Info  - 11:19:59 AM] [GLOBAL] No matching project for document {
  fsPath: '/home/anu/Documents/GitHub/Angular-misc/src/app/app.component.ts',
  normalPath: '/home/anu/Documents/GitHub/Angular-misc/src/app/app.component.ts'
}
[Info  - 11:20:00 AM] [GLOBAL] No matching project for document {
  fsPath: '/home/anu/Documents/GitHub/Angular-misc/src/app/app.component.ts',
  normalPath: '/home/anu/Documents/GitHub/Angular-misc/src/app/app.component.ts'
}
[Info  - 11:20:01 AM] [GLOBAL] No matching project for document {
  fsPath: '/home/anu/Documents/GitHub/Angular-misc/src/app/app.component.ts',
  normalPath: '/home/anu/Documents/GitHub/Angular-misc/src/app/app.component.ts'
}
[Info  - 11:20:02 AM] [GLOBAL] No matching project for document {
  fsPath: '/home/anu/Documents/GitHub/Angular-misc/src/app/app.component.ts',
  normalPath: '/home/anu/Documents/GitHub/Angular-misc/src/app/app.component.ts'
}
[Info  - 11:20:03 AM] [GLOBAL] No matching project for document {
  fsPath: '/home/anu/Documents/GitHub/Angular-misc/src/app/app.component.ts',
  normalPath: '/home/anu/Documents/GitHub/Angular-misc/src/app/app.component.ts'
}
[Info  - 11:20:03 AM] [GLOBAL] No matching project for document {
  fsPath: '/home/anu/Documents/GitHub/Angular-misc/src/app/app.component.ts',
  normalPath: '/home/anu/Documents/GitHub/Angular-misc/src/app/app.component.ts'
}
[Info  - 11:20:06 AM] [GLOBAL] No matching project for document {
  fsPath: '/home/anu/Documents/GitHub/Angular-misc/src/app/app.component.ts',
  normalPath: '/home/anu/Documents/GitHub/Angular-misc/src/app/app.component.ts'
}
[Info  - 11:20:06 AM] [GLOBAL] No matching project for document {
  fsPath: '/home/anu/Documents/GitHub/Angular-misc/src/app/app.component.ts',
  normalPath: '/home/anu/Documents/GitHub/Angular-misc/src/app/app.component.ts'
}
[Info  - 11:20:07 AM] [GLOBAL] No matching project for document {
  fsPath: '/home/anu/Documents/GitHub/Angular-misc/src/app/app.component.ts',
  normalPath: '/home/anu/Documents/GitHub/Angular-misc/src/app/app.component.ts'
}
[Info  - 11:20:08 AM] [GLOBAL] No matching project for document {
  fsPath: '/home/anu/Documents/GitHub/Angular-misc/src/app/app.component.ts',
  normalPath: '/home/anu/Documents/GitHub/Angular-misc/src/app/app.component.ts'
}
[Info  - 11:20:09 AM] [GLOBAL] No matching project for document {
  fsPath: '/home/anu/Documents/GitHub/Angular-misc/src/app/app.component.ts',
  normalPath: '/home/anu/Documents/GitHub/Angular-misc/src/app/app.component.ts'
}
[Info  - 11:20:10 AM] [GLOBAL] No matching project for document {
  fsPath: '/home/anu/Documents/GitHub/Angular-misc/src/app/app.component.ts',
  normalPath: '/home/anu/Documents/GitHub/Angular-misc/src/app/app.component.ts'
}
[Info  - 11:20:11 AM] [GLOBAL] No matching project for document {
  fsPath: '/home/anu/Documents/GitHub/Angular-misc/src/app/app.component.ts',
  normalPath: '/home/anu/Documents/GitHub/Angular-misc/src/app/app.component.ts'
}
[Info  - 11:20:12 AM] [GLOBAL] No matching project for document {
  fsPath: '/home/anu/Documents/GitHub/Angular-misc/src/app/app.component.ts',
  normalPath: '/home/anu/Documents/GitHub/Angular-misc/src/app/app.component.ts'
}
[Info  - 11:20:12 AM] [GLOBAL] No matching project for document {
  fsPath: '/home/anu/Documents/GitHub/Angular-misc/src/app/app.component.ts',
  normalPath: '/home/anu/Documents/GitHub/Angular-misc/src/app/app.component.ts'
}
[Info  - 11:20:13 AM] [GLOBAL] No matching project for document {
  fsPath: '/home/anu/Documents/GitHub/Angular-misc/src/app/app.component.ts',
  normalPath: '/home/anu/Documents/GitHub/Angular-misc/src/app/app.component.ts'
}
[Info  - 11:20:27 AM] [GLOBAL] No matching project for document {
  fsPath: '/home/anu/Documents/GitHub/Angular-misc/src/app/app.component.ts',
  normalPath: '/home/anu/Documents/GitHub/Angular-misc/src/app/app.component.ts'
}
[Info  - 11:20:29 AM] [GLOBAL] No matching project for document {
  fsPath: '/home/anu/Documents/GitHub/Angular-misc/src/app/app.component.ts',
  normalPath: '/home/anu/Documents/GitHub/Angular-misc/src/app/app.component.ts'
}
[Info  - 11:20:29 AM] [GLOBAL] No matching project for document {
  fsPath: '/home/anu/Documents/GitHub/Angular-misc/src/app/app.component.ts',
  normalPath: '/home/anu/Documents/GitHub/Angular-misc/src/app/app.component.ts'
}
[Info  - 11:20:31 AM] [GLOBAL] No matching project for document {
  fsPath: '/home/anu/Documents/GitHub/Angular-misc/src/app/app.component.ts',
  normalPath: '/home/anu/Documents/GitHub/Angular-misc/src/app/app.component.ts'
}
[Info  - 11:20:31 AM] [GLOBAL] No matching project for document {
  fsPath: '/home/anu/Documents/GitHub/Angular-misc/src/app/app.component.ts',
  normalPath: '/home/anu/Documents/GitHub/Angular-misc/src/app/app.component.ts'
}
[Info  - 11:20:31 AM] [GLOBAL] No matching project for document {
  fsPath: '/home/anu/Documents/GitHub/Angular-misc/src/app/app.component.ts',
  normalPath: '/home/anu/Documents/GitHub/Angular-misc/src/app/app.component.ts'
}
[Info  - 11:20:32 AM] [GLOBAL] No matching project for document {
  fsPath: '/home/anu/Documents/GitHub/Angular-misc/src/app/app.component.ts',
  normalPath: '/home/anu/Documents/GitHub/Angular-misc/src/app/app.component.ts'
}
[Info  - 11:20:34 AM] [GLOBAL] No matching project for document {
  fsPath: '/home/anu/Documents/GitHub/Angular-misc/src/app/app.component.ts',
  normalPath: '/home/anu/Documents/GitHub/Angular-misc/src/app/app.component.ts'
}
[Info  - 11:20:35 AM] [GLOBAL] No matching project for document {
  fsPath: '/home/anu/Documents/GitHub/Angular-misc/src/app/app.component.ts',
  normalPath: '/home/anu/Documents/GitHub/Angular-misc/src/app/app.component.ts'
}
[Info  - 11:21:45 AM] [GLOBAL] No matching project for document {
  fsPath: '/home/anu/Documents/GitHub/Angular-misc/src/app/app.component.ts',
  normalPath: '/home/anu/Documents/GitHub/Angular-misc/src/app/app.component.ts'
}
[Info  - 11:21:47 AM] [GLOBAL] No matching project for document {
  fsPath: '/home/anu/Documents/GitHub/Angular-misc/src/app/app.component.ts',
  normalPath: '/home/anu/Documents/GitHub/Angular-misc/src/app/app.component.ts'
}
[Info  - 11:21:47 AM] [GLOBAL] No matching project for document {
  fsPath: '/home/anu/Documents/GitHub/Angular-misc/src/app/app.component.ts',
  normalPath: '/home/anu/Documents/GitHub/Angular-misc/src/app/app.component.ts'
}
[Info  - 11:21:47 AM] [GLOBAL] No matching project for document {
  fsPath: '/home/anu/Documents/GitHub/Angular-misc/src/app/app.component.ts',
  normalPath: '/home/anu/Documents/GitHub/Angular-misc/src/app/app.component.ts'
}
[Info  - 11:21:48 AM] [GLOBAL] No matching project for document {
  fsPath: '/home/anu/Documents/GitHub/Angular-misc/src/app/app.component.ts',
  normalPath: '/home/anu/Documents/GitHub/Angular-misc/src/app/app.component.ts'
}
[Info  - 11:21:49 AM] [GLOBAL] No matching project for document {
  fsPath: '/home/anu/Documents/GitHub/Angular-misc/src/app/app.component.ts',
  normalPath: '/home/anu/Documents/GitHub/Angular-misc/src/app/app.component.ts'
}
[Info  - 11:21:49 AM] [GLOBAL] No matching project for document {
  fsPath: '/home/anu/Documents/GitHub/Angular-misc/src/app/app.component.ts',
  normalPath: '/home/anu/Documents/GitHub/Angular-misc/src/app/app.component.ts'
}
[Info  - 11:21:50 AM] [GLOBAL] No matching project for document {
  fsPath: '/home/anu/Documents/GitHub/Angular-misc/src/app/app.component.ts',
  normalPath: '/home/anu/Documents/GitHub/Angular-misc/src/app/app.component.ts'
}
[Info  - 11:21:50 AM] [GLOBAL] No matching project for document {
  fsPath: '/home/anu/Documents/GitHub/Angular-misc/src/app/app.component.ts',
  normalPath: '/home/anu/Documents/GitHub/Angular-misc/src/app/app.component.ts'
}
[Info  - 11:21:51 AM] [GLOBAL] No matching project for document {
  fsPath: '/home/anu/Documents/GitHub/Angular-misc/src/app/app.component.ts',
  normalPath: '/home/anu/Documents/GitHub/Angular-misc/src/app/app.component.ts'
}
[Info  - 11:21:52 AM] [GLOBAL] No matching project for document {
  fsPath: '/home/anu/Documents/GitHub/Angular-misc/src/app/app.component.ts',
  normalPath: '/home/anu/Documents/GitHub/Angular-misc/src/app/app.component.ts'
}
[Info  - 11:21:52 AM] [GLOBAL] No matching project for document {
  fsPath: '/home/anu/Documents/GitHub/Angular-misc/src/app/app.component.ts',
  normalPath: '/home/anu/Documents/GitHub/Angular-misc/src/app/app.component.ts'
}
[Info  - 11:21:53 AM] [GLOBAL] No matching project for document {
  fsPath: '/home/anu/Documents/GitHub/Angular-misc/src/app/app.component.ts',
  normalPath: '/home/anu/Documents/GitHub/Angular-misc/src/app/app.component.ts'
}
[Info  - 11:21:54 AM] [GLOBAL] No matching project for document {
  fsPath: '/home/anu/Documents/GitHub/Angular-misc/src/app/app.component.ts',
  normalPath: '/home/anu/Documents/GitHub/Angular-misc/src/app/app.component.ts'
}
[Info  - 11:21:54 AM] [GLOBAL] No matching project for document {
  fsPath: '/home/anu/Documents/GitHub/Angular-misc/src/app/app.component.ts',
  normalPath: '/home/anu/Documents/GitHub/Angular-misc/src/app/app.component.ts'
}
[Info  - 11:21:55 AM] [GLOBAL] No matching project for document {
  fsPath: '/home/anu/Documents/GitHub/Angular-misc/src/app/app.component.ts',
  normalPath: '/home/anu/Documents/GitHub/Angular-misc/src/app/app.component.ts'
}
[Info  - 11:21:56 AM] [GLOBAL] No matching project for document {
  fsPath: '/home/anu/Documents/GitHub/Angular-misc/src/app/app.component.ts',
  normalPath: '/home/anu/Documents/GitHub/Angular-misc/src/app/app.component.ts'
}
[Info  - 11:21:56 AM] [GLOBAL] No matching project for document {
  fsPath: '/home/anu/Documents/GitHub/Angular-misc/src/app/app.component.ts',
  normalPath: '/home/anu/Documents/GitHub/Angular-misc/src/app/app.component.ts'
}
[Info  - 11:21:56 AM] [GLOBAL] No matching project for document {
  fsPath: '/home/anu/Documents/GitHub/Angular-misc/src/app/app.component.ts',
  normalPath: '/home/anu/Documents/GitHub/Angular-misc/src/app/app.component.ts'
}
[Info  - 11:21:57 AM] [GLOBAL] No matching project for document {
  fsPath: '/home/anu/Documents/GitHub/Angular-misc/src/app/app.component.ts',
  normalPath: '/home/anu/Documents/GitHub/Angular-misc/src/app/app.component.ts'
}
[Info  - 11:21:58 AM] [GLOBAL] No matching project for document {
  fsPath: '/home/anu/Documents/GitHub/Angular-misc/src/app/app.component.ts',
  normalPath: '/home/anu/Documents/GitHub/Angular-misc/src/app/app.component.ts'
}
[Info  - 11:21:59 AM] [GLOBAL] No matching project for document {
  fsPath: '/home/anu/Documents/GitHub/Angular-misc/src/app/app.component.ts',
  normalPath: '/home/anu/Documents/GitHub/Angular-misc/src/app/app.component.ts'
}
[Info  - 11:22:05 AM] [GLOBAL] No matching project for document {
  fsPath: '/home/anu/Documents/GitHub/Angular-misc/src/app/app.component.ts',
  normalPath: '/home/anu/Documents/GitHub/Angular-misc/src/app/app.component.ts'
}
[Info  - 11:22:05 AM] [GLOBAL] No matching project for document {
  fsPath: '/home/anu/Documents/GitHub/Angular-misc/src/app/app.component.ts',
  normalPath: '/home/anu/Documents/GitHub/Angular-misc/src/app/app.component.ts'
}
[Info  - 11:22:06 AM] [GLOBAL] No matching project for document {
  fsPath: '/home/anu/Documents/GitHub/Angular-misc/src/app/app.component.ts',
  normalPath: '/home/anu/Documents/GitHub/Angular-misc/src/app/app.component.ts'
}
[Info  - 11:22:06 AM] [GLOBAL] No matching project for document {
  fsPath: '/home/anu/Documents/GitHub/Angular-misc/src/app/app.component.ts',
  normalPath: '/home/anu/Documents/GitHub/Angular-misc/src/app/app.component.ts'
}
[Info  - 11:22:08 AM] [GLOBAL] No matching project for document {
  fsPath: '/home/anu/Documents/GitHub/Angular-misc/src/app/app.component.ts',
  normalPath: '/home/anu/Documents/GitHub/Angular-misc/src/app/app.component.ts'
}
[Info  - 11:22:09 AM] [GLOBAL] No matching project for document {
  fsPath: '/home/anu/Documents/GitHub/Angular-misc/src/app/app.component.ts',
  normalPath: '/home/anu/Documents/GitHub/Angular-misc/src/app/app.component.ts'
}
[Info  - 11:22:09 AM] [GLOBAL] No matching project for document {
  fsPath: '/home/anu/Documents/GitHub/Angular-misc/src/app/app.component.ts',
  normalPath: '/home/anu/Documents/GitHub/Angular-misc/src/app/app.component.ts'
}
[Info  - 11:22:11 AM] [GLOBAL] No matching project for document {
  fsPath: '/home/anu/Documents/GitHub/Angular-misc/src/app/app.component.ts',
  normalPath: '/home/anu/Documents/GitHub/Angular-misc/src/app/app.component.ts'
}
[Info  - 11:22:12 AM] [GLOBAL] No matching project for document {
  fsPath: '/home/anu/Documents/GitHub/Angular-misc/src/app/app.component.ts',
  normalPath: '/home/anu/Documents/GitHub/Angular-misc/src/app/app.component.ts'
}
[Info  - 11:22:13 AM] [GLOBAL] No matching project for document {
  fsPath: '/home/anu/Documents/GitHub/Angular-misc/src/app/app.component.ts',
  normalPath: '/home/anu/Documents/GitHub/Angular-misc/src/app/app.component.ts'
}
[Info  - 11:22:14 AM] [GLOBAL] No matching project for document {
  fsPath: '/home/anu/Documents/GitHub/Angular-misc/src/app/app.component.ts',
  normalPath: '/home/anu/Documents/GitHub/Angular-misc/src/app/app.component.ts'
}
[Info  - 11:22:14 AM] [GLOBAL] No matching project for document {
  fsPath: '/home/anu/Documents/GitHub/Angular-misc/src/app/app.component.ts',
  normalPath: '/home/anu/Documents/GitHub/Angular-misc/src/app/app.component.ts'
}
[Info  - 11:22:17 AM] [GLOBAL] No matching project for document {
  fsPath: '/home/anu/Documents/GitHub/Angular-misc/src/app/app.component.ts',
  normalPath: '/home/anu/Documents/GitHub/Angular-misc/src/app/app.component.ts'
}
[Info  - 11:22:17 AM] [GLOBAL] No matching project for document {
  fsPath: '/home/anu/Documents/GitHub/Angular-misc/src/app/app.component.ts',
  normalPath: '/home/anu/Documents/GitHub/Angular-misc/src/app/app.component.ts'
}
[Info  - 11:22:18 AM] [GLOBAL] No matching project for document {
  fsPath: '/home/anu/Documents/GitHub/Angular-misc/src/app/app.component.ts',
  normalPath: '/home/anu/Documents/GitHub/Angular-misc/src/app/app.component.ts'
}
[Info  - 11:22:18 AM] [GLOBAL] No matching project for document {
  fsPath: '/home/anu/Documents/GitHub/Angular-misc/src/app/app.component.ts',
  normalPath: '/home/anu/Documents/GitHub/Angular-misc/src/app/app.component.ts'
}
[Info  - 11:22:20 AM] [GLOBAL] No matching project for document {
  fsPath: '/home/anu/Documents/GitHub/Angular-misc/src/app/app.component.ts',
  normalPath: '/home/anu/Documents/GitHub/Angular-misc/src/app/app.component.ts'
}
[Info  - 11:22:21 AM] [GLOBAL] No matching project for document {
  fsPath: '/home/anu/Documents/GitHub/Angular-misc/src/app/app.component.ts',
  normalPath: '/home/anu/Documents/GitHub/Angular-misc/src/app/app.component.ts'
}
[Info  - 11:22:25 AM] [GLOBAL] No matching project for document {
  fsPath: '/home/anu/Documents/GitHub/Angular-misc/src/app/app.component.ts',
  normalPath: '/home/anu/Documents/GitHub/Angular-misc/src/app/app.component.ts'
}
[Info  - 11:22:29 AM] [GLOBAL] No matching project for document {
  fsPath: '/home/anu/Documents/GitHub/Angular-misc/src/app/app.component.ts',
  normalPath: '/home/anu/Documents/GitHub/Angular-misc/src/app/app.component.ts'
}
[Info  - 11:22:31 AM] [GLOBAL] No matching project for document {
  fsPath: '/home/anu/Documents/GitHub/Angular-misc/src/app/app.component.ts',
  normalPath: '/home/anu/Documents/GitHub/Angular-misc/src/app/app.component.ts'
}
[Info  - 11:22:32 AM] [GLOBAL] No matching project for document {
  fsPath: '/home/anu/Documents/GitHub/Angular-misc/src/app/app.component.ts',
  normalPath: '/home/anu/Documents/GitHub/Angular-misc/src/app/app.component.ts'
}
[Info  - 11:22:32 AM] [GLOBAL] No matching project for document {
  fsPath: '/home/anu/Documents/GitHub/Angular-misc/src/app/app.component.ts',
  normalPath: '/home/anu/Documents/GitHub/Angular-misc/src/app/app.component.ts'
}
[Info  - 11:22:33 AM] [GLOBAL] No matching project for document {
  fsPath: '/home/anu/Documents/GitHub/Angular-misc/src/app/app.component.ts',
  normalPath: '/home/anu/Documents/GitHub/Angular-misc/src/app/app.component.ts'
}
[Info  - 11:22:40 AM] [GLOBAL] No matching project for document {
  fsPath: '/home/anu/Documents/GitHub/Angular-misc/src/app/app.component.ts',
  normalPath: '/home/anu/Documents/GitHub/Angular-misc/src/app/app.component.ts'
}
[Info  - 11:22:41 AM] [GLOBAL] No matching project for document {
  fsPath: '/home/anu/Documents/GitHub/Angular-misc/src/app/app.component.ts',
  normalPath: '/home/anu/Documents/GitHub/Angular-misc/src/app/app.component.ts'
}
[Info  - 11:22:42 AM] [GLOBAL] No matching project for document {
  fsPath: '/home/anu/Documents/GitHub/Angular-misc/src/app/app.component.ts',
  normalPath: '/home/anu/Documents/GitHub/Angular-misc/src/app/app.component.ts'
}
[Info  - 11:22:43 AM] [GLOBAL] No matching project for document {
  fsPath: '/home/anu/Documents/GitHub/Angular-misc/src/app/app.component.ts',
  normalPath: '/home/anu/Documents/GitHub/Angular-misc/src/app/app.component.ts'
}
[Info  - 11:22:44 AM] [GLOBAL] No matching project for document {
  fsPath: '/home/anu/Documents/GitHub/Angular-misc/src/app/app.component.ts',
  normalPath: '/home/anu/Documents/GitHub/Angular-misc/src/app/app.component.ts'
}
[Info  - 11:22:44 AM] [GLOBAL] No matching project for document {
  fsPath: '/home/anu/Documents/GitHub/Angular-misc/src/app/app.component.ts',
  normalPath: '/home/anu/Documents/GitHub/Angular-misc/src/app/app.component.ts'
}
[Info  - 11:22:51 AM] [GLOBAL] No matching project for document {
  fsPath: '/home/anu/Documents/GitHub/Angular-misc/src/app/app.component.ts',
  normalPath: '/home/anu/Documents/GitHub/Angular-misc/src/app/app.component.ts'
}
[Info  - 11:22:52 AM] [GLOBAL] No matching project for document {
  fsPath: '/home/anu/Documents/GitHub/Angular-misc/src/app/app.component.ts',
  normalPath: '/home/anu/Documents/GitHub/Angular-misc/src/app/app.component.ts'
}
[Info  - 11:22:53 AM] [GLOBAL] No matching project for document {
  fsPath: '/home/anu/Documents/GitHub/Angular-misc/src/app/app.component.ts',
  normalPath: '/home/anu/Documents/GitHub/Angular-misc/src/app/app.component.ts'
}
[Info  - 11:22:56 AM] [GLOBAL] No matching project for document {
  fsPath: '/home/anu/Documents/GitHub/Angular-misc/src/app/app.component.ts',
  normalPath: '/home/anu/Documents/GitHub/Angular-misc/src/app/app.component.ts'
}
[Info  - 11:23:00 AM] [GLOBAL] No matching project for document {
  fsPath: '/home/anu/Documents/GitHub/Angular-misc/src/app/app.component.ts',
  normalPath: '/home/anu/Documents/GitHub/Angular-misc/src/app/app.component.ts'
}
[Info  - 11:23:01 AM] [GLOBAL] No matching project for document {
  fsPath: '/home/anu/Documents/GitHub/Angular-misc/src/app/app.component.ts',
  normalPath: '/home/anu/Documents/GitHub/Angular-misc/src/app/app.component.ts'
}
[Info  - 11:23:04 AM] [GLOBAL] No matching project for document {
  fsPath: '/home/anu/Documents/GitHub/Angular-misc/src/app/app.component.ts',
  normalPath: '/home/anu/Documents/GitHub/Angular-misc/src/app/app.component.ts'
}
[Info  - 11:23:06 AM] [GLOBAL] No matching project for document {
  fsPath: '/home/anu/Documents/GitHub/Angular-misc/src/app/app.component.ts',
  normalPath: '/home/anu/Documents/GitHub/Angular-misc/src/app/app.component.ts'
}
[Info  - 11:23:08 AM] [GLOBAL] No matching project for document {
  fsPath: '/home/anu/Documents/GitHub/Angular-misc/src/app/app.component.ts',
  normalPath: '/home/anu/Documents/GitHub/Angular-misc/src/app/app.component.ts'
}
[Info  - 11:23:08 AM] [GLOBAL] No matching project for document {
  fsPath: '/home/anu/Documents/GitHub/Angular-misc/src/app/app.component.ts',
  normalPath: '/home/anu/Documents/GitHub/Angular-misc/src/app/app.component.ts'
}
[Info  - 11:23:08 AM] [GLOBAL] No matching project for document {
  fsPath: '/home/anu/Documents/GitHub/Angular-misc/src/app/app.component.ts',
  normalPath: '/home/anu/Documents/GitHub/Angular-misc/src/app/app.component.ts'
}
[Info  - 11:23:09 AM] [GLOBAL] No matching project for document {
  fsPath: '/home/anu/Documents/GitHub/Angular-misc/src/app/app.component.ts',
  normalPath: '/home/anu/Documents/GitHub/Angular-misc/src/app/app.component.ts'
}
[Info  - 11:23:09 AM] [GLOBAL] No matching project for document {
  fsPath: '/home/anu/Documents/GitHub/Angular-misc/src/app/app.component.ts',
  normalPath: '/home/anu/Documents/GitHub/Angular-misc/src/app/app.component.ts'
}
[Info  - 11:23:10 AM] [GLOBAL] No matching project for document {
  fsPath: '/home/anu/Documents/GitHub/Angular-misc/src/app/app.component.ts',
  normalPath: '/home/anu/Documents/GitHub/Angular-misc/src/app/app.component.ts'
}
[Info  - 11:23:10 AM] [GLOBAL] No matching project for document {
  fsPath: '/home/anu/Documents/GitHub/Angular-misc/src/app/app.component.ts',
  normalPath: '/home/anu/Documents/GitHub/Angular-misc/src/app/app.component.ts'
}
[Info  - 11:23:16 AM] [GLOBAL] No matching project for document {
  fsPath: '/home/anu/Documents/GitHub/Angular-misc/src/app/app.component.ts',
  normalPath: '/home/anu/Documents/GitHub/Angular-misc/src/app/app.component.ts'
}
[Info  - 11:23:20 AM] [GLOBAL] No matching project for document {
  fsPath: '/home/anu/Documents/GitHub/Angular-misc/src/app/app.component.ts',
  normalPath: '/home/anu/Documents/GitHub/Angular-misc/src/app/app.component.ts'
}
[Info  - 11:23:29 AM] [GLOBAL] No matching project for document {
  fsPath: '/home/anu/Documents/GitHub/Angular-misc/src/app/app.component.ts',
  normalPath: '/home/anu/Documents/GitHub/Angular-misc/src/app/app.component.ts'
}
[Info  - 11:24:11 AM] [GLOBAL] No matching project for document {
  fsPath: '/home/anu/Documents/GitHub/Angular-misc/src/app/app.component.ts',
  normalPath: '/home/anu/Documents/GitHub/Angular-misc/src/app/app.component.ts'
}
[Info  - 11:24:16 AM] [GLOBAL] No matching project for document {
  fsPath: '/home/anu/Documents/GitHub/Angular-misc/src/app/app.component.ts',
  normalPath: '/home/anu/Documents/GitHub/Angular-misc/src/app/app.component.ts'
}
[Info  - 11:24:17 AM] [GLOBAL] No matching project for document {
  fsPath: '/home/anu/Documents/GitHub/Angular-misc/src/app/app.component.ts',
  normalPath: '/home/anu/Documents/GitHub/Angular-misc/src/app/app.component.ts'
}
[Info  - 11:24:20 AM] [GLOBAL] No matching project for document {
  fsPath: '/home/anu/Documents/GitHub/Angular-misc/src/app/app.component.ts',
  normalPath: '/home/anu/Documents/GitHub/Angular-misc/src/app/app.component.ts'
}
[Info  - 11:24:22 AM] [GLOBAL] No matching project for document {
  fsPath: '/home/anu/Documents/GitHub/Angular-misc/src/app/app.component.ts',
  normalPath: '/home/anu/Documents/GitHub/Angular-misc/src/app/app.component.ts'
}
[Info  - 11:24:22 AM] [GLOBAL] No matching project for document {
  fsPath: '/home/anu/Documents/GitHub/Angular-misc/src/app/app.component.ts',
  normalPath: '/home/anu/Documents/GitHub/Angular-misc/src/app/app.component.ts'
}
[Info  - 11:24:31 AM] [GLOBAL] No matching project for document {
  fsPath: '/home/anu/Documents/GitHub/Angular-misc/src/app/app.component.ts',
  normalPath: '/home/anu/Documents/GitHub/Angular-misc/src/app/app.component.ts'
}
[Info  - 11:24:37 AM] [GLOBAL] No matching project for document {
  fsPath: '/home/anu/Documents/GitHub/Angular-misc/src/app/app.component.ts',
  normalPath: '/home/anu/Documents/GitHub/Angular-misc/src/app/app.component.ts'
}
[Info  - 11:24:37 AM] [GLOBAL] No matching project for document {
  fsPath: '/home/anu/Documents/GitHub/Angular-misc/src/app/app.component.ts',
  normalPath: '/home/anu/Documents/GitHub/Angular-misc/src/app/app.component.ts'
}
[Info  - 11:24:42 AM] [GLOBAL] No matching project for document {
  fsPath: '/home/anu/Documents/GitHub/Angular-misc/src/app/app.component.ts',
  normalPath: '/home/anu/Documents/GitHub/Angular-misc/src/app/app.component.ts'
}
[Info  - 11:24:43 AM] [GLOBAL] No matching project for document {
  fsPath: '/home/anu/Documents/GitHub/Angular-misc/src/app/app.component.ts',
  normalPath: '/home/anu/Documents/GitHub/Angular-misc/src/app/app.component.ts'
}
[Info  - 11:24:45 AM] [GLOBAL] No matching project for document {
  fsPath: '/home/anu/Documents/GitHub/Angular-misc/src/app/app.component.ts',
  normalPath: '/home/anu/Documents/GitHub/Angular-misc/src/app/app.component.ts'
}
[Info  - 11:24:45 AM] [GLOBAL] No matching project for document {
  fsPath: '/home/anu/Documents/GitHub/Angular-misc/src/app/app.component.ts',
  normalPath: '/home/anu/Documents/GitHub/Angular-misc/src/app/app.component.ts'
}
