2024-11-17 15:05:46.348 [info] Reading sessions from keychain...
2024-11-17 15:05:46.348 [info] Getting sessions for all scopes...
2024-11-17 15:05:46.348 [info] Getting sessions for all scopes...
2024-11-17 15:05:46.348 [info] Getting sessions for all scopes...
2024-11-17 15:05:46.348 [info] Got stored sessions!
2024-11-17 15:05:46.348 [info] Got 1 verified sessions.
2024-11-17 15:05:46.348 [info] Got 1 sessions for ...
2024-11-17 15:05:46.348 [info] Got 1 sessions for ...
2024-11-17 15:05:46.348 [info] Got 1 sessions for ...
2024-11-17 15:05:46.348 [info] Getting sessions for user:email...
2024-11-17 15:05:46.348 [info] Got 1 sessions for user:email...
2024-11-17 15:05:46.873 [info] Getting sessions for read:user,repo,user:email...
2024-11-17 15:05:46.873 [info] Got 0 sessions for read:user,repo,user:email...
2024-11-17 15:05:47.616 [info] Getting sessions for all scopes...
2024-11-17 15:05:47.616 [info] Got 1 sessions for ...
2024-11-17 15:06:17.138 [info] Reading sessions from keychain...
2024-11-17 15:06:17.138 [info] Getting sessions for all scopes...
2024-11-17 15:06:17.138 [info] Getting sessions for all scopes...
2024-11-17 15:06:17.138 [info] Getting sessions for all scopes...
2024-11-17 15:06:17.138 [info] Getting sessions for user:email...
2024-11-17 15:06:17.138 [info] Got stored sessions!
2024-11-17 15:06:17.138 [info] Got 1 verified sessions.
2024-11-17 15:06:17.138 [info] Got 1 sessions for ...
2024-11-17 15:06:17.138 [info] Got 1 sessions for ...
2024-11-17 15:06:17.138 [info] Got 1 sessions for ...
2024-11-17 15:06:17.138 [info] Got 1 sessions for user:email...
2024-11-17 15:06:17.331 [info] Getting sessions for read:user,repo,user:email...
2024-11-17 15:06:17.331 [info] Got 0 sessions for read:user,repo,user:email...
2024-11-17 15:06:18.262 [info] Getting sessions for all scopes...
2024-11-17 15:06:18.262 [info] Got 1 sessions for ...
2024-11-17 15:06:54.708 [info] Getting sessions for read:user,repo,user:email,workflow...
2024-11-17 15:06:54.708 [info] Got 0 sessions for read:user,repo,user:email,workflow...
