2024-11-17 18:37:37.808 [info] Using settings sync service https://vscode-sync.trafficmanager.net/
2024-11-17 18:37:37.808 [info] Auto Sync is enabled.
2024-11-17 18:37:37.808 [info] Auto Sync: Suspended until auth token is available.
2024-11-17 18:37:39.704 [info] Auto Sync: Triggered by Interval
2024-11-17 18:37:39.704 [info] Sync started.
2024-11-17 18:37:40.473 [info] Settings: No changes found during synchronizing settings.
2024-11-17 18:37:40.518 [info] Keybindings: No changes found during synchronizing keybindings.
2024-11-17 18:37:40.524 [info] Snippets: No changes found during synchronizing snippets.
2024-11-17 18:37:40.527 [info] Tasks: No changes found during synchronizing tasks.
2024-11-17 18:37:40.533 [info] GlobalState: No changes found during synchronizing ui state.
2024-11-17 18:37:40.592 [info] Extensions: No changes found during synchronizing extensions.
2024-11-17 18:37:40.593 [info] Profiles: No changes found during synchronizing profiles.
2024-11-17 18:37:40.594 [info] Sync done. Took 892ms
2024-11-17 18:42:40.596 [info] Auto Sync: Triggered by Interval
2024-11-17 18:42:40.596 [info] Sync started.
2024-11-17 18:42:41.878 [info] Settings: No changes found during synchronizing settings.
2024-11-17 18:42:41.880 [info] Keybindings: No changes found during synchronizing keybindings.
2024-11-17 18:42:41.881 [info] Snippets: No changes found during synchronizing snippets.
2024-11-17 18:42:41.882 [info] Tasks: No changes found during synchronizing tasks.
2024-11-17 18:42:41.885 [info] GlobalState: No changes found during synchronizing ui state.
2024-11-17 18:42:41.927 [info] Extensions: No changes found during synchronizing extensions.
2024-11-17 18:42:41.928 [info] Profiles: No changes found during synchronizing profiles.
2024-11-17 18:42:41.929 [info] Sync done. Took 1334ms
2024-11-17 18:47:41.931 [info] Auto Sync: Triggered by Interval
2024-11-17 18:47:41.931 [info] Sync started.
2024-11-17 18:47:42.533 [info] Settings: No changes found during synchronizing settings.
2024-11-17 18:47:42.534 [info] Keybindings: No changes found during synchronizing keybindings.
2024-11-17 18:47:42.536 [info] Snippets: No changes found during synchronizing snippets.
2024-11-17 18:47:42.537 [info] Tasks: No changes found during synchronizing tasks.
2024-11-17 18:47:42.540 [info] GlobalState: No changes found during synchronizing ui state.
2024-11-17 18:47:42.579 [info] Extensions: No changes found during synchronizing extensions.
2024-11-17 18:47:42.580 [info] Profiles: No changes found during synchronizing profiles.
2024-11-17 18:47:42.581 [info] Sync done. Took 650ms
2024-11-17 18:52:42.582 [info] Auto Sync: Triggered by Interval
2024-11-17 18:52:42.582 [info] Sync started.
2024-11-17 18:52:43.087 [info] Settings: No changes found during synchronizing settings.
2024-11-17 18:52:43.088 [info] Keybindings: No changes found during synchronizing keybindings.
2024-11-17 18:52:43.090 [info] Snippets: No changes found during synchronizing snippets.
2024-11-17 18:52:43.091 [info] Tasks: No changes found during synchronizing tasks.
2024-11-17 18:52:43.093 [info] GlobalState: No changes found during synchronizing ui state.
2024-11-17 18:52:43.131 [info] Extensions: No changes found during synchronizing extensions.
2024-11-17 18:52:43.132 [info] Profiles: No changes found during synchronizing profiles.
2024-11-17 18:52:43.132 [info] Sync done. Took 551ms
2024-11-17 18:57:43.135 [info] Auto Sync: Triggered by Interval
2024-11-17 18:57:43.135 [info] Sync started.
2024-11-17 18:57:43.638 [info] Settings: No changes found during synchronizing settings.
2024-11-17 18:57:43.640 [info] Keybindings: No changes found during synchronizing keybindings.
2024-11-17 18:57:43.641 [info] Snippets: No changes found during synchronizing snippets.
2024-11-17 18:57:43.643 [info] Tasks: No changes found during synchronizing tasks.
2024-11-17 18:57:43.645 [info] GlobalState: No changes found during synchronizing ui state.
2024-11-17 18:57:43.683 [info] Extensions: No changes found during synchronizing extensions.
2024-11-17 18:57:43.683 [info] Profiles: No changes found during synchronizing profiles.
2024-11-17 18:57:43.684 [info] Sync done. Took 550ms
