2024-09-24 18:39:52.788 [info] [main] Log level: Info
2024-09-24 18:39:52.788 [info] [main] Validating found git in: "git"
2024-09-24 18:39:52.788 [info] [main] Using git "2.46.0" from "git"
2024-09-24 18:39:52.788 [info] [Model][doInitialScan] Initial repository scan started
2024-09-24 18:39:52.788 [info] > git rev-parse --show-toplevel [25ms]
2024-09-24 18:39:52.788 [info] > git rev-parse --git-dir --git-common-dir [2ms]
2024-09-24 18:39:52.788 [info] [Model][openRepository] Opened repository: /home/anu/Documents/GitHub/profile
2024-09-24 18:39:52.803 [info] > git config --get commit.template [7ms]
2024-09-24 18:39:52.803 [info] > git rev-parse --show-toplevel [2ms]
2024-09-24 18:39:52.817 [info] > git for-each-ref --format=%(refname)%00%(upstream:short)%00%(objectname)%00%(upstream:track)%00%(upstream:remotename)%00%(upstream:remoteref) refs/heads/test refs/remotes/test [8ms]
2024-09-24 18:39:52.818 [info] > git rev-parse --show-toplevel [2ms]
2024-09-24 18:39:52.818 [info] [Model][doInitialScan] Initial repository scan completed - repositories (1), closed repositories (0), parent repositories (0), unsafe repositories (0)
2024-09-24 18:39:52.826 [info] > git status -z -uall [2ms]
2024-09-24 18:39:52.841 [info] > git for-each-ref --format=%(refname)%00%(upstream:short)%00%(objectname)%00%(upstream:track)%00%(upstream:remotename)%00%(upstream:remoteref) refs/heads/test refs/remotes/test [8ms]
2024-09-24 18:39:53.148 [info] > git config --local branch.test.vscode-merge-base [302ms]
2024-09-24 18:39:53.154 [info] > git config --get commit.template [314ms]
2024-09-24 18:39:53.353 [info] > git for-each-ref --format=%(refname)%00%(upstream:short)%00%(objectname)%00%(upstream:track)%00%(upstream:remotename)%00%(upstream:remoteref) refs/heads/origin/main refs/remotes/origin/main [199ms]
2024-09-24 18:39:53.411 [info] > git merge-base refs/heads/test refs/remotes/origin/test [50ms]
2024-09-24 18:39:53.434 [info] > git rev-list --count --left-right refs/heads/test...refs/remotes/origin/test [16ms]
2024-09-24 18:39:53.441 [info] > git for-each-ref --format=%(refname)%00%(upstream:short)%00%(objectname)%00%(upstream:track)%00%(upstream:remotename)%00%(upstream:remoteref) refs/heads/test refs/remotes/test [32ms]
2024-09-24 18:39:53.511 [info] > git diff --name-status -z --diff-filter=ADMR 50a4ed86c0c3604fc9fac94db94b237390c04b06...refs/remotes/origin/test [71ms]
2024-09-24 18:39:53.578 [info] > git status -z -uall [9ms]
2024-09-24 18:39:53.612 [info] > git for-each-ref --format=%(refname)%00%(upstream:short)%00%(objectname)%00%(upstream:track)%00%(upstream:remotename)%00%(upstream:remoteref) refs/heads/test refs/remotes/test [12ms]
2024-09-24 18:39:53.620 [info] > git config --local branch.test.vscode-merge-base [2ms]
2024-09-24 18:39:53.632 [info] > git for-each-ref --format=%(refname)%00%(upstream:short)%00%(objectname)%00%(upstream:track)%00%(upstream:remotename)%00%(upstream:remoteref) refs/heads/origin/main refs/remotes/origin/main [4ms]
2024-09-24 18:39:53.770 [info] > git check-ignore -v -z --stdin [1ms]
2024-09-24 18:39:53.971 [info] > git fetch [1187ms]
2024-09-24 18:39:53.987 [info] > git config --get commit.template [7ms]
2024-09-24 18:39:53.995 [info] > git for-each-ref --format=%(refname)%00%(upstream:short)%00%(objectname)%00%(upstream:track)%00%(upstream:remotename)%00%(upstream:remoteref) refs/heads/test refs/remotes/test [8ms]
2024-09-24 18:39:54.006 [info] > git status -z -uall [3ms]
2024-09-24 18:39:54.016 [info] > git for-each-ref --format=%(refname)%00%(upstream:short)%00%(objectname)%00%(upstream:track)%00%(upstream:remotename)%00%(upstream:remoteref) refs/heads/test refs/remotes/test [2ms]
2024-09-24 18:39:54.024 [info] > git config --local branch.test.vscode-merge-base [1ms]
2024-09-24 18:39:54.035 [info] > git for-each-ref --format=%(refname)%00%(upstream:short)%00%(objectname)%00%(upstream:track)%00%(upstream:remotename)%00%(upstream:remoteref) refs/heads/origin/main refs/remotes/origin/main [2ms]
2024-09-24 18:39:55.072 [info] > git config --get commit.template [5ms]
2024-09-24 18:39:55.073 [info] > git for-each-ref --format=%(refname)%00%(upstream:short)%00%(objectname)%00%(upstream:track)%00%(upstream:remotename)%00%(upstream:remoteref) refs/heads/test refs/remotes/test [1ms]
2024-09-24 18:39:55.080 [info] > git status -z -uall [2ms]
2024-09-24 18:39:55.088 [info] > git for-each-ref --format=%(refname)%00%(upstream:short)%00%(objectname)%00%(upstream:track)%00%(upstream:remotename)%00%(upstream:remoteref) refs/heads/test refs/remotes/test [2ms]
2024-09-24 18:39:55.094 [info] > git config --local branch.test.vscode-merge-base [1ms]
2024-09-24 18:39:55.102 [info] > git for-each-ref --format=%(refname)%00%(upstream:short)%00%(objectname)%00%(upstream:track)%00%(upstream:remotename)%00%(upstream:remoteref) refs/heads/origin/main refs/remotes/origin/main [1ms]
2024-09-24 18:39:56.582 [info] > git check-ignore -v -z --stdin [1ms]
2024-09-24 18:39:59.485 [info] > git check-ignore -v -z --stdin [2ms]
