2024-10-11 11:18:36.862 [info] [main] Log level: Info
2024-10-11 11:18:36.862 [info] [main] Validating found git in: "git"
2024-10-11 11:18:36.862 [info] [main] Using git "2.46.2" from "git"
2024-10-11 11:18:36.862 [info] [Model][doInitialScan] Initial repository scan started
2024-10-11 11:18:36.862 [info] > git rev-parse --show-toplevel [212ms]
2024-10-11 11:18:36.862 [info] > git rev-parse --git-dir --git-common-dir [2ms]
2024-10-11 11:18:36.862 [info] [Model][openRepository] Opened repository: /home/anu/Documents/GitHub/profile
2024-10-11 11:18:37.067 [info] > git rev-parse --show-toplevel [197ms]
2024-10-11 11:18:37.067 [info] > git config --get commit.template [201ms]
2024-10-11 11:18:37.251 [info] > git rev-parse --show-toplevel [64ms]
2024-10-11 11:18:37.251 [info] [Model][doInitialScan] Initial repository scan completed - repositories (1), closed repositories (0), parent repositories (0), unsafe repositories (0)
2024-10-11 11:18:37.266 [info] > git for-each-ref --format=%(refname)%00%(upstream:short)%00%(objectname)%00%(upstream:track)%00%(upstream:remotename)%00%(upstream:remoteref) refs/heads/test refs/remotes/test [21ms]
2024-10-11 11:18:37.358 [info] > git status -z -uall [69ms]
2024-10-11 11:18:37.451 [info] > git show --textconv :index.html [77ms]
2024-10-11 11:18:37.452 [info] > git ls-files --stage -- /home/anu/Documents/GitHub/profile/index.html [72ms]
2024-10-11 11:18:37.459 [info] > git for-each-ref --format=%(refname)%00%(upstream:short)%00%(objectname)%00%(upstream:track)%00%(upstream:remotename)%00%(upstream:remoteref) refs/heads/test refs/remotes/test [94ms]
2024-10-11 11:18:37.475 [info] > git config --local branch.test.vscode-merge-base [11ms]
2024-10-11 11:18:37.481 [info] > git cat-file -s bf3848f3fda62e82a209892be4a8cb970e105537 [23ms]
2024-10-11 11:18:37.482 [info] > git config --get commit.template [33ms]
2024-10-11 11:18:37.489 [info] > git for-each-ref --format=%(refname)%00%(upstream:short)%00%(objectname)%00%(upstream:track)%00%(upstream:remotename)%00%(upstream:remoteref) refs/heads/origin/main refs/remotes/origin/main [8ms]
2024-10-11 11:18:37.516 [info] > git merge-base refs/heads/test refs/remotes/origin/test [21ms]
2024-10-11 11:18:37.530 [info] > git for-each-ref --format=%(refname)%00%(upstream:short)%00%(objectname)%00%(upstream:track)%00%(upstream:remotename)%00%(upstream:remoteref) refs/heads/test refs/remotes/test [22ms]
2024-10-11 11:18:37.531 [info] > git rev-list --count --left-right refs/heads/test...refs/remotes/origin/test [9ms]
2024-10-11 11:18:37.544 [info] > git diff --name-status -z --diff-filter=ADMR 50a4ed86c0c3604fc9fac94db94b237390c04b06...refs/remotes/origin/test [8ms]
2024-10-11 11:18:37.546 [info] > git status -z -uall [3ms]
2024-10-11 11:18:37.555 [info] > git for-each-ref --format=%(refname)%00%(upstream:short)%00%(objectname)%00%(upstream:track)%00%(upstream:remotename)%00%(upstream:remoteref) refs/heads/test refs/remotes/test [3ms]
2024-10-11 11:18:37.563 [info] > git config --local branch.test.vscode-merge-base [1ms]
2024-10-11 11:18:37.578 [info] > git for-each-ref --format=%(refname)%00%(upstream:short)%00%(objectname)%00%(upstream:track)%00%(upstream:remotename)%00%(upstream:remoteref) refs/heads/origin/main refs/remotes/origin/main [8ms]
2024-10-11 11:18:37.580 [info] > git check-ignore -v -z --stdin [3ms]
2024-10-11 11:18:38.246 [info] > git fetch [1386ms]
2024-10-11 11:18:38.260 [info] > git config --get commit.template [8ms]
2024-10-11 11:18:38.261 [info] > git for-each-ref --format=%(refname)%00%(upstream:short)%00%(objectname)%00%(upstream:track)%00%(upstream:remotename)%00%(upstream:remoteref) refs/heads/test refs/remotes/test [2ms]
2024-10-11 11:18:38.268 [info] > git status -z -uall [1ms]
2024-10-11 11:18:38.278 [info] > git for-each-ref --format=%(refname)%00%(upstream:short)%00%(objectname)%00%(upstream:track)%00%(upstream:remotename)%00%(upstream:remoteref) refs/heads/test refs/remotes/test [1ms]
2024-10-11 11:18:38.285 [info] > git config --local branch.test.vscode-merge-base [1ms]
2024-10-11 11:18:38.293 [info] > git for-each-ref --format=%(refname)%00%(upstream:short)%00%(objectname)%00%(upstream:track)%00%(upstream:remotename)%00%(upstream:remoteref) refs/heads/origin/main refs/remotes/origin/main [2ms]
2024-10-11 11:18:39.330 [info] > git config --get commit.template [5ms]
2024-10-11 11:18:39.330 [info] > git for-each-ref --format=%(refname)%00%(upstream:short)%00%(objectname)%00%(upstream:track)%00%(upstream:remotename)%00%(upstream:remoteref) refs/heads/test refs/remotes/test [1ms]
2024-10-11 11:18:39.336 [info] > git status -z -uall [1ms]
2024-10-11 11:18:39.343 [info] > git for-each-ref --format=%(refname)%00%(upstream:short)%00%(objectname)%00%(upstream:track)%00%(upstream:remotename)%00%(upstream:remoteref) refs/heads/test refs/remotes/test [1ms]
2024-10-11 11:18:39.349 [info] > git config --local branch.test.vscode-merge-base [1ms]
2024-10-11 11:18:39.355 [info] > git for-each-ref --format=%(refname)%00%(upstream:short)%00%(objectname)%00%(upstream:track)%00%(upstream:remotename)%00%(upstream:remoteref) refs/heads/origin/main refs/remotes/origin/main [1ms]
2024-10-11 11:18:39.427 [info] > git ls-files --stage -- /home/anu/Documents/GitHub/profile/index.html [2ms]
2024-10-11 11:18:39.432 [info] > git cat-file -s bf3848f3fda62e82a209892be4a8cb970e105537 [2ms]
2024-10-11 11:18:39.438 [info] > git show --textconv :index.html [2ms]
2024-10-11 11:19:00.655 [info] [main] Log level: Info
2024-10-11 11:19:00.655 [info] [main] Validating found git in: "git"
2024-10-11 11:19:00.655 [info] [main] Using git "2.46.2" from "git"
2024-10-11 11:19:00.655 [info] [Model][doInitialScan] Initial repository scan started
2024-10-11 11:19:00.655 [info] > git rev-parse --show-toplevel [7ms]
2024-10-11 11:19:00.665 [info] > git rev-parse --git-dir --git-common-dir [3ms]
2024-10-11 11:19:00.673 [info] [Model][openRepository] Opened repository: /home/anu/Documents/GitHub/Angular-misc
2024-10-11 11:19:00.687 [info] > git rev-parse --show-toplevel [3ms]
2024-10-11 11:19:00.688 [info] > git config --get commit.template [9ms]
2024-10-11 11:19:00.697 [info] > git rev-parse --show-toplevel [5ms]
2024-10-11 11:19:00.701 [info] > git for-each-ref --format=%(refname)%00%(upstream:short)%00%(objectname)%00%(upstream:track)%00%(upstream:remotename)%00%(upstream:remoteref) refs/heads/main refs/remotes/main [5ms]
2024-10-11 11:19:00.702 [info] > git rev-parse --show-toplevel [1ms]
2024-10-11 11:19:00.703 [info] [Model][doInitialScan] Initial repository scan completed - repositories (1), closed repositories (0), parent repositories (0), unsafe repositories (0)
2024-10-11 11:19:00.711 [info] > git status -z -uall [3ms]
2024-10-11 11:19:00.725 [info] > git for-each-ref --format=%(refname)%00%(upstream:short)%00%(objectname)%00%(upstream:track)%00%(upstream:remotename)%00%(upstream:remoteref) refs/heads/main refs/remotes/main [8ms]
2024-10-11 11:19:00.886 [info] > git config --local branch.main.vscode-merge-base [156ms]
2024-10-11 11:19:00.886 [warning] [Git][config] git config failed: Failed to execute git
2024-10-11 11:19:00.892 [info] > git config --get commit.template [167ms]
2024-10-11 11:19:01.022 [info] > git reflog main --grep-reflog=branch: Created from *. [129ms]
2024-10-11 11:19:01.058 [info] > git symbolic-ref --short refs/remotes/origin/HEAD [31ms]
2024-10-11 11:19:01.077 [info] > git for-each-ref --format=%(refname)%00%(upstream:short)%00%(objectname)%00%(upstream:track)%00%(upstream:remotename)%00%(upstream:remoteref) refs/heads/origin/main refs/remotes/origin/main [14ms]
2024-10-11 11:19:01.083 [info] > git for-each-ref --format=%(refname)%00%(upstream:short)%00%(objectname)%00%(upstream:track)%00%(upstream:remotename)%00%(upstream:remoteref) refs/heads/main refs/remotes/main [30ms]
2024-10-11 11:19:01.086 [info] > git config --local branch.main.vscode-merge-base origin/main [3ms]
2024-10-11 11:19:01.148 [info] > git config --get commit.template [56ms]
2024-10-11 11:19:01.196 [info] > git for-each-ref --format=%(refname)%00%(upstream:short)%00%(objectname)%00%(upstream:track)%00%(upstream:remotename)%00%(upstream:remoteref) refs/heads/main refs/remotes/main [3ms]
2024-10-11 11:19:01.233 [info] > git status -z -uall [3ms]
2024-10-11 11:19:01.250 [info] > git merge-base refs/heads/main refs/remotes/origin/main [6ms]
2024-10-11 11:19:01.256 [info] > git for-each-ref --format=%(refname)%00%(upstream:short)%00%(objectname)%00%(upstream:track)%00%(upstream:remotename)%00%(upstream:remoteref) refs/heads/main refs/remotes/main [17ms]
2024-10-11 11:19:01.263 [info] > git config --local branch.main.vscode-merge-base [2ms]
2024-10-11 11:19:01.268 [info] > git rev-list --count --left-right refs/heads/main...refs/remotes/origin/main [12ms]
2024-10-11 11:19:01.275 [info] > git for-each-ref --format=%(refname)%00%(upstream:short)%00%(objectname)%00%(upstream:track)%00%(upstream:remotename)%00%(upstream:remoteref) refs/heads/origin/main refs/remotes/origin/main [7ms]
2024-10-11 11:19:01.276 [info] > git diff --name-status -z --diff-filter=ADMR ec93559bad8bb9d389905518e29cd0a4fcc9f0ac...refs/remotes/origin/main [2ms]
2024-10-11 11:19:01.402 [info] > git check-ignore -v -z --stdin [1ms]
2024-10-11 11:19:01.694 [info] > git fetch [1021ms]
2024-10-11 11:19:01.703 [info] > git config --get commit.template [4ms]
2024-10-11 11:19:01.704 [info] > git for-each-ref --format=%(refname)%00%(upstream:short)%00%(objectname)%00%(upstream:track)%00%(upstream:remotename)%00%(upstream:remoteref) refs/heads/main refs/remotes/main [1ms]
2024-10-11 11:19:01.711 [info] > git status -z -uall [2ms]
2024-10-11 11:19:01.717 [info] > git for-each-ref --format=%(refname)%00%(upstream:short)%00%(objectname)%00%(upstream:track)%00%(upstream:remotename)%00%(upstream:remoteref) refs/heads/main refs/remotes/main [1ms]
2024-10-11 11:19:01.724 [info] > git config --local branch.main.vscode-merge-base [3ms]
2024-10-11 11:19:01.730 [info] > git for-each-ref --format=%(refname)%00%(upstream:short)%00%(objectname)%00%(upstream:track)%00%(upstream:remotename)%00%(upstream:remoteref) refs/heads/origin/main refs/remotes/origin/main [2ms]
2024-10-11 11:19:02.488 [info] > git check-ignore -v -z --stdin [1ms]
2024-10-11 11:19:02.776 [info] > git config --get commit.template [4ms]
2024-10-11 11:19:02.777 [info] > git for-each-ref --format=%(refname)%00%(upstream:short)%00%(objectname)%00%(upstream:track)%00%(upstream:remotename)%00%(upstream:remoteref) refs/heads/main refs/remotes/main [1ms]
2024-10-11 11:19:02.783 [info] > git status -z -uall [2ms]
2024-10-11 11:19:02.789 [info] > git for-each-ref --format=%(refname)%00%(upstream:short)%00%(objectname)%00%(upstream:track)%00%(upstream:remotename)%00%(upstream:remoteref) refs/heads/main refs/remotes/main [1ms]
2024-10-11 11:19:02.794 [info] > git config --local branch.main.vscode-merge-base [1ms]
2024-10-11 11:19:02.799 [info] > git for-each-ref --format=%(refname)%00%(upstream:short)%00%(objectname)%00%(upstream:track)%00%(upstream:remotename)%00%(upstream:remoteref) refs/heads/origin/main refs/remotes/origin/main [1ms]
2024-10-11 11:19:04.447 [info] > git check-ignore -v -z --stdin [1ms]
2024-10-11 11:19:06.916 [info] > git ls-files --stage -- /home/anu/Documents/GitHub/Angular-misc/src/app/app.component.html [1ms]
2024-10-11 11:19:06.923 [info] > git show --textconv :src/app/app.component.html [14ms]
2024-10-11 11:19:06.924 [info] > git cat-file -s 57a5c3bc84558f34cfb5dadd2fecff9b1056c3ec [2ms]
2024-10-11 11:19:13.255 [info] > git show --textconv :src/app/app.component.ts [7ms]
2024-10-11 11:19:13.256 [info] > git ls-files --stage -- /home/anu/Documents/GitHub/Angular-misc/src/app/app.component.ts [1ms]
2024-10-11 11:19:13.264 [info] > git cat-file -s 4ec1b9b2acd80eb5c3c4c4f2f830941f7e131db6 [1ms]
2024-10-11 11:19:20.435 [info] > git config --get commit.template [5ms]
2024-10-11 11:19:20.436 [info] > git for-each-ref --format=%(refname)%00%(upstream:short)%00%(objectname)%00%(upstream:track)%00%(upstream:remotename)%00%(upstream:remoteref) refs/heads/main refs/remotes/main [1ms]
2024-10-11 11:19:20.442 [info] > git status -z -uall [2ms]
2024-10-11 11:19:20.449 [info] > git for-each-ref --format=%(refname)%00%(upstream:short)%00%(objectname)%00%(upstream:track)%00%(upstream:remotename)%00%(upstream:remoteref) refs/heads/main refs/remotes/main [2ms]
2024-10-11 11:19:20.455 [info] > git config --local branch.main.vscode-merge-base [1ms]
2024-10-11 11:19:20.462 [info] > git for-each-ref --format=%(refname)%00%(upstream:short)%00%(objectname)%00%(upstream:track)%00%(upstream:remotename)%00%(upstream:remoteref) refs/heads/origin/main refs/remotes/origin/main [1ms]
2024-10-11 11:19:27.940 [info] > git config --get commit.template [4ms]
2024-10-11 11:19:27.941 [info] > git for-each-ref --format=%(refname)%00%(upstream:short)%00%(objectname)%00%(upstream:track)%00%(upstream:remotename)%00%(upstream:remoteref) refs/heads/main refs/remotes/main [1ms]
2024-10-11 11:19:27.947 [info] > git status -z -uall [2ms]
2024-10-11 11:19:27.953 [info] > git for-each-ref --format=%(refname)%00%(upstream:short)%00%(objectname)%00%(upstream:track)%00%(upstream:remotename)%00%(upstream:remoteref) refs/heads/main refs/remotes/main [1ms]
2024-10-11 11:19:27.959 [info] > git config --local branch.main.vscode-merge-base [1ms]
2024-10-11 11:19:27.964 [info] > git for-each-ref --format=%(refname)%00%(upstream:short)%00%(objectname)%00%(upstream:track)%00%(upstream:remotename)%00%(upstream:remoteref) refs/heads/origin/main refs/remotes/origin/main [1ms]
2024-10-11 11:19:32.965 [info] > git config --get commit.template [6ms]
2024-10-11 11:19:32.966 [info] > git for-each-ref --format=%(refname)%00%(upstream:short)%00%(objectname)%00%(upstream:track)%00%(upstream:remotename)%00%(upstream:remoteref) refs/heads/main refs/remotes/main [1ms]
2024-10-11 11:19:32.973 [info] > git status -z -uall [2ms]
2024-10-11 11:19:32.979 [info] > git for-each-ref --format=%(refname)%00%(upstream:short)%00%(objectname)%00%(upstream:track)%00%(upstream:remotename)%00%(upstream:remoteref) refs/heads/main refs/remotes/main [1ms]
2024-10-11 11:19:32.986 [info] > git config --local branch.main.vscode-merge-base [1ms]
2024-10-11 11:19:32.992 [info] > git for-each-ref --format=%(refname)%00%(upstream:short)%00%(objectname)%00%(upstream:track)%00%(upstream:remotename)%00%(upstream:remoteref) refs/heads/origin/main refs/remotes/origin/main [1ms]
2024-10-11 11:19:37.990 [info] > git config --get commit.template [5ms]
2024-10-11 11:19:37.991 [info] > git for-each-ref --format=%(refname)%00%(upstream:short)%00%(objectname)%00%(upstream:track)%00%(upstream:remotename)%00%(upstream:remoteref) refs/heads/main refs/remotes/main [1ms]
2024-10-11 11:19:37.997 [info] > git status -z -uall [2ms]
2024-10-11 11:19:38.004 [info] > git for-each-ref --format=%(refname)%00%(upstream:short)%00%(objectname)%00%(upstream:track)%00%(upstream:remotename)%00%(upstream:remoteref) refs/heads/main refs/remotes/main [2ms]
2024-10-11 11:19:38.010 [info] > git config --local branch.main.vscode-merge-base [1ms]
2024-10-11 11:19:38.015 [info] > git for-each-ref --format=%(refname)%00%(upstream:short)%00%(objectname)%00%(upstream:track)%00%(upstream:remotename)%00%(upstream:remoteref) refs/heads/origin/main refs/remotes/origin/main [1ms]
2024-10-11 11:19:43.015 [info] > git config --get commit.template [5ms]
2024-10-11 11:19:43.016 [info] > git for-each-ref --format=%(refname)%00%(upstream:short)%00%(objectname)%00%(upstream:track)%00%(upstream:remotename)%00%(upstream:remoteref) refs/heads/main refs/remotes/main [1ms]
2024-10-11 11:19:43.023 [info] > git status -z -uall [2ms]
2024-10-11 11:19:43.032 [info] > git for-each-ref --format=%(refname)%00%(upstream:short)%00%(objectname)%00%(upstream:track)%00%(upstream:remotename)%00%(upstream:remoteref) refs/heads/main refs/remotes/main [2ms]
2024-10-11 11:19:43.038 [info] > git config --local branch.main.vscode-merge-base [1ms]
2024-10-11 11:19:43.046 [info] > git for-each-ref --format=%(refname)%00%(upstream:short)%00%(objectname)%00%(upstream:track)%00%(upstream:remotename)%00%(upstream:remoteref) refs/heads/origin/main refs/remotes/origin/main [2ms]
2024-10-11 11:19:48.042 [info] > git config --get commit.template [5ms]
2024-10-11 11:19:48.043 [info] > git for-each-ref --format=%(refname)%00%(upstream:short)%00%(objectname)%00%(upstream:track)%00%(upstream:remotename)%00%(upstream:remoteref) refs/heads/main refs/remotes/main [1ms]
2024-10-11 11:19:48.049 [info] > git status -z -uall [2ms]
2024-10-11 11:19:48.056 [info] > git for-each-ref --format=%(refname)%00%(upstream:short)%00%(objectname)%00%(upstream:track)%00%(upstream:remotename)%00%(upstream:remoteref) refs/heads/main refs/remotes/main [2ms]
2024-10-11 11:19:48.061 [info] > git config --local branch.main.vscode-merge-base [1ms]
2024-10-11 11:19:48.067 [info] > git for-each-ref --format=%(refname)%00%(upstream:short)%00%(objectname)%00%(upstream:track)%00%(upstream:remotename)%00%(upstream:remoteref) refs/heads/origin/main refs/remotes/origin/main [1ms]
2024-10-11 11:19:57.983 [info] > git config --get commit.template [5ms]
2024-10-11 11:19:57.984 [info] > git for-each-ref --format=%(refname)%00%(upstream:short)%00%(objectname)%00%(upstream:track)%00%(upstream:remotename)%00%(upstream:remoteref) refs/heads/main refs/remotes/main [1ms]
2024-10-11 11:19:57.990 [info] > git status -z -uall [2ms]
2024-10-11 11:19:57.996 [info] > git for-each-ref --format=%(refname)%00%(upstream:short)%00%(objectname)%00%(upstream:track)%00%(upstream:remotename)%00%(upstream:remoteref) refs/heads/main refs/remotes/main [1ms]
2024-10-11 11:19:58.002 [info] > git config --local branch.main.vscode-merge-base [1ms]
2024-10-11 11:19:58.008 [info] > git for-each-ref --format=%(refname)%00%(upstream:short)%00%(objectname)%00%(upstream:track)%00%(upstream:remotename)%00%(upstream:remoteref) refs/heads/origin/main refs/remotes/origin/main [1ms]
2024-10-11 11:20:03.006 [info] > git config --get commit.template [5ms]
2024-10-11 11:20:03.007 [info] > git for-each-ref --format=%(refname)%00%(upstream:short)%00%(objectname)%00%(upstream:track)%00%(upstream:remotename)%00%(upstream:remoteref) refs/heads/main refs/remotes/main [1ms]
2024-10-11 11:20:03.013 [info] > git status -z -uall [2ms]
2024-10-11 11:20:03.020 [info] > git for-each-ref --format=%(refname)%00%(upstream:short)%00%(objectname)%00%(upstream:track)%00%(upstream:remotename)%00%(upstream:remoteref) refs/heads/main refs/remotes/main [2ms]
2024-10-11 11:20:03.030 [info] > git config --local branch.main.vscode-merge-base [2ms]
2024-10-11 11:20:03.039 [info] > git for-each-ref --format=%(refname)%00%(upstream:short)%00%(objectname)%00%(upstream:track)%00%(upstream:remotename)%00%(upstream:remoteref) refs/heads/origin/main refs/remotes/origin/main [1ms]
2024-10-11 11:20:08.030 [info] > git config --get commit.template [5ms]
2024-10-11 11:20:08.031 [info] > git for-each-ref --format=%(refname)%00%(upstream:short)%00%(objectname)%00%(upstream:track)%00%(upstream:remotename)%00%(upstream:remoteref) refs/heads/main refs/remotes/main [1ms]
2024-10-11 11:20:08.037 [info] > git status -z -uall [2ms]
2024-10-11 11:20:08.044 [info] > git for-each-ref --format=%(refname)%00%(upstream:short)%00%(objectname)%00%(upstream:track)%00%(upstream:remotename)%00%(upstream:remoteref) refs/heads/main refs/remotes/main [2ms]
2024-10-11 11:20:08.050 [info] > git config --local branch.main.vscode-merge-base [1ms]
2024-10-11 11:20:08.056 [info] > git for-each-ref --format=%(refname)%00%(upstream:short)%00%(objectname)%00%(upstream:track)%00%(upstream:remotename)%00%(upstream:remoteref) refs/heads/origin/main refs/remotes/origin/main [1ms]
2024-10-11 11:20:13.055 [info] > git config --get commit.template [5ms]
2024-10-11 11:20:13.056 [info] > git for-each-ref --format=%(refname)%00%(upstream:short)%00%(objectname)%00%(upstream:track)%00%(upstream:remotename)%00%(upstream:remoteref) refs/heads/main refs/remotes/main [2ms]
2024-10-11 11:20:13.063 [info] > git status -z -uall [2ms]
2024-10-11 11:20:13.070 [info] > git for-each-ref --format=%(refname)%00%(upstream:short)%00%(objectname)%00%(upstream:track)%00%(upstream:remotename)%00%(upstream:remoteref) refs/heads/main refs/remotes/main [2ms]
2024-10-11 11:20:13.075 [info] > git config --local branch.main.vscode-merge-base [1ms]
2024-10-11 11:20:13.081 [info] > git for-each-ref --format=%(refname)%00%(upstream:short)%00%(objectname)%00%(upstream:track)%00%(upstream:remotename)%00%(upstream:remoteref) refs/heads/origin/main refs/remotes/origin/main [1ms]
2024-10-11 11:20:18.081 [info] > git config --get commit.template [5ms]
2024-10-11 11:20:18.082 [info] > git for-each-ref --format=%(refname)%00%(upstream:short)%00%(objectname)%00%(upstream:track)%00%(upstream:remotename)%00%(upstream:remoteref) refs/heads/main refs/remotes/main [2ms]
2024-10-11 11:20:18.088 [info] > git status -z -uall [2ms]
2024-10-11 11:20:18.094 [info] > git for-each-ref --format=%(refname)%00%(upstream:short)%00%(objectname)%00%(upstream:track)%00%(upstream:remotename)%00%(upstream:remoteref) refs/heads/main refs/remotes/main [1ms]
2024-10-11 11:20:18.100 [info] > git config --local branch.main.vscode-merge-base [1ms]
2024-10-11 11:20:18.106 [info] > git for-each-ref --format=%(refname)%00%(upstream:short)%00%(objectname)%00%(upstream:track)%00%(upstream:remotename)%00%(upstream:remoteref) refs/heads/origin/main refs/remotes/origin/main [1ms]
2024-10-11 11:20:29.084 [info] > git config --get commit.template [5ms]
2024-10-11 11:20:29.085 [info] > git for-each-ref --format=%(refname)%00%(upstream:short)%00%(objectname)%00%(upstream:track)%00%(upstream:remotename)%00%(upstream:remoteref) refs/heads/main refs/remotes/main [1ms]
2024-10-11 11:20:29.092 [info] > git status -z -uall [2ms]
2024-10-11 11:20:29.099 [info] > git for-each-ref --format=%(refname)%00%(upstream:short)%00%(objectname)%00%(upstream:track)%00%(upstream:remotename)%00%(upstream:remoteref) refs/heads/main refs/remotes/main [2ms]
2024-10-11 11:20:29.106 [info] > git config --local branch.main.vscode-merge-base [1ms]
2024-10-11 11:20:29.112 [info] > git for-each-ref --format=%(refname)%00%(upstream:short)%00%(objectname)%00%(upstream:track)%00%(upstream:remotename)%00%(upstream:remoteref) refs/heads/origin/main refs/remotes/origin/main [1ms]
2024-10-11 11:20:34.105 [info] > git config --get commit.template [1ms]
2024-10-11 11:20:34.111 [info] > git for-each-ref --format=%(refname)%00%(upstream:short)%00%(objectname)%00%(upstream:track)%00%(upstream:remotename)%00%(upstream:remoteref) refs/heads/main refs/remotes/main [1ms]
2024-10-11 11:20:34.118 [info] > git status -z -uall [2ms]
2024-10-11 11:20:34.126 [info] > git for-each-ref --format=%(refname)%00%(upstream:short)%00%(objectname)%00%(upstream:track)%00%(upstream:remotename)%00%(upstream:remoteref) refs/heads/main refs/remotes/main [1ms]
2024-10-11 11:20:34.132 [info] > git config --local branch.main.vscode-merge-base [1ms]
2024-10-11 11:20:34.138 [info] > git for-each-ref --format=%(refname)%00%(upstream:short)%00%(objectname)%00%(upstream:track)%00%(upstream:remotename)%00%(upstream:remoteref) refs/heads/origin/main refs/remotes/origin/main [1ms]
2024-10-11 11:20:39.137 [info] > git config --get commit.template [5ms]
2024-10-11 11:20:39.138 [info] > git for-each-ref --format=%(refname)%00%(upstream:short)%00%(objectname)%00%(upstream:track)%00%(upstream:remotename)%00%(upstream:remoteref) refs/heads/main refs/remotes/main [2ms]
2024-10-11 11:20:39.144 [info] > git status -z -uall [2ms]
2024-10-11 11:20:39.151 [info] > git for-each-ref --format=%(refname)%00%(upstream:short)%00%(objectname)%00%(upstream:track)%00%(upstream:remotename)%00%(upstream:remoteref) refs/heads/main refs/remotes/main [1ms]
2024-10-11 11:20:39.157 [info] > git config --local branch.main.vscode-merge-base [1ms]
2024-10-11 11:20:39.162 [info] > git for-each-ref --format=%(refname)%00%(upstream:short)%00%(objectname)%00%(upstream:track)%00%(upstream:remotename)%00%(upstream:remoteref) refs/heads/origin/main refs/remotes/origin/main [1ms]
2024-10-11 11:21:47.552 [info] > git config --get commit.template [1ms]
2024-10-11 11:21:47.559 [info] > git for-each-ref --format=%(refname)%00%(upstream:short)%00%(objectname)%00%(upstream:track)%00%(upstream:remotename)%00%(upstream:remoteref) refs/heads/main refs/remotes/main [1ms]
2024-10-11 11:21:47.567 [info] > git status -z -uall [1ms]
2024-10-11 11:21:47.574 [info] > git for-each-ref --format=%(refname)%00%(upstream:short)%00%(objectname)%00%(upstream:track)%00%(upstream:remotename)%00%(upstream:remoteref) refs/heads/main refs/remotes/main [1ms]
2024-10-11 11:21:47.580 [info] > git config --local branch.main.vscode-merge-base [1ms]
2024-10-11 11:21:47.586 [info] > git for-each-ref --format=%(refname)%00%(upstream:short)%00%(objectname)%00%(upstream:track)%00%(upstream:remotename)%00%(upstream:remoteref) refs/heads/origin/main refs/remotes/origin/main [1ms]
2024-10-11 11:21:52.584 [info] > git config --get commit.template [5ms]
2024-10-11 11:21:52.584 [info] > git for-each-ref --format=%(refname)%00%(upstream:short)%00%(objectname)%00%(upstream:track)%00%(upstream:remotename)%00%(upstream:remoteref) refs/heads/main refs/remotes/main [1ms]
2024-10-11 11:21:52.591 [info] > git status -z -uall [2ms]
2024-10-11 11:21:52.597 [info] > git for-each-ref --format=%(refname)%00%(upstream:short)%00%(objectname)%00%(upstream:track)%00%(upstream:remotename)%00%(upstream:remoteref) refs/heads/main refs/remotes/main [1ms]
2024-10-11 11:21:52.603 [info] > git config --local branch.main.vscode-merge-base [1ms]
2024-10-11 11:21:52.608 [info] > git for-each-ref --format=%(refname)%00%(upstream:short)%00%(objectname)%00%(upstream:track)%00%(upstream:remotename)%00%(upstream:remoteref) refs/heads/origin/main refs/remotes/origin/main [1ms]
2024-10-11 11:21:57.604 [info] > git config --get commit.template [1ms]
2024-10-11 11:21:57.610 [info] > git for-each-ref --format=%(refname)%00%(upstream:short)%00%(objectname)%00%(upstream:track)%00%(upstream:remotename)%00%(upstream:remoteref) refs/heads/main refs/remotes/main [1ms]
2024-10-11 11:21:57.616 [info] > git status -z -uall [1ms]
2024-10-11 11:21:57.623 [info] > git for-each-ref --format=%(refname)%00%(upstream:short)%00%(objectname)%00%(upstream:track)%00%(upstream:remotename)%00%(upstream:remoteref) refs/heads/main refs/remotes/main [1ms]
2024-10-11 11:21:57.629 [info] > git config --local branch.main.vscode-merge-base [1ms]
2024-10-11 11:21:57.634 [info] > git for-each-ref --format=%(refname)%00%(upstream:short)%00%(objectname)%00%(upstream:track)%00%(upstream:remotename)%00%(upstream:remoteref) refs/heads/origin/main refs/remotes/origin/main [1ms]
2024-10-11 11:22:02.743 [info] > git fetch [1021ms]
2024-10-11 11:22:02.753 [info] > git config --get commit.template [5ms]
2024-10-11 11:22:02.754 [info] > git for-each-ref --format=%(refname)%00%(upstream:short)%00%(objectname)%00%(upstream:track)%00%(upstream:remotename)%00%(upstream:remoteref) refs/heads/main refs/remotes/main [1ms]
2024-10-11 11:22:02.760 [info] > git status -z -uall [2ms]
2024-10-11 11:22:02.772 [info] > git for-each-ref --format=%(refname)%00%(upstream:short)%00%(objectname)%00%(upstream:track)%00%(upstream:remotename)%00%(upstream:remoteref) refs/heads/main refs/remotes/main [7ms]
2024-10-11 11:22:02.778 [info] > git config --get commit.template [7ms]
2024-10-11 11:22:02.778 [info] > git config --local branch.main.vscode-merge-base [1ms]
2024-10-11 11:22:02.787 [info] > git for-each-ref --format=%(refname)%00%(upstream:short)%00%(objectname)%00%(upstream:track)%00%(upstream:remotename)%00%(upstream:remoteref) refs/heads/origin/main refs/remotes/origin/main [5ms]
2024-10-11 11:22:02.788 [info] > git for-each-ref --format=%(refname)%00%(upstream:short)%00%(objectname)%00%(upstream:track)%00%(upstream:remotename)%00%(upstream:remoteref) refs/heads/main refs/remotes/main [1ms]
2024-10-11 11:22:02.794 [info] > git status -z -uall [2ms]
2024-10-11 11:22:02.800 [info] > git for-each-ref --format=%(refname)%00%(upstream:short)%00%(objectname)%00%(upstream:track)%00%(upstream:remotename)%00%(upstream:remoteref) refs/heads/main refs/remotes/main [1ms]
2024-10-11 11:22:02.806 [info] > git config --local branch.main.vscode-merge-base [1ms]
2024-10-11 11:22:02.812 [info] > git for-each-ref --format=%(refname)%00%(upstream:short)%00%(objectname)%00%(upstream:track)%00%(upstream:remotename)%00%(upstream:remoteref) refs/heads/origin/main refs/remotes/origin/main [1ms]
2024-10-11 11:22:03.924 [info] > git ls-files --stage -- /home/anu/Documents/GitHub/Angular-misc/src/app/app.component.ts [1ms]
2024-10-11 11:22:03.929 [info] > git cat-file -s 4ec1b9b2acd80eb5c3c4c4f2f830941f7e131db6 [1ms]
2024-10-11 11:22:03.936 [info] > git show --textconv :src/app/app.component.ts [2ms]
2024-10-11 11:22:07.810 [info] > git config --get commit.template [5ms]
2024-10-11 11:22:07.811 [info] > git for-each-ref --format=%(refname)%00%(upstream:short)%00%(objectname)%00%(upstream:track)%00%(upstream:remotename)%00%(upstream:remoteref) refs/heads/main refs/remotes/main [1ms]
2024-10-11 11:22:07.817 [info] > git status -z -uall [1ms]
2024-10-11 11:22:07.824 [info] > git for-each-ref --format=%(refname)%00%(upstream:short)%00%(objectname)%00%(upstream:track)%00%(upstream:remotename)%00%(upstream:remoteref) refs/heads/main refs/remotes/main [1ms]
2024-10-11 11:22:07.831 [info] > git config --local branch.main.vscode-merge-base [1ms]
2024-10-11 11:22:07.837 [info] > git for-each-ref --format=%(refname)%00%(upstream:short)%00%(objectname)%00%(upstream:track)%00%(upstream:remotename)%00%(upstream:remoteref) refs/heads/origin/main refs/remotes/origin/main [2ms]
2024-10-11 11:22:12.835 [info] > git config --get commit.template [5ms]
2024-10-11 11:22:12.835 [info] > git for-each-ref --format=%(refname)%00%(upstream:short)%00%(objectname)%00%(upstream:track)%00%(upstream:remotename)%00%(upstream:remoteref) refs/heads/main refs/remotes/main [1ms]
2024-10-11 11:22:12.842 [info] > git status -z -uall [2ms]
2024-10-11 11:22:12.849 [info] > git for-each-ref --format=%(refname)%00%(upstream:short)%00%(objectname)%00%(upstream:track)%00%(upstream:remotename)%00%(upstream:remoteref) refs/heads/main refs/remotes/main [2ms]
2024-10-11 11:22:12.855 [info] > git config --local branch.main.vscode-merge-base [1ms]
2024-10-11 11:22:12.861 [info] > git for-each-ref --format=%(refname)%00%(upstream:short)%00%(objectname)%00%(upstream:track)%00%(upstream:remotename)%00%(upstream:remoteref) refs/heads/origin/main refs/remotes/origin/main [0ms]
2024-10-11 11:22:17.856 [info] > git config --get commit.template [1ms]
2024-10-11 11:22:17.863 [info] > git for-each-ref --format=%(refname)%00%(upstream:short)%00%(objectname)%00%(upstream:track)%00%(upstream:remotename)%00%(upstream:remoteref) refs/heads/main refs/remotes/main [2ms]
2024-10-11 11:22:17.870 [info] > git status -z -uall [2ms]
2024-10-11 11:22:17.877 [info] > git for-each-ref --format=%(refname)%00%(upstream:short)%00%(objectname)%00%(upstream:track)%00%(upstream:remotename)%00%(upstream:remoteref) refs/heads/main refs/remotes/main [1ms]
2024-10-11 11:22:17.883 [info] > git config --local branch.main.vscode-merge-base [1ms]
2024-10-11 11:22:17.890 [info] > git for-each-ref --format=%(refname)%00%(upstream:short)%00%(objectname)%00%(upstream:track)%00%(upstream:remotename)%00%(upstream:remoteref) refs/heads/origin/main refs/remotes/origin/main [2ms]
2024-10-11 11:22:22.887 [info] > git config --get commit.template [5ms]
2024-10-11 11:22:22.888 [info] > git for-each-ref --format=%(refname)%00%(upstream:short)%00%(objectname)%00%(upstream:track)%00%(upstream:remotename)%00%(upstream:remoteref) refs/heads/main refs/remotes/main [1ms]
2024-10-11 11:22:22.895 [info] > git status -z -uall [2ms]
2024-10-11 11:22:22.901 [info] > git for-each-ref --format=%(refname)%00%(upstream:short)%00%(objectname)%00%(upstream:track)%00%(upstream:remotename)%00%(upstream:remoteref) refs/heads/main refs/remotes/main [1ms]
2024-10-11 11:22:22.908 [info] > git config --local branch.main.vscode-merge-base [1ms]
2024-10-11 11:22:22.913 [info] > git for-each-ref --format=%(refname)%00%(upstream:short)%00%(objectname)%00%(upstream:track)%00%(upstream:remotename)%00%(upstream:remoteref) refs/heads/origin/main refs/remotes/origin/main [1ms]
2024-10-11 11:22:27.909 [info] > git config --get commit.template [2ms]
2024-10-11 11:22:27.914 [info] > git for-each-ref --format=%(refname)%00%(upstream:short)%00%(objectname)%00%(upstream:track)%00%(upstream:remotename)%00%(upstream:remoteref) refs/heads/main refs/remotes/main [1ms]
2024-10-11 11:22:27.921 [info] > git status -z -uall [1ms]
2024-10-11 11:22:27.927 [info] > git for-each-ref --format=%(refname)%00%(upstream:short)%00%(objectname)%00%(upstream:track)%00%(upstream:remotename)%00%(upstream:remoteref) refs/heads/main refs/remotes/main [1ms]
2024-10-11 11:22:27.934 [info] > git config --local branch.main.vscode-merge-base [2ms]
2024-10-11 11:22:27.939 [info] > git for-each-ref --format=%(refname)%00%(upstream:short)%00%(objectname)%00%(upstream:track)%00%(upstream:remotename)%00%(upstream:remoteref) refs/heads/origin/main refs/remotes/origin/main [1ms]
2024-10-11 11:22:32.938 [info] > git config --get commit.template [5ms]
2024-10-11 11:22:32.938 [info] > git for-each-ref --format=%(refname)%00%(upstream:short)%00%(objectname)%00%(upstream:track)%00%(upstream:remotename)%00%(upstream:remoteref) refs/heads/main refs/remotes/main [1ms]
2024-10-11 11:22:32.944 [info] > git status -z -uall [2ms]
2024-10-11 11:22:32.951 [info] > git for-each-ref --format=%(refname)%00%(upstream:short)%00%(objectname)%00%(upstream:track)%00%(upstream:remotename)%00%(upstream:remoteref) refs/heads/main refs/remotes/main [2ms]
2024-10-11 11:22:32.957 [info] > git config --local branch.main.vscode-merge-base [1ms]
2024-10-11 11:22:32.963 [info] > git for-each-ref --format=%(refname)%00%(upstream:short)%00%(objectname)%00%(upstream:track)%00%(upstream:remotename)%00%(upstream:remoteref) refs/heads/origin/main refs/remotes/origin/main [2ms]
2024-10-11 11:22:37.961 [info] > git config --get commit.template [5ms]
2024-10-11 11:22:37.962 [info] > git for-each-ref --format=%(refname)%00%(upstream:short)%00%(objectname)%00%(upstream:track)%00%(upstream:remotename)%00%(upstream:remoteref) refs/heads/main refs/remotes/main [2ms]
2024-10-11 11:22:37.968 [info] > git status -z -uall [2ms]
2024-10-11 11:22:37.975 [info] > git for-each-ref --format=%(refname)%00%(upstream:short)%00%(objectname)%00%(upstream:track)%00%(upstream:remotename)%00%(upstream:remoteref) refs/heads/main refs/remotes/main [2ms]
2024-10-11 11:22:37.981 [info] > git config --local branch.main.vscode-merge-base [1ms]
2024-10-11 11:22:37.986 [info] > git for-each-ref --format=%(refname)%00%(upstream:short)%00%(objectname)%00%(upstream:track)%00%(upstream:remotename)%00%(upstream:remoteref) refs/heads/origin/main refs/remotes/origin/main [1ms]
2024-10-11 11:22:46.602 [info] > git config --get commit.template [4ms]
2024-10-11 11:22:46.602 [info] > git for-each-ref --format=%(refname)%00%(upstream:short)%00%(objectname)%00%(upstream:track)%00%(upstream:remotename)%00%(upstream:remoteref) refs/heads/main refs/remotes/main [1ms]
2024-10-11 11:22:46.608 [info] > git status -z -uall [2ms]
2024-10-11 11:22:46.615 [info] > git for-each-ref --format=%(refname)%00%(upstream:short)%00%(objectname)%00%(upstream:track)%00%(upstream:remotename)%00%(upstream:remoteref) refs/heads/main refs/remotes/main [2ms]
2024-10-11 11:22:46.621 [info] > git config --local branch.main.vscode-merge-base [1ms]
2024-10-11 11:22:46.627 [info] > git for-each-ref --format=%(refname)%00%(upstream:short)%00%(objectname)%00%(upstream:track)%00%(upstream:remotename)%00%(upstream:remoteref) refs/heads/origin/main refs/remotes/origin/main [1ms]
2024-10-11 11:22:53.030 [info] > git config --get commit.template [5ms]
2024-10-11 11:22:53.031 [info] > git for-each-ref --format=%(refname)%00%(upstream:short)%00%(objectname)%00%(upstream:track)%00%(upstream:remotename)%00%(upstream:remoteref) refs/heads/main refs/remotes/main [1ms]
2024-10-11 11:22:53.037 [info] > git status -z -uall [2ms]
2024-10-11 11:22:53.043 [info] > git for-each-ref --format=%(refname)%00%(upstream:short)%00%(objectname)%00%(upstream:track)%00%(upstream:remotename)%00%(upstream:remoteref) refs/heads/main refs/remotes/main [2ms]
2024-10-11 11:22:53.048 [info] > git config --local branch.main.vscode-merge-base [0ms]
2024-10-11 11:22:53.054 [info] > git for-each-ref --format=%(refname)%00%(upstream:short)%00%(objectname)%00%(upstream:track)%00%(upstream:remotename)%00%(upstream:remoteref) refs/heads/origin/main refs/remotes/origin/main [1ms]
2024-10-11 11:22:58.054 [info] > git config --get commit.template [5ms]
2024-10-11 11:22:58.055 [info] > git for-each-ref --format=%(refname)%00%(upstream:short)%00%(objectname)%00%(upstream:track)%00%(upstream:remotename)%00%(upstream:remoteref) refs/heads/main refs/remotes/main [1ms]
2024-10-11 11:22:58.062 [info] > git status -z -uall [2ms]
2024-10-11 11:22:58.068 [info] > git for-each-ref --format=%(refname)%00%(upstream:short)%00%(objectname)%00%(upstream:track)%00%(upstream:remotename)%00%(upstream:remoteref) refs/heads/main refs/remotes/main [1ms]
2024-10-11 11:22:58.074 [info] > git config --local branch.main.vscode-merge-base [1ms]
2024-10-11 11:22:58.079 [info] > git for-each-ref --format=%(refname)%00%(upstream:short)%00%(objectname)%00%(upstream:track)%00%(upstream:remotename)%00%(upstream:remoteref) refs/heads/origin/main refs/remotes/origin/main [1ms]
2024-10-11 11:23:03.078 [info] > git config --get commit.template [5ms]
2024-10-11 11:23:03.079 [info] > git for-each-ref --format=%(refname)%00%(upstream:short)%00%(objectname)%00%(upstream:track)%00%(upstream:remotename)%00%(upstream:remoteref) refs/heads/main refs/remotes/main [1ms]
2024-10-11 11:23:03.085 [info] > git status -z -uall [2ms]
2024-10-11 11:23:03.092 [info] > git for-each-ref --format=%(refname)%00%(upstream:short)%00%(objectname)%00%(upstream:track)%00%(upstream:remotename)%00%(upstream:remoteref) refs/heads/main refs/remotes/main [1ms]
2024-10-11 11:23:03.098 [info] > git config --local branch.main.vscode-merge-base [1ms]
2024-10-11 11:23:03.103 [info] > git for-each-ref --format=%(refname)%00%(upstream:short)%00%(objectname)%00%(upstream:track)%00%(upstream:remotename)%00%(upstream:remoteref) refs/heads/origin/main refs/remotes/origin/main [1ms]
2024-10-11 11:23:08.103 [info] > git config --get commit.template [4ms]
2024-10-11 11:23:08.103 [info] > git for-each-ref --format=%(refname)%00%(upstream:short)%00%(objectname)%00%(upstream:track)%00%(upstream:remotename)%00%(upstream:remoteref) refs/heads/main refs/remotes/main [1ms]
2024-10-11 11:23:08.109 [info] > git status -z -uall [1ms]
2024-10-11 11:23:08.115 [info] > git for-each-ref --format=%(refname)%00%(upstream:short)%00%(objectname)%00%(upstream:track)%00%(upstream:remotename)%00%(upstream:remoteref) refs/heads/main refs/remotes/main [1ms]
2024-10-11 11:23:08.121 [info] > git config --local branch.main.vscode-merge-base [1ms]
2024-10-11 11:23:08.127 [info] > git for-each-ref --format=%(refname)%00%(upstream:short)%00%(objectname)%00%(upstream:track)%00%(upstream:remotename)%00%(upstream:remoteref) refs/heads/origin/main refs/remotes/origin/main [1ms]
2024-10-11 11:23:13.126 [info] > git config --get commit.template [5ms]
2024-10-11 11:23:13.126 [info] > git for-each-ref --format=%(refname)%00%(upstream:short)%00%(objectname)%00%(upstream:track)%00%(upstream:remotename)%00%(upstream:remoteref) refs/heads/main refs/remotes/main [1ms]
2024-10-11 11:23:13.133 [info] > git status -z -uall [2ms]
2024-10-11 11:23:13.139 [info] > git for-each-ref --format=%(refname)%00%(upstream:short)%00%(objectname)%00%(upstream:track)%00%(upstream:remotename)%00%(upstream:remoteref) refs/heads/main refs/remotes/main [1ms]
2024-10-11 11:23:13.145 [info] > git config --local branch.main.vscode-merge-base [1ms]
2024-10-11 11:23:13.151 [info] > git for-each-ref --format=%(refname)%00%(upstream:short)%00%(objectname)%00%(upstream:track)%00%(upstream:remotename)%00%(upstream:remoteref) refs/heads/origin/main refs/remotes/origin/main [1ms]
2024-10-11 11:23:18.837 [info] > git config --get commit.template [6ms]
2024-10-11 11:23:18.837 [info] > git for-each-ref --format=%(refname)%00%(upstream:short)%00%(objectname)%00%(upstream:track)%00%(upstream:remotename)%00%(upstream:remoteref) refs/heads/main refs/remotes/main [1ms]
2024-10-11 11:23:18.845 [info] > git status -z -uall [2ms]
2024-10-11 11:23:18.852 [info] > git for-each-ref --format=%(refname)%00%(upstream:short)%00%(objectname)%00%(upstream:track)%00%(upstream:remotename)%00%(upstream:remoteref) refs/heads/main refs/remotes/main [2ms]
2024-10-11 11:23:18.858 [info] > git config --local branch.main.vscode-merge-base [1ms]
2024-10-11 11:23:18.864 [info] > git for-each-ref --format=%(refname)%00%(upstream:short)%00%(objectname)%00%(upstream:track)%00%(upstream:remotename)%00%(upstream:remoteref) refs/heads/origin/main refs/remotes/origin/main [1ms]
2024-10-11 11:23:23.862 [info] > git config --get commit.template [5ms]
2024-10-11 11:23:23.863 [info] > git for-each-ref --format=%(refname)%00%(upstream:short)%00%(objectname)%00%(upstream:track)%00%(upstream:remotename)%00%(upstream:remoteref) refs/heads/main refs/remotes/main [1ms]
2024-10-11 11:23:23.869 [info] > git status -z -uall [2ms]
2024-10-11 11:23:23.876 [info] > git for-each-ref --format=%(refname)%00%(upstream:short)%00%(objectname)%00%(upstream:track)%00%(upstream:remotename)%00%(upstream:remoteref) refs/heads/main refs/remotes/main [2ms]
2024-10-11 11:23:23.882 [info] > git config --local branch.main.vscode-merge-base [1ms]
2024-10-11 11:23:23.887 [info] > git for-each-ref --format=%(refname)%00%(upstream:short)%00%(objectname)%00%(upstream:track)%00%(upstream:remotename)%00%(upstream:remoteref) refs/heads/origin/main refs/remotes/origin/main [1ms]
2024-10-11 11:23:31.047 [info] > git config --get commit.template [4ms]
2024-10-11 11:23:31.048 [info] > git for-each-ref --format=%(refname)%00%(upstream:short)%00%(objectname)%00%(upstream:track)%00%(upstream:remotename)%00%(upstream:remoteref) refs/heads/main refs/remotes/main [1ms]
2024-10-11 11:23:31.054 [info] > git status -z -uall [2ms]
2024-10-11 11:23:31.061 [info] > git for-each-ref --format=%(refname)%00%(upstream:short)%00%(objectname)%00%(upstream:track)%00%(upstream:remotename)%00%(upstream:remoteref) refs/heads/main refs/remotes/main [2ms]
2024-10-11 11:23:31.067 [info] > git config --local branch.main.vscode-merge-base [1ms]
2024-10-11 11:23:31.073 [info] > git for-each-ref --format=%(refname)%00%(upstream:short)%00%(objectname)%00%(upstream:track)%00%(upstream:remotename)%00%(upstream:remoteref) refs/heads/origin/main refs/remotes/origin/main [1ms]
2024-10-11 11:24:13.117 [info] > git config --get commit.template [3ms]
2024-10-11 11:24:13.125 [info] > git for-each-ref --format=%(refname)%00%(upstream:short)%00%(objectname)%00%(upstream:track)%00%(upstream:remotename)%00%(upstream:remoteref) refs/heads/main refs/remotes/main [1ms]
2024-10-11 11:24:13.131 [info] > git status -z -uall [2ms]
2024-10-11 11:24:13.139 [info] > git for-each-ref --format=%(refname)%00%(upstream:short)%00%(objectname)%00%(upstream:track)%00%(upstream:remotename)%00%(upstream:remoteref) refs/heads/main refs/remotes/main [2ms]
2024-10-11 11:24:13.145 [info] > git config --local branch.main.vscode-merge-base [1ms]
2024-10-11 11:24:13.151 [info] > git for-each-ref --format=%(refname)%00%(upstream:short)%00%(objectname)%00%(upstream:track)%00%(upstream:remotename)%00%(upstream:remoteref) refs/heads/origin/main refs/remotes/origin/main [1ms]
2024-10-11 11:24:19.059 [info] > git config --get commit.template [6ms]
2024-10-11 11:24:19.060 [info] > git for-each-ref --format=%(refname)%00%(upstream:short)%00%(objectname)%00%(upstream:track)%00%(upstream:remotename)%00%(upstream:remoteref) refs/heads/main refs/remotes/main [1ms]
2024-10-11 11:24:19.066 [info] > git status -z -uall [2ms]
2024-10-11 11:24:19.074 [info] > git for-each-ref --format=%(refname)%00%(upstream:short)%00%(objectname)%00%(upstream:track)%00%(upstream:remotename)%00%(upstream:remoteref) refs/heads/main refs/remotes/main [1ms]
2024-10-11 11:24:19.081 [info] > git config --local branch.main.vscode-merge-base [1ms]
2024-10-11 11:24:19.089 [info] > git for-each-ref --format=%(refname)%00%(upstream:short)%00%(objectname)%00%(upstream:track)%00%(upstream:remotename)%00%(upstream:remoteref) refs/heads/origin/main refs/remotes/origin/main [2ms]
2024-10-11 11:24:24.084 [info] > git config --get commit.template [5ms]
2024-10-11 11:24:24.085 [info] > git for-each-ref --format=%(refname)%00%(upstream:short)%00%(objectname)%00%(upstream:track)%00%(upstream:remotename)%00%(upstream:remoteref) refs/heads/main refs/remotes/main [1ms]
2024-10-11 11:24:24.092 [info] > git status -z -uall [2ms]
2024-10-11 11:24:24.099 [info] > git for-each-ref --format=%(refname)%00%(upstream:short)%00%(objectname)%00%(upstream:track)%00%(upstream:remotename)%00%(upstream:remoteref) refs/heads/main refs/remotes/main [1ms]
2024-10-11 11:24:24.105 [info] > git config --local branch.main.vscode-merge-base [1ms]
2024-10-11 11:24:24.111 [info] > git for-each-ref --format=%(refname)%00%(upstream:short)%00%(objectname)%00%(upstream:track)%00%(upstream:remotename)%00%(upstream:remoteref) refs/heads/origin/main refs/remotes/origin/main [1ms]
2024-10-11 11:24:29.110 [info] > git config --get commit.template [5ms]
2024-10-11 11:24:29.111 [info] > git for-each-ref --format=%(refname)%00%(upstream:short)%00%(objectname)%00%(upstream:track)%00%(upstream:remotename)%00%(upstream:remoteref) refs/heads/main refs/remotes/main [1ms]
2024-10-11 11:24:29.118 [info] > git status -z -uall [2ms]
2024-10-11 11:24:29.125 [info] > git for-each-ref --format=%(refname)%00%(upstream:short)%00%(objectname)%00%(upstream:track)%00%(upstream:remotename)%00%(upstream:remoteref) refs/heads/main refs/remotes/main [1ms]
2024-10-11 11:24:29.131 [info] > git config --local branch.main.vscode-merge-base [1ms]
2024-10-11 11:24:29.138 [info] > git for-each-ref --format=%(refname)%00%(upstream:short)%00%(objectname)%00%(upstream:track)%00%(upstream:remotename)%00%(upstream:remoteref) refs/heads/origin/main refs/remotes/origin/main [1ms]
2024-10-11 11:24:34.136 [info] > git config --get commit.template [6ms]
2024-10-11 11:24:34.137 [info] > git for-each-ref --format=%(refname)%00%(upstream:short)%00%(objectname)%00%(upstream:track)%00%(upstream:remotename)%00%(upstream:remoteref) refs/heads/main refs/remotes/main [2ms]
2024-10-11 11:24:34.143 [info] > git status -z -uall [2ms]
2024-10-11 11:24:34.150 [info] > git for-each-ref --format=%(refname)%00%(upstream:short)%00%(objectname)%00%(upstream:track)%00%(upstream:remotename)%00%(upstream:remoteref) refs/heads/main refs/remotes/main [1ms]
2024-10-11 11:24:34.156 [info] > git config --local branch.main.vscode-merge-base [1ms]
2024-10-11 11:24:34.161 [info] > git for-each-ref --format=%(refname)%00%(upstream:short)%00%(objectname)%00%(upstream:track)%00%(upstream:remotename)%00%(upstream:remoteref) refs/heads/origin/main refs/remotes/origin/main [1ms]
2024-10-11 11:24:39.593 [info] > git config --get commit.template [5ms]
2024-10-11 11:24:39.594 [info] > git for-each-ref --format=%(refname)%00%(upstream:short)%00%(objectname)%00%(upstream:track)%00%(upstream:remotename)%00%(upstream:remoteref) refs/heads/main refs/remotes/main [1ms]
2024-10-11 11:24:39.600 [info] > git status -z -uall [2ms]
2024-10-11 11:24:39.609 [info] > git for-each-ref --format=%(refname)%00%(upstream:short)%00%(objectname)%00%(upstream:track)%00%(upstream:remotename)%00%(upstream:remoteref) refs/heads/main refs/remotes/main [2ms]
2024-10-11 11:24:39.615 [info] > git config --local branch.main.vscode-merge-base [1ms]
2024-10-11 11:24:39.621 [info] > git for-each-ref --format=%(refname)%00%(upstream:short)%00%(objectname)%00%(upstream:track)%00%(upstream:remotename)%00%(upstream:remoteref) refs/heads/origin/main refs/remotes/origin/main [1ms]
2024-10-11 11:24:45.753 [info] > git config --get commit.template [1ms]
2024-10-11 11:24:45.760 [info] > git for-each-ref --format=%(refname)%00%(upstream:short)%00%(objectname)%00%(upstream:track)%00%(upstream:remotename)%00%(upstream:remoteref) refs/heads/main refs/remotes/main [1ms]
2024-10-11 11:24:45.767 [info] > git status -z -uall [2ms]
2024-10-11 11:24:45.776 [info] > git for-each-ref --format=%(refname)%00%(upstream:short)%00%(objectname)%00%(upstream:track)%00%(upstream:remotename)%00%(upstream:remoteref) refs/heads/main refs/remotes/main [2ms]
2024-10-11 11:24:45.782 [info] > git config --local branch.main.vscode-merge-base [1ms]
2024-10-11 11:24:45.789 [info] > git for-each-ref --format=%(refname)%00%(upstream:short)%00%(objectname)%00%(upstream:track)%00%(upstream:remotename)%00%(upstream:remoteref) refs/heads/origin/main refs/remotes/origin/main [1ms]
2024-10-11 11:24:50.787 [info] > git config --get commit.template [6ms]
2024-10-11 11:24:50.787 [info] > git for-each-ref --format=%(refname)%00%(upstream:short)%00%(objectname)%00%(upstream:track)%00%(upstream:remotename)%00%(upstream:remoteref) refs/heads/main refs/remotes/main [1ms]
2024-10-11 11:24:50.794 [info] > git status -z -uall [2ms]
2024-10-11 11:24:50.801 [info] > git for-each-ref --format=%(refname)%00%(upstream:short)%00%(objectname)%00%(upstream:track)%00%(upstream:remotename)%00%(upstream:remoteref) refs/heads/main refs/remotes/main [1ms]
2024-10-11 11:24:50.807 [info] > git config --local branch.main.vscode-merge-base [1ms]
2024-10-11 11:24:50.812 [info] > git for-each-ref --format=%(refname)%00%(upstream:short)%00%(objectname)%00%(upstream:track)%00%(upstream:remotename)%00%(upstream:remoteref) refs/heads/origin/main refs/remotes/origin/main [1ms]
