2024-11-17 15:15:57.437 [info] Using settings sync service https://vscode-sync.trafficmanager.net/
2024-11-17 15:15:57.437 [info] Auto Sync is enabled.
2024-11-17 15:15:57.437 [info] Auto Sync: Suspended until auth token is available.
2024-11-17 15:15:59.069 [info] Auto Sync: Triggered by Interval
2024-11-17 15:15:59.070 [info] Sync started.
2024-11-17 15:15:59.710 [info] Settings: No changes found during synchronizing settings.
2024-11-17 15:15:59.781 [info] Keybindings: No changes found during synchronizing keybindings.
2024-11-17 15:15:59.784 [info] Snippets: No changes found during synchronizing snippets.
2024-11-17 15:15:59.785 [info] Tasks: No changes found during synchronizing tasks.
2024-11-17 15:15:59.789 [info] GlobalState: No changes found during synchronizing ui state.
2024-11-17 15:15:59.828 [info] Extensions: No changes found during synchronizing extensions.
2024-11-17 15:15:59.829 [info] Profiles: No changes found during synchronizing profiles.
2024-11-17 15:15:59.830 [info] Sync done. Took 762ms
2024-11-17 15:20:59.831 [info] Auto Sync: Triggered by Interval
2024-11-17 15:20:59.831 [info] Sync started.
2024-11-17 15:21:00.277 [info] Settings: No changes found during synchronizing settings.
2024-11-17 15:21:00.279 [info] Keybindings: No changes found during synchronizing keybindings.
2024-11-17 15:21:00.281 [info] Snippets: No changes found during synchronizing snippets.
2024-11-17 15:21:00.282 [info] Tasks: No changes found during synchronizing tasks.
2024-11-17 15:21:00.285 [info] GlobalState: No changes found during synchronizing ui state.
2024-11-17 15:21:00.326 [info] Extensions: No changes found during synchronizing extensions.
2024-11-17 15:21:00.327 [info] Profiles: No changes found during synchronizing profiles.
2024-11-17 15:21:00.328 [info] Sync done. Took 498ms
