2024-11-17 18:33:00.319 [info] Reading sessions from keychain...
2024-11-17 18:33:00.319 [info] Getting sessions for all scopes...
2024-11-17 18:33:00.319 [info] Getting sessions for all scopes...
2024-11-17 18:33:00.319 [info] Getting sessions for all scopes...
2024-11-17 18:33:00.319 [info] Getting sessions for user:email...
2024-11-17 18:33:00.319 [info] Getting sessions for user:email...
2024-11-17 18:33:00.319 [info] Getting sessions for user:email...
2024-11-17 18:33:00.319 [info] Got stored sessions!
2024-11-17 18:33:00.319 [info] Got 1 verified sessions.
2024-11-17 18:33:00.319 [info] Got 1 sessions for ...
2024-11-17 18:33:00.319 [info] Got 1 sessions for ...
2024-11-17 18:33:00.319 [info] Got 1 sessions for ...
2024-11-17 18:33:00.319 [info] Got 1 sessions for user:email...
2024-11-17 18:33:00.319 [info] Got 1 sessions for user:email...
2024-11-17 18:33:00.319 [info] Got 1 sessions for user:email...
2024-11-17 18:33:00.319 [info] Getting sessions for read:user,repo,user:email...
2024-11-17 18:33:00.319 [info] Got 0 sessions for read:user,repo,user:email...
2024-11-17 18:33:00.363 [info] Getting sessions for read:user,repo,user:email,workflow...
2024-11-17 18:33:00.363 [info] Got 0 sessions for read:user,repo,user:email,workflow...
2024-11-17 18:33:00.625 [info] Getting sessions for all scopes...
2024-11-17 18:33:00.625 [info] Got 1 sessions for ...
2024-11-17 18:36:51.161 [info] Reading sessions from keychain...
2024-11-17 18:36:51.161 [info] Getting sessions for all scopes...
2024-11-17 18:36:51.161 [info] Getting sessions for all scopes...
2024-11-17 18:36:51.161 [info] Getting sessions for all scopes...
2024-11-17 18:36:51.161 [info] Getting sessions for user:email...
2024-11-17 18:36:51.161 [info] Got stored sessions!
2024-11-17 18:36:51.161 [info] Got 1 verified sessions.
2024-11-17 18:36:51.161 [info] Got 1 sessions for ...
2024-11-17 18:36:51.161 [info] Got 1 sessions for ...
2024-11-17 18:36:51.161 [info] Got 1 sessions for ...
2024-11-17 18:36:51.161 [info] Got 1 sessions for user:email...
2024-11-17 18:36:52.001 [info] Getting sessions for read:user,repo,user:email...
2024-11-17 18:36:52.001 [info] Got 0 sessions for read:user,repo,user:email...
2024-11-17 18:36:52.204 [info] Getting sessions for read:user,repo,user:email,workflow...
2024-11-17 18:36:52.204 [info] Got 0 sessions for read:user,repo,user:email,workflow...
