2024-11-17 18:32:58.070 [info] Started local extension host with pid 946203.
2024-11-17 18:32:58.348 [error] Extension 'ms-python.python' wants API proposal 'terminalShellIntegration' but that proposal DOES NOT EXIST. Likely, the proposal has been finalized (check 'vscode.d.ts') or was abandoned.
2024-11-17 18:32:58.354 [info] Placing extension(s) asvetliakov.vscode-neovim on a separate extension host.
2024-11-17 18:32:58.684 [info] Started local extension host with pid 946235.
2024-11-17 18:32:59.070 [info] Settings Sync: Updating authentication providers. Authentication Providers from store: [{"id":"github","scopes":["user:email"]},{"id":"microsoft","scopes":["openid","profile","email","offline_access"]}]
2024-11-17 18:32:59.070 [info] Settings Sync: Authentication providers updated []
2024-11-17 18:32:59.084 [info] Settings Sync: Updating authentication providers. Authentication Providers from store: [{"id":"github","scopes":["user:email"]},{"id":"microsoft","scopes":["openid","profile","email","offline_access"]}]
2024-11-17 18:32:59.084 [info] Settings Sync: Authentication providers updated ["github"]
2024-11-17 18:32:59.085 [info] Settings Sync: Updating authentication providers. Authentication Providers from store: [{"id":"github","scopes":["user:email"]},{"id":"microsoft","scopes":["openid","profile","email","offline_access"]}]
2024-11-17 18:32:59.085 [info] Settings Sync: Authentication providers updated ["github"]
2024-11-17 18:32:59.085 [info] Settings Sync: Updating due to declared authentication providers changed
2024-11-17 18:32:59.085 [info] Settings Sync: Updating authentication providers. Authentication Providers from store: [{"id":"github","scopes":["user:email"]},{"id":"microsoft","scopes":["openid","profile","email","offline_access"]}]
2024-11-17 18:32:59.086 [info] Settings Sync: Authentication providers updated ["github"]
2024-11-17 18:32:59.086 [info] Settings Sync: Updating authentication providers. Authentication Providers from store: [{"id":"github","scopes":["user:email"]},{"id":"microsoft","scopes":["openid","profile","email","offline_access"]}]
2024-11-17 18:32:59.086 [info] Settings Sync: Authentication providers updated ["github","microsoft"]
2024-11-17 18:32:59.086 [info] Settings Sync: Updating authentication providers. Authentication Providers from store: [{"id":"github","scopes":["user:email"]},{"id":"microsoft","scopes":["openid","profile","email","offline_access"]}]
2024-11-17 18:32:59.086 [info] Settings Sync: Authentication providers updated ["github","microsoft"]
2024-11-17 18:32:59.086 [info] Settings Sync: Updating due to declared authentication providers changed
2024-11-17 18:32:59.087 [info] Settings Sync: Updating authentication providers. Authentication Providers from store: [{"id":"github","scopes":["user:email"]},{"id":"microsoft","scopes":["openid","profile","email","offline_access"]}]
2024-11-17 18:32:59.087 [info] Settings Sync: Authentication providers updated ["github","microsoft"]
2024-11-17 18:32:59.544 [info] Settings Sync: Updating authentication providers. Authentication Providers from store: [{"id":"github","scopes":["user:email"]},{"id":"microsoft","scopes":["openid","profile","email","offline_access"]}]
2024-11-17 18:32:59.544 [info] Settings Sync: Authentication providers updated ["github","microsoft"]
2024-11-17 18:33:00.672 [info] [perf] Render performance baseline is 24ms
2024-11-17 18:36:49.298 [warning] [perf] Renderer reported VERY LONG TASK (569ms), starting profiling session '6ebed0f2-ff83-4340-bc34-3d357bd965b8'
2024-11-17 18:36:49.934 [info] Started local extension host with pid 947620.
2024-11-17 18:36:49.935 [info] Started local extension host with pid 947621.
2024-11-17 18:36:50.574 [info] Settings Sync: Updating authentication providers. Authentication Providers from store: [{"id":"github","scopes":["user:email"]},{"id":"microsoft","scopes":["openid","profile","email","offline_access"]}]
2024-11-17 18:36:50.575 [info] Settings Sync: Authentication providers updated ["github","microsoft"]
2024-11-17 18:36:51.227 [error] No registered selector for ID: ms-vscode.npm-command
2024-11-17 18:37:34.798 [warning] [backup tracker] suspended, ignoring unregister event file:///home/anu/Documents/GitHub/things-ng/package.json 
