2024-11-17 18:32:57.985 [info] Added views:outline in workbench.view.explorer
2024-11-17 18:32:57.985 [info] Added views:workbench.view.search in workbench.view.search
2024-11-17 18:32:57.985 [info] Added views:workbench.scm in workbench.view.scm
2024-11-17 18:32:57.985 [info] Added views:workbench.panel.markers.view in workbench.panel.markers
2024-11-17 18:32:57.985 [info] Added views:workbench.panel.output in workbench.panel.output
2024-11-17 18:32:57.985 [info] Added views:terminal in terminal
2024-11-17 18:32:57.985 [info] Added views:timeline in workbench.view.explorer
2024-11-17 18:32:57.985 [info] Added views:workbench.explorer.openEditorsView,workbench.explorer.fileView in workbench.view.explorer
2024-11-17 18:32:58.445 [info] Added views:gitlens.views.home,gitlens.views.workspaces,gitlens.views.account in workbench.view.extension.gitlens
2024-11-17 18:32:58.446 [info] Added views:gitlens.views.commitDetails,gitlens.views.lineHistory,gitlens.views.fileHistory,gitlens.views.searchAndCompare in workbench.view.extension.gitlensInspect
2024-11-17 18:32:58.446 [info] Added views:gitlens.views.commits,gitlens.views.branches,gitlens.views.remotes,gitlens.views.stashes,gitlens.views.tags,gitlens.views.contributors in workbench.view.scm
2024-11-17 18:32:58.666 [info] Added views:workbench.debug.welcome in workbench.view.debug
2024-11-17 18:32:58.731 [info] Added views:workbench.panel.repl.view in workbench.panel.repl
2024-11-17 18:32:59.112 [info] Added views:~remote.forwardedPorts in ~remote.forwardedPortsContainer
2024-11-17 18:32:59.533 [info] Added views:workbench.scm.repositories,workbench.scm.history in workbench.view.scm
2024-11-17 18:33:00.015 [info] Added views:gitlens.views.drafts in workbench.view.extension.gitlens
2024-11-17 18:33:00.905 [info] Added views:gitlens.views.graph,gitlens.views.graphDetails in workbench.view.extension.gitlensPanel
2024-11-17 18:33:00.905 [info] Added views:gitlens.views.timeline in workbench.view.extension.gitlensInspect
2024-11-17 18:33:00.905 [info] Added views:gitlens.views.worktrees in workbench.view.scm
2024-11-17 18:36:31.302 [info] Added views:workbench.views.extensions.installed,workbench.views.extensions.popular,extensions.recommendedList in workbench.view.extensions
2024-11-17 18:36:31.303 [info] Removed views:workbench.views.extensions.popular from workbench.view.extensions
2024-11-17 18:36:49.257 [info] Removed views:workbench.scm.history,workbench.scm.repositories from workbench.view.scm
2024-11-17 18:36:50.078 [info] Removed views:workbench.panel.repl.view from workbench.panel.repl
2024-11-17 18:36:50.087 [info] Added views:workbench.panel.repl.view in workbench.panel.repl
2024-11-17 18:36:51.348 [info] Added views:workbench.scm.repositories,workbench.scm.history in workbench.view.scm
2024-11-17 18:37:34.794 [info] Removed views:workbench.scm.history,workbench.scm.repositories from workbench.view.scm
