2024-09-18 09:13:18 INFO [electron]   "init store"
2024-09-18 09:13:18 INFO [electron]   "init request"
2024-09-18 09:13:18 INFO [electron]   "init i18n"
2024-09-18 09:13:18 INFO [electron]   {"updater":{"downloadUrl":"https://appest-public.s3.amazonaws.com/download/linux/","delay":2000,"interval":600000},"apk_version":"6.0.0","product_mode":true,"package_mode":false,"product_name":"TickTick","is_cn_site":false,"cdn_domain":"d107mjio2rjf74.cloudfront.net/web","site_domain":"ticktick.com","ex_api_domain":"ext.ticktick.com","brother_product_name":"滴答清单","brother_site_domain":"dida365.com","api_domain":"api.ticktick.com","cookie_domain":".ticktick.com","protocol":"https://","help_domain":"help.ticktick.com","support_api_domain":"ticket.ticktick.com","deploy_path":"/task/src/main/webapp/static/deploy","version":"6000"}
2024-09-18 09:13:18 INFO [electron]   "timezone Asia/Calcutta"
2024-09-18 09:13:18 INFO [electron]   "date -330"
2024-09-18 09:13:18 INFO [electron]   {"platform":"electron","os":"linux","device":"Linux x64","name":"archlinux","version":"6000","id":"6697e76ba17ca8336cb98132","channel":"website","campaign":"","websocket":""}
2024-09-18 09:13:18 INFO [electron]   "init main window"
2024-09-18 09:13:18 INFO [electron]   "init"
2024-09-18 09:13:18 INFO [electron]   "init menu"
2024-09-18 09:13:18 INFO [electron]   "init update service"
2024-09-18 09:13:18 INFO [electron]   "init notification"
2024-09-18 09:13:18 INFO [electron]   "init tray"
2024-09-18 09:13:18 INFO [electron]   "fetch get begin https://api.ticktick.com/api/v2/user/profile"
2024-09-18 09:13:18 INFO [electron]   "token undefined"
2024-09-18 09:13:18 INFO [electron]   "token undefined"
2024-09-18 09:13:18 INFO [electron]   "launchLogin login"
2024-09-18 09:13:19 INFO [electron]   "loginWindow, dom-ready"
2024-09-18 09:13:19 INFO [electron]   {"id":"6697e76ba17ca8336cb98132","platform":"electron","ver":"6000","channel":"website","os":"linux","osv":"","device":"Linux x64","name":"archlinux","campaign":"","websocket":"","ctime":"2024-09-18T03:43:18.000+0000","atime":"2024-09-18T03:43:18.000+0000","userCode":"","hl":"en_US","tz":"Asia/Calcutta","locale":"en-US"}
2024-09-18 09:13:19 INFO [electron]   "fetch post begin https://xapi.ticktick.com/datacollect/event/push"
2024-09-18 09:13:19 INFO [electron]   "token undefined"
2024-09-18 09:13:19 INFO [electron]   "get end https://api.ticktick.com/api/v2/user/profile"
2024-09-18 09:13:20 INFO [electron]   "post end https://xapi.ticktick.com/datacollect/event/push"
2024-09-18 09:13:23 INFO [electron]   "login will-navigate https://accounts.google.com/o/oauth2/auth?scope=https://www.googleapis.com/auth/userinfo.profile+https://www.googleapis.com/auth/userinfo.email&redirect_uri=https://ticktick.com/sign/google&state=Lw==&response_type=token&client_id=366263775281.apps.googleusercontent.com"
2024-09-18 09:13:23 INFO [electron]   "new-window-will-redirect https://accounts.google.com/v3/signin/identifier?opparams=%253F&dsh=S1563992161%3A1726631003666936&client_id=366263775281.apps.googleusercontent.com&ddm=0&o2v=1&redirect_uri=https%3A%2F%2Fticktick.com%2Fsign%2Fgoogle&response_type=token&scope=https%3A%2F%2Fwww.googleapis.com%2Fauth%2Fuserinfo.profile+https%3A%2F%2Fwww.googleapis.com%2Fauth%2Fuserinfo.email&service=lso&state=Lw%3D%3D&flowName=GeneralOAuthLite&continue=https%3A%2F%2Faccounts.google.com%2Fsignin%2Foauth%2Flegacy%2Fconsent%3Fauthuser%3Dunknown%26part%3DAJi8hAOwOGP0bKecFI4-fvBuHk1DXAyntQXX3y4CRLk3AMVqHZcAfKx_RkNeee6HltaJMbxqukNz34nwS3Qd7P_mH_2a8T-RVMRH379LqZdrtexdbQb9wZEZGfC20x9BFZWXr06dYnETAl06hAkC1cpwMDqgnJEmqb9louLCzn_YtYxzE_HKehoILAbOnpLsQvquRog9tNMT3SUFk3dqnelaSd96hYEhs0bFxSdFsMfD2dM0hdgfnim7QwPL_mUKiAkizdcQ4d0gvren0J4ZGCaKVbqavbhqTWij2jktNu8rNWiWsrD0bpnpaMso3COWmzi9ibYvUYw5Y-dx0qhmiiyDIskC6Sub1VITq-at6DQqSqbh4HzN8_7oUNtV7B5Fy6QdfjurPEixephkwyvVolWkUmVADdX0NhfIPDI6RZBRKlnn8aUS_uY%26flowName%3DGeneralOAuthFlow%26as%3DS1563992161%253A1726631003666936%26client_id%3D366263775281.apps.googleusercontent.com%23&app_domain=https%3A%2F%2Fticktick.com&rart=ANgoxce6oziTuEiW-ExOKWhj-CxOm9EA2eWc9eXKCfZqAK5-ETpHEuVvjypWcGVbJdfQ4tsD4Q9D1wfYRPZQ3CWLcS4lInqzk9tPr7mvNZI1-3iiAERDWjg"
2024-09-18 09:18:22 INFO [electron]   "new-window-will-navigate https://accounts.google.com/v3/signin/identifier?app_domain=https://ticktick.com&client_id=366263775281.apps.googleusercontent.com&continue=https://accounts.google.com/signin/oauth/legacy/consent?authuser%3Dunknown%26part%3DAJi8hAOwOGP0bKecFI4-fvBuHk1DXAyntQXX3y4CRLk3AMVqHZcAfKx_RkNeee6HltaJMbxqukNz34nwS3Qd7P_mH_2a8T-RVMRH379LqZdrtexdbQb9wZEZGfC20x9BFZWXr06dYnETAl06hAkC1cpwMDqgnJEmqb9louLCzn_YtYxzE_HKehoILAbOnpLsQvquRog9tNMT3SUFk3dqnelaSd96hYEhs0bFxSdFsMfD2dM0hdgfnim7QwPL_mUKiAkizdcQ4d0gvren0J4ZGCaKVbqavbhqTWij2jktNu8rNWiWsrD0bpnpaMso3COWmzi9ibYvUYw5Y-dx0qhmiiyDIskC6Sub1VITq-at6DQqSqbh4HzN8_7oUNtV7B5Fy6QdfjurPEixephkwyvVolWkUmVADdX0NhfIPDI6RZBRKlnn8aUS_uY%26flowName%3DGeneralOAuthFlow%26as%3DS1563992161%253A1726631003666936%26client_id%3D366263775281.apps.googleusercontent.com%23&ddm=0&dsh=S1563992161:1726631003666936&flowName=GeneralOAuthLite&o2v=1&opparams=%253F&rart=ANgoxce6oziTuEiW-ExOKWhj-CxOm9EA2eWc9eXKCfZqAK5-ETpHEuVvjypWcGVbJdfQ4tsD4Q9D1wfYRPZQ3CWLcS4lInqzk9tPr7mvNZI1-3iiAERDWjg&redirect_uri=https://ticktick.com/sign/google&response_type=token&scope=https://www.googleapis.com/auth/userinfo.profile+https://www.googleapis.com/auth/userinfo.email&service=lso&state=Lw%3D%3D"
2024-09-18 09:18:24 INFO [electron]   "new-window-will-redirect https://accounts.google.com/v3/signin/challenge/pwd?TL=APps6eadhzGNwLfvFMzt5ZxwBxbA-XPSsQTTibzHdkQJ-frOgKGj2yHyFSDHvhX8&app_domain=https://ticktick.com&checkConnection=youtube:470&checkedDomains=youtube&cid=2&client_id=366263775281.apps.googleusercontent.com&continue=https://accounts.google.com/signin/oauth/legacy/consent?authuser%3Dunknown%26part%3DAJi8hAOwOGP0bKecFI4-fvBuHk1DXAyntQXX3y4CRLk3AMVqHZcAfKx_RkNeee6HltaJMbxqukNz34nwS3Qd7P_mH_2a8T-RVMRH379LqZdrtexdbQb9wZEZGfC20x9BFZWXr06dYnETAl06hAkC1cpwMDqgnJEmqb9louLCzn_YtYxzE_HKehoILAbOnpLsQvquRog9tNMT3SUFk3dqnelaSd96hYEhs0bFxSdFsMfD2dM0hdgfnim7QwPL_mUKiAkizdcQ4d0gvren0J4ZGCaKVbqavbhqTWij2jktNu8rNWiWsrD0bpnpaMso3COWmzi9ibYvUYw5Y-dx0qhmiiyDIskC6Sub1VITq-at6DQqSqbh4HzN8_7oUNtV7B5Fy6QdfjurPEixephkwyvVolWkUmVADdX0NhfIPDI6RZBRKlnn8aUS_uY%26flowName%3DGeneralOAuthFlow%26as%3DS1563992161%253A1726631003666936%26client_id%3D366263775281.apps.googleusercontent.com%23&ddm=0&dsh=S1563992161:1726631003666936&flowName=GeneralOAuthLite&o2v=1&opparams=%253F&pstMsg=1&rart=ANgoxce6oziTuEiW-ExOKWhj-CxOm9EA2eWc9eXKCfZqAK5-ETpHEuVvjypWcGVbJdfQ4tsD4Q9D1wfYRPZQ3CWLcS4lInqzk9tPr7mvNZI1-3iiAERDWjg&redirect_uri=https://ticktick.com/sign/google&response_type=token&scope=https://www.googleapis.com/auth/userinfo.profile+https://www.googleapis.com/auth/userinfo.email&service=lso&state=Lw%3D%3D"
2024-09-18 09:18:28 INFO [electron]   "new-window-will-navigate https://accounts.google.com/v3/signin/challenge/pwd?TL=APps6eadhzGNwLfvFMzt5ZxwBxbA-XPSsQTTibzHdkQJ-frOgKGj2yHyFSDHvhX8&app_domain=https://ticktick.com&checkConnection=youtube:470&checkedDomains=youtube&cid=2&client_id=366263775281.apps.googleusercontent.com&continue=https://accounts.google.com/signin/oauth/legacy/consent?authuser%3Dunknown%26part%3DAJi8hAOwOGP0bKecFI4-fvBuHk1DXAyntQXX3y4CRLk3AMVqHZcAfKx_RkNeee6HltaJMbxqukNz34nwS3Qd7P_mH_2a8T-RVMRH379LqZdrtexdbQb9wZEZGfC20x9BFZWXr06dYnETAl06hAkC1cpwMDqgnJEmqb9louLCzn_YtYxzE_HKehoILAbOnpLsQvquRog9tNMT3SUFk3dqnelaSd96hYEhs0bFxSdFsMfD2dM0hdgfnim7QwPL_mUKiAkizdcQ4d0gvren0J4ZGCaKVbqavbhqTWij2jktNu8rNWiWsrD0bpnpaMso3COWmzi9ibYvUYw5Y-dx0qhmiiyDIskC6Sub1VITq-at6DQqSqbh4HzN8_7oUNtV7B5Fy6QdfjurPEixephkwyvVolWkUmVADdX0NhfIPDI6RZBRKlnn8aUS_uY%26flowName%3DGeneralOAuthFlow%26as%3DS1563992161%253A1726631003666936%26client_id%3D366263775281.apps.googleusercontent.com%23&ddm=0&dsh=S1563992161:1726631003666936&flowName=GeneralOAuthLite&o2v=1&opparams=%253F&pstMsg=1&rart=ANgoxce6oziTuEiW-ExOKWhj-CxOm9EA2eWc9eXKCfZqAK5-ETpHEuVvjypWcGVbJdfQ4tsD4Q9D1wfYRPZQ3CWLcS4lInqzk9tPr7mvNZI1-3iiAERDWjg&redirect_uri=https://ticktick.com/sign/google&response_type=token&scope=https://www.googleapis.com/auth/userinfo.profile+https://www.googleapis.com/auth/userinfo.email&service=lso&state=Lw%3D%3D"
2024-09-18 09:18:30 INFO [electron]   "new-window-will-redirect https://accounts.google.com/v3/signin/challenge/dp?TL=APps6eadhzGNwLfvFMzt5ZxwBxbA-XPSsQTTibzHdkQJ-frOgKGj2yHyFSDHvhX8&app_domain=https://ticktick.com&checkConnection=youtube:470&checkedDomains=youtube&cid=10&client_id=366263775281.apps.googleusercontent.com&continue=https://accounts.google.com/signin/oauth/legacy/consent?authuser%3Dunknown%26part%3DAJi8hAOwOGP0bKecFI4-fvBuHk1DXAyntQXX3y4CRLk3AMVqHZcAfKx_RkNeee6HltaJMbxqukNz34nwS3Qd7P_mH_2a8T-RVMRH379LqZdrtexdbQb9wZEZGfC20x9BFZWXr06dYnETAl06hAkC1cpwMDqgnJEmqb9louLCzn_YtYxzE_HKehoILAbOnpLsQvquRog9tNMT3SUFk3dqnelaSd96hYEhs0bFxSdFsMfD2dM0hdgfnim7QwPL_mUKiAkizdcQ4d0gvren0J4ZGCaKVbqavbhqTWij2jktNu8rNWiWsrD0bpnpaMso3COWmzi9ibYvUYw5Y-dx0qhmiiyDIskC6Sub1VITq-at6DQqSqbh4HzN8_7oUNtV7B5Fy6QdfjurPEixephkwyvVolWkUmVADdX0NhfIPDI6RZBRKlnn8aUS_uY%26flowName%3DGeneralOAuthFlow%26as%3DS1563992161%253A1726631003666936%26client_id%3D366263775281.apps.googleusercontent.com%23&ddm=0&dsh=S1563992161:1726631003666936&flowName=GeneralOAuthLite&o2v=1&opparams=%253F&pstMsg=1&rart=ANgoxce6oziTuEiW-ExOKWhj-CxOm9EA2eWc9eXKCfZqAK5-ETpHEuVvjypWcGVbJdfQ4tsD4Q9D1wfYRPZQ3CWLcS4lInqzk9tPr7mvNZI1-3iiAERDWjg&redirect_uri=https://ticktick.com/sign/google&response_type=token&scope=https://www.googleapis.com/auth/userinfo.profile+https://www.googleapis.com/auth/userinfo.email&service=lso&state=Lw%3D%3D"
2024-09-18 09:18:39 INFO [electron]   "new-window-will-navigate https://accounts.google.com/v3/signin/challenge/dp?TL=APps6eadhzGNwLfvFMzt5ZxwBxbA-XPSsQTTibzHdkQJ-frOgKGj2yHyFSDHvhX8&app_domain=https://ticktick.com&checkConnection=youtube:470&checkedDomains=youtube&cid=10&client_id=366263775281.apps.googleusercontent.com&continue=https://accounts.google.com/signin/oauth/legacy/consent?authuser%3Dunknown%26part%3DAJi8hAOwOGP0bKecFI4-fvBuHk1DXAyntQXX3y4CRLk3AMVqHZcAfKx_RkNeee6HltaJMbxqukNz34nwS3Qd7P_mH_2a8T-RVMRH379LqZdrtexdbQb9wZEZGfC20x9BFZWXr06dYnETAl06hAkC1cpwMDqgnJEmqb9louLCzn_YtYxzE_HKehoILAbOnpLsQvquRog9tNMT3SUFk3dqnelaSd96hYEhs0bFxSdFsMfD2dM0hdgfnim7QwPL_mUKiAkizdcQ4d0gvren0J4ZGCaKVbqavbhqTWij2jktNu8rNWiWsrD0bpnpaMso3COWmzi9ibYvUYw5Y-dx0qhmiiyDIskC6Sub1VITq-at6DQqSqbh4HzN8_7oUNtV7B5Fy6QdfjurPEixephkwyvVolWkUmVADdX0NhfIPDI6RZBRKlnn8aUS_uY%26flowName%3DGeneralOAuthFlow%26as%3DS1563992161%253A1726631003666936%26client_id%3D366263775281.apps.googleusercontent.com%23&ddm=0&dsh=S1563992161:1726631003666936&flowName=GeneralOAuthLite&o2v=1&opparams=%253F&pstMsg=1&rart=ANgoxce6oziTuEiW-ExOKWhj-CxOm9EA2eWc9eXKCfZqAK5-ETpHEuVvjypWcGVbJdfQ4tsD4Q9D1wfYRPZQ3CWLcS4lInqzk9tPr7mvNZI1-3iiAERDWjg&redirect_uri=https://ticktick.com/sign/google&response_type=token&scope=https://www.googleapis.com/auth/userinfo.profile+https://www.googleapis.com/auth/userinfo.email&service=lso&state=Lw%3D%3D"
2024-09-18 09:18:40 INFO [electron]   "new-window-will-redirect https://accounts.google.com/CheckCookie?continue=https://accounts.google.com/signin/oauth/legacy/consent?authuser%3Dunknown%26part%3DAJi8hAOwOGP0bKecFI4-fvBuHk1DXAyntQXX3y4CRLk3AMVqHZcAfKx_RkNeee6HltaJMbxqukNz34nwS3Qd7P_mH_2a8T-RVMRH379LqZdrtexdbQb9wZEZGfC20x9BFZWXr06dYnETAl06hAkC1cpwMDqgnJEmqb9louLCzn_YtYxzE_HKehoILAbOnpLsQvquRog9tNMT3SUFk3dqnelaSd96hYEhs0bFxSdFsMfD2dM0hdgfnim7QwPL_mUKiAkizdcQ4d0gvren0J4ZGCaKVbqavbhqTWij2jktNu8rNWiWsrD0bpnpaMso3COWmzi9ibYvUYw5Y-dx0qhmiiyDIskC6Sub1VITq-at6DQqSqbh4HzN8_7oUNtV7B5Fy6QdfjurPEixephkwyvVolWkUmVADdX0NhfIPDI6RZBRKlnn8aUS_uY%26flowName%3DGeneralOAuthFlow%26as%3DS1563992161:1726631003666936%26client_id%3D366263775281.apps.googleusercontent.com%26rapt%3DAEjHL4ORIq3OdYAcab8QQM0_AqK0iV9DPkVPttnBpScrPLTv0TLUnY3E-YCtQmETN5aK_9F9dZ2gv_tDhGO_LZjmKq-I4wKXX51gLAwr9yQhY1mT2pL4odA%23&service=lso&checkedDomains=youtube&checkConnection=youtube:470&pstMsg=1&rart=ANgoxce6oziTuEiW-ExOKWhj-CxOm9EA2eWc9eXKCfZqAK5-ETpHEuVvjypWcGVbJdfQ4tsD4Q9D1wfYRPZQ3CWLcS4lInqzk9tPr7mvNZI1-3iiAERDWjg&flowName=GeneralOAuthLite&client_id=366263775281.apps.googleusercontent.com&redirect_uri=https://ticktick.com/sign/google&scope=https://www.googleapis.com/auth/userinfo.profile+https://www.googleapis.com/auth/userinfo.email&o2v=1&chtml=LoginDoneHtml&gidl=EgIIAA"
2024-09-18 09:18:40 INFO [electron]   "new-window-will-redirect https://accounts.youtube.com/accounts/SetSID?ssdc=1&sidt=ALWU2cuMuJQh%2Bq2E%2FKXSrRxqM7aPkv1ruy6oETsReDAfj0gGnqBqkedN0hckql9VaTkxabBZmfR1tUQQZMAegKpJuIN4mP4aYDkU4kpvqz409mGi8CUoGsU9UwQ7wVf%2FwEJ6HF0XDZ%2BaPzdDIfYeYEDkR01zVbFxVOYhJQlowa3qMKjQ30eZ8qkcrvLQCZ2xpZiTEszOuTSvY1yzKXNxLSxbTxP%2FTRUuaUDGHppNFNZNwvpkoszbQFqlpTOMY%2BeSvOtJ%2BWu3Nggzzh42nGawW8NYT%2BxnQaREQjZoay0fm6%2FP%2FNHti4FNZYkdt8tkF8Mceal66qj3s9cWLex4jqOYLFh7DdjzvQfSgUfqzgLLBgUV3e6D%2BpTxnUEC2TKVqD97g4nTUbqOoNPKAT2KQTH45fqjV1OQa5Rty0zVAi0WnDOPZRjebh%2BukeUmwBB4qkIv3Hql%2BRNHBuPlLyrzgupSpqL8XDT%2BYvYuI9eYaYXgPS8LYqJXGzDe7ztb3f22ZRSHSYCH2z1RkrPqKFmecFmeX01rKJQleWAYB7ATrbGbE2W%2B1hcAkpLI4p0n3z1218MyxgYSZdXNibs6247dwEwB34ATYQkBU1sIxuoqwpjfBKbNc90AgASYlXkeKqQlZE3b8jtuS%2F3xIHVkxHJrO795ROLME6KF0yqAMIA3lTbvUGEHDUaxHIX7Zz3B1fjrDb%2BTrtJL7JpeI%2B8YzG2WNMdhB7AHvkZEOVvmPBQM8WKZwLH9hdvXmsuHdy0X7DEH1oYNM72npmXc9WH1&continue=https%3A%2F%2Faccounts.google.com%2Fsignin%2Foauth%2Flegacy%2Fconsent%3Fauthuser%3D0%26part%3DAJi8hAOwOGP0bKecFI4-fvBuHk1DXAyntQXX3y4CRLk3AMVqHZcAfKx_RkNeee6HltaJMbxqukNz34nwS3Qd7P_mH_2a8T-RVMRH379LqZdrtexdbQb9wZEZGfC20x9BFZWXr06dYnETAl06hAkC1cpwMDqgnJEmqb9louLCzn_YtYxzE_HKehoILAbOnpLsQvquRog9tNMT3SUFk3dqnelaSd96hYEhs0bFxSdFsMfD2dM0hdgfnim7QwPL_mUKiAkizdcQ4d0gvren0J4ZGCaKVbqavbhqTWij2jktNu8rNWiWsrD0bpnpaMso3COWmzi9ibYvUYw5Y-dx0qhmiiyDIskC6Sub1VITq-at6DQqSqbh4HzN8_7oUNtV7B5Fy6QdfjurPEixephkwyvVolWkUmVADdX0NhfIPDI6RZBRKlnn8aUS_uY%26flowName%3DGeneralOAuthFlow%26as%3DS1563992161%253A1726631003666936%26client_id%3D366263775281.apps.googleusercontent.com%26rapt%3DAEjHL4ORIq3OdYAcab8QQM0_AqK0iV9DPkVPttnBpScrPLTv0TLUnY3E-YCtQmETN5aK_9F9dZ2gv_tDhGO_LZjmKq-I4wKXX51gLAwr9yQhY1mT2pL4odA%23&tcc=1&dbus=IN"
2024-09-18 09:18:41 INFO [electron]   "new-window-will-redirect https://accounts.google.co.in/accounts/SetSID?ssdc=1&sidt=ALWU2cs%2B5J6c/nYHZ5J%2BlXv9fZM7W9hJgSRXo1l7ZLGdngtV4VuCfbOHRV/sK2Pdr6dmNJeBWos4cUGDle7r8Cb91JKUpxWxrdMBzmstiynXZB2B3iHpOEyjJ/NiZ/PHMmIgxWiwO0Vxff2E0eShuaiC2raWPEE5q%2BJ9n6D1vjsGYpyW0IxJEY2M8Fxu6DGPIV2wyvmEKFuZ4PxJgnOfRYkXvDB4hWzYceg2g8QfFoAexyyyEClVXENlLi8g5f7qL3mCU76gOV6lwcPkM/P0Klq81Q6f9UfQK%2BQ9S4kOafWcraNpBqoa6Le3QuDbrq54XGIb77T3efCTOwCIo0sQZSI/2OLnz%2BMOITHMimpBB2u5KrZzZOpPLzdqM/F8k5RvrlYeKNUHQ4AJBNgtNjKLGKTcVztXEdIb%2BlinKzTZ0RGaBQUxo3IvavqkFIUEJ6%2BQ9M9kcc0HM9osR6fDeV6AZCqZkT3PF9o%2BZxZYhqXPsAAoMj2n7RRwv1/p4Vnl1TZBcO2NLrImGh07QMeOYafj8co6499AoszxKY6dlp4Lq3oH/ryJnetamGSIIOSWy780FBSF70hJ3ppDcr9Qnakyj31swh2Qb/pbeQYHu9FtHE/uVrJyIPYkwHFs7bX7G0fSDl2Dcv6G0NO1SgyTUFDY8LoxKWH0xRAEJqbljl5mmrO9CERrE3OQOoNUQTz0%2B04POPz/Ww2iMNUWHAmB6cYwKxB8wewiTxg6oUmMFOkc28Hv7PMV0vI0mclm/tuZxPZFw8Q751xVyd1Q&continue=https://accounts.google.com/signin/oauth/legacy/consent?authuser%3D0%26part%3DAJi8hAOwOGP0bKecFI4-fvBuHk1DXAyntQXX3y4CRLk3AMVqHZcAfKx_RkNeee6HltaJMbxqukNz34nwS3Qd7P_mH_2a8T-RVMRH379LqZdrtexdbQb9wZEZGfC20x9BFZWXr06dYnETAl06hAkC1cpwMDqgnJEmqb9louLCzn_YtYxzE_HKehoILAbOnpLsQvquRog9tNMT3SUFk3dqnelaSd96hYEhs0bFxSdFsMfD2dM0hdgfnim7QwPL_mUKiAkizdcQ4d0gvren0J4ZGCaKVbqavbhqTWij2jktNu8rNWiWsrD0bpnpaMso3COWmzi9ibYvUYw5Y-dx0qhmiiyDIskC6Sub1VITq-at6DQqSqbh4HzN8_7oUNtV7B5Fy6QdfjurPEixephkwyvVolWkUmVADdX0NhfIPDI6RZBRKlnn8aUS_uY%26flowName%3DGeneralOAuthFlow%26as%3DS1563992161%253A1726631003666936%26client_id%3D366263775281.apps.googleusercontent.com%26rapt%3DAEjHL4ORIq3OdYAcab8QQM0_AqK0iV9DPkVPttnBpScrPLTv0TLUnY3E-YCtQmETN5aK_9F9dZ2gv_tDhGO_LZjmKq-I4wKXX51gLAwr9yQhY1mT2pL4odA%23&tcc=1"
2024-09-18 09:18:42 INFO [electron]   "new-window-will-navigate https://accounts.google.com/signin/oauth/legacy/consent?authuser=0&part=AJi8hAOwOGP0bKecFI4-fvBuHk1DXAyntQXX3y4CRLk3AMVqHZcAfKx_RkNeee6HltaJMbxqukNz34nwS3Qd7P_mH_2a8T-RVMRH379LqZdrtexdbQb9wZEZGfC20x9BFZWXr06dYnETAl06hAkC1cpwMDqgnJEmqb9louLCzn_YtYxzE_HKehoILAbOnpLsQvquRog9tNMT3SUFk3dqnelaSd96hYEhs0bFxSdFsMfD2dM0hdgfnim7QwPL_mUKiAkizdcQ4d0gvren0J4ZGCaKVbqavbhqTWij2jktNu8rNWiWsrD0bpnpaMso3COWmzi9ibYvUYw5Y-dx0qhmiiyDIskC6Sub1VITq-at6DQqSqbh4HzN8_7oUNtV7B5Fy6QdfjurPEixephkwyvVolWkUmVADdX0NhfIPDI6RZBRKlnn8aUS_uY&flowName=GeneralOAuthFlow&as=S1563992161%3A1726631003666936&client_id=366263775281.apps.googleusercontent.com&rapt=AEjHL4ORIq3OdYAcab8QQM0_AqK0iV9DPkVPttnBpScrPLTv0TLUnY3E-YCtQmETN5aK_9F9dZ2gv_tDhGO_LZjmKq-I4wKXX51gLAwr9yQhY1mT2pL4odA#"
2024-09-18 09:18:42 INFO [electron]   "new-window-will-redirect https://ticktick.com/sign/google#state=Lw%3D%3D&access_token=ya29.a0AcM612x-FolpfwlsbqoatDJfeM4qpQ_3WghOkPIoYQDUG8uzH9S9tElbzg-vxdKtysq9nhzT9a_992aWViQa8cNc8yQ-NrIdDef2WDilzJkBhZj4nKJzasv6rXQBt9jcCEFb5kte5ebrBNl_2mD-Dh5Z6qaumkagEgaCgYKAXQSARASFQHGX2Mi5jDdHd6vkJNMA6rYZ1gzJQ0169&token_type=Bearer&expires_in=3599&scope=email%20profile%20https://www.googleapis.com/auth/userinfo.email%20https://www.googleapis.com/auth/userinfo.profile%20openid&authuser=0&prompt=none"
2024-09-18 09:18:42 INFO [electron]   "fetch get begin https://api.ticktick.com/api/v2/user/sign/google/validate?state=Lw%3D%3D&access_token=ya29.a0AcM612x-FolpfwlsbqoatDJfeM4qpQ_3WghOkPIoYQDUG8uzH9S9tElbzg-vxdKtysq9nhzT9a_992aWViQa8cNc8yQ-NrIdDef2WDilzJkBhZj4nKJzasv6rXQBt9jcCEFb5kte5ebrBNl_2mD-Dh5Z6qaumkagEgaCgYKAXQSARASFQHGX2Mi5jDdHd6vkJNMA6rYZ1gzJQ0169&token_type=Bearer&expires_in=3599&scope=email%20profile%20https://www.googleapis.com/auth/userinfo.email%20https://www.googleapis.com/auth/userinfo.profile%20openid&authuser=0&prompt=none"
2024-09-18 09:18:42 INFO [electron]   "token undefined"
2024-09-18 09:18:43 INFO [electron]   "update userInfo {\"inboxId\":\"inbox122632394\",\"username\":\"kanurag0987@gmail.com\",\"pro\":false,\"teamUser\":false,\"ds\":false,\"proEndDate\":\"1970-01-01T00:00:00.000+0000\",\"userId\":\"122632394\"}"
2024-09-18 09:18:43 INFO [electron]   "token 154BB8FE91446783DCE34837D94648A089C9D4D304525D6C26CB64D88554573AE6227C52A861110D67F4A75EE38664974965E2EFFD9208979A9982F51922DD9653540AB2488FF188B07931F2E078BBA12DE0A351C538B99EE2D9DE73F683D4B582BEE463B1431075BC4DD36207DCA5A82DE0A351C538B99E47AE3995AB7852C2A777DEC8B2C3A0EFECD19EC18C850C9A0360226E70FEE9EF2C4A454D958D049DFE2EDA4C4A6B5CD0"
2024-09-18 09:18:43 INFO [electron]   "launchLogin main"
2024-09-18 09:18:43 INFO [electron]   "fetch get begin https://api.ticktick.com/api/v2/user/status"
2024-09-18 09:18:43 INFO [electron]   "token 154BB8FE91446783DCE34837D94648A089C9D4D304525D6C26CB64D88554573AE6227C52A861110D67F4A75EE38664974965E2EFFD9208979A9982F51922DD9653540AB2488FF188B07931F2E078BBA12DE0A351C538B99EE2D9DE73F683D4B582BEE463B1431075BC4DD36207DCA5A82DE0A351C538B99E47AE3995AB7852C2A777DEC8B2C3A0EFECD19EC18C850C9A0360226E70FEE9EF2C4A454D958D049DFE2EDA4C4A6B5CD0"
2024-09-18 09:18:43 INFO [electron]   "get end https://api.ticktick.com/api/v2/user/sign/google/validate?state=Lw%3D%3D&access_token=ya29.a0AcM612x-FolpfwlsbqoatDJfeM4qpQ_3WghOkPIoYQDUG8uzH9S9tElbzg-vxdKtysq9nhzT9a_992aWViQa8cNc8yQ-NrIdDef2WDilzJkBhZj4nKJzasv6rXQBt9jcCEFb5kte5ebrBNl_2mD-Dh5Z6qaumkagEgaCgYKAXQSARASFQHGX2Mi5jDdHd6vkJNMA6rYZ1gzJQ0169&token_type=Bearer&expires_in=3599&scope=email%20profile%20https://www.googleapis.com/auth/userinfo.email%20https://www.googleapis.com/auth/userinfo.profile%20openid&authuser=0&prompt=none"
2024-09-18 09:18:43 INFO [electron]   "globalUser {\"inboxId\":\"inbox122632394\",\"username\":\"kanurag0987@gmail.com\",\"pro\":false,\"teamUser\":false,\"ds\":false,\"proEndDate\":\"1970-01-01T00:00:00.000+0000\",\"userId\":\"122632394\"}"
2024-09-18 09:18:43 INFO [electron]   "locale en_US"
2024-09-18 09:18:43 INFO [electron]   "update userInfo {\"inboxId\":\"inbox122632394\",\"username\":\"kanurag0987@gmail.com\",\"pro\":false,\"teamUser\":false,\"ds\":false,\"proEndDate\":\"1970-01-01T00:00:00.000+0000\",\"userId\":\"122632394\"}"
2024-09-18 09:18:43 INFO [electron]   "get end https://api.ticktick.com/api/v2/user/status"
2024-09-18 09:18:45 INFO [electron]   "main-dom-ready"
2024-09-18 09:18:47 INFO [electron]   "update check"
2024-09-18 09:18:47 INFO [electron]   "fetch getFile begin https://pull.ticktick.com/linux/release_note.json?timeStamp=1726631327234"
2024-09-18 09:18:47 INFO [electron]   "getFile end https://pull.ticktick.com/linux/release_note.json?timeStamp=1726631327234"
2024-09-18 09:24:30 INFO [electron]   "before-quit"
2024-09-18 09:24:30 INFO [electron]   "mainWindow-close"
2024-09-18 09:24:30 INFO [electron]   "dumpEndddddd"
2024-09-18 09:24:30 INFO [electron]   "will-quit"
2024-09-18 09:24:30 INFO [electron]   "quittttt"
2024-09-18 09:24:33 INFO [electron]   "init store"
2024-09-18 09:24:33 INFO [electron]   "init request"
2024-09-18 09:24:33 INFO [electron]   "init i18n"
2024-09-18 09:24:33 INFO [electron]   {"updater":{"downloadUrl":"https://appest-public.s3.amazonaws.com/download/linux/","delay":2000,"interval":600000},"apk_version":"6.0.0","product_mode":true,"package_mode":false,"product_name":"TickTick","is_cn_site":false,"cdn_domain":"d107mjio2rjf74.cloudfront.net/web","site_domain":"ticktick.com","ex_api_domain":"ext.ticktick.com","brother_product_name":"滴答清单","brother_site_domain":"dida365.com","api_domain":"api.ticktick.com","cookie_domain":".ticktick.com","protocol":"https://","help_domain":"help.ticktick.com","support_api_domain":"ticket.ticktick.com","deploy_path":"/task/src/main/webapp/static/deploy","version":"6000"}
2024-09-18 09:24:33 INFO [electron]   "timezone Asia/Calcutta"
2024-09-18 09:24:33 INFO [electron]   "date -330"
2024-09-18 09:24:33 INFO [electron]   {"platform":"electron","os":"linux","device":"Linux x64","name":"archlinux","version":"6000","id":"6697e76ba17ca8336cb98132","channel":"website","campaign":"","websocket":""}
2024-09-18 09:24:33 INFO [electron]   "init main window"
2024-09-18 09:24:33 INFO [electron]   "init"
2024-09-18 09:24:33 INFO [electron]   "init menu"
2024-09-18 09:24:33 INFO [electron]   "init update service"
2024-09-18 09:24:33 INFO [electron]   "init notification"
2024-09-18 09:24:33 INFO [electron]   "init tray"
2024-09-18 09:24:33 INFO [electron]   "fetch get begin https://api.ticktick.com/api/v2/user/profile"
2024-09-18 09:24:33 INFO [electron]   "token 154BB8FE91446783DCE34837D94648A089C9D4D304525D6C26CB64D88554573AE6227C52A861110D67F4A75EE38664974965E2EFFD9208979A9982F51922DD9653540AB2488FF188B07931F2E078BBA12DE0A351C538B99EE2D9DE73F683D4B582BEE463B1431075BC4DD36207DCA5A82DE0A351C538B99E47AE3995AB7852C2A777DEC8B2C3A0EFECD19EC18C850C9A0360226E70FEE9EF2C4A454D958D049DFE2EDA4C4A6B5CD0"
2024-09-18 09:24:33 INFO [electron]   "token 154BB8FE91446783DCE34837D94648A089C9D4D304525D6C26CB64D88554573AE6227C52A861110D67F4A75EE38664974965E2EFFD9208979A9982F51922DD9653540AB2488FF188B07931F2E078BBA12DE0A351C538B99EE2D9DE73F683D4B582BEE463B1431075BC4DD36207DCA5A82DE0A351C538B99E47AE3995AB7852C2A777DEC8B2C3A0EFECD19EC18C850C9A0360226E70FEE9EF2C4A454D958D049DFE2EDA4C4A6B5CD0"
2024-09-18 09:24:33 INFO [electron]   "launchLogin main"
2024-09-18 09:24:33 INFO [electron]   "fetch get begin https://api.ticktick.com/api/v2/user/status"
2024-09-18 09:24:33 INFO [electron]   "token 154BB8FE91446783DCE34837D94648A089C9D4D304525D6C26CB64D88554573AE6227C52A861110D67F4A75EE38664974965E2EFFD9208979A9982F51922DD9653540AB2488FF188B07931F2E078BBA12DE0A351C538B99EE2D9DE73F683D4B582BEE463B1431075BC4DD36207DCA5A82DE0A351C538B99E47AE3995AB7852C2A777DEC8B2C3A0EFECD19EC18C850C9A0360226E70FEE9EF2C4A454D958D049DFE2EDA4C4A6B5CD0"
2024-09-18 09:24:33 INFO [electron]   "globalUser {\"inboxId\":\"inbox122632394\",\"username\":\"kanurag0987@gmail.com\",\"pro\":false,\"teamUser\":false,\"ds\":false,\"proEndDate\":\"1970-01-01T00:00:00.000+0000\",\"userId\":\"122632394\"}"
2024-09-18 09:24:33 INFO [electron]   "locale en_US"
2024-09-18 09:24:34 INFO [electron]   {"id":"6697e76ba17ca8336cb98132","platform":"electron","ver":"6000","channel":"website","os":"linux","osv":"","device":"Linux x64","name":"archlinux","campaign":"","websocket":"","ctime":"2024-09-18T03:54:33.000+0000","atime":"2024-09-18T03:54:33.000+0000","userCode":"e8e1777c76ea458ab43238002fd91e38","hl":"en_US","tz":"Asia/Calcutta","locale":"en-US"}
2024-09-18 09:24:34 INFO [electron]   "fetch post begin https://xapi.ticktick.com/datacollect/event/push"
2024-09-18 09:24:34 INFO [electron]   "token 154BB8FE91446783DCE34837D94648A089C9D4D304525D6C26CB64D88554573AE6227C52A861110D67F4A75EE38664974965E2EFFD9208979A9982F51922DD9653540AB2488FF188B07931F2E078BBA12DE0A351C538B99EE2D9DE73F683D4B582BEE463B1431075BC4DD36207DCA5A82DE0A351C538B99E47AE3995AB7852C2A777DEC8B2C3A0EFECD19EC18C850C9A0360226E70FEE9EF2C4A454D958D049DFE2EDA4C4A6B5CD0"
2024-09-18 09:24:34 INFO [electron]   "get end https://api.ticktick.com/api/v2/user/profile"
2024-09-18 09:24:34 INFO [electron]   "update userInfo {\"inboxId\":\"inbox122632394\",\"username\":\"kanurag0987@gmail.com\",\"pro\":false,\"teamUser\":false,\"ds\":false,\"proEndDate\":\"1970-01-01T00:00:00.000+0000\",\"userId\":\"122632394\"}"
2024-09-18 09:24:34 INFO [electron]   "get end https://api.ticktick.com/api/v2/user/status"
2024-09-18 09:24:35 INFO [electron]   "main-dom-ready"
2024-09-18 09:24:35 INFO [electron]   "post end https://xapi.ticktick.com/datacollect/event/push"
2024-09-18 09:24:36 INFO [electron]   "update check"
2024-09-18 09:24:36 INFO [electron]   "fetch getFile begin https://pull.ticktick.com/linux/release_note.json?timeStamp=1726631676597"
2024-09-18 09:24:37 INFO [electron]   "getFile end https://pull.ticktick.com/linux/release_note.json?timeStamp=1726631676597"
2024-09-18 10:00:00 INFO [electron]   "notification show"
2024-09-18 10:01:13 INFO [electron]   "notification close"
