2024-10-02 09:24:07 INFO [electron]   "init store"
2024-10-02 09:24:07 INFO [electron]   "init request"
2024-10-02 09:24:07 INFO [electron]   "init i18n"
2024-10-02 09:24:07 INFO [electron]   {"updater":{"downloadUrl":"https://appest-public.s3.amazonaws.com/download/linux/","delay":2000,"interval":600000},"apk_version":"6.0.0","product_mode":true,"package_mode":false,"product_name":"TickTick","is_cn_site":false,"cdn_domain":"d107mjio2rjf74.cloudfront.net/web","site_domain":"ticktick.com","ex_api_domain":"ext.ticktick.com","brother_product_name":"滴答清单","brother_site_domain":"dida365.com","api_domain":"api.ticktick.com","cookie_domain":".ticktick.com","protocol":"https://","help_domain":"help.ticktick.com","support_api_domain":"ticket.ticktick.com","deploy_path":"/task/src/main/webapp/static/deploy","version":"6000"}
2024-10-02 09:24:07 INFO [electron]   "timezone Asia/Calcutta"
2024-10-02 09:24:07 INFO [electron]   "date -330"
2024-10-02 09:24:07 INFO [electron]   {"platform":"electron","os":"linux","device":"Linux x64","name":"archlinux","version":"6000","id":"6697e76ba17ca8336cb98132","channel":"website","campaign":"","websocket":""}
2024-10-02 09:24:07 INFO [electron]   "init main window"
2024-10-02 09:24:07 INFO [electron]   "init"
2024-10-02 09:24:07 INFO [electron]   "init menu"
2024-10-02 09:24:07 INFO [electron]   "init update service"
2024-10-02 09:24:07 INFO [electron]   "init notification"
2024-10-02 09:24:07 INFO [electron]   "init tray"
2024-10-02 09:24:07 INFO [electron]   "fetch get begin https://api.ticktick.com/api/v2/user/profile"
2024-10-02 09:24:07 INFO [electron]   "token 154BB8FE91446783DCE34837D94648A089C9D4D304525D6C26CB64D88554573AE6227C52A861110D67F4A75EE38664974965E2EFFD9208979A9982F51922DD9653540AB2488FF188B07931F2E078BBA12DE0A351C538B99EE2D9DE73F683D4B582BEE463B1431075BC4DD36207DCA5A82DE0A351C538B99E47AE3995AB7852C2A777DEC8B2C3A0EFECD19EC18C850C9A0360226E70FEE9EF2C4A454D958D049DFE2EDA4C4A6B5CD0"
2024-10-02 09:24:07 INFO [electron]   "token 154BB8FE91446783DCE34837D94648A089C9D4D304525D6C26CB64D88554573AE6227C52A861110D67F4A75EE38664974965E2EFFD9208979A9982F51922DD9653540AB2488FF188B07931F2E078BBA12DE0A351C538B99EE2D9DE73F683D4B582BEE463B1431075BC4DD36207DCA5A82DE0A351C538B99E47AE3995AB7852C2A777DEC8B2C3A0EFECD19EC18C850C9A0360226E70FEE9EF2C4A454D958D049DFE2EDA4C4A6B5CD0"
2024-10-02 09:24:07 INFO [electron]   "launchLogin main"
2024-10-02 09:24:07 INFO [electron]   "fetch get begin https://api.ticktick.com/api/v2/user/status"
2024-10-02 09:24:07 INFO [electron]   "token 154BB8FE91446783DCE34837D94648A089C9D4D304525D6C26CB64D88554573AE6227C52A861110D67F4A75EE38664974965E2EFFD9208979A9982F51922DD9653540AB2488FF188B07931F2E078BBA12DE0A351C538B99EE2D9DE73F683D4B582BEE463B1431075BC4DD36207DCA5A82DE0A351C538B99E47AE3995AB7852C2A777DEC8B2C3A0EFECD19EC18C850C9A0360226E70FEE9EF2C4A454D958D049DFE2EDA4C4A6B5CD0"
2024-10-02 09:24:07 INFO [electron]   "globalUser {\"inboxId\":\"inbox122632394\",\"username\":\"kanurag0987@gmail.com\",\"pro\":false,\"teamUser\":false,\"ds\":false,\"proEndDate\":\"1970-01-01T00:00:00.000+0000\",\"userId\":\"122632394\"}"
2024-10-02 09:24:07 INFO [electron]   "locale en_US"
2024-10-02 09:24:08 INFO [electron]   {"id":"6697e76ba17ca8336cb98132","platform":"electron","ver":"6000","channel":"website","os":"linux","osv":"","device":"Linux x64","name":"archlinux","campaign":"","websocket":"","ctime":"2024-10-02T03:54:07.000+0000","atime":"2024-10-02T03:54:07.000+0000","userCode":"e8e1777c76ea458ab43238002fd91e38","hl":"en_US","tz":"Asia/Calcutta","locale":"en-US"}
2024-10-02 09:24:08 INFO [electron]   "fetch post begin https://xapi.ticktick.com/datacollect/event/push"
2024-10-02 09:24:08 INFO [electron]   "token 154BB8FE91446783DCE34837D94648A089C9D4D304525D6C26CB64D88554573AE6227C52A861110D67F4A75EE38664974965E2EFFD9208979A9982F51922DD9653540AB2488FF188B07931F2E078BBA12DE0A351C538B99EE2D9DE73F683D4B582BEE463B1431075BC4DD36207DCA5A82DE0A351C538B99E47AE3995AB7852C2A777DEC8B2C3A0EFECD19EC18C850C9A0360226E70FEE9EF2C4A454D958D049DFE2EDA4C4A6B5CD0"
2024-10-02 09:24:08 INFO [electron]   "get end https://api.ticktick.com/api/v2/user/profile"
2024-10-02 09:24:08 INFO [electron]   "update userInfo {\"inboxId\":\"inbox122632394\",\"username\":\"kanurag0987@gmail.com\",\"pro\":false,\"teamUser\":false,\"ds\":false,\"proEndDate\":\"1970-01-01T00:00:00.000+0000\",\"userId\":\"122632394\"}"
2024-10-02 09:24:08 INFO [electron]   "get end https://api.ticktick.com/api/v2/user/status"
2024-10-02 09:24:09 INFO [electron]   "main-dom-ready"
2024-10-02 09:24:09 INFO [electron]   "post end https://xapi.ticktick.com/datacollect/event/push"
2024-10-02 09:24:10 INFO [electron]   "update check"
2024-10-02 09:24:10 INFO [electron]   "fetch getFile begin https://pull.ticktick.com/linux/release_note.json?timeStamp=1727841250289"
2024-10-02 09:24:10 INFO [electron]   "getFile end https://pull.ticktick.com/linux/release_note.json?timeStamp=1727841250289"
