2024-07-17 21:16:51 INFO [electron]   "init store"
2024-07-17 21:16:51 INFO [electron]   "init request"
2024-07-17 21:16:51 INFO [electron]   "init i18n"
2024-07-17 21:16:51 INFO [electron]   {"updater":{"downloadUrl":"https://appest-public.s3.amazonaws.com/download/linux/","delay":2000,"interval":600000},"apk_version":"2.0.30","product_mode":true,"package_mode":false,"product_name":"TickTick","is_cn_site":false,"cdn_domain":"d107mjio2rjf74.cloudfront.net/web","site_domain":"ticktick.com","ex_api_domain":"ext.ticktick.com","brother_product_name":"滴答清单","brother_site_domain":"dida365.com","api_domain":"api.ticktick.com","cookie_domain":".ticktick.com","protocol":"https://","help_domain":"help.ticktick.com","support_api_domain":"ticket.ticktick.com","deploy_path":"/task/src/main/webapp/static/deploy","version":"2030"}
2024-07-17 21:16:51 INFO [electron]   "timezone Asia/Calcutta"
2024-07-17 21:16:51 INFO [electron]   "date -330"
2024-07-17 21:16:51 INFO [electron]   {"platform":"electron","os":"linux","device":"Linux x64","name":"archlinux","version":"2030","id":"6697e76ba17ca8336cb98132","channel":"website","campaign":"","websocket":""}
2024-07-17 21:16:52 INFO [electron]   "init main window"
2024-07-17 21:16:52 INFO [electron]   "init"
2024-07-17 21:16:52 INFO [electron]   "init menu"
2024-07-17 21:16:52 INFO [electron]   "init update service"
2024-07-17 21:16:52 INFO [electron]   "init notification"
2024-07-17 21:16:52 INFO [electron]   "init tray"
2024-07-17 21:16:52 INFO [electron]   "fetch get begin https://api.ticktick.com/api/v2/user/profile"
2024-07-17 21:16:52 INFO [electron]   "token undefined"
2024-07-17 21:16:52 INFO [electron]   "token undefined"
2024-07-17 21:16:52 INFO [electron]   "launchLogin login"
2024-07-17 21:16:52 INFO [electron]   "loginWindow, dom-ready"
2024-07-17 21:16:52 INFO [electron]   {"id":"6697e76ba17ca8336cb98132","platform":"electron","ver":"2030","channel":"website","os":"linux","osv":"","device":"Linux x64","name":"archlinux","campaign":"","websocket":"","ctime":"2024-07-17T15:46:51.000+0000","atime":"2024-07-17T15:46:51.000+0000","userCode":"","hl":"en_US","tz":"Asia/Calcutta","locale":"en-US"}
2024-07-17 21:16:52 INFO [electron]   "fetch post begin https://xapi.ticktick.com/datacollect/event/push"
2024-07-17 21:16:52 INFO [electron]   "token undefined"
2024-07-17 21:16:52 INFO [electron]   "get end https://api.ticktick.com/api/v2/user/profile"
2024-07-17 21:16:53 INFO [electron]   "post end https://xapi.ticktick.com/datacollect/event/push"
2024-07-17 21:37:04 INFO [electron]   "before-quit"
2024-07-17 21:37:04 INFO [electron]   "mainWindow-close"
2024-07-17 21:37:04 INFO [electron]   "loginWindow-close"
2024-07-17 21:37:08 INFO [electron]   "will-quit"
2024-07-17 21:37:08 INFO [electron]   "quittttt"
