2024-10-11 11:18:35.449 [info] Extension host with pid 226106 started
2024-10-11 11:18:35.449 [info] Skipping acquiring lock for /home/anu/.config/Code/User/workspaceStorage/a7270c72bbeeb462ce8ad4ee20206b16.
2024-10-11 11:18:35.660 [info] ExtensionService#_doActivateExtension vscode.emmet, startup: false, activationEvent: 'onLanguage'
2024-10-11 11:18:35.665 [info] ExtensionService#_doActivateExtension vscode.html-language-features, startup: false, activationEvent: 'onLanguage:html'
2024-10-11 11:18:36.211 [info] ExtensionService#_doActivateExtension vscode.git-base, startup: true, activationEvent: '*', root cause: vscode.git
2024-10-11 11:18:36.213 [info] ExtensionService#_doActivateExtension christian-kohler.path-intellisense, startup: true, activationEvent: '*'
2024-10-11 11:18:36.228 [info] ExtensionService#_doActivateExtension formulahendry.auto-close-tag, startup: true, activationEvent: '*'
2024-10-11 11:18:36.229 [info] ExtensionService#_doActivateExtension formulahendry.auto-rename-tag, startup: true, activationEvent: '*'
2024-10-11 11:18:36.238 [info] ExtensionService#_doActivateExtension johnpapa.vscode-cloak, startup: true, activationEvent: '*'
2024-10-11 11:18:36.240 [info] ExtensionService#_doActivateExtension kamikillerto.vscode-colorize, startup: true, activationEvent: '*'
2024-10-11 11:18:36.261 [info] ExtensionService#_doActivateExtension oouo-diogo-perdigao.docthis, startup: true, activationEvent: '*'
2024-10-11 11:18:36.305 [info] ExtensionService#_doActivateExtension vscode.npm, startup: true, activationEvent: 'workspaceContains:package.json'
2024-10-11 11:18:36.359 [info] ExtensionService#_doActivateExtension vscode.git, startup: true, activationEvent: '*'
2024-10-11 11:18:36.386 [info] ExtensionService#_doActivateExtension vscode.github, startup: true, activationEvent: '*'
2024-10-11 11:18:36.480 [info] ExtensionService#_doActivateExtension vdanchenkov.tailwind-class-sorter, startup: true, activationEvent: 'workspaceContains:**/tailwind.config.js'
2024-10-11 11:18:36.484 [info] ExtensionService#_doActivateExtension pranaygp.vscode-css-peek, startup: true, activationEvent: 'workspaceContains:**/*.css,**/*.scss,**/*.sass,**/*.less'
2024-10-11 11:18:36.599 [info] ExtensionService#_doActivateExtension AykutSarac.jsoncrack-vscode, startup: true, activationEvent: 'workspaceContains:**/*.{json}'
2024-10-11 11:18:36.714 [error] Activating extension vdanchenkov.tailwind-class-sorter failed due to an error:
2024-10-11 11:18:36.714 [error] Error [ERR_REQUIRE_ESM]: require() of ES Module /home/anu/Documents/GitHub/profile/tailwind.config.js from /home/anu/.vscode/extensions/vdanchenkov.tailwind-class-sorter-0.0.1/extension.js not supported.
Instead change the require of tailwind.config.js in /home/anu/.vscode/extensions/vdanchenkov.tailwind-class-sorter-0.0.1/extension.js to a dynamic import() which is available in all CommonJS modules.
    at c._load (node:electron/js2c/node_init:2:13801)
    at y._load (/opt/visual-studio-code/resources/app/out/vs/workbench/api/node/extensionHostProcess.js:184:6031)
    at i._load (/opt/visual-studio-code/resources/app/out/vs/workbench/api/node/extensionHostProcess.js:181:32144)
    at n._load (/opt/visual-studio-code/resources/app/out/vs/workbench/api/node/extensionHostProcess.js:146:34326)
    at g (/opt/visual-studio-code/resources/app/out/bootstrap-fork.js:2:647)
    at activate (/home/anu/.vscode/extensions/vdanchenkov.tailwind-class-sorter-0.0.1/extension.js:11:24)
    at q.kb (/opt/visual-studio-code/resources/app/out/vs/workbench/api/node/extensionHostProcess.js:167:13836)
    at q.jb (/opt/visual-studio-code/resources/app/out/vs/workbench/api/node/extensionHostProcess.js:167:13508)
    at /opt/visual-studio-code/resources/app/out/vs/workbench/api/node/extensionHostProcess.js:167:11493
    at async m.n (/opt/visual-studio-code/resources/app/out/vs/workbench/api/node/extensionHostProcess.js:151:6409)
    at async m (/opt/visual-studio-code/resources/app/out/vs/workbench/api/node/extensionHostProcess.js:151:6372)
    at async m.l (/opt/visual-studio-code/resources/app/out/vs/workbench/api/node/extensionHostProcess.js:151:5829)
2024-10-11 11:18:36.838 [info] Eager extensions activated
2024-10-11 11:18:36.871 [info] ExtensionService#_doActivateExtension vscode.debug-auto-launch, startup: false, activationEvent: 'onStartupFinished'
2024-10-11 11:18:36.874 [info] ExtensionService#_doActivateExtension vscode.merge-conflict, startup: false, activationEvent: 'onStartupFinished'
2024-10-11 11:18:36.880 [info] ExtensionService#_doActivateExtension aaron-bond.better-comments, startup: false, activationEvent: 'onStartupFinished'
2024-10-11 11:18:36.886 [info] ExtensionService#_doActivateExtension bradlc.vscode-tailwindcss, startup: false, activationEvent: 'onStartupFinished'
2024-10-11 11:18:36.896 [info] ExtensionService#_doActivateExtension Catppuccin.catppuccin-vsc, startup: false, activationEvent: 'onStartupFinished'
2024-10-11 11:18:36.899 [info] ExtensionService#_doActivateExtension eamodio.gitlens, startup: false, activationEvent: 'onStartupFinished'
2024-10-11 11:18:36.925 [info] ExtensionService#_doActivateExtension esbenp.prettier-vscode, startup: false, activationEvent: 'onStartupFinished'
2024-10-11 11:18:36.959 [info] ExtensionService#_doActivateExtension formulahendry.code-runner, startup: false, activationEvent: 'onStartupFinished'
2024-10-11 11:18:36.980 [info] ExtensionService#_doActivateExtension kisstkondoros.vscode-gutter-preview, startup: false, activationEvent: 'onStartupFinished'
2024-10-11 11:18:36.995 [info] ExtensionService#_doActivateExtension miguelsolorio.symbols, startup: false, activationEvent: 'onStartupFinished'
2024-10-11 11:18:37.001 [info] ExtensionService#_doActivateExtension PKief.material-icon-theme, startup: false, activationEvent: 'onStartupFinished'
2024-10-11 11:18:37.007 [info] ExtensionService#_doActivateExtension ritwickdey.LiveServer, startup: false, activationEvent: 'onStartupFinished'
2024-10-11 11:18:37.013 [info] ExtensionService#_doActivateExtension Supermaven.supermaven, startup: false, activationEvent: 'onStartupFinished'
2024-10-11 11:18:37.252 [info] ExtensionService#_doActivateExtension vscode.github-authentication, startup: false, activationEvent: 'onAuthenticationRequest:github'
2024-10-11 11:18:37.291 [info] ExtensionService#_doActivateExtension vscode.configuration-editing, startup: false, activationEvent: 'onLanguage:jsonc'
2024-10-11 11:18:37.298 [info] ExtensionService#_doActivateExtension vscode.json-language-features, startup: false, activationEvent: 'onLanguage:jsonc'
2024-10-11 11:18:37.313 [info] ExtensionService#_doActivateExtension vscode.typescript-language-features, startup: false, activationEvent: 'onLanguage:jsonc'
2024-10-11 11:18:42.444 [info] ExtensionService#_doActivateExtension vscode.extension-editing, startup: false, activationEvent: 'onLanguage:json'
2024-10-11 11:18:59.449 [info] Extension host terminating: renderer closed the MessagePort
2024-10-11 11:18:59.482 [error] Canceled: Canceled
    at new D (/opt/visual-studio-code/resources/app/out/vs/workbench/api/node/extensionHostProcess.js:151:35235)
    at y.U (/opt/visual-studio-code/resources/app/out/vs/workbench/api/node/extensionHostProcess.js:158:6005)
    at Proxy.V.<computed>.F.charCodeAt.A.CharCode.DollarSign.V.<computed> (/opt/visual-studio-code/resources/app/out/vs/workbench/api/node/extensionHostProcess.js:158:3107)
    at h.g (/opt/visual-studio-code/resources/app/out/vs/workbench/api/node/extensionHostProcess.js:161:210015)
    at h.executeCommand (/opt/visual-studio-code/resources/app/out/vs/workbench/api/node/extensionHostProcess.js:161:209453)
    at C.registerCommand.description (/opt/visual-studio-code/resources/app/out/vs/workbench/api/node/extensionHostProcess.js:161:208777)
    at h (/opt/visual-studio-code/resources/app/out/vs/workbench/api/node/extensionHostProcess.js:161:210554)
    at h.g (/opt/visual-studio-code/resources/app/out/vs/workbench/api/node/extensionHostProcess.js:161:209546)
    at h.executeCommand (/opt/visual-studio-code/resources/app/out/vs/workbench/api/node/extensionHostProcess.js:161:209453)
    at Object.executeCommand (/opt/visual-studio-code/resources/app/out/vs/workbench/api/node/extensionHostProcess.js:171:30683)
    at i.O [as value] (/opt/visual-studio-code/resources/app/extensions/git/dist/main.js:2:952009)
    at r.B (/opt/visual-studio-code/resources/app/out/vs/workbench/api/node/extensionHostProcess.js:90:732)
    at r.C (/opt/visual-studio-code/resources/app/out/vs/workbench/api/node/extensionHostProcess.js:90:802)
    at r.fire (/opt/visual-studio-code/resources/app/out/vs/workbench/api/node/extensionHostProcess.js:90:1018)
    at Object.p [as dispose] (/opt/visual-studio-code/resources/app/extensions/git/dist/main.js:2:972587)
    at /opt/visual-studio-code/resources/app/extensions/git/dist/main.js:2:978709
    at Array.forEach (<anonymous>)
    at f.dispose (/opt/visual-studio-code/resources/app/extensions/git/dist/main.js:2:978695)
    at o.<anonymous> (/opt/visual-studio-code/resources/app/out/vs/workbench/api/node/extensionHostProcess.js:159:4176)
    at o.dispose (/opt/visual-studio-code/resources/app/out/vs/workbench/api/node/extensionHostProcess.js:159:4273)
    at o.<anonymous> (/opt/visual-studio-code/resources/app/extensions/git/dist/main.js:2:954307)
    at o.dispose (/opt/visual-studio-code/resources/app/out/vs/workbench/api/node/extensionHostProcess.js:159:4273)
    at $ (/opt/visual-studio-code/resources/app/out/vs/workbench/api/node/extensionHostProcess.js:30:744)
    at /opt/visual-studio-code/resources/app/out/vs/workbench/api/node/extensionHostProcess.js:167:13607
    at /opt/visual-studio-code/resources/app/out/vs/workbench/api/node/extensionHostProcess.js:30:1112
    at Object.dispose (/opt/visual-studio-code/resources/app/out/vs/workbench/api/node/extensionHostProcess.js:11:11463)
    at m.eb (/opt/visual-studio-code/resources/app/out/vs/workbench/api/node/extensionHostProcess.js:167:10282)
    at /opt/visual-studio-code/resources/app/out/vs/workbench/api/node/extensionHostProcess.js:167:8153
    at Array.map (<anonymous>)
    at m.$ (/opt/visual-studio-code/resources/app/out/vs/workbench/api/node/extensionHostProcess.js:167:8140)
    at m.terminate (/opt/visual-studio-code/resources/app/out/vs/workbench/api/node/extensionHostProcess.js:167:8413)
    at $.terminate (/opt/visual-studio-code/resources/app/out/vs/workbench/api/node/extensionHostProcess.js:171:1513)
    at n (/opt/visual-studio-code/resources/app/out/vs/workbench/api/node/extensionHostProcess.js:184:10613)
    at MessagePortMain.<anonymous> (/opt/visual-studio-code/resources/app/out/vs/workbench/api/node/extensionHostProcess.js:184:6805)
    at MessagePortMain.emit (node:events:519:28)
    at Object.MessagePortMain._internalPort.emit (node:electron/js2c/utility_init:2:2619) setContext undefined
2024-10-11 11:18:59.485 [error] Canceled: Canceled
    at new D (/opt/visual-studio-code/resources/app/out/vs/workbench/api/node/extensionHostProcess.js:151:35235)
    at y.U (/opt/visual-studio-code/resources/app/out/vs/workbench/api/node/extensionHostProcess.js:158:6005)
    at Proxy.V.<computed>.F.charCodeAt.A.CharCode.DollarSign.V.<computed> (/opt/visual-studio-code/resources/app/out/vs/workbench/api/node/extensionHostProcess.js:158:3107)
    at h.g (/opt/visual-studio-code/resources/app/out/vs/workbench/api/node/extensionHostProcess.js:161:210015)
    at h.executeCommand (/opt/visual-studio-code/resources/app/out/vs/workbench/api/node/extensionHostProcess.js:161:209453)
    at C.registerCommand.description (/opt/visual-studio-code/resources/app/out/vs/workbench/api/node/extensionHostProcess.js:161:208777)
    at h (/opt/visual-studio-code/resources/app/out/vs/workbench/api/node/extensionHostProcess.js:161:210554)
    at h.g (/opt/visual-studio-code/resources/app/out/vs/workbench/api/node/extensionHostProcess.js:161:209546)
    at h.executeCommand (/opt/visual-studio-code/resources/app/out/vs/workbench/api/node/extensionHostProcess.js:161:209453)
    at Object.executeCommand (/opt/visual-studio-code/resources/app/out/vs/workbench/api/node/extensionHostProcess.js:171:30683)
    at a.VscodeDevShareProvider.set hasGitHubRepositories [as hasGitHubRepositories] (/opt/visual-studio-code/resources/app/extensions/github/dist/extension.js:2:322969)
    at /opt/visual-studio-code/resources/app/extensions/github/dist/extension.js:2:323928
    at i.value (/opt/visual-studio-code/resources/app/extensions/git/dist/main.js:2:1060944)
    at r.B (/opt/visual-studio-code/resources/app/out/vs/workbench/api/node/extensionHostProcess.js:90:732)
    at r.C (/opt/visual-studio-code/resources/app/out/vs/workbench/api/node/extensionHostProcess.js:90:802)
    at r.fire (/opt/visual-studio-code/resources/app/out/vs/workbench/api/node/extensionHostProcess.js:90:1018)
    at Object.p [as dispose] (/opt/visual-studio-code/resources/app/extensions/git/dist/main.js:2:972587)
    at /opt/visual-studio-code/resources/app/extensions/git/dist/main.js:2:978709
    at Array.forEach (<anonymous>)
    at f.dispose (/opt/visual-studio-code/resources/app/extensions/git/dist/main.js:2:978695)
    at o.<anonymous> (/opt/visual-studio-code/resources/app/out/vs/workbench/api/node/extensionHostProcess.js:159:4176)
    at o.dispose (/opt/visual-studio-code/resources/app/out/vs/workbench/api/node/extensionHostProcess.js:159:4273)
    at o.<anonymous> (/opt/visual-studio-code/resources/app/extensions/git/dist/main.js:2:954307)
    at o.dispose (/opt/visual-studio-code/resources/app/out/vs/workbench/api/node/extensionHostProcess.js:159:4273)
    at $ (/opt/visual-studio-code/resources/app/out/vs/workbench/api/node/extensionHostProcess.js:30:744)
    at /opt/visual-studio-code/resources/app/out/vs/workbench/api/node/extensionHostProcess.js:167:13607
    at /opt/visual-studio-code/resources/app/out/vs/workbench/api/node/extensionHostProcess.js:30:1112
    at Object.dispose (/opt/visual-studio-code/resources/app/out/vs/workbench/api/node/extensionHostProcess.js:11:11463)
    at m.eb (/opt/visual-studio-code/resources/app/out/vs/workbench/api/node/extensionHostProcess.js:167:10282)
    at /opt/visual-studio-code/resources/app/out/vs/workbench/api/node/extensionHostProcess.js:167:8153
    at Array.map (<anonymous>)
    at m.$ (/opt/visual-studio-code/resources/app/out/vs/workbench/api/node/extensionHostProcess.js:167:8140)
    at m.terminate (/opt/visual-studio-code/resources/app/out/vs/workbench/api/node/extensionHostProcess.js:167:8413)
    at $.terminate (/opt/visual-studio-code/resources/app/out/vs/workbench/api/node/extensionHostProcess.js:171:1513)
    at n (/opt/visual-studio-code/resources/app/out/vs/workbench/api/node/extensionHostProcess.js:184:10613)
    at MessagePortMain.<anonymous> (/opt/visual-studio-code/resources/app/out/vs/workbench/api/node/extensionHostProcess.js:184:6805)
    at MessagePortMain.emit (node:events:519:28)
    at Object.MessagePortMain._internalPort.emit (node:electron/js2c/utility_init:2:2619) setContext undefined
2024-10-11 11:18:59.494 [error] Canceled: Canceled
    at new D (/opt/visual-studio-code/resources/app/out/vs/workbench/api/node/extensionHostProcess.js:151:35235)
    at y.U (/opt/visual-studio-code/resources/app/out/vs/workbench/api/node/extensionHostProcess.js:158:6005)
    at Proxy.V.<computed>.F.charCodeAt.A.CharCode.DollarSign.V.<computed> (/opt/visual-studio-code/resources/app/out/vs/workbench/api/node/extensionHostProcess.js:158:3107)
    at h.g (/opt/visual-studio-code/resources/app/out/vs/workbench/api/node/extensionHostProcess.js:161:210015)
    at h.executeCommand (/opt/visual-studio-code/resources/app/out/vs/workbench/api/node/extensionHostProcess.js:161:209453)
    at C.registerCommand.description (/opt/visual-studio-code/resources/app/out/vs/workbench/api/node/extensionHostProcess.js:161:208777)
    at h (/opt/visual-studio-code/resources/app/out/vs/workbench/api/node/extensionHostProcess.js:161:210554)
    at h.g (/opt/visual-studio-code/resources/app/out/vs/workbench/api/node/extensionHostProcess.js:161:209546)
    at h.executeCommand (/opt/visual-studio-code/resources/app/out/vs/workbench/api/node/extensionHostProcess.js:161:209453)
    at Object.executeCommand (/opt/visual-studio-code/resources/app/out/vs/workbench/api/node/extensionHostProcess.js:171:30683)
    at w (/home/anu/.vscode/extensions/eamodio.gitlens-15.5.1/dist/gitlens.js:1490:39724)
    at c (/home/anu/.vscode/extensions/eamodio.gitlens-15.5.1/dist/gitlens.js:1490:44783)
    at ActionRunners._updateContextKeys (/home/anu/.vscode/extensions/eamodio.gitlens-15.5.1/dist/gitlens.js:1120:19640)
    at s (/home/anu/.vscode/extensions/eamodio.gitlens-15.5.1/dist/gitlens.js:1120:18084)
    at RegisteredActionRunner.unregister (/home/anu/.vscode/extensions/eamodio.gitlens-15.5.1/dist/gitlens.js:1120:18227)
    at RegisteredActionRunner.dispose (/home/anu/.vscode/extensions/eamodio.gitlens-15.5.1/dist/gitlens.js:1120:16881)
    at ActionRunners.dispose (/home/anu/.vscode/extensions/eamodio.gitlens-15.5.1/dist/gitlens.js:1120:17667)
    at /home/anu/.vscode/extensions/eamodio.gitlens-15.5.1/dist/gitlens.js:1448:19381
    at Array.forEach (<anonymous>)
    at Object.dispose (/home/anu/.vscode/extensions/eamodio.gitlens-15.5.1/dist/gitlens.js:1448:19363)
    at $ (/opt/visual-studio-code/resources/app/out/vs/workbench/api/node/extensionHostProcess.js:30:744)
    at /opt/visual-studio-code/resources/app/out/vs/workbench/api/node/extensionHostProcess.js:167:13607
    at /opt/visual-studio-code/resources/app/out/vs/workbench/api/node/extensionHostProcess.js:30:1112
    at Object.dispose (/opt/visual-studio-code/resources/app/out/vs/workbench/api/node/extensionHostProcess.js:11:11463)
    at m.eb (/opt/visual-studio-code/resources/app/out/vs/workbench/api/node/extensionHostProcess.js:167:10282)
    at /opt/visual-studio-code/resources/app/out/vs/workbench/api/node/extensionHostProcess.js:167:8153
    at Array.map (<anonymous>)
    at m.$ (/opt/visual-studio-code/resources/app/out/vs/workbench/api/node/extensionHostProcess.js:167:8140)
    at m.terminate (/opt/visual-studio-code/resources/app/out/vs/workbench/api/node/extensionHostProcess.js:167:8413)
    at $.terminate (/opt/visual-studio-code/resources/app/out/vs/workbench/api/node/extensionHostProcess.js:171:1513)
    at n (/opt/visual-studio-code/resources/app/out/vs/workbench/api/node/extensionHostProcess.js:184:10613)
    at MessagePortMain.<anonymous> (/opt/visual-studio-code/resources/app/out/vs/workbench/api/node/extensionHostProcess.js:184:6805)
    at MessagePortMain.emit (node:events:519:28)
    at Object.MessagePortMain._internalPort.emit (node:electron/js2c/utility_init:2:2619) setContext undefined
2024-10-11 11:18:59.495 [error] Canceled: Canceled
    at new D (/opt/visual-studio-code/resources/app/out/vs/workbench/api/node/extensionHostProcess.js:151:35235)
    at y.U (/opt/visual-studio-code/resources/app/out/vs/workbench/api/node/extensionHostProcess.js:158:6005)
    at Proxy.V.<computed>.F.charCodeAt.A.CharCode.DollarSign.V.<computed> (/opt/visual-studio-code/resources/app/out/vs/workbench/api/node/extensionHostProcess.js:158:3107)
    at h.g (/opt/visual-studio-code/resources/app/out/vs/workbench/api/node/extensionHostProcess.js:161:210015)
    at h.executeCommand (/opt/visual-studio-code/resources/app/out/vs/workbench/api/node/extensionHostProcess.js:161:209453)
    at C.registerCommand.description (/opt/visual-studio-code/resources/app/out/vs/workbench/api/node/extensionHostProcess.js:161:208777)
    at h (/opt/visual-studio-code/resources/app/out/vs/workbench/api/node/extensionHostProcess.js:161:210554)
    at h.g (/opt/visual-studio-code/resources/app/out/vs/workbench/api/node/extensionHostProcess.js:161:209546)
    at h.executeCommand (/opt/visual-studio-code/resources/app/out/vs/workbench/api/node/extensionHostProcess.js:161:209453)
    at Object.executeCommand (/opt/visual-studio-code/resources/app/out/vs/workbench/api/node/extensionHostProcess.js:171:30683)
    at w (/home/anu/.vscode/extensions/eamodio.gitlens-15.5.1/dist/gitlens.js:1490:39724)
    at c (/home/anu/.vscode/extensions/eamodio.gitlens-15.5.1/dist/gitlens.js:1490:44783)
    at ActionRunners._updateContextKeys (/home/anu/.vscode/extensions/eamodio.gitlens-15.5.1/dist/gitlens.js:1120:19640)
    at s (/home/anu/.vscode/extensions/eamodio.gitlens-15.5.1/dist/gitlens.js:1120:18084)
    at RegisteredActionRunner.unregister (/home/anu/.vscode/extensions/eamodio.gitlens-15.5.1/dist/gitlens.js:1120:18227)
    at RegisteredActionRunner.dispose (/home/anu/.vscode/extensions/eamodio.gitlens-15.5.1/dist/gitlens.js:1120:16881)
    at ActionRunners.dispose (/home/anu/.vscode/extensions/eamodio.gitlens-15.5.1/dist/gitlens.js:1120:17667)
    at /home/anu/.vscode/extensions/eamodio.gitlens-15.5.1/dist/gitlens.js:1448:19381
    at Array.forEach (<anonymous>)
    at Object.dispose (/home/anu/.vscode/extensions/eamodio.gitlens-15.5.1/dist/gitlens.js:1448:19363)
    at $ (/opt/visual-studio-code/resources/app/out/vs/workbench/api/node/extensionHostProcess.js:30:744)
    at /opt/visual-studio-code/resources/app/out/vs/workbench/api/node/extensionHostProcess.js:167:13607
    at /opt/visual-studio-code/resources/app/out/vs/workbench/api/node/extensionHostProcess.js:30:1112
    at Object.dispose (/opt/visual-studio-code/resources/app/out/vs/workbench/api/node/extensionHostProcess.js:11:11463)
    at m.eb (/opt/visual-studio-code/resources/app/out/vs/workbench/api/node/extensionHostProcess.js:167:10282)
    at /opt/visual-studio-code/resources/app/out/vs/workbench/api/node/extensionHostProcess.js:167:8153
    at Array.map (<anonymous>)
    at m.$ (/opt/visual-studio-code/resources/app/out/vs/workbench/api/node/extensionHostProcess.js:167:8140)
    at m.terminate (/opt/visual-studio-code/resources/app/out/vs/workbench/api/node/extensionHostProcess.js:167:8413)
    at $.terminate (/opt/visual-studio-code/resources/app/out/vs/workbench/api/node/extensionHostProcess.js:171:1513)
    at n (/opt/visual-studio-code/resources/app/out/vs/workbench/api/node/extensionHostProcess.js:184:10613)
    at MessagePortMain.<anonymous> (/opt/visual-studio-code/resources/app/out/vs/workbench/api/node/extensionHostProcess.js:184:6805)
    at MessagePortMain.emit (node:events:519:28)
    at Object.MessagePortMain._internalPort.emit (node:electron/js2c/utility_init:2:2619) setContext undefined
2024-10-11 11:18:59.495 [error] Canceled: Canceled
    at new D (/opt/visual-studio-code/resources/app/out/vs/workbench/api/node/extensionHostProcess.js:151:35235)
    at y.U (/opt/visual-studio-code/resources/app/out/vs/workbench/api/node/extensionHostProcess.js:158:6005)
    at Proxy.V.<computed>.F.charCodeAt.A.CharCode.DollarSign.V.<computed> (/opt/visual-studio-code/resources/app/out/vs/workbench/api/node/extensionHostProcess.js:158:3107)
    at h.g (/opt/visual-studio-code/resources/app/out/vs/workbench/api/node/extensionHostProcess.js:161:210015)
    at h.executeCommand (/opt/visual-studio-code/resources/app/out/vs/workbench/api/node/extensionHostProcess.js:161:209453)
    at C.registerCommand.description (/opt/visual-studio-code/resources/app/out/vs/workbench/api/node/extensionHostProcess.js:161:208777)
    at h (/opt/visual-studio-code/resources/app/out/vs/workbench/api/node/extensionHostProcess.js:161:210554)
    at h.g (/opt/visual-studio-code/resources/app/out/vs/workbench/api/node/extensionHostProcess.js:161:209546)
    at h.executeCommand (/opt/visual-studio-code/resources/app/out/vs/workbench/api/node/extensionHostProcess.js:161:209453)
    at Object.executeCommand (/opt/visual-studio-code/resources/app/out/vs/workbench/api/node/extensionHostProcess.js:171:30683)
    at w (/home/anu/.vscode/extensions/eamodio.gitlens-15.5.1/dist/gitlens.js:1490:39724)
    at c (/home/anu/.vscode/extensions/eamodio.gitlens-15.5.1/dist/gitlens.js:1490:44783)
    at ActionRunners._updateContextKeys (/home/anu/.vscode/extensions/eamodio.gitlens-15.5.1/dist/gitlens.js:1120:19640)
    at s (/home/anu/.vscode/extensions/eamodio.gitlens-15.5.1/dist/gitlens.js:1120:18084)
    at RegisteredActionRunner.unregister (/home/anu/.vscode/extensions/eamodio.gitlens-15.5.1/dist/gitlens.js:1120:18227)
    at RegisteredActionRunner.dispose (/home/anu/.vscode/extensions/eamodio.gitlens-15.5.1/dist/gitlens.js:1120:16881)
    at ActionRunners.dispose (/home/anu/.vscode/extensions/eamodio.gitlens-15.5.1/dist/gitlens.js:1120:17667)
    at /home/anu/.vscode/extensions/eamodio.gitlens-15.5.1/dist/gitlens.js:1448:19381
    at Array.forEach (<anonymous>)
    at Object.dispose (/home/anu/.vscode/extensions/eamodio.gitlens-15.5.1/dist/gitlens.js:1448:19363)
    at $ (/opt/visual-studio-code/resources/app/out/vs/workbench/api/node/extensionHostProcess.js:30:744)
    at /opt/visual-studio-code/resources/app/out/vs/workbench/api/node/extensionHostProcess.js:167:13607
    at /opt/visual-studio-code/resources/app/out/vs/workbench/api/node/extensionHostProcess.js:30:1112
    at Object.dispose (/opt/visual-studio-code/resources/app/out/vs/workbench/api/node/extensionHostProcess.js:11:11463)
    at m.eb (/opt/visual-studio-code/resources/app/out/vs/workbench/api/node/extensionHostProcess.js:167:10282)
    at /opt/visual-studio-code/resources/app/out/vs/workbench/api/node/extensionHostProcess.js:167:8153
    at Array.map (<anonymous>)
    at m.$ (/opt/visual-studio-code/resources/app/out/vs/workbench/api/node/extensionHostProcess.js:167:8140)
    at m.terminate (/opt/visual-studio-code/resources/app/out/vs/workbench/api/node/extensionHostProcess.js:167:8413)
    at $.terminate (/opt/visual-studio-code/resources/app/out/vs/workbench/api/node/extensionHostProcess.js:171:1513)
    at n (/opt/visual-studio-code/resources/app/out/vs/workbench/api/node/extensionHostProcess.js:184:10613)
    at MessagePortMain.<anonymous> (/opt/visual-studio-code/resources/app/out/vs/workbench/api/node/extensionHostProcess.js:184:6805)
    at MessagePortMain.emit (node:events:519:28)
    at Object.MessagePortMain._internalPort.emit (node:electron/js2c/utility_init:2:2619) setContext undefined
2024-10-11 11:18:59.500 [error] Canceled: Canceled
    at new D (/opt/visual-studio-code/resources/app/out/vs/workbench/api/node/extensionHostProcess.js:151:35235)
    at y.U (/opt/visual-studio-code/resources/app/out/vs/workbench/api/node/extensionHostProcess.js:158:6005)
    at Proxy.V.<computed>.F.charCodeAt.A.CharCode.DollarSign.V.<computed> (/opt/visual-studio-code/resources/app/out/vs/workbench/api/node/extensionHostProcess.js:158:3107)
    at h.g (/opt/visual-studio-code/resources/app/out/vs/workbench/api/node/extensionHostProcess.js:161:210015)
    at h.executeCommand (/opt/visual-studio-code/resources/app/out/vs/workbench/api/node/extensionHostProcess.js:161:209453)
    at C.registerCommand.description (/opt/visual-studio-code/resources/app/out/vs/workbench/api/node/extensionHostProcess.js:161:208777)
    at h (/opt/visual-studio-code/resources/app/out/vs/workbench/api/node/extensionHostProcess.js:161:210554)
    at h.g (/opt/visual-studio-code/resources/app/out/vs/workbench/api/node/extensionHostProcess.js:161:209546)
    at h.executeCommand (/opt/visual-studio-code/resources/app/out/vs/workbench/api/node/extensionHostProcess.js:161:209453)
    at Object.executeCommand (/opt/visual-studio-code/resources/app/out/vs/workbench/api/node/extensionHostProcess.js:171:30683)
    at pE (/home/anu/.vscode/extensions/bradlc.vscode-tailwindcss-0.12.6/dist/extension.js:40:8764)
    at Ne (/home/anu/.vscode/extensions/bradlc.vscode-tailwindcss-0.12.6/dist/extension.js:4:1357)
    at me (/home/anu/.vscode/extensions/bradlc.vscode-tailwindcss-0.12.6/dist/extension.js:3:6845)
    at Immediate.<anonymous> (/home/anu/.vscode/extensions/bradlc.vscode-tailwindcss-0.12.6/dist/extension.js:3:6723)
    at processImmediate (node:internal/timers:478:21) setContext undefined
2024-10-11 11:18:59.515 [info] Extension host with pid 226106 exiting with code 0
2024-10-11 11:19:00.193 [info] Extension host with pid 226657 started
2024-10-11 11:19:00.193 [info] Skipping acquiring lock for /home/anu/.config/Code/User/workspaceStorage/5209477b0838fa81e5b347bd26caaff6.
2024-10-11 11:19:00.329 [info] ExtensionService#_doActivateExtension vscode.git-base, startup: true, activationEvent: '*', root cause: vscode.git
2024-10-11 11:19:00.332 [info] ExtensionService#_doActivateExtension christian-kohler.path-intellisense, startup: true, activationEvent: '*'
2024-10-11 11:19:00.339 [info] ExtensionService#_doActivateExtension formulahendry.auto-close-tag, startup: true, activationEvent: '*'
2024-10-11 11:19:00.340 [info] ExtensionService#_doActivateExtension formulahendry.auto-rename-tag, startup: true, activationEvent: '*'
2024-10-11 11:19:00.347 [info] ExtensionService#_doActivateExtension johnpapa.vscode-cloak, startup: true, activationEvent: '*'
2024-10-11 11:19:00.348 [info] ExtensionService#_doActivateExtension kamikillerto.vscode-colorize, startup: true, activationEvent: '*'
2024-10-11 11:19:00.358 [info] ExtensionService#_doActivateExtension oouo-diogo-perdigao.docthis, startup: true, activationEvent: '*'
2024-10-11 11:19:00.392 [info] ExtensionService#_doActivateExtension vscode.npm, startup: true, activationEvent: 'workspaceContains:package.json'
2024-10-11 11:19:00.454 [info] ExtensionService#_doActivateExtension vscode.git, startup: true, activationEvent: '*'
2024-10-11 11:19:00.472 [info] ExtensionService#_doActivateExtension vscode.github, startup: true, activationEvent: '*'
2024-10-11 11:19:00.521 [info] ExtensionService#_doActivateExtension pranaygp.vscode-css-peek, startup: true, activationEvent: 'workspaceContains:**/*.css,**/*.scss,**/*.sass,**/*.less'
2024-10-11 11:19:00.565 [info] ExtensionService#_doActivateExtension AykutSarac.jsoncrack-vscode, startup: true, activationEvent: 'workspaceContains:**/*.{json}'
2024-10-11 11:19:00.663 [info] Eager extensions activated
2024-10-11 11:19:00.730 [info] ExtensionService#_doActivateExtension vscode.github-authentication, startup: false, activationEvent: 'onAuthenticationRequest:github'
2024-10-11 11:19:00.739 [info] ExtensionService#_doActivateExtension vscode.debug-auto-launch, startup: false, activationEvent: 'onStartupFinished'
2024-10-11 11:19:00.740 [info] ExtensionService#_doActivateExtension vscode.merge-conflict, startup: false, activationEvent: 'onStartupFinished'
2024-10-11 11:19:00.744 [info] ExtensionService#_doActivateExtension aaron-bond.better-comments, startup: false, activationEvent: 'onStartupFinished'
2024-10-11 11:19:00.747 [info] ExtensionService#_doActivateExtension bradlc.vscode-tailwindcss, startup: false, activationEvent: 'onStartupFinished'
2024-10-11 11:19:00.757 [info] ExtensionService#_doActivateExtension Catppuccin.catppuccin-vsc, startup: false, activationEvent: 'onStartupFinished'
2024-10-11 11:19:00.759 [info] ExtensionService#_doActivateExtension eamodio.gitlens, startup: false, activationEvent: 'onStartupFinished'
2024-10-11 11:19:00.784 [info] ExtensionService#_doActivateExtension esbenp.prettier-vscode, startup: false, activationEvent: 'onStartupFinished'
2024-10-11 11:19:00.815 [info] ExtensionService#_doActivateExtension formulahendry.code-runner, startup: false, activationEvent: 'onStartupFinished'
2024-10-11 11:19:00.825 [info] ExtensionService#_doActivateExtension kisstkondoros.vscode-gutter-preview, startup: false, activationEvent: 'onStartupFinished'
2024-10-11 11:19:00.838 [info] ExtensionService#_doActivateExtension miguelsolorio.symbols, startup: false, activationEvent: 'onStartupFinished'
2024-10-11 11:19:00.841 [info] ExtensionService#_doActivateExtension PKief.material-icon-theme, startup: false, activationEvent: 'onStartupFinished'
2024-10-11 11:19:00.846 [info] ExtensionService#_doActivateExtension ritwickdey.LiveServer, startup: false, activationEvent: 'onStartupFinished'
2024-10-11 11:19:00.849 [info] ExtensionService#_doActivateExtension Supermaven.supermaven, startup: false, activationEvent: 'onStartupFinished'
2024-10-11 11:19:01.028 [info] ExtensionService#_doActivateExtension vscode.emmet, startup: false, activationEvent: 'onLanguage'
2024-10-11 11:19:01.093 [info] ExtensionService#_doActivateExtension vscode.configuration-editing, startup: false, activationEvent: 'onLanguage:jsonc'
2024-10-11 11:19:01.096 [info] ExtensionService#_doActivateExtension vscode.json-language-features, startup: false, activationEvent: 'onLanguage:jsonc'
2024-10-11 11:19:01.107 [info] ExtensionService#_doActivateExtension vscode.typescript-language-features, startup: false, activationEvent: 'onLanguage:jsonc'
2024-10-11 11:19:06.209 [info] ExtensionService#_doActivateExtension vscode.extension-editing, startup: false, activationEvent: 'onLanguage:json'
2024-10-11 11:19:06.721 [info] ExtensionService#_doActivateExtension vscode.html-language-features, startup: false, activationEvent: 'onLanguage:html'
2024-10-11 11:19:12.896 [warning] TextEditor is closed/disposed
2024-10-11 11:19:13.085 [info] ExtensionService#_doActivateExtension YoavBls.pretty-ts-errors, startup: false, activationEvent: 'onLanguage:typescript'
2024-10-11 11:24:53.010 [warning] TextEditor is closed/disposed
2024-10-11 11:24:54.348 [info] Extension host terminating: renderer closed the MessagePort
2024-10-11 11:24:54.400 [error] Canceled: Canceled
    at new D (/opt/visual-studio-code/resources/app/out/vs/workbench/api/node/extensionHostProcess.js:151:35235)
    at y.U (/opt/visual-studio-code/resources/app/out/vs/workbench/api/node/extensionHostProcess.js:158:6005)
    at Proxy.V.<computed>.F.charCodeAt.A.CharCode.DollarSign.V.<computed> (/opt/visual-studio-code/resources/app/out/vs/workbench/api/node/extensionHostProcess.js:158:3107)
    at h.g (/opt/visual-studio-code/resources/app/out/vs/workbench/api/node/extensionHostProcess.js:161:210015)
    at h.executeCommand (/opt/visual-studio-code/resources/app/out/vs/workbench/api/node/extensionHostProcess.js:161:209453)
    at C.registerCommand.description (/opt/visual-studio-code/resources/app/out/vs/workbench/api/node/extensionHostProcess.js:161:208777)
    at h (/opt/visual-studio-code/resources/app/out/vs/workbench/api/node/extensionHostProcess.js:161:210554)
    at h.g (/opt/visual-studio-code/resources/app/out/vs/workbench/api/node/extensionHostProcess.js:161:209546)
    at h.executeCommand (/opt/visual-studio-code/resources/app/out/vs/workbench/api/node/extensionHostProcess.js:161:209453)
    at Object.executeCommand (/opt/visual-studio-code/resources/app/out/vs/workbench/api/node/extensionHostProcess.js:171:30683)
    at i.O [as value] (/opt/visual-studio-code/resources/app/extensions/git/dist/main.js:2:952009)
    at r.B (/opt/visual-studio-code/resources/app/out/vs/workbench/api/node/extensionHostProcess.js:90:732)
    at r.C (/opt/visual-studio-code/resources/app/out/vs/workbench/api/node/extensionHostProcess.js:90:802)
    at r.fire (/opt/visual-studio-code/resources/app/out/vs/workbench/api/node/extensionHostProcess.js:90:1018)
    at Object.p [as dispose] (/opt/visual-studio-code/resources/app/extensions/git/dist/main.js:2:972587)
    at /opt/visual-studio-code/resources/app/extensions/git/dist/main.js:2:978709
    at Array.forEach (<anonymous>)
    at f.dispose (/opt/visual-studio-code/resources/app/extensions/git/dist/main.js:2:978695)
    at o.<anonymous> (/opt/visual-studio-code/resources/app/out/vs/workbench/api/node/extensionHostProcess.js:159:4176)
    at o.dispose (/opt/visual-studio-code/resources/app/out/vs/workbench/api/node/extensionHostProcess.js:159:4273)
    at o.<anonymous> (/opt/visual-studio-code/resources/app/extensions/git/dist/main.js:2:954307)
    at o.dispose (/opt/visual-studio-code/resources/app/out/vs/workbench/api/node/extensionHostProcess.js:159:4273)
    at $ (/opt/visual-studio-code/resources/app/out/vs/workbench/api/node/extensionHostProcess.js:30:744)
    at /opt/visual-studio-code/resources/app/out/vs/workbench/api/node/extensionHostProcess.js:167:13607
    at /opt/visual-studio-code/resources/app/out/vs/workbench/api/node/extensionHostProcess.js:30:1112
    at Object.dispose (/opt/visual-studio-code/resources/app/out/vs/workbench/api/node/extensionHostProcess.js:11:11463)
    at m.eb (/opt/visual-studio-code/resources/app/out/vs/workbench/api/node/extensionHostProcess.js:167:10282)
    at /opt/visual-studio-code/resources/app/out/vs/workbench/api/node/extensionHostProcess.js:167:8153
    at Array.map (<anonymous>)
    at m.$ (/opt/visual-studio-code/resources/app/out/vs/workbench/api/node/extensionHostProcess.js:167:8140)
    at m.terminate (/opt/visual-studio-code/resources/app/out/vs/workbench/api/node/extensionHostProcess.js:167:8413)
    at $.terminate (/opt/visual-studio-code/resources/app/out/vs/workbench/api/node/extensionHostProcess.js:171:1513)
    at n (/opt/visual-studio-code/resources/app/out/vs/workbench/api/node/extensionHostProcess.js:184:10613)
    at MessagePortMain.<anonymous> (/opt/visual-studio-code/resources/app/out/vs/workbench/api/node/extensionHostProcess.js:184:6805)
    at MessagePortMain.emit (node:events:519:28)
    at Object.MessagePortMain._internalPort.emit (node:electron/js2c/utility_init:2:2619) setContext undefined
2024-10-11 11:24:54.403 [error] Canceled: Canceled
    at new D (/opt/visual-studio-code/resources/app/out/vs/workbench/api/node/extensionHostProcess.js:151:35235)
    at y.U (/opt/visual-studio-code/resources/app/out/vs/workbench/api/node/extensionHostProcess.js:158:6005)
    at Proxy.V.<computed>.F.charCodeAt.A.CharCode.DollarSign.V.<computed> (/opt/visual-studio-code/resources/app/out/vs/workbench/api/node/extensionHostProcess.js:158:3107)
    at h.g (/opt/visual-studio-code/resources/app/out/vs/workbench/api/node/extensionHostProcess.js:161:210015)
    at h.executeCommand (/opt/visual-studio-code/resources/app/out/vs/workbench/api/node/extensionHostProcess.js:161:209453)
    at C.registerCommand.description (/opt/visual-studio-code/resources/app/out/vs/workbench/api/node/extensionHostProcess.js:161:208777)
    at h (/opt/visual-studio-code/resources/app/out/vs/workbench/api/node/extensionHostProcess.js:161:210554)
    at h.g (/opt/visual-studio-code/resources/app/out/vs/workbench/api/node/extensionHostProcess.js:161:209546)
    at h.executeCommand (/opt/visual-studio-code/resources/app/out/vs/workbench/api/node/extensionHostProcess.js:161:209453)
    at Object.executeCommand (/opt/visual-studio-code/resources/app/out/vs/workbench/api/node/extensionHostProcess.js:171:30683)
    at a.VscodeDevShareProvider.set hasGitHubRepositories [as hasGitHubRepositories] (/opt/visual-studio-code/resources/app/extensions/github/dist/extension.js:2:322969)
    at /opt/visual-studio-code/resources/app/extensions/github/dist/extension.js:2:323928
    at i.value (/opt/visual-studio-code/resources/app/extensions/git/dist/main.js:2:1060944)
    at r.B (/opt/visual-studio-code/resources/app/out/vs/workbench/api/node/extensionHostProcess.js:90:732)
    at r.C (/opt/visual-studio-code/resources/app/out/vs/workbench/api/node/extensionHostProcess.js:90:802)
    at r.fire (/opt/visual-studio-code/resources/app/out/vs/workbench/api/node/extensionHostProcess.js:90:1018)
    at Object.p [as dispose] (/opt/visual-studio-code/resources/app/extensions/git/dist/main.js:2:972587)
    at /opt/visual-studio-code/resources/app/extensions/git/dist/main.js:2:978709
    at Array.forEach (<anonymous>)
    at f.dispose (/opt/visual-studio-code/resources/app/extensions/git/dist/main.js:2:978695)
    at o.<anonymous> (/opt/visual-studio-code/resources/app/out/vs/workbench/api/node/extensionHostProcess.js:159:4176)
    at o.dispose (/opt/visual-studio-code/resources/app/out/vs/workbench/api/node/extensionHostProcess.js:159:4273)
    at o.<anonymous> (/opt/visual-studio-code/resources/app/extensions/git/dist/main.js:2:954307)
    at o.dispose (/opt/visual-studio-code/resources/app/out/vs/workbench/api/node/extensionHostProcess.js:159:4273)
    at $ (/opt/visual-studio-code/resources/app/out/vs/workbench/api/node/extensionHostProcess.js:30:744)
    at /opt/visual-studio-code/resources/app/out/vs/workbench/api/node/extensionHostProcess.js:167:13607
    at /opt/visual-studio-code/resources/app/out/vs/workbench/api/node/extensionHostProcess.js:30:1112
    at Object.dispose (/opt/visual-studio-code/resources/app/out/vs/workbench/api/node/extensionHostProcess.js:11:11463)
    at m.eb (/opt/visual-studio-code/resources/app/out/vs/workbench/api/node/extensionHostProcess.js:167:10282)
    at /opt/visual-studio-code/resources/app/out/vs/workbench/api/node/extensionHostProcess.js:167:8153
    at Array.map (<anonymous>)
    at m.$ (/opt/visual-studio-code/resources/app/out/vs/workbench/api/node/extensionHostProcess.js:167:8140)
    at m.terminate (/opt/visual-studio-code/resources/app/out/vs/workbench/api/node/extensionHostProcess.js:167:8413)
    at $.terminate (/opt/visual-studio-code/resources/app/out/vs/workbench/api/node/extensionHostProcess.js:171:1513)
    at n (/opt/visual-studio-code/resources/app/out/vs/workbench/api/node/extensionHostProcess.js:184:10613)
    at MessagePortMain.<anonymous> (/opt/visual-studio-code/resources/app/out/vs/workbench/api/node/extensionHostProcess.js:184:6805)
    at MessagePortMain.emit (node:events:519:28)
    at Object.MessagePortMain._internalPort.emit (node:electron/js2c/utility_init:2:2619) setContext undefined
2024-10-11 11:24:54.409 [error] Canceled: Canceled
    at new D (/opt/visual-studio-code/resources/app/out/vs/workbench/api/node/extensionHostProcess.js:151:35235)
    at y.U (/opt/visual-studio-code/resources/app/out/vs/workbench/api/node/extensionHostProcess.js:158:6005)
    at Proxy.V.<computed>.F.charCodeAt.A.CharCode.DollarSign.V.<computed> (/opt/visual-studio-code/resources/app/out/vs/workbench/api/node/extensionHostProcess.js:158:3107)
    at h.g (/opt/visual-studio-code/resources/app/out/vs/workbench/api/node/extensionHostProcess.js:161:210015)
    at h.executeCommand (/opt/visual-studio-code/resources/app/out/vs/workbench/api/node/extensionHostProcess.js:161:209453)
    at C.registerCommand.description (/opt/visual-studio-code/resources/app/out/vs/workbench/api/node/extensionHostProcess.js:161:208777)
    at h (/opt/visual-studio-code/resources/app/out/vs/workbench/api/node/extensionHostProcess.js:161:210554)
    at h.g (/opt/visual-studio-code/resources/app/out/vs/workbench/api/node/extensionHostProcess.js:161:209546)
    at h.executeCommand (/opt/visual-studio-code/resources/app/out/vs/workbench/api/node/extensionHostProcess.js:161:209453)
    at Object.executeCommand (/opt/visual-studio-code/resources/app/out/vs/workbench/api/node/extensionHostProcess.js:171:30683)
    at w (/home/anu/.vscode/extensions/eamodio.gitlens-15.5.1/dist/gitlens.js:1490:39724)
    at c (/home/anu/.vscode/extensions/eamodio.gitlens-15.5.1/dist/gitlens.js:1490:44783)
    at ActionRunners._updateContextKeys (/home/anu/.vscode/extensions/eamodio.gitlens-15.5.1/dist/gitlens.js:1120:19640)
    at s (/home/anu/.vscode/extensions/eamodio.gitlens-15.5.1/dist/gitlens.js:1120:18084)
    at RegisteredActionRunner.unregister (/home/anu/.vscode/extensions/eamodio.gitlens-15.5.1/dist/gitlens.js:1120:18227)
    at RegisteredActionRunner.dispose (/home/anu/.vscode/extensions/eamodio.gitlens-15.5.1/dist/gitlens.js:1120:16881)
    at ActionRunners.dispose (/home/anu/.vscode/extensions/eamodio.gitlens-15.5.1/dist/gitlens.js:1120:17667)
    at /home/anu/.vscode/extensions/eamodio.gitlens-15.5.1/dist/gitlens.js:1448:19381
    at Array.forEach (<anonymous>)
    at Object.dispose (/home/anu/.vscode/extensions/eamodio.gitlens-15.5.1/dist/gitlens.js:1448:19363)
    at $ (/opt/visual-studio-code/resources/app/out/vs/workbench/api/node/extensionHostProcess.js:30:744)
    at /opt/visual-studio-code/resources/app/out/vs/workbench/api/node/extensionHostProcess.js:167:13607
    at /opt/visual-studio-code/resources/app/out/vs/workbench/api/node/extensionHostProcess.js:30:1112
    at Object.dispose (/opt/visual-studio-code/resources/app/out/vs/workbench/api/node/extensionHostProcess.js:11:11463)
    at m.eb (/opt/visual-studio-code/resources/app/out/vs/workbench/api/node/extensionHostProcess.js:167:10282)
    at /opt/visual-studio-code/resources/app/out/vs/workbench/api/node/extensionHostProcess.js:167:8153
    at Array.map (<anonymous>)
    at m.$ (/opt/visual-studio-code/resources/app/out/vs/workbench/api/node/extensionHostProcess.js:167:8140)
    at m.terminate (/opt/visual-studio-code/resources/app/out/vs/workbench/api/node/extensionHostProcess.js:167:8413)
    at $.terminate (/opt/visual-studio-code/resources/app/out/vs/workbench/api/node/extensionHostProcess.js:171:1513)
    at n (/opt/visual-studio-code/resources/app/out/vs/workbench/api/node/extensionHostProcess.js:184:10613)
    at MessagePortMain.<anonymous> (/opt/visual-studio-code/resources/app/out/vs/workbench/api/node/extensionHostProcess.js:184:6805)
    at MessagePortMain.emit (node:events:519:28)
    at Object.MessagePortMain._internalPort.emit (node:electron/js2c/utility_init:2:2619) setContext undefined
2024-10-11 11:24:54.409 [error] Canceled: Canceled
    at new D (/opt/visual-studio-code/resources/app/out/vs/workbench/api/node/extensionHostProcess.js:151:35235)
    at y.U (/opt/visual-studio-code/resources/app/out/vs/workbench/api/node/extensionHostProcess.js:158:6005)
    at Proxy.V.<computed>.F.charCodeAt.A.CharCode.DollarSign.V.<computed> (/opt/visual-studio-code/resources/app/out/vs/workbench/api/node/extensionHostProcess.js:158:3107)
    at h.g (/opt/visual-studio-code/resources/app/out/vs/workbench/api/node/extensionHostProcess.js:161:210015)
    at h.executeCommand (/opt/visual-studio-code/resources/app/out/vs/workbench/api/node/extensionHostProcess.js:161:209453)
    at C.registerCommand.description (/opt/visual-studio-code/resources/app/out/vs/workbench/api/node/extensionHostProcess.js:161:208777)
    at h (/opt/visual-studio-code/resources/app/out/vs/workbench/api/node/extensionHostProcess.js:161:210554)
    at h.g (/opt/visual-studio-code/resources/app/out/vs/workbench/api/node/extensionHostProcess.js:161:209546)
    at h.executeCommand (/opt/visual-studio-code/resources/app/out/vs/workbench/api/node/extensionHostProcess.js:161:209453)
    at Object.executeCommand (/opt/visual-studio-code/resources/app/out/vs/workbench/api/node/extensionHostProcess.js:171:30683)
    at w (/home/anu/.vscode/extensions/eamodio.gitlens-15.5.1/dist/gitlens.js:1490:39724)
    at c (/home/anu/.vscode/extensions/eamodio.gitlens-15.5.1/dist/gitlens.js:1490:44783)
    at ActionRunners._updateContextKeys (/home/anu/.vscode/extensions/eamodio.gitlens-15.5.1/dist/gitlens.js:1120:19640)
    at s (/home/anu/.vscode/extensions/eamodio.gitlens-15.5.1/dist/gitlens.js:1120:18084)
    at RegisteredActionRunner.unregister (/home/anu/.vscode/extensions/eamodio.gitlens-15.5.1/dist/gitlens.js:1120:18227)
    at RegisteredActionRunner.dispose (/home/anu/.vscode/extensions/eamodio.gitlens-15.5.1/dist/gitlens.js:1120:16881)
    at ActionRunners.dispose (/home/anu/.vscode/extensions/eamodio.gitlens-15.5.1/dist/gitlens.js:1120:17667)
    at /home/anu/.vscode/extensions/eamodio.gitlens-15.5.1/dist/gitlens.js:1448:19381
    at Array.forEach (<anonymous>)
    at Object.dispose (/home/anu/.vscode/extensions/eamodio.gitlens-15.5.1/dist/gitlens.js:1448:19363)
    at $ (/opt/visual-studio-code/resources/app/out/vs/workbench/api/node/extensionHostProcess.js:30:744)
    at /opt/visual-studio-code/resources/app/out/vs/workbench/api/node/extensionHostProcess.js:167:13607
    at /opt/visual-studio-code/resources/app/out/vs/workbench/api/node/extensionHostProcess.js:30:1112
    at Object.dispose (/opt/visual-studio-code/resources/app/out/vs/workbench/api/node/extensionHostProcess.js:11:11463)
    at m.eb (/opt/visual-studio-code/resources/app/out/vs/workbench/api/node/extensionHostProcess.js:167:10282)
    at /opt/visual-studio-code/resources/app/out/vs/workbench/api/node/extensionHostProcess.js:167:8153
    at Array.map (<anonymous>)
    at m.$ (/opt/visual-studio-code/resources/app/out/vs/workbench/api/node/extensionHostProcess.js:167:8140)
    at m.terminate (/opt/visual-studio-code/resources/app/out/vs/workbench/api/node/extensionHostProcess.js:167:8413)
    at $.terminate (/opt/visual-studio-code/resources/app/out/vs/workbench/api/node/extensionHostProcess.js:171:1513)
    at n (/opt/visual-studio-code/resources/app/out/vs/workbench/api/node/extensionHostProcess.js:184:10613)
    at MessagePortMain.<anonymous> (/opt/visual-studio-code/resources/app/out/vs/workbench/api/node/extensionHostProcess.js:184:6805)
    at MessagePortMain.emit (node:events:519:28)
    at Object.MessagePortMain._internalPort.emit (node:electron/js2c/utility_init:2:2619) setContext undefined
2024-10-11 11:24:54.410 [error] Canceled: Canceled
    at new D (/opt/visual-studio-code/resources/app/out/vs/workbench/api/node/extensionHostProcess.js:151:35235)
    at y.U (/opt/visual-studio-code/resources/app/out/vs/workbench/api/node/extensionHostProcess.js:158:6005)
    at Proxy.V.<computed>.F.charCodeAt.A.CharCode.DollarSign.V.<computed> (/opt/visual-studio-code/resources/app/out/vs/workbench/api/node/extensionHostProcess.js:158:3107)
    at h.g (/opt/visual-studio-code/resources/app/out/vs/workbench/api/node/extensionHostProcess.js:161:210015)
    at h.executeCommand (/opt/visual-studio-code/resources/app/out/vs/workbench/api/node/extensionHostProcess.js:161:209453)
    at C.registerCommand.description (/opt/visual-studio-code/resources/app/out/vs/workbench/api/node/extensionHostProcess.js:161:208777)
    at h (/opt/visual-studio-code/resources/app/out/vs/workbench/api/node/extensionHostProcess.js:161:210554)
    at h.g (/opt/visual-studio-code/resources/app/out/vs/workbench/api/node/extensionHostProcess.js:161:209546)
    at h.executeCommand (/opt/visual-studio-code/resources/app/out/vs/workbench/api/node/extensionHostProcess.js:161:209453)
    at Object.executeCommand (/opt/visual-studio-code/resources/app/out/vs/workbench/api/node/extensionHostProcess.js:171:30683)
    at w (/home/anu/.vscode/extensions/eamodio.gitlens-15.5.1/dist/gitlens.js:1490:39724)
    at c (/home/anu/.vscode/extensions/eamodio.gitlens-15.5.1/dist/gitlens.js:1490:44783)
    at ActionRunners._updateContextKeys (/home/anu/.vscode/extensions/eamodio.gitlens-15.5.1/dist/gitlens.js:1120:19640)
    at s (/home/anu/.vscode/extensions/eamodio.gitlens-15.5.1/dist/gitlens.js:1120:18084)
    at RegisteredActionRunner.unregister (/home/anu/.vscode/extensions/eamodio.gitlens-15.5.1/dist/gitlens.js:1120:18227)
    at RegisteredActionRunner.dispose (/home/anu/.vscode/extensions/eamodio.gitlens-15.5.1/dist/gitlens.js:1120:16881)
    at ActionRunners.dispose (/home/anu/.vscode/extensions/eamodio.gitlens-15.5.1/dist/gitlens.js:1120:17667)
    at /home/anu/.vscode/extensions/eamodio.gitlens-15.5.1/dist/gitlens.js:1448:19381
    at Array.forEach (<anonymous>)
    at Object.dispose (/home/anu/.vscode/extensions/eamodio.gitlens-15.5.1/dist/gitlens.js:1448:19363)
    at $ (/opt/visual-studio-code/resources/app/out/vs/workbench/api/node/extensionHostProcess.js:30:744)
    at /opt/visual-studio-code/resources/app/out/vs/workbench/api/node/extensionHostProcess.js:167:13607
    at /opt/visual-studio-code/resources/app/out/vs/workbench/api/node/extensionHostProcess.js:30:1112
    at Object.dispose (/opt/visual-studio-code/resources/app/out/vs/workbench/api/node/extensionHostProcess.js:11:11463)
    at m.eb (/opt/visual-studio-code/resources/app/out/vs/workbench/api/node/extensionHostProcess.js:167:10282)
    at /opt/visual-studio-code/resources/app/out/vs/workbench/api/node/extensionHostProcess.js:167:8153
    at Array.map (<anonymous>)
    at m.$ (/opt/visual-studio-code/resources/app/out/vs/workbench/api/node/extensionHostProcess.js:167:8140)
    at m.terminate (/opt/visual-studio-code/resources/app/out/vs/workbench/api/node/extensionHostProcess.js:167:8413)
    at $.terminate (/opt/visual-studio-code/resources/app/out/vs/workbench/api/node/extensionHostProcess.js:171:1513)
    at n (/opt/visual-studio-code/resources/app/out/vs/workbench/api/node/extensionHostProcess.js:184:10613)
    at MessagePortMain.<anonymous> (/opt/visual-studio-code/resources/app/out/vs/workbench/api/node/extensionHostProcess.js:184:6805)
    at MessagePortMain.emit (node:events:519:28)
    at Object.MessagePortMain._internalPort.emit (node:electron/js2c/utility_init:2:2619) setContext undefined
2024-10-11 11:24:54.415 [error] Canceled: Canceled
    at new D (/opt/visual-studio-code/resources/app/out/vs/workbench/api/node/extensionHostProcess.js:151:35235)
    at y.U (/opt/visual-studio-code/resources/app/out/vs/workbench/api/node/extensionHostProcess.js:158:6005)
    at Proxy.V.<computed>.F.charCodeAt.A.CharCode.DollarSign.V.<computed> (/opt/visual-studio-code/resources/app/out/vs/workbench/api/node/extensionHostProcess.js:158:3107)
    at h.g (/opt/visual-studio-code/resources/app/out/vs/workbench/api/node/extensionHostProcess.js:161:210015)
    at h.executeCommand (/opt/visual-studio-code/resources/app/out/vs/workbench/api/node/extensionHostProcess.js:161:209453)
    at C.registerCommand.description (/opt/visual-studio-code/resources/app/out/vs/workbench/api/node/extensionHostProcess.js:161:208777)
    at h (/opt/visual-studio-code/resources/app/out/vs/workbench/api/node/extensionHostProcess.js:161:210554)
    at h.g (/opt/visual-studio-code/resources/app/out/vs/workbench/api/node/extensionHostProcess.js:161:209546)
    at h.executeCommand (/opt/visual-studio-code/resources/app/out/vs/workbench/api/node/extensionHostProcess.js:161:209453)
    at Object.executeCommand (/opt/visual-studio-code/resources/app/out/vs/workbench/api/node/extensionHostProcess.js:171:30683)
    at pE (/home/anu/.vscode/extensions/bradlc.vscode-tailwindcss-0.12.6/dist/extension.js:40:8764)
    at Ne (/home/anu/.vscode/extensions/bradlc.vscode-tailwindcss-0.12.6/dist/extension.js:4:1357)
    at me (/home/anu/.vscode/extensions/bradlc.vscode-tailwindcss-0.12.6/dist/extension.js:3:6845)
    at Immediate.<anonymous> (/home/anu/.vscode/extensions/bradlc.vscode-tailwindcss-0.12.6/dist/extension.js:3:6723)
    at processImmediate (node:internal/timers:478:21) setContext undefined
2024-10-11 11:24:54.427 [error] Error: Channel has been closed
    at h (/opt/visual-studio-code/resources/app/out/vs/workbench/api/node/extensionHostProcess.js:164:2490)
    at Object.appendLine (/opt/visual-studio-code/resources/app/out/vs/workbench/api/node/extensionHostProcess.js:164:2608)
    at w.logOutputMessage (/opt/visual-studio-code/resources/app/extensions/html-language-features/client/dist/node/htmlClientMain.js:1:255826)
    at w.info (/opt/visual-studio-code/resources/app/extensions/html-language-features/client/dist/node/htmlClientMain.js:1:255559)
    at ChildProcess.<anonymous> (/opt/visual-studio-code/resources/app/extensions/html-language-features/client/dist/node/htmlClientMain.js:1:444221)
    at ChildProcess.emit (node:events:519:28)
    at Process.ChildProcess._handle.onexit (node:internal/child_process:294:12)
2024-10-11 11:24:54.427 [info] Extension host with pid 226657 exiting with code 0
