2024-09-24 18:53:39.914 [info] Added views:workbench.panel.markers.view in workbench.panel.markers
2024-09-24 18:53:39.914 [info] Added views:workbench.panel.output in workbench.panel.output
2024-09-24 18:53:39.914 [info] Added views:terminal in terminal
2024-09-24 18:53:39.914 [info] Added views:outline in workbench.view.explorer
2024-09-24 18:53:39.914 [info] Added views:workbench.scm in workbench.view.scm
2024-09-24 18:53:39.914 [info] Added views:workbench.view.search in workbench.view.search
2024-09-24 18:53:39.914 [info] Added views:timeline in workbench.view.explorer
2024-09-24 18:53:39.914 [info] Added views:workbench.explorer.openEditorsView,workbench.explorer.emptyView in workbench.view.explorer
2024-09-24 18:53:40.062 [info] Added views:workbench.debug.variablesView,workbench.debug.watchExpressionsView,workbench.debug.callStackView,workbench.debug.breakPointsView in workbench.view.debug
2024-09-24 18:53:40.467 [info] Added views:gitlens.views.home,gitlens.views.workspaces,gitlens.views.account in workbench.view.extension.gitlens
2024-09-24 18:53:40.467 [info] Added views:gitlens.views.commitDetails,gitlens.views.lineHistory,gitlens.views.fileHistory,gitlens.views.searchAndCompare in workbench.view.extension.gitlensInspect
2024-09-24 18:53:40.468 [info] Added views:gitlens.views.commits,gitlens.views.branches,gitlens.views.remotes,gitlens.views.stashes,gitlens.views.tags,gitlens.views.contributors in workbench.view.scm
2024-09-24 18:53:40.469 [info] Added views:supermaven-view in workbench.view.extension.supermaven-chat
2024-09-24 18:53:40.589 [info] Added views:workbench.panel.repl.view in workbench.panel.repl
2024-09-24 18:53:40.590 [info] Removed views:workbench.debug.breakPointsView,workbench.debug.callStackView,workbench.debug.watchExpressionsView,workbench.debug.variablesView from workbench.view.debug
2024-09-24 18:53:40.590 [info] Added views:workbench.debug.welcome in workbench.view.debug
2024-09-24 18:53:41.087 [info] Removed views:gitlens.views.searchAndCompare,gitlens.views.fileHistory,gitlens.views.lineHistory,gitlens.views.commitDetails from workbench.view.extension.gitlensInspect
2024-09-24 18:53:41.088 [info] Removed views:gitlens.views.contributors,gitlens.views.tags,gitlens.views.stashes,gitlens.views.remotes,gitlens.views.branches,gitlens.views.commits from workbench.view.scm
2024-09-24 18:53:41.176 [info] Added views:gitlens.views.drafts in workbench.view.extension.gitlens
2024-09-24 18:53:41.357 [info] Added views:~remote.forwardedPorts in ~remote.forwardedPortsContainer
