2024-09-24 18:39:51.446 [info] Added views:workbench.panel.markers.view in workbench.panel.markers
2024-09-24 18:39:51.446 [info] Added views:workbench.panel.output in workbench.panel.output
2024-09-24 18:39:51.446 [info] Added views:terminal in terminal
2024-09-24 18:39:51.446 [info] Added views:outline in workbench.view.explorer
2024-09-24 18:39:51.446 [info] Added views:workbench.scm in workbench.view.scm
2024-09-24 18:39:51.446 [info] Added views:workbench.view.search in workbench.view.search
2024-09-24 18:39:51.446 [info] Added views:timeline in workbench.view.explorer
2024-09-24 18:39:51.446 [info] Added views:workbench.explorer.openEditorsView,workbench.explorer.fileView in workbench.view.explorer
2024-09-24 18:39:52.061 [info] Added views:gitlens.views.home,gitlens.views.workspaces,gitlens.views.account in workbench.view.extension.gitlens
2024-09-24 18:39:52.062 [info] Added views:gitlens.views.commitDetails,gitlens.views.lineHistory,gitlens.views.fileHistory,gitlens.views.searchAndCompare in workbench.view.extension.gitlensInspect
2024-09-24 18:39:52.062 [info] Added views:gitlens.views.commits,gitlens.views.branches,gitlens.views.remotes,gitlens.views.stashes,gitlens.views.tags,gitlens.views.contributors in workbench.view.scm
2024-09-24 18:39:52.063 [info] Added views:supermaven-view in workbench.view.extension.supermaven-chat
2024-09-24 18:39:52.120 [info] Added views:workbench.debug.welcome in workbench.view.debug
2024-09-24 18:39:52.204 [info] Added views:workbench.panel.repl.view in workbench.panel.repl
2024-09-24 18:39:52.763 [info] Added views:~remote.forwardedPorts in ~remote.forwardedPortsContainer
2024-09-24 18:39:52.883 [info] Added views:workbench.scm.repositories,workbench.scm.history in workbench.view.scm
2024-09-24 18:39:53.263 [info] Added views:gitlens.views.drafts in workbench.view.extension.gitlens
2024-09-24 18:39:54.109 [info] Added views:gitlens.views.graph,gitlens.views.graphDetails in workbench.view.extension.gitlensPanel
2024-09-24 18:39:54.110 [info] Added views:gitlens.views.timeline in workbench.view.extension.gitlensInspect
2024-09-24 18:39:54.111 [info] Added views:gitlens.views.worktrees in workbench.view.scm
2024-09-24 18:41:18.917 [info] Removed views:workbench.scm.history,workbench.scm.repositories from workbench.view.scm
