[Server(185008) waybar/] onInitialize
[Server(185008) waybar/] Number of style sheets - 6
[Server(185008) waybar/] setupInitialStylemap
[Server(185008) waybar/] Document opened: style.css.
[Server(185008) waybar/] Document changed: style.css. Invalidating Cache.
[Server(185008) waybar/] Document changed: style.css. Invalidating Cache.
[Server(185008) waybar/] Document changed: style.css. Invalidating Cache.
[Server(185008) waybar/] Document changed: style.css. Invalidating Cache.
[Server(185008) waybar/] Document changed: style.css. Invalidating Cache.
[Server(185008) waybar/] Document changed: style.css. Invalidating Cache.
[Server(185008) waybar/] Document changed: style.css. Invalidating Cache.
[Server(185008) waybar/] Document changed: style.css. Invalidating Cache.
[Server(185008) waybar/] Document changed: style.css. Invalidating Cache.
[Server(185008) waybar/] Document changed: style.css. Invalidating Cache.
[Server(185008) waybar/] Document changed: style.css. Invalidating Cache.
[Server(185008) waybar/] Document changed: style.css. Invalidating Cache.
[Server(185008) waybar/] Document changed: style.css. Invalidating Cache.
[Server(185008) waybar/] Document changed: style.css. Invalidating Cache.
[Server(185008) waybar/] Document changed: style.css. Invalidating Cache.
[Server(185008) waybar/] Document changed: style.css. Invalidating Cache.
[Server(185008) waybar/] Document changed: style.css. Invalidating Cache.
[Server(185008) waybar/] Document changed: style.css. Invalidating Cache.
[Server(185008) waybar/] Document changed: style.css. Invalidating Cache.
[Server(185008) waybar/] Document changed: style.css. Invalidating Cache.
[Server(185008) waybar/] Document changed: style.css. Invalidating Cache.
[Server(185008) waybar/] Document changed: style.css. Invalidating Cache.
[Server(185008) waybar/] Document changed: style.css. Invalidating Cache.
[Server(185008) waybar/] Document changed: style.css. Invalidating Cache.
[Server(185008) waybar/] Document changed: style.css. Invalidating Cache.
[Server(185008) waybar/] Document changed: style.css. Invalidating Cache.
[Server(185008) waybar/] Document changed: style.css. Invalidating Cache.
[Server(185008) waybar/] Document changed: style.css. Invalidating Cache.
[Server(185008) waybar/] Document changed: style.css. Invalidating Cache.
[Server(185008) waybar/] Document changed: style.css. Invalidating Cache.
[Server(185008) waybar/] Document changed: style.css. Invalidating Cache.
[Server(185008) waybar/] Document changed: style.css. Invalidating Cache.
[Server(185008) waybar/] Document changed: style.css. Invalidating Cache.
[Server(185008) waybar/] Document changed: style.css. Invalidating Cache.
[Server(185008) waybar/] Document changed: style.css. Invalidating Cache.
[Server(185008) waybar/] Document changed: style.css. Invalidating Cache.
[Server(185008) waybar/] Document changed: style.css. Invalidating Cache.
[Server(185008) waybar/] Document changed: style.css. Invalidating Cache.
[Server(185008) waybar/] Document changed: style.css. Invalidating Cache.
[Server(185008) waybar/] Document changed: style.css. Invalidating Cache.
[Server(185008) waybar/] Document changed: style.css. Invalidating Cache.
