Locating server…
Booting server...
Checking if /home/anu/Documents/GitHub/Angular-misc/src/app/Components/behavioural-subject/behavioural-subject.component.css may be Tailwind-related…
Checking if /home/anu/Documents/GitHub/Angular-misc/src/app/Components/promises/promises.component.css may be Tailwind-related…
Checking if /home/anu/Documents/GitHub/Angular-misc/src/app/Components/forms/template/template.component.css may be Tailwind-related…
Checking if /home/anu/Documents/GitHub/Angular-misc/src/app/Components/forms/reactive/reactive.component.css may be Tailwind-related…
Checking if /home/anu/Documents/GitHub/Angular-misc/src/app/Components/forms/forms.component.css may be Tailwind-related…
Checking if /home/anu/Documents/GitHub/Angular-misc/src/app/Components/Misc/misc.component.css may be Tailwind-related…
Checking if /home/anu/Documents/GitHub/Angular-misc/src/app/Components/http/http.component.css may be Tailwind-related…
Checking if /home/anu/Documents/GitHub/Angular-misc/src/app/Components/directives/directives.component.css may be Tailwind-related…
Checking if /home/anu/Documents/GitHub/Angular-misc/src/app/Components/input-output/input-output.component.css may be Tailwind-related…
Checking if /home/anu/Documents/GitHub/Angular-misc/src/app/Components/input-output/child/child.component.css may be Tailwind-related…
Checking if /home/anu/Documents/GitHub/Angular-misc/src/app/Components/subjects/subjects.component.css may be Tailwind-related…
Checking if /home/anu/Documents/GitHub/Angular-misc/src/app/Components/notfound/notfound.component.css may be Tailwind-related…
Checking if /home/anu/Documents/GitHub/Angular-misc/src/app/Components/lifecycle/lifecycle.component.css may be Tailwind-related…
Checking if /home/anu/Documents/GitHub/Angular-misc/src/app/Components/http-interceptor/http-interceptor.component.css may be Tailwind-related…
Checking if /home/anu/Documents/GitHub/Angular-misc/src/app/Components/search/search.component.css may be Tailwind-related…
Checking if /home/anu/Documents/GitHub/Angular-misc/src/app/Components/observable/observable.component.css may be Tailwind-related…
Checking if /home/anu/Documents/GitHub/Angular-misc/src/app/Components/Directives/custom/custom.component.css may be Tailwind-related…
Checking if /home/anu/Documents/GitHub/Angular-misc/src/app/Components/Directives/default/default.component.css may be Tailwind-related…
Checking if /home/anu/Documents/GitHub/Angular-misc/src/app/app.component.css may be Tailwind-related…
Checking if /home/anu/Documents/GitHub/Angular-misc/src/styles.css may be Tailwind-related…
Setting up server…
Listening for messages…
Searching for Tailwind CSS projects in the workspace's folders.
[Global] Creating projects: []
[Global] Preparing projects...
[Global] Initializing projects...
[Global] Initialized 0 projects
