2024-11-14 09:23:48.061 [info] Getting Manifest... catppuccin.catppuccin-vsc
2024-11-14 09:23:48.248 [info] Installing extension: catppuccin.catppuccin-vsc {"productVersion":{"version":"1.95.2","date":"2024-11-07T11:07:22.054Z"},"pinned":false,"operation":3,"isApplicationScoped":false,"profileLocation":{"$mid":1,"external":"vscode-userdata:/home/anu/.vscode/extensions/extensions.json","path":"/home/anu/.vscode/extensions/extensions.json","scheme":"vscode-userdata"},"installOnlyNewlyAddedFromExtensionPack":true}
2024-11-14 09:23:48.913 [info] Extension signature verification result for catppuccin.catppuccin-vsc: UnknownError. Executed: true. Duration: 18ms.
2024-11-14 09:23:48.932 [info] Extracted extension to file:///home/anu/.vscode/extensions/catppuccin.catppuccin-vsc-3.16.0: catppuccin.catppuccin-vsc
2024-11-14 09:23:48.934 [info] Renamed to /home/anu/.vscode/extensions/catppuccin.catppuccin-vsc-3.16.0
2024-11-14 09:23:48.943 [info] Marked extension as uninstalled catppuccin.catppuccin-vsc-3.15.2
2024-11-14 09:23:48.963 [info] Extension installed successfully: catppuccin.catppuccin-vsc vscode-userdata:/home/anu/.vscode/extensions/extensions.json
2024-11-14 09:23:49.016 [error] [uncaught exception in sharedProcess]: Error: ENOENT: no such file or directory, stat '/home/anu/.vscode/extensions/extensions.json.vsctmp': EntryNotFound (FileSystemError): Error: ENOENT: no such file or directory, stat '/home/anu/.vscode/extensions/extensions.json.vsctmp'
    at hm.create (file:///opt/visual-studio-code/resources/app/out/vs/code/electron-utility/sharedProcess/sharedProcessMain.js:35:39254)
    at Es (file:///opt/visual-studio-code/resources/app/out/vs/code/electron-utility/sharedProcess/sharedProcessMain.js:35:39361)
    at Fr.ib (file:///opt/visual-studio-code/resources/app/out/vs/code/electron-utility/sharedProcess/sharedProcessMain.js:71:22677)
    at Fr.stat (file:///opt/visual-studio-code/resources/app/out/vs/code/electron-utility/sharedProcess/sharedProcessMain.js:71:16010)
    at async Zl.stat (file:///opt/visual-studio-code/resources/app/out/vs/code/electron-utility/sharedProcess/sharedProcessMain.js:70:84491)
    at async Jl.yb (file:///opt/visual-studio-code/resources/app/out/vs/code/electron-utility/sharedProcess/sharedProcessMain.js:70:66605)
2024-11-14 09:24:13.197 [info] Getting Manifest... asvetliakov.vscode-neovim
2024-11-14 09:24:13.398 [info] Installing extension: asvetliakov.vscode-neovim {"isMachineScoped":false,"installPreReleaseVersion":false,"pinned":false,"profileLocation":{"$mid":1,"external":"vscode-userdata:/home/anu/.vscode/extensions/extensions.json","path":"/home/anu/.vscode/extensions/extensions.json","scheme":"vscode-userdata"},"installOnlyNewlyAddedFromExtensionPack":true,"isApplicationScoped":false,"productVersion":{"version":"1.95.2","date":"2024-11-07T11:07:22.054Z"}}
2024-11-14 09:24:14.843 [info] Extension signature verification result for asvetliakov.vscode-neovim: UnknownError. Executed: true. Duration: 9ms.
2024-11-14 09:24:14.878 [info] Extracted extension to file:///home/anu/.vscode/extensions/asvetliakov.vscode-neovim-1.18.14: asvetliakov.vscode-neovim
2024-11-14 09:24:14.880 [info] Renamed to /home/anu/.vscode/extensions/asvetliakov.vscode-neovim-1.18.14
2024-11-14 09:24:14.906 [info] Extension installed successfully: asvetliakov.vscode-neovim vscode-userdata:/home/anu/.vscode/extensions/extensions.json
2024-11-14 09:24:14.975 [error] [uncaught exception in sharedProcess]: Error: ENOENT: no such file or directory, stat '/home/anu/.vscode/extensions/extensions.json.vsctmp': EntryNotFound (FileSystemError): Error: ENOENT: no such file or directory, stat '/home/anu/.vscode/extensions/extensions.json.vsctmp'
    at hm.create (file:///opt/visual-studio-code/resources/app/out/vs/code/electron-utility/sharedProcess/sharedProcessMain.js:35:39254)
    at Es (file:///opt/visual-studio-code/resources/app/out/vs/code/electron-utility/sharedProcess/sharedProcessMain.js:35:39361)
    at Fr.ib (file:///opt/visual-studio-code/resources/app/out/vs/code/electron-utility/sharedProcess/sharedProcessMain.js:71:22677)
    at Fr.stat (file:///opt/visual-studio-code/resources/app/out/vs/code/electron-utility/sharedProcess/sharedProcessMain.js:71:16010)
    at async Zl.stat (file:///opt/visual-studio-code/resources/app/out/vs/code/electron-utility/sharedProcess/sharedProcessMain.js:70:84491)
    at async Jl.yb (file:///opt/visual-studio-code/resources/app/out/vs/code/electron-utility/sharedProcess/sharedProcessMain.js:70:66605)
