2024-11-14 09:23:40.178 [info] Using settings sync service https://vscode-sync.trafficmanager.net/
2024-11-14 09:23:40.178 [info] Auto Sync is enabled.
2024-11-14 09:23:40.178 [info] Auto Sync: Suspended until auth token is available.
2024-11-14 09:23:41.094 [info] Auto Sync: Triggered by Interval
2024-11-14 09:23:41.095 [info] Sync started.
2024-11-14 09:23:42.182 [info] Settings: No changes found during synchronizing settings.
2024-11-14 09:23:42.190 [info] Keybindings: No changes found during synchronizing keybindings.
2024-11-14 09:23:42.193 [info] Snippets: No changes found during synchronizing snippets.
2024-11-14 09:23:42.195 [info] Tasks: No changes found during synchronizing tasks.
2024-11-14 09:23:42.943 [info] GlobalState: Updated remote ui state. Added: workbench.auxiliarybar.pinnedPanels,workbench.chat.hideMovedChatWelcomeView. Updated: cpp.1.lastSessionDate,cpp.1.sessionCount,java.2.lastSessionDate,java.2.sessionCount,csharp.1.lastSessionDate,csharp.1.sessionCount.
2024-11-14 09:23:42.945 [info] GlobalState: Updated last synchronized ui state
2024-11-14 09:23:43.106 [info] Extensions: No changes found during synchronizing extensions.
2024-11-14 09:23:43.108 [info] Extensions: Updated last synchronized extensions. Skipped: ["msjsdiag.debugger-for-edge","dzannotti.vscode-babel-coloring"].
2024-11-14 09:23:43.109 [info] Profiles: No changes found during synchronizing profiles.
2024-11-14 09:23:43.110 [info] Sync done. Took 2017ms
2024-11-14 09:23:44.433 [info] Auto Sync: Triggered by Activity
2024-11-14 09:23:44.433 [info] Sync started.
2024-11-14 09:23:44.538 [info] Settings: No changes found during synchronizing settings.
2024-11-14 09:23:44.539 [info] Keybindings: No changes found during synchronizing keybindings.
2024-11-14 09:23:44.541 [info] Snippets: No changes found during synchronizing snippets.
2024-11-14 09:23:44.542 [info] Tasks: No changes found during synchronizing tasks.
2024-11-14 09:23:44.544 [info] GlobalState: No changes found during synchronizing ui state.
2024-11-14 09:23:44.577 [info] Extensions: No changes found during synchronizing extensions.
2024-11-14 09:23:44.577 [info] Profiles: No changes found during synchronizing profiles.
2024-11-14 09:23:44.578 [info] Sync done. Took 146ms
2024-11-14 09:23:58.155 [info] Auto Sync: Triggered by Activity
2024-11-14 09:23:58.155 [info] Sync started.
2024-11-14 09:23:58.883 [info] Settings: Updated remote settings
2024-11-14 09:23:58.895 [info] Settings: Updated last synchronized settings
2024-11-14 09:23:58.897 [info] Keybindings: No changes found during synchronizing keybindings.
2024-11-14 09:23:58.898 [info] Snippets: No changes found during synchronizing snippets.
2024-11-14 09:23:58.899 [info] Tasks: No changes found during synchronizing tasks.
2024-11-14 09:24:00.134 [info] GlobalState: Updated remote ui state. Updated: colorThemeData.
2024-11-14 09:24:00.143 [info] GlobalState: Updated last synchronized ui state
2024-11-14 09:24:00.176 [info] Extensions: No changes found during synchronizing extensions.
2024-11-14 09:24:00.176 [info] Profiles: No changes found during synchronizing profiles.
2024-11-14 09:24:00.177 [info] Sync done. Took 2023ms
2024-11-14 09:24:17.009 [info] Auto Sync: Triggered by Activity
2024-11-14 09:24:17.009 [info] Sync started.
2024-11-14 09:24:17.132 [info] Settings: No changes found during synchronizing settings.
2024-11-14 09:24:17.133 [info] Keybindings: No changes found during synchronizing keybindings.
2024-11-14 09:24:17.134 [info] Snippets: No changes found during synchronizing snippets.
2024-11-14 09:24:17.135 [info] Tasks: No changes found during synchronizing tasks.
2024-11-14 09:24:17.138 [info] GlobalState: No changes found during synchronizing ui state.
2024-11-14 09:24:17.814 [info] Extensions: Updated remote extensions. Added: ["asvetliakov.vscode-neovim"].
2024-11-14 09:24:17.817 [info] Extensions: Updated last synchronized extensions. Skipped: ["msjsdiag.debugger-for-edge","dzannotti.vscode-babel-coloring"].
2024-11-14 09:24:17.818 [info] Profiles: No changes found during synchronizing profiles.
2024-11-14 09:24:17.819 [info] Sync done. Took 811ms
2024-11-14 09:24:24.150 [info] Auto Sync: Triggered by Activity
2024-11-14 09:24:24.150 [info] Sync started.
2024-11-14 09:24:24.968 [info] Settings: Updated remote settings
2024-11-14 09:24:24.970 [info] Settings: Updated last synchronized settings
2024-11-14 09:24:24.972 [info] Keybindings: No changes found during synchronizing keybindings.
2024-11-14 09:24:24.973 [info] Snippets: No changes found during synchronizing snippets.
2024-11-14 09:24:24.974 [info] Tasks: No changes found during synchronizing tasks.
2024-11-14 09:24:24.977 [info] GlobalState: No changes found during synchronizing ui state.
2024-11-14 09:24:25.019 [info] Extensions: No changes found during synchronizing extensions.
2024-11-14 09:24:25.021 [info] Profiles: No changes found during synchronizing profiles.
2024-11-14 09:24:25.022 [info] Sync done. Took 873ms
