2024-11-08 12:29:23.490 [info] Getting Manifest... catppuccin.catppuccin-vsc
2024-11-08 12:29:23.676 [info] Installing extension: catppuccin.catppuccin-vsc {"productVersion":{"version":"1.94.2","date":"2024-10-09T16:08:44.566Z"},"pinned":false,"operation":3,"isApplicationScoped":false,"profileLocation":{"$mid":1,"external":"vscode-userdata:/home/anu/.vscode/extensions/extensions.json","path":"/home/anu/.vscode/extensions/extensions.json","scheme":"vscode-userdata"},"installOnlyNewlyAddedFromExtensionPack":true}
2024-11-08 12:29:24.343 [info] Extension signature verification result for catppuccin.catppuccin-vsc: UnknownError. Executed: true. Duration: 17ms.
2024-11-08 12:29:24.357 [info] Extracted extension to file:///home/anu/.vscode/extensions/catppuccin.catppuccin-vsc-3.15.2: catppuccin.catppuccin-vsc
2024-11-08 12:29:24.359 [info] Renamed to /home/anu/.vscode/extensions/catppuccin.catppuccin-vsc-3.15.2
2024-11-08 12:29:24.368 [info] Marked extension as uninstalled catppuccin.catppuccin-vsc-3.15.1
2024-11-08 12:29:24.383 [info] Extension installed successfully: catppuccin.catppuccin-vsc vscode-userdata:/home/anu/.vscode/extensions/extensions.json
2024-11-08 12:29:24.453 [error] [uncaught exception in sharedProcess]: Error: ENOENT: no such file or directory, stat '/home/anu/.vscode/extensions/extensions.json.vsctmp': EntryNotFound (FileSystemError): Error: ENOENT: no such file or directory, stat '/home/anu/.vscode/extensions/extensions.json.vsctmp'
    at lm.create (file:///opt/visual-studio-code/resources/app/out/vs/code/electron-utility/sharedProcess/sharedProcessMain.js:35:39253)
    at Es (file:///opt/visual-studio-code/resources/app/out/vs/code/electron-utility/sharedProcess/sharedProcessMain.js:35:39360)
    at Fr.ib (file:///opt/visual-studio-code/resources/app/out/vs/code/electron-utility/sharedProcess/sharedProcessMain.js:71:22661)
    at Fr.stat (file:///opt/visual-studio-code/resources/app/out/vs/code/electron-utility/sharedProcess/sharedProcessMain.js:71:15994)
    at async eh.stat (file:///opt/visual-studio-code/resources/app/out/vs/code/electron-utility/sharedProcess/sharedProcessMain.js:70:84484)
    at async Kl.yb (file:///opt/visual-studio-code/resources/app/out/vs/code/electron-utility/sharedProcess/sharedProcessMain.js:70:66600)
2024-11-08 12:38:23.904 [info] Uninstalling extension from the profile: supermaven.supermaven@1.1.12 vscode-userdata:/home/anu/.vscode/extensions/extensions.json
2024-11-08 12:38:23.952 [info] Marked extension as uninstalled supermaven.supermaven-1.1.12-linux-x64
2024-11-08 12:38:24.020 [error] [uncaught exception in sharedProcess]: Error: ENOENT: no such file or directory, stat '/home/anu/.vscode/extensions/extensions.json.vsctmp': EntryNotFound (FileSystemError): Error: ENOENT: no such file or directory, stat '/home/anu/.vscode/extensions/extensions.json.vsctmp'
    at lm.create (file:///opt/visual-studio-code/resources/app/out/vs/code/electron-utility/sharedProcess/sharedProcessMain.js:35:39253)
    at Es (file:///opt/visual-studio-code/resources/app/out/vs/code/electron-utility/sharedProcess/sharedProcessMain.js:35:39360)
    at Fr.ib (file:///opt/visual-studio-code/resources/app/out/vs/code/electron-utility/sharedProcess/sharedProcessMain.js:71:22661)
    at Fr.stat (file:///opt/visual-studio-code/resources/app/out/vs/code/electron-utility/sharedProcess/sharedProcessMain.js:71:15994)
    at async eh.stat (file:///opt/visual-studio-code/resources/app/out/vs/code/electron-utility/sharedProcess/sharedProcessMain.js:70:84484)
    at async Kl.yb (file:///opt/visual-studio-code/resources/app/out/vs/code/electron-utility/sharedProcess/sharedProcessMain.js:70:66600)
2024-11-08 12:38:24.733 [info] Successfully uninstalled extension from the profile supermaven.supermaven@1.1.12 vscode-userdata:/home/anu/.vscode/extensions/extensions.json
