2024-11-08 12:29:11.914 [info] Using settings sync service https://vscode-sync.trafficmanager.net/
2024-11-08 12:29:11.914 [info] Auto Sync is enabled.
2024-11-08 12:29:11.914 [info] Auto Sync: Suspended until auth token is available.
2024-11-08 12:29:12.851 [info] Auto Sync: Triggered by Interval
2024-11-08 12:29:12.851 [info] Sync started.
2024-11-08 12:29:13.900 [info] Settings: No changes found during synchronizing settings.
2024-11-08 12:29:13.906 [info] Keybindings: No changes found during synchronizing keybindings.
2024-11-08 12:29:13.908 [info] Snippets: No changes found during synchronizing snippets.
2024-11-08 12:29:13.910 [info] Tasks: No changes found during synchronizing tasks.
2024-11-08 12:29:15.202 [info] GlobalState: Updated remote ui state. Updated: cpp.1.lastSessionDate,cpp.1.sessionCount,java.2.lastSessionDate,java.2.sessionCount,csharp.1.lastSessionDate,csharp.1.sessionCount.
2024-11-08 12:29:15.204 [info] GlobalState: Updated last synchronized ui state
2024-11-08 12:29:15.238 [info] Extensions: No changes found during synchronizing extensions.
2024-11-08 12:29:15.241 [info] Profiles: No changes found during synchronizing profiles.
2024-11-08 12:29:15.242 [info] Sync done. Took 2392ms
2024-11-08 12:29:49.774 [info] Auto Sync: Triggered by Activity
2024-11-08 12:29:49.774 [info] Sync started.
2024-11-08 12:29:50.673 [info] Settings: Updated remote settings
2024-11-08 12:29:50.681 [info] Settings: Updated last synchronized settings
2024-11-08 12:29:50.683 [info] Keybindings: No changes found during synchronizing keybindings.
2024-11-08 12:29:50.686 [info] Snippets: No changes found during synchronizing snippets.
2024-11-08 12:29:50.687 [info] Tasks: No changes found during synchronizing tasks.
2024-11-08 12:29:52.311 [info] GlobalState: Updated remote ui state. Updated: colorThemeData.
2024-11-08 12:29:52.319 [info] GlobalState: Updated last synchronized ui state
2024-11-08 12:29:52.367 [info] Extensions: No changes found during synchronizing extensions.
2024-11-08 12:29:52.370 [info] Profiles: No changes found during synchronizing profiles.
2024-11-08 12:29:52.371 [info] Sync done. Took 2598ms
2024-11-08 12:30:14.727 [info] Auto Sync: Triggered by Activity
2024-11-08 12:30:14.727 [info] Sync started.
2024-11-08 12:30:14.848 [info] Settings: No changes found during synchronizing settings.
2024-11-08 12:30:14.850 [info] Keybindings: No changes found during synchronizing keybindings.
2024-11-08 12:30:14.851 [info] Snippets: No changes found during synchronizing snippets.
2024-11-08 12:30:14.852 [info] Tasks: No changes found during synchronizing tasks.
2024-11-08 12:30:14.854 [info] GlobalState: No changes found during synchronizing ui state.
2024-11-08 12:30:14.887 [info] Extensions: No changes found during synchronizing extensions.
2024-11-08 12:30:14.888 [info] Profiles: No changes found during synchronizing profiles.
2024-11-08 12:30:14.889 [info] Sync done. Took 162ms
2024-11-08 12:30:34.715 [info] Auto Sync: Triggered by Activity
2024-11-08 12:30:34.716 [info] Sync started.
2024-11-08 12:30:34.933 [info] Settings: No changes found during synchronizing settings.
2024-11-08 12:30:34.934 [info] Keybindings: No changes found during synchronizing keybindings.
2024-11-08 12:30:34.936 [info] Snippets: No changes found during synchronizing snippets.
2024-11-08 12:30:34.937 [info] Tasks: No changes found during synchronizing tasks.
2024-11-08 12:30:34.940 [info] GlobalState: No changes found during synchronizing ui state.
2024-11-08 12:30:34.983 [info] Extensions: No changes found during synchronizing extensions.
2024-11-08 12:30:34.986 [info] Profiles: No changes found during synchronizing profiles.
2024-11-08 12:30:34.986 [info] Sync done. Took 272ms
2024-11-08 12:30:48.665 [info] Auto Sync: Triggered by Activity
2024-11-08 12:30:48.665 [info] Sync started.
2024-11-08 12:30:48.948 [info] Settings: No changes found during synchronizing settings.
2024-11-08 12:30:48.952 [info] Keybindings: No changes found during synchronizing keybindings.
2024-11-08 12:30:48.953 [info] Snippets: No changes found during synchronizing snippets.
2024-11-08 12:30:48.954 [info] Tasks: No changes found during synchronizing tasks.
2024-11-08 12:30:48.957 [info] GlobalState: No changes found during synchronizing ui state.
2024-11-08 12:30:48.985 [info] Extensions: No changes found during synchronizing extensions.
2024-11-08 12:30:48.988 [info] Profiles: No changes found during synchronizing profiles.
2024-11-08 12:30:48.989 [info] Sync done. Took 324ms
2024-11-08 12:35:48.990 [info] Auto Sync: Triggered by Interval
2024-11-08 12:35:48.990 [info] Sync started.
2024-11-08 12:35:49.506 [info] Settings: No changes found during synchronizing settings.
2024-11-08 12:35:49.508 [info] Keybindings: No changes found during synchronizing keybindings.
2024-11-08 12:35:49.509 [info] Snippets: No changes found during synchronizing snippets.
2024-11-08 12:35:49.510 [info] Tasks: No changes found during synchronizing tasks.
2024-11-08 12:35:49.513 [info] GlobalState: No changes found during synchronizing ui state.
2024-11-08 12:35:49.546 [info] Extensions: No changes found during synchronizing extensions.
2024-11-08 12:35:49.547 [info] Profiles: No changes found during synchronizing profiles.
2024-11-08 12:35:49.548 [info] Sync done. Took 559ms
2024-11-08 12:37:46.206 [info] Auto Sync: Triggered by Activity
2024-11-08 12:37:46.206 [info] Sync started.
2024-11-08 12:37:46.352 [info] Settings: No changes found during synchronizing settings.
2024-11-08 12:37:46.354 [info] Keybindings: No changes found during synchronizing keybindings.
2024-11-08 12:37:46.356 [info] Snippets: No changes found during synchronizing snippets.
2024-11-08 12:37:46.358 [info] Tasks: No changes found during synchronizing tasks.
2024-11-08 12:37:46.360 [info] GlobalState: No changes found during synchronizing ui state.
2024-11-08 12:37:46.398 [info] Extensions: No changes found during synchronizing extensions.
2024-11-08 12:37:46.399 [info] Profiles: No changes found during synchronizing profiles.
2024-11-08 12:37:46.400 [info] Sync done. Took 195ms
2024-11-08 12:38:26.836 [info] Auto Sync: Triggered by Activity
2024-11-08 12:38:26.836 [info] Sync started.
2024-11-08 12:38:27.117 [info] Settings: No changes found during synchronizing settings.
2024-11-08 12:38:27.119 [info] Keybindings: No changes found during synchronizing keybindings.
2024-11-08 12:38:27.121 [info] Snippets: No changes found during synchronizing snippets.
2024-11-08 12:38:27.122 [info] Tasks: No changes found during synchronizing tasks.
2024-11-08 12:38:27.125 [info] GlobalState: No changes found during synchronizing ui state.
2024-11-08 12:38:27.927 [info] Extensions: Updated remote extensions. Removed: ["supermaven.supermaven"].
2024-11-08 12:38:27.934 [info] Extensions: Updated last synchronized extensions. Skipped: ["msjsdiag.debugger-for-edge","dzannotti.vscode-babel-coloring"].
2024-11-08 12:38:27.935 [info] Profiles: No changes found during synchronizing profiles.
2024-11-08 12:38:27.936 [info] Sync done. Took 1101ms
2024-11-08 12:38:29.434 [info] Auto Sync: Triggered by Activity
2024-11-08 12:38:29.435 [info] Sync started.
2024-11-08 12:38:29.550 [info] Settings: No changes found during synchronizing settings.
2024-11-08 12:38:29.551 [info] Keybindings: No changes found during synchronizing keybindings.
2024-11-08 12:38:29.553 [info] Snippets: No changes found during synchronizing snippets.
2024-11-08 12:38:29.554 [info] Tasks: No changes found during synchronizing tasks.
2024-11-08 12:38:31.085 [info] GlobalState: Updated remote ui state. Updated: workbench.activity.pinnedViewlets2,workbench.explorer.views.state.hidden.
2024-11-08 12:38:31.093 [info] GlobalState: Updated last synchronized ui state
2024-11-08 12:38:31.129 [info] Extensions: No changes found during synchronizing extensions.
2024-11-08 12:38:31.130 [info] Profiles: No changes found during synchronizing profiles.
2024-11-08 12:38:31.131 [info] Sync done. Took 1696ms
2024-11-08 12:39:39.441 [info] Auto Sync: Triggered by Activity
2024-11-08 12:39:39.442 [info] Sync started.
2024-11-08 12:39:39.595 [info] Settings: No changes found during synchronizing settings.
2024-11-08 12:39:39.598 [info] Keybindings: No changes found during synchronizing keybindings.
2024-11-08 12:39:39.599 [info] Snippets: No changes found during synchronizing snippets.
2024-11-08 12:39:39.600 [info] Tasks: No changes found during synchronizing tasks.
2024-11-08 12:39:39.603 [info] GlobalState: No changes found during synchronizing ui state.
2024-11-08 12:39:39.642 [info] Extensions: No changes found during synchronizing extensions.
2024-11-08 12:39:39.645 [info] Profiles: No changes found during synchronizing profiles.
2024-11-08 12:39:39.646 [info] Sync done. Took 204ms
2024-11-08 12:44:39.648 [info] Auto Sync: Triggered by Interval
2024-11-08 12:44:39.648 [info] Sync started.
2024-11-08 12:44:40.275 [info] Settings: No changes found during synchronizing settings.
2024-11-08 12:44:40.278 [info] Keybindings: No changes found during synchronizing keybindings.
2024-11-08 12:44:40.280 [info] Snippets: No changes found during synchronizing snippets.
2024-11-08 12:44:40.281 [info] Tasks: No changes found during synchronizing tasks.
2024-11-08 12:44:40.284 [info] GlobalState: No changes found during synchronizing ui state.
2024-11-08 12:44:40.321 [info] Extensions: No changes found during synchronizing extensions.
2024-11-08 12:44:40.322 [info] Profiles: No changes found during synchronizing profiles.
2024-11-08 12:44:40.323 [info] Sync done. Took 675ms
2024-11-08 12:49:40.331 [info] Auto Sync: Triggered by Interval
2024-11-08 12:49:40.331 [info] Sync started.
2024-11-08 12:49:41.001 [info] Settings: No changes found during synchronizing settings.
2024-11-08 12:49:41.003 [info] Keybindings: No changes found during synchronizing keybindings.
2024-11-08 12:49:41.005 [info] Snippets: No changes found during synchronizing snippets.
2024-11-08 12:49:41.006 [info] Tasks: No changes found during synchronizing tasks.
2024-11-08 12:49:41.008 [info] GlobalState: No changes found during synchronizing ui state.
2024-11-08 12:49:41.044 [info] Extensions: No changes found during synchronizing extensions.
2024-11-08 12:49:41.047 [info] Profiles: No changes found during synchronizing profiles.
2024-11-08 12:49:41.047 [info] Sync done. Took 717ms
2024-11-08 12:54:41.050 [info] Auto Sync: Triggered by Interval
2024-11-08 12:54:41.050 [info] Sync started.
2024-11-08 12:54:41.659 [info] Settings: No changes found during synchronizing settings.
2024-11-08 12:54:41.660 [info] Keybindings: No changes found during synchronizing keybindings.
2024-11-08 12:54:41.662 [info] Snippets: No changes found during synchronizing snippets.
2024-11-08 12:54:41.663 [info] Tasks: No changes found during synchronizing tasks.
2024-11-08 12:54:41.665 [info] GlobalState: No changes found during synchronizing ui state.
2024-11-08 12:54:41.704 [info] Extensions: No changes found during synchronizing extensions.
2024-11-08 12:54:41.705 [info] Profiles: No changes found during synchronizing profiles.
2024-11-08 12:54:41.705 [info] Sync done. Took 656ms
2024-11-08 12:59:41.730 [info] Auto Sync: Triggered by Interval
2024-11-08 12:59:41.731 [info] Sync started.
2024-11-08 12:59:42.301 [info] Settings: No changes found during synchronizing settings.
2024-11-08 12:59:42.303 [info] Keybindings: No changes found during synchronizing keybindings.
2024-11-08 12:59:42.304 [info] Snippets: No changes found during synchronizing snippets.
2024-11-08 12:59:42.305 [info] Tasks: No changes found during synchronizing tasks.
2024-11-08 12:59:42.308 [info] GlobalState: No changes found during synchronizing ui state.
2024-11-08 12:59:42.347 [info] Extensions: No changes found during synchronizing extensions.
2024-11-08 12:59:42.350 [info] Profiles: No changes found during synchronizing profiles.
2024-11-08 12:59:42.351 [info] Sync done. Took 621ms
2024-11-08 13:04:42.364 [info] Auto Sync: Triggered by Interval
2024-11-08 13:04:42.364 [info] Sync started.
2024-11-08 13:04:42.972 [info] Settings: No changes found during synchronizing settings.
2024-11-08 13:04:42.973 [info] Keybindings: No changes found during synchronizing keybindings.
2024-11-08 13:04:42.975 [info] Snippets: No changes found during synchronizing snippets.
2024-11-08 13:04:42.976 [info] Tasks: No changes found during synchronizing tasks.
2024-11-08 13:04:42.978 [info] GlobalState: No changes found during synchronizing ui state.
2024-11-08 13:04:43.012 [info] Extensions: No changes found during synchronizing extensions.
2024-11-08 13:04:43.013 [info] Profiles: No changes found during synchronizing profiles.
2024-11-08 13:04:43.013 [info] Sync done. Took 650ms
2024-11-08 13:09:43.016 [info] Auto Sync: Triggered by Interval
2024-11-08 13:09:43.016 [info] Sync started.
2024-11-08 13:09:43.707 [info] Settings: No changes found during synchronizing settings.
2024-11-08 13:09:43.709 [info] Keybindings: No changes found during synchronizing keybindings.
2024-11-08 13:09:43.711 [info] Snippets: No changes found during synchronizing snippets.
2024-11-08 13:09:43.712 [info] Tasks: No changes found during synchronizing tasks.
2024-11-08 13:09:43.715 [info] GlobalState: No changes found during synchronizing ui state.
2024-11-08 13:09:43.755 [info] Extensions: No changes found during synchronizing extensions.
2024-11-08 13:09:43.756 [info] Profiles: No changes found during synchronizing profiles.
2024-11-08 13:09:43.757 [info] Sync done. Took 741ms
2024-11-08 13:14:43.775 [info] Auto Sync: Triggered by Interval
2024-11-08 13:14:43.775 [info] Sync started.
2024-11-08 13:14:44.666 [info] Settings: No changes found during synchronizing settings.
2024-11-08 13:14:44.667 [info] Keybindings: No changes found during synchronizing keybindings.
2024-11-08 13:14:44.669 [info] Snippets: No changes found during synchronizing snippets.
2024-11-08 13:14:44.670 [info] Tasks: No changes found during synchronizing tasks.
2024-11-08 13:14:44.673 [info] GlobalState: No changes found during synchronizing ui state.
2024-11-08 13:14:44.708 [info] Extensions: No changes found during synchronizing extensions.
2024-11-08 13:14:44.709 [info] Profiles: No changes found during synchronizing profiles.
2024-11-08 13:14:44.709 [info] Sync done. Took 935ms
2024-11-08 13:19:44.711 [info] Auto Sync: Triggered by Interval
2024-11-08 13:19:44.711 [info] Sync started.
2024-11-08 13:19:45.321 [info] Settings: No changes found during synchronizing settings.
2024-11-08 13:19:45.323 [info] Keybindings: No changes found during synchronizing keybindings.
2024-11-08 13:19:45.325 [info] Snippets: No changes found during synchronizing snippets.
2024-11-08 13:19:45.326 [info] Tasks: No changes found during synchronizing tasks.
2024-11-08 13:19:45.329 [info] GlobalState: No changes found during synchronizing ui state.
2024-11-08 13:19:45.368 [info] Extensions: No changes found during synchronizing extensions.
2024-11-08 13:19:45.372 [info] Profiles: No changes found during synchronizing profiles.
2024-11-08 13:19:45.373 [info] Sync done. Took 662ms
2024-11-08 13:24:45.407 [info] Auto Sync: Triggered by Interval
2024-11-08 13:24:45.407 [info] Sync started.
2024-11-08 13:24:45.975 [info] Settings: No changes found during synchronizing settings.
2024-11-08 13:24:45.977 [info] Keybindings: No changes found during synchronizing keybindings.
2024-11-08 13:24:45.979 [info] Snippets: No changes found during synchronizing snippets.
2024-11-08 13:24:45.980 [info] Tasks: No changes found during synchronizing tasks.
2024-11-08 13:24:45.983 [info] GlobalState: No changes found during synchronizing ui state.
2024-11-08 13:24:46.018 [info] Extensions: No changes found during synchronizing extensions.
2024-11-08 13:24:46.019 [info] Profiles: No changes found during synchronizing profiles.
2024-11-08 13:24:46.019 [info] Sync done. Took 613ms
2024-11-08 13:29:46.054 [info] Auto Sync: Triggered by Interval
2024-11-08 13:29:46.054 [info] Sync started.
2024-11-08 13:29:51.738 [info] Settings: No changes found during synchronizing settings.
2024-11-08 13:29:51.740 [info] Keybindings: No changes found during synchronizing keybindings.
2024-11-08 13:29:51.741 [info] Snippets: No changes found during synchronizing snippets.
2024-11-08 13:29:51.742 [info] Tasks: No changes found during synchronizing tasks.
2024-11-08 13:29:51.744 [info] GlobalState: No changes found during synchronizing ui state.
2024-11-08 13:29:51.781 [info] Extensions: No changes found during synchronizing extensions.
2024-11-08 13:29:51.783 [info] Profiles: No changes found during synchronizing profiles.
2024-11-08 13:29:51.783 [info] Sync done. Took 5730ms
2024-11-08 13:34:51.823 [info] Auto Sync: Triggered by Interval
2024-11-08 13:34:51.823 [info] Sync started.
2024-11-08 13:34:52.491 [info] Settings: No changes found during synchronizing settings.
2024-11-08 13:34:52.493 [info] Keybindings: No changes found during synchronizing keybindings.
2024-11-08 13:34:52.495 [info] Snippets: No changes found during synchronizing snippets.
2024-11-08 13:34:52.496 [info] Tasks: No changes found during synchronizing tasks.
2024-11-08 13:34:52.498 [info] GlobalState: No changes found during synchronizing ui state.
2024-11-08 13:34:52.533 [info] Extensions: No changes found during synchronizing extensions.
2024-11-08 13:34:52.533 [info] Profiles: No changes found during synchronizing profiles.
2024-11-08 13:34:52.534 [info] Sync done. Took 712ms
2024-11-08 13:39:52.575 [info] Auto Sync: Triggered by Interval
2024-11-08 13:39:52.575 [info] Sync started.
2024-11-08 13:39:53.252 [info] Settings: No changes found during synchronizing settings.
2024-11-08 13:39:53.254 [info] Keybindings: No changes found during synchronizing keybindings.
2024-11-08 13:39:53.255 [info] Snippets: No changes found during synchronizing snippets.
2024-11-08 13:39:53.256 [info] Tasks: No changes found during synchronizing tasks.
2024-11-08 13:39:53.258 [info] GlobalState: No changes found during synchronizing ui state.
2024-11-08 13:39:53.296 [info] Extensions: No changes found during synchronizing extensions.
2024-11-08 13:39:53.303 [info] Profiles: No changes found during synchronizing profiles.
2024-11-08 13:39:53.304 [info] Sync done. Took 724ms
2024-11-08 13:44:53.334 [info] Auto Sync: Triggered by Interval
2024-11-08 13:44:53.335 [info] Sync started.
2024-11-08 13:44:54.001 [info] Settings: No changes found during synchronizing settings.
2024-11-08 13:44:54.002 [info] Keybindings: No changes found during synchronizing keybindings.
2024-11-08 13:44:54.004 [info] Snippets: No changes found during synchronizing snippets.
2024-11-08 13:44:54.005 [info] Tasks: No changes found during synchronizing tasks.
2024-11-08 13:44:54.007 [info] GlobalState: No changes found during synchronizing ui state.
2024-11-08 13:44:54.043 [info] Extensions: No changes found during synchronizing extensions.
2024-11-08 13:44:54.045 [info] Profiles: No changes found during synchronizing profiles.
2024-11-08 13:44:54.046 [info] Sync done. Took 713ms
2024-11-08 13:49:54.089 [info] Auto Sync: Triggered by Interval
2024-11-08 13:49:54.089 [info] Sync started.
2024-11-08 13:49:54.753 [info] Settings: No changes found during synchronizing settings.
2024-11-08 13:49:54.755 [info] Keybindings: No changes found during synchronizing keybindings.
2024-11-08 13:49:54.756 [info] Snippets: No changes found during synchronizing snippets.
2024-11-08 13:49:54.757 [info] Tasks: No changes found during synchronizing tasks.
2024-11-08 13:49:54.760 [info] GlobalState: No changes found during synchronizing ui state.
2024-11-08 13:49:54.795 [info] Extensions: No changes found during synchronizing extensions.
2024-11-08 13:49:54.796 [info] Profiles: No changes found during synchronizing profiles.
2024-11-08 13:49:54.796 [info] Sync done. Took 709ms
2024-11-08 13:54:54.837 [info] Auto Sync: Triggered by Interval
2024-11-08 13:54:54.838 [info] Sync started.
2024-11-08 13:54:55.525 [info] Settings: No changes found during synchronizing settings.
2024-11-08 13:54:55.526 [info] Keybindings: No changes found during synchronizing keybindings.
2024-11-08 13:54:55.528 [info] Snippets: No changes found during synchronizing snippets.
2024-11-08 13:54:55.529 [info] Tasks: No changes found during synchronizing tasks.
2024-11-08 13:54:55.532 [info] GlobalState: No changes found during synchronizing ui state.
2024-11-08 13:54:55.568 [info] Extensions: No changes found during synchronizing extensions.
2024-11-08 13:54:55.571 [info] Profiles: No changes found during synchronizing profiles.
2024-11-08 13:54:55.572 [info] Sync done. Took 734ms
2024-11-08 13:59:55.615 [info] Auto Sync: Triggered by Interval
2024-11-08 13:59:55.616 [info] Sync started.
2024-11-08 13:59:56.163 [info] Settings: No changes found during synchronizing settings.
2024-11-08 13:59:56.164 [info] Keybindings: No changes found during synchronizing keybindings.
2024-11-08 13:59:56.166 [info] Snippets: No changes found during synchronizing snippets.
2024-11-08 13:59:56.167 [info] Tasks: No changes found during synchronizing tasks.
2024-11-08 13:59:56.170 [info] GlobalState: No changes found during synchronizing ui state.
2024-11-08 13:59:56.204 [info] Extensions: No changes found during synchronizing extensions.
2024-11-08 13:59:56.204 [info] Profiles: No changes found during synchronizing profiles.
2024-11-08 13:59:56.205 [info] Sync done. Took 591ms
2024-11-08 14:04:56.247 [info] Auto Sync: Triggered by Interval
2024-11-08 14:04:56.247 [info] Sync started.
2024-11-08 14:04:56.813 [info] Settings: No changes found during synchronizing settings.
2024-11-08 14:04:56.815 [info] Keybindings: No changes found during synchronizing keybindings.
2024-11-08 14:04:56.817 [info] Snippets: No changes found during synchronizing snippets.
2024-11-08 14:04:56.818 [info] Tasks: No changes found during synchronizing tasks.
2024-11-08 14:04:56.821 [info] GlobalState: No changes found during synchronizing ui state.
2024-11-08 14:04:56.855 [info] Extensions: No changes found during synchronizing extensions.
2024-11-08 14:04:56.856 [info] Profiles: No changes found during synchronizing profiles.
2024-11-08 14:04:56.857 [info] Sync done. Took 610ms
2024-11-08 14:09:56.901 [info] Auto Sync: Triggered by Interval
2024-11-08 14:09:56.901 [info] Sync started.
2024-11-08 14:09:57.574 [info] Settings: No changes found during synchronizing settings.
2024-11-08 14:09:57.575 [info] Keybindings: No changes found during synchronizing keybindings.
2024-11-08 14:09:57.577 [info] Snippets: No changes found during synchronizing snippets.
2024-11-08 14:09:57.578 [info] Tasks: No changes found during synchronizing tasks.
2024-11-08 14:09:57.580 [info] GlobalState: No changes found during synchronizing ui state.
2024-11-08 14:09:57.615 [info] Extensions: No changes found during synchronizing extensions.
2024-11-08 14:09:57.617 [info] Profiles: No changes found during synchronizing profiles.
2024-11-08 14:09:57.617 [info] Sync done. Took 717ms
2024-11-08 14:14:57.662 [info] Auto Sync: Triggered by Interval
2024-11-08 14:14:57.663 [info] Sync started.
2024-11-08 14:14:58.421 [info] Settings: No changes found during synchronizing settings.
2024-11-08 14:14:58.424 [info] Keybindings: No changes found during synchronizing keybindings.
2024-11-08 14:14:58.425 [info] Snippets: No changes found during synchronizing snippets.
2024-11-08 14:14:58.426 [info] Tasks: No changes found during synchronizing tasks.
2024-11-08 14:14:58.428 [info] GlobalState: No changes found during synchronizing ui state.
2024-11-08 14:14:58.464 [info] Extensions: No changes found during synchronizing extensions.
2024-11-08 14:14:58.466 [info] Profiles: No changes found during synchronizing profiles.
2024-11-08 14:14:58.467 [info] Sync done. Took 804ms
2024-11-08 14:19:58.508 [info] Auto Sync: Triggered by Interval
2024-11-08 14:19:58.508 [info] Sync started.
2024-11-08 14:19:59.178 [info] Settings: No changes found during synchronizing settings.
2024-11-08 14:19:59.179 [info] Keybindings: No changes found during synchronizing keybindings.
2024-11-08 14:19:59.180 [info] Snippets: No changes found during synchronizing snippets.
2024-11-08 14:19:59.181 [info] Tasks: No changes found during synchronizing tasks.
2024-11-08 14:19:59.184 [info] GlobalState: No changes found during synchronizing ui state.
2024-11-08 14:19:59.220 [info] Extensions: No changes found during synchronizing extensions.
2024-11-08 14:19:59.220 [info] Profiles: No changes found during synchronizing profiles.
2024-11-08 14:19:59.221 [info] Sync done. Took 714ms
2024-11-08 14:24:59.266 [info] Auto Sync: Triggered by Interval
2024-11-08 14:24:59.267 [info] Sync started.
2024-11-08 14:24:59.931 [info] Settings: No changes found during synchronizing settings.
2024-11-08 14:24:59.933 [info] Keybindings: No changes found during synchronizing keybindings.
2024-11-08 14:24:59.935 [info] Snippets: No changes found during synchronizing snippets.
2024-11-08 14:24:59.936 [info] Tasks: No changes found during synchronizing tasks.
2024-11-08 14:24:59.939 [info] GlobalState: No changes found during synchronizing ui state.
2024-11-08 14:24:59.979 [info] Extensions: No changes found during synchronizing extensions.
2024-11-08 14:24:59.979 [info] Profiles: No changes found during synchronizing profiles.
2024-11-08 14:24:59.980 [info] Sync done. Took 714ms
2024-11-08 14:30:00.026 [info] Auto Sync: Triggered by Interval
2024-11-08 14:30:00.026 [info] Sync started.
2024-11-08 14:30:00.694 [info] Settings: No changes found during synchronizing settings.
2024-11-08 14:30:00.696 [info] Keybindings: No changes found during synchronizing keybindings.
2024-11-08 14:30:00.697 [info] Snippets: No changes found during synchronizing snippets.
2024-11-08 14:30:00.698 [info] Tasks: No changes found during synchronizing tasks.
2024-11-08 14:30:00.701 [info] GlobalState: No changes found during synchronizing ui state.
2024-11-08 14:30:00.738 [info] Extensions: No changes found during synchronizing extensions.
2024-11-08 14:30:00.741 [info] Profiles: No changes found during synchronizing profiles.
2024-11-08 14:30:00.741 [info] Sync done. Took 716ms
2024-11-08 14:35:00.789 [info] Auto Sync: Triggered by Interval
2024-11-08 14:35:00.789 [info] Sync started.
2024-11-08 14:35:01.537 [info] Settings: No changes found during synchronizing settings.
2024-11-08 14:35:01.538 [info] Keybindings: No changes found during synchronizing keybindings.
2024-11-08 14:35:01.540 [info] Snippets: No changes found during synchronizing snippets.
2024-11-08 14:35:01.541 [info] Tasks: No changes found during synchronizing tasks.
2024-11-08 14:35:01.543 [info] GlobalState: No changes found during synchronizing ui state.
2024-11-08 14:35:01.580 [info] Extensions: No changes found during synchronizing extensions.
2024-11-08 14:35:01.583 [info] Profiles: No changes found during synchronizing profiles.
2024-11-08 14:35:01.584 [info] Sync done. Took 796ms
2024-11-08 14:40:01.613 [info] Auto Sync: Triggered by Interval
2024-11-08 14:40:01.613 [info] Sync started.
2024-11-08 14:40:02.299 [info] Settings: No changes found during synchronizing settings.
2024-11-08 14:40:02.301 [info] Keybindings: No changes found during synchronizing keybindings.
2024-11-08 14:40:02.304 [info] Snippets: No changes found during synchronizing snippets.
2024-11-08 14:40:02.305 [info] Tasks: No changes found during synchronizing tasks.
2024-11-08 14:40:02.307 [info] GlobalState: No changes found during synchronizing ui state.
2024-11-08 14:40:02.336 [info] Extensions: No changes found during synchronizing extensions.
2024-11-08 14:40:02.337 [info] Profiles: No changes found during synchronizing profiles.
2024-11-08 14:40:02.338 [info] Sync done. Took 726ms
2024-11-08 14:45:02.385 [info] Auto Sync: Triggered by Interval
2024-11-08 14:45:02.386 [info] Sync started.
2024-11-08 14:45:03.056 [info] Settings: No changes found during synchronizing settings.
2024-11-08 14:45:03.058 [info] Keybindings: No changes found during synchronizing keybindings.
2024-11-08 14:45:03.059 [info] Snippets: No changes found during synchronizing snippets.
2024-11-08 14:45:03.061 [info] Tasks: No changes found during synchronizing tasks.
2024-11-08 14:45:03.064 [info] GlobalState: No changes found during synchronizing ui state.
2024-11-08 14:45:03.097 [info] Extensions: No changes found during synchronizing extensions.
2024-11-08 14:45:03.100 [info] Profiles: No changes found during synchronizing profiles.
2024-11-08 14:45:03.100 [info] Sync done. Took 715ms
2024-11-08 14:50:03.102 [info] Auto Sync: Triggered by Interval
2024-11-08 14:50:03.102 [info] Sync started.
2024-11-08 14:50:03.534 [info] Settings: No changes found during synchronizing settings.
2024-11-08 14:50:03.535 [info] Keybindings: No changes found during synchronizing keybindings.
2024-11-08 14:50:03.537 [info] Snippets: No changes found during synchronizing snippets.
2024-11-08 14:50:03.538 [info] Tasks: No changes found during synchronizing tasks.
2024-11-08 14:50:03.544 [info] GlobalState: No changes found during synchronizing ui state.
2024-11-08 14:50:03.581 [info] Extensions: No changes found during synchronizing extensions.
2024-11-08 14:50:03.584 [info] Profiles: No changes found during synchronizing profiles.
2024-11-08 14:50:03.585 [info] Sync done. Took 484ms
2024-11-08 14:55:03.635 [info] Auto Sync: Triggered by Interval
2024-11-08 14:55:03.635 [info] Sync started.
2024-11-08 14:55:04.107 [info] Settings: No changes found during synchronizing settings.
2024-11-08 14:55:04.109 [info] Keybindings: No changes found during synchronizing keybindings.
2024-11-08 14:55:04.111 [info] Snippets: No changes found during synchronizing snippets.
2024-11-08 14:55:04.112 [info] Tasks: No changes found during synchronizing tasks.
2024-11-08 14:55:04.115 [info] GlobalState: No changes found during synchronizing ui state.
2024-11-08 14:55:04.152 [info] Extensions: No changes found during synchronizing extensions.
2024-11-08 14:55:04.153 [info] Profiles: No changes found during synchronizing profiles.
2024-11-08 14:55:04.153 [info] Sync done. Took 519ms
2024-11-08 15:00:04.161 [info] Auto Sync: Triggered by Interval
2024-11-08 15:00:04.162 [info] Sync started.
2024-11-08 15:00:04.812 [info] Settings: No changes found during synchronizing settings.
2024-11-08 15:00:04.814 [info] Keybindings: No changes found during synchronizing keybindings.
2024-11-08 15:00:04.816 [info] Snippets: No changes found during synchronizing snippets.
2024-11-08 15:00:04.817 [info] Tasks: No changes found during synchronizing tasks.
2024-11-08 15:00:04.819 [info] GlobalState: No changes found during synchronizing ui state.
2024-11-08 15:00:04.855 [info] Extensions: No changes found during synchronizing extensions.
2024-11-08 15:00:04.858 [info] Profiles: No changes found during synchronizing profiles.
2024-11-08 15:00:04.859 [info] Sync done. Took 698ms
2024-11-08 15:00:51.321 [info] Auto Sync: Triggered by Activity
2024-11-08 15:00:51.321 [info] Sync started.
2024-11-08 15:00:51.489 [info] Settings: No changes found during synchronizing settings.
2024-11-08 15:00:51.490 [info] Keybindings: No changes found during synchronizing keybindings.
2024-11-08 15:00:51.492 [info] Snippets: No changes found during synchronizing snippets.
2024-11-08 15:00:51.493 [info] Tasks: No changes found during synchronizing tasks.
2024-11-08 15:00:51.495 [info] GlobalState: No changes found during synchronizing ui state.
2024-11-08 15:00:51.528 [info] Extensions: No changes found during synchronizing extensions.
2024-11-08 15:00:51.528 [info] Profiles: No changes found during synchronizing profiles.
2024-11-08 15:00:51.529 [info] Sync done. Took 209ms
2024-11-08 15:05:51.547 [info] Auto Sync: Triggered by Interval
2024-11-08 15:05:51.547 [info] Sync started.
2024-11-08 15:05:52.448 [info] Settings: No changes found during synchronizing settings.
2024-11-08 15:05:52.449 [info] Keybindings: No changes found during synchronizing keybindings.
2024-11-08 15:05:52.451 [info] Snippets: No changes found during synchronizing snippets.
2024-11-08 15:05:52.452 [info] Tasks: No changes found during synchronizing tasks.
2024-11-08 15:05:52.455 [info] GlobalState: No changes found during synchronizing ui state.
2024-11-08 15:05:52.492 [info] Extensions: No changes found during synchronizing extensions.
2024-11-08 15:05:52.493 [info] Profiles: No changes found during synchronizing profiles.
2024-11-08 15:05:52.494 [info] Sync done. Took 948ms
2024-11-08 15:10:52.497 [info] Auto Sync: Triggered by Interval
2024-11-08 15:10:52.497 [info] Sync started.
2024-11-08 15:10:53.210 [info] Settings: No changes found during synchronizing settings.
2024-11-08 15:10:53.212 [info] Keybindings: No changes found during synchronizing keybindings.
2024-11-08 15:10:53.214 [info] Snippets: No changes found during synchronizing snippets.
2024-11-08 15:10:53.215 [info] Tasks: No changes found during synchronizing tasks.
2024-11-08 15:10:53.217 [info] GlobalState: No changes found during synchronizing ui state.
2024-11-08 15:10:53.249 [info] Extensions: No changes found during synchronizing extensions.
2024-11-08 15:10:53.250 [info] Profiles: No changes found during synchronizing profiles.
2024-11-08 15:10:53.251 [info] Sync done. Took 755ms
2024-11-08 15:15:53.281 [info] Auto Sync: Triggered by Interval
2024-11-08 15:15:53.281 [info] Sync started.
2024-11-08 15:15:54.363 [info] Settings: No changes found during synchronizing settings.
2024-11-08 15:15:54.364 [info] Keybindings: No changes found during synchronizing keybindings.
2024-11-08 15:15:54.365 [info] Snippets: No changes found during synchronizing snippets.
2024-11-08 15:15:54.366 [info] Tasks: No changes found during synchronizing tasks.
2024-11-08 15:15:54.369 [info] GlobalState: No changes found during synchronizing ui state.
2024-11-08 15:15:54.404 [info] Extensions: No changes found during synchronizing extensions.
2024-11-08 15:15:54.405 [info] Profiles: No changes found during synchronizing profiles.
2024-11-08 15:15:54.405 [info] Sync done. Took 1125ms
2024-11-08 15:20:54.411 [info] Auto Sync: Triggered by Interval
2024-11-08 15:20:54.411 [info] Sync started.
2024-11-08 15:20:55.130 [info] Settings: No changes found during synchronizing settings.
2024-11-08 15:20:55.132 [info] Keybindings: No changes found during synchronizing keybindings.
2024-11-08 15:20:55.133 [info] Snippets: No changes found during synchronizing snippets.
2024-11-08 15:20:55.134 [info] Tasks: No changes found during synchronizing tasks.
2024-11-08 15:20:55.136 [info] GlobalState: No changes found during synchronizing ui state.
2024-11-08 15:20:55.172 [info] Extensions: No changes found during synchronizing extensions.
2024-11-08 15:20:55.175 [info] Profiles: No changes found during synchronizing profiles.
2024-11-08 15:20:55.176 [info] Sync done. Took 765ms
2024-11-08 15:25:55.177 [info] Auto Sync: Triggered by Interval
2024-11-08 15:25:55.177 [info] Sync started.
2024-11-08 15:25:55.783 [info] Settings: No changes found during synchronizing settings.
2024-11-08 15:25:55.784 [info] Keybindings: No changes found during synchronizing keybindings.
2024-11-08 15:25:55.786 [info] Snippets: No changes found during synchronizing snippets.
2024-11-08 15:25:55.787 [info] Tasks: No changes found during synchronizing tasks.
2024-11-08 15:25:55.790 [info] GlobalState: No changes found during synchronizing ui state.
2024-11-08 15:25:55.828 [info] Extensions: No changes found during synchronizing extensions.
2024-11-08 15:25:55.831 [info] Profiles: No changes found during synchronizing profiles.
2024-11-08 15:25:55.832 [info] Sync done. Took 655ms
2024-11-08 15:30:55.855 [info] Auto Sync: Triggered by Interval
2024-11-08 15:30:55.855 [info] Sync started.
2024-11-08 15:30:56.524 [info] Settings: No changes found during synchronizing settings.
2024-11-08 15:30:56.526 [info] Keybindings: No changes found during synchronizing keybindings.
2024-11-08 15:30:56.527 [info] Snippets: No changes found during synchronizing snippets.
2024-11-08 15:30:56.528 [info] Tasks: No changes found during synchronizing tasks.
2024-11-08 15:30:56.531 [info] GlobalState: No changes found during synchronizing ui state.
2024-11-08 15:30:56.564 [info] Extensions: No changes found during synchronizing extensions.
2024-11-08 15:30:56.564 [info] Profiles: No changes found during synchronizing profiles.
2024-11-08 15:30:56.565 [info] Sync done. Took 712ms
2024-11-08 15:35:56.568 [info] Auto Sync: Triggered by Interval
2024-11-08 15:35:56.568 [info] Sync started.
2024-11-08 15:35:57.278 [info] Settings: No changes found during synchronizing settings.
2024-11-08 15:35:57.280 [info] Keybindings: No changes found during synchronizing keybindings.
2024-11-08 15:35:57.281 [info] Snippets: No changes found during synchronizing snippets.
2024-11-08 15:35:57.282 [info] Tasks: No changes found during synchronizing tasks.
2024-11-08 15:35:57.285 [info] GlobalState: No changes found during synchronizing ui state.
2024-11-08 15:35:57.323 [info] Extensions: No changes found during synchronizing extensions.
2024-11-08 15:35:57.324 [info] Profiles: No changes found during synchronizing profiles.
2024-11-08 15:35:57.324 [info] Sync done. Took 757ms
2024-11-08 15:40:57.326 [info] Auto Sync: Triggered by Interval
2024-11-08 15:40:57.327 [info] Sync started.
2024-11-08 15:40:58.058 [info] Settings: No changes found during synchronizing settings.
2024-11-08 15:40:58.059 [info] Keybindings: No changes found during synchronizing keybindings.
2024-11-08 15:40:58.060 [info] Snippets: No changes found during synchronizing snippets.
2024-11-08 15:40:58.061 [info] Tasks: No changes found during synchronizing tasks.
2024-11-08 15:40:58.064 [info] GlobalState: No changes found during synchronizing ui state.
2024-11-08 15:40:58.098 [info] Extensions: No changes found during synchronizing extensions.
2024-11-08 15:40:58.099 [info] Profiles: No changes found during synchronizing profiles.
2024-11-08 15:40:58.099 [info] Sync done. Took 774ms
2024-11-08 15:45:58.103 [info] Auto Sync: Triggered by Interval
2024-11-08 15:45:58.103 [info] Sync started.
2024-11-08 15:45:58.608 [info] Settings: No changes found during synchronizing settings.
2024-11-08 15:45:58.610 [info] Keybindings: No changes found during synchronizing keybindings.
2024-11-08 15:45:58.612 [info] Snippets: No changes found during synchronizing snippets.
2024-11-08 15:45:58.613 [info] Tasks: No changes found during synchronizing tasks.
2024-11-08 15:45:58.615 [info] GlobalState: No changes found during synchronizing ui state.
2024-11-08 15:45:58.651 [info] Extensions: No changes found during synchronizing extensions.
2024-11-08 15:45:58.651 [info] Profiles: No changes found during synchronizing profiles.
2024-11-08 15:45:58.652 [info] Sync done. Took 550ms
2024-11-08 15:50:58.654 [info] Auto Sync: Triggered by Interval
2024-11-08 15:50:58.654 [info] Sync started.
2024-11-08 15:50:59.335 [info] Settings: No changes found during synchronizing settings.
2024-11-08 15:50:59.337 [info] Keybindings: No changes found during synchronizing keybindings.
2024-11-08 15:50:59.338 [info] Snippets: No changes found during synchronizing snippets.
2024-11-08 15:50:59.339 [info] Tasks: No changes found during synchronizing tasks.
2024-11-08 15:50:59.342 [info] GlobalState: No changes found during synchronizing ui state.
2024-11-08 15:50:59.375 [info] Extensions: No changes found during synchronizing extensions.
2024-11-08 15:50:59.376 [info] Profiles: No changes found during synchronizing profiles.
2024-11-08 15:50:59.377 [info] Sync done. Took 723ms
2024-11-08 15:55:59.411 [info] Auto Sync: Triggered by Interval
2024-11-08 15:55:59.411 [info] Sync started.
2024-11-08 15:56:00.087 [info] Settings: No changes found during synchronizing settings.
2024-11-08 15:56:00.089 [info] Keybindings: No changes found during synchronizing keybindings.
2024-11-08 15:56:00.090 [info] Snippets: No changes found during synchronizing snippets.
2024-11-08 15:56:00.091 [info] Tasks: No changes found during synchronizing tasks.
2024-11-08 15:56:00.094 [info] GlobalState: No changes found during synchronizing ui state.
2024-11-08 15:56:00.129 [info] Extensions: No changes found during synchronizing extensions.
2024-11-08 15:56:00.130 [info] Profiles: No changes found during synchronizing profiles.
2024-11-08 15:56:00.130 [info] Sync done. Took 720ms
2024-11-08 16:01:00.140 [info] Auto Sync: Triggered by Interval
2024-11-08 16:01:00.141 [info] Sync started.
2024-11-08 16:01:00.741 [info] Settings: No changes found during synchronizing settings.
2024-11-08 16:01:00.743 [info] Keybindings: No changes found during synchronizing keybindings.
2024-11-08 16:01:00.744 [info] Snippets: No changes found during synchronizing snippets.
2024-11-08 16:01:00.745 [info] Tasks: No changes found during synchronizing tasks.
2024-11-08 16:01:00.748 [info] GlobalState: No changes found during synchronizing ui state.
2024-11-08 16:01:00.782 [info] Extensions: No changes found during synchronizing extensions.
2024-11-08 16:01:00.784 [info] Profiles: No changes found during synchronizing profiles.
2024-11-08 16:01:00.785 [info] Sync done. Took 644ms
2024-11-08 16:06:00.787 [info] Auto Sync: Triggered by Interval
2024-11-08 16:06:00.787 [info] Sync started.
2024-11-08 16:06:01.492 [info] Settings: No changes found during synchronizing settings.
2024-11-08 16:06:01.494 [info] Keybindings: No changes found during synchronizing keybindings.
2024-11-08 16:06:01.495 [info] Snippets: No changes found during synchronizing snippets.
2024-11-08 16:06:01.496 [info] Tasks: No changes found during synchronizing tasks.
2024-11-08 16:06:01.499 [info] GlobalState: No changes found during synchronizing ui state.
2024-11-08 16:06:01.534 [info] Extensions: No changes found during synchronizing extensions.
2024-11-08 16:06:01.536 [info] Profiles: No changes found during synchronizing profiles.
2024-11-08 16:06:01.537 [info] Sync done. Took 752ms
2024-11-08 16:11:01.571 [info] Auto Sync: Triggered by Interval
2024-11-08 16:11:01.571 [info] Sync started.
2024-11-08 16:11:02.331 [info] Settings: No changes found during synchronizing settings.
2024-11-08 16:11:02.332 [info] Keybindings: No changes found during synchronizing keybindings.
2024-11-08 16:11:02.333 [info] Snippets: No changes found during synchronizing snippets.
2024-11-08 16:11:02.334 [info] Tasks: No changes found during synchronizing tasks.
2024-11-08 16:11:02.337 [info] GlobalState: No changes found during synchronizing ui state.
2024-11-08 16:11:02.371 [info] Extensions: No changes found during synchronizing extensions.
2024-11-08 16:11:02.372 [info] Profiles: No changes found during synchronizing profiles.
2024-11-08 16:11:02.373 [info] Sync done. Took 803ms
2024-11-08 16:16:02.377 [info] Auto Sync: Triggered by Interval
2024-11-08 16:16:02.378 [info] Sync started.
2024-11-08 16:16:03.002 [info] Settings: No changes found during synchronizing settings.
2024-11-08 16:16:03.004 [info] Keybindings: No changes found during synchronizing keybindings.
2024-11-08 16:16:03.006 [info] Snippets: No changes found during synchronizing snippets.
2024-11-08 16:16:03.007 [info] Tasks: No changes found during synchronizing tasks.
2024-11-08 16:16:03.010 [info] GlobalState: No changes found during synchronizing ui state.
2024-11-08 16:16:03.049 [info] Extensions: No changes found during synchronizing extensions.
2024-11-08 16:16:03.049 [info] Profiles: No changes found during synchronizing profiles.
2024-11-08 16:16:03.050 [info] Sync done. Took 673ms
2024-11-08 16:21:03.081 [info] Auto Sync: Triggered by Interval
2024-11-08 16:21:03.082 [info] Sync started.
2024-11-08 16:21:04.266 [info] Settings: No changes found during synchronizing settings.
2024-11-08 16:21:04.268 [info] Keybindings: No changes found during synchronizing keybindings.
2024-11-08 16:21:04.269 [info] Snippets: No changes found during synchronizing snippets.
2024-11-08 16:21:04.271 [info] Tasks: No changes found during synchronizing tasks.
2024-11-08 16:21:04.274 [info] GlobalState: No changes found during synchronizing ui state.
2024-11-08 16:21:04.316 [info] Extensions: No changes found during synchronizing extensions.
2024-11-08 16:21:04.317 [info] Profiles: No changes found during synchronizing profiles.
2024-11-08 16:21:04.318 [info] Sync done. Took 1237ms
2024-11-08 16:26:04.338 [info] Auto Sync: Triggered by Interval
2024-11-08 16:26:04.339 [info] Sync started.
2024-11-08 16:26:05.021 [info] Settings: No changes found during synchronizing settings.
2024-11-08 16:26:05.023 [info] Keybindings: No changes found during synchronizing keybindings.
2024-11-08 16:26:05.025 [info] Snippets: No changes found during synchronizing snippets.
2024-11-08 16:26:05.026 [info] Tasks: No changes found during synchronizing tasks.
2024-11-08 16:26:05.028 [info] GlobalState: No changes found during synchronizing ui state.
2024-11-08 16:26:05.065 [info] Extensions: No changes found during synchronizing extensions.
2024-11-08 16:26:05.068 [info] Profiles: No changes found during synchronizing profiles.
2024-11-08 16:26:05.069 [info] Sync done. Took 730ms
2024-11-08 16:31:05.073 [info] Auto Sync: Triggered by Interval
2024-11-08 16:31:05.073 [info] Sync started.
2024-11-08 16:31:05.779 [info] Settings: No changes found during synchronizing settings.
2024-11-08 16:31:05.781 [info] Keybindings: No changes found during synchronizing keybindings.
2024-11-08 16:31:05.783 [info] Snippets: No changes found during synchronizing snippets.
2024-11-08 16:31:05.784 [info] Tasks: No changes found during synchronizing tasks.
2024-11-08 16:31:05.787 [info] GlobalState: No changes found during synchronizing ui state.
2024-11-08 16:31:05.824 [info] Extensions: No changes found during synchronizing extensions.
2024-11-08 16:31:05.827 [info] Profiles: No changes found during synchronizing profiles.
2024-11-08 16:31:05.828 [info] Sync done. Took 756ms
2024-11-08 16:36:05.829 [info] Auto Sync: Triggered by Interval
2024-11-08 16:36:05.829 [info] Sync started.
2024-11-08 16:36:06.428 [info] Settings: No changes found during synchronizing settings.
2024-11-08 16:36:06.430 [info] Keybindings: No changes found during synchronizing keybindings.
2024-11-08 16:36:06.432 [info] Snippets: No changes found during synchronizing snippets.
2024-11-08 16:36:06.433 [info] Tasks: No changes found during synchronizing tasks.
2024-11-08 16:36:06.436 [info] GlobalState: No changes found during synchronizing ui state.
2024-11-08 16:36:06.474 [info] Extensions: No changes found during synchronizing extensions.
2024-11-08 16:36:06.476 [info] Profiles: No changes found during synchronizing profiles.
2024-11-08 16:36:06.477 [info] Sync done. Took 648ms
2024-11-08 16:41:06.478 [info] Auto Sync: Triggered by Interval
2024-11-08 16:41:06.478 [info] Sync started.
2024-11-08 16:41:06.976 [info] Settings: No changes found during synchronizing settings.
2024-11-08 16:41:06.977 [info] Keybindings: No changes found during synchronizing keybindings.
2024-11-08 16:41:06.979 [info] Snippets: No changes found during synchronizing snippets.
2024-11-08 16:41:06.980 [info] Tasks: No changes found during synchronizing tasks.
2024-11-08 16:41:06.983 [info] GlobalState: No changes found during synchronizing ui state.
2024-11-08 16:41:07.021 [info] Extensions: No changes found during synchronizing extensions.
2024-11-08 16:41:07.021 [info] Profiles: No changes found during synchronizing profiles.
2024-11-08 16:41:07.022 [info] Sync done. Took 545ms
2024-11-08 16:46:07.026 [info] Auto Sync: Triggered by Interval
2024-11-08 16:46:07.026 [info] Sync started.
2024-11-08 16:46:07.635 [info] Settings: No changes found during synchronizing settings.
2024-11-08 16:46:07.637 [info] Keybindings: No changes found during synchronizing keybindings.
2024-11-08 16:46:07.638 [info] Snippets: No changes found during synchronizing snippets.
2024-11-08 16:46:07.639 [info] Tasks: No changes found during synchronizing tasks.
2024-11-08 16:46:07.642 [info] GlobalState: No changes found during synchronizing ui state.
2024-11-08 16:46:07.678 [info] Extensions: No changes found during synchronizing extensions.
2024-11-08 16:46:07.680 [info] Profiles: No changes found during synchronizing profiles.
2024-11-08 16:46:07.681 [info] Sync done. Took 655ms
2024-11-08 16:51:07.682 [info] Auto Sync: Triggered by Interval
2024-11-08 16:51:07.682 [info] Sync started.
2024-11-08 16:51:08.292 [info] Settings: No changes found during synchronizing settings.
2024-11-08 16:51:08.294 [info] Keybindings: No changes found during synchronizing keybindings.
2024-11-08 16:51:08.295 [info] Snippets: No changes found during synchronizing snippets.
2024-11-08 16:51:08.296 [info] Tasks: No changes found during synchronizing tasks.
2024-11-08 16:51:08.299 [info] GlobalState: No changes found during synchronizing ui state.
2024-11-08 16:51:08.335 [info] Extensions: No changes found during synchronizing extensions.
2024-11-08 16:51:08.336 [info] Profiles: No changes found during synchronizing profiles.
2024-11-08 16:51:08.337 [info] Sync done. Took 655ms
2024-11-08 16:56:08.368 [info] Auto Sync: Triggered by Interval
2024-11-08 16:56:08.369 [info] Sync started.
2024-11-08 16:56:08.945 [info] Settings: No changes found during synchronizing settings.
2024-11-08 16:56:08.947 [info] Keybindings: No changes found during synchronizing keybindings.
2024-11-08 16:56:08.948 [info] Snippets: No changes found during synchronizing snippets.
2024-11-08 16:56:08.949 [info] Tasks: No changes found during synchronizing tasks.
2024-11-08 16:56:08.951 [info] GlobalState: No changes found during synchronizing ui state.
2024-11-08 16:56:08.990 [info] Extensions: No changes found during synchronizing extensions.
2024-11-08 16:56:08.991 [info] Profiles: No changes found during synchronizing profiles.
2024-11-08 16:56:08.991 [info] Sync done. Took 623ms
2024-11-08 17:01:08.999 [info] Auto Sync: Triggered by Interval
2024-11-08 17:01:09.000 [info] Sync started.
2024-11-08 17:01:09.613 [info] Settings: No changes found during synchronizing settings.
2024-11-08 17:01:09.615 [info] Keybindings: No changes found during synchronizing keybindings.
2024-11-08 17:01:09.616 [info] Snippets: No changes found during synchronizing snippets.
2024-11-08 17:01:09.617 [info] Tasks: No changes found during synchronizing tasks.
2024-11-08 17:01:09.620 [info] GlobalState: No changes found during synchronizing ui state.
2024-11-08 17:01:09.653 [info] Extensions: No changes found during synchronizing extensions.
2024-11-08 17:01:09.656 [info] Profiles: No changes found during synchronizing profiles.
2024-11-08 17:01:09.656 [info] Sync done. Took 658ms
2024-11-08 17:06:09.661 [info] Auto Sync: Triggered by Interval
2024-11-08 17:06:09.661 [info] Sync started.
2024-11-08 17:06:10.283 [info] Settings: No changes found during synchronizing settings.
2024-11-08 17:06:10.285 [info] Keybindings: No changes found during synchronizing keybindings.
2024-11-08 17:06:10.287 [info] Snippets: No changes found during synchronizing snippets.
2024-11-08 17:06:10.288 [info] Tasks: No changes found during synchronizing tasks.
2024-11-08 17:06:10.291 [info] GlobalState: No changes found during synchronizing ui state.
2024-11-08 17:06:10.328 [info] Extensions: No changes found during synchronizing extensions.
2024-11-08 17:06:10.331 [info] Profiles: No changes found during synchronizing profiles.
2024-11-08 17:06:10.332 [info] Sync done. Took 671ms
