2024-06-26T14:24:25.736Z 0: 

----------------------------------------------
2024-06-26T14:24:25.750Z 1: Discord starting: {"releaseChannel":"stable","version":"0.0.58"}, modulepath: /home/anu/.config/discord/0.0.58/modules
2024-06-26T14:24:25.752Z 2: ✅ webContents.created web1 "index.html"
2024-06-26T14:24:25.753Z 3: ✅ window.created win1 "discord"
2024-06-26T14:24:25.903Z 4: ✅ webContents.did-finish-load web1
2024-06-26T14:24:40.253Z 5: ✅ webContents.created web2 ""
2024-06-26T14:24:40.260Z 6: ✅ window.created win2 "Discord"
2024-06-26T14:24:43.342Z 7: ✅ webContents.did-finish-load web2
2024-06-26T14:24:43.440Z 8: window.close win1
2024-06-26T14:24:43.470Z 9: webContents.destroyed web1
2024-06-26T14:24:43.472Z 10: window.closed win1
2024-06-26T14:29:32.058Z 11: window.close win2
2024-06-26T14:29:35.715Z 0: 

----------------------------------------------
2024-06-26T14:29:35.728Z 1: Discord starting: {"releaseChannel":"stable","version":"0.0.58"}, modulepath: /home/anu/.config/discord/0.0.58/modules
2024-06-26T14:44:33.710Z 12: window.close win2
2024-06-26T14:46:50.031Z 13: before-quit
2024-06-26T14:46:50.032Z 14: window.close win2
2024-06-26T14:46:50.142Z 15: webContents.destroyed web2
2024-06-26T14:46:50.158Z 16: window.closed win2
2024-06-26T15:35:00.376Z 0: 

----------------------------------------------
2024-06-26T15:35:00.387Z 1: Discord starting: {"releaseChannel":"stable","version":"0.0.58"}, modulepath: /home/anu/.config/discord/0.0.58/modules
2024-06-26T15:35:00.398Z 2: ✅ webContents.created web1 "index.html"
2024-06-26T15:35:00.399Z 3: ✅ window.created win1 "discord"
2024-06-26T15:35:00.527Z 4: ✅ webContents.did-finish-load web1
2024-06-26T15:35:01.640Z 5: ✅ webContents.created web2 ""
2024-06-26T15:35:01.643Z 6: ✅ window.created win2 "Discord"
2024-06-26T15:35:05.155Z 7: ✅ webContents.did-finish-load web2
2024-06-26T15:35:05.255Z 8: window.close win1
2024-06-26T15:35:05.282Z 9: webContents.destroyed web1
2024-06-26T15:35:05.284Z 10: window.closed win1
2024-06-26T15:35:06.687Z 11: ✅ webContents.did-finish-load web2
2024-06-26T15:36:45.950Z 12: window.close win2
2024-06-26T15:36:49.588Z 13: before-quit
2024-06-26T15:36:49.589Z 14: window.close win2
2024-06-26T15:36:49.591Z 15: webContents.destroyed web2
2024-06-26T15:36:49.595Z 16: window.closed win2
