2024-11-08 20:46:53.182 [info] [main] Log level: Info
2024-11-08 20:46:53.182 [info] [main] Validating found git in: "git"
2024-11-08 20:46:53.182 [info] [main] Using git "2.47.0" from "git"
2024-11-08 20:46:53.182 [info] [Model][doInitialScan] Initial repository scan started
2024-11-08 20:46:53.182 [info] > git rev-parse --show-toplevel [186ms]
2024-11-08 20:46:53.182 [info] fatal: not a git repository (or any parent up to mount point /)
Stopping at filesystem boundary (GIT_DISCOVERY_ACROSS_FILESYSTEM not set).
2024-11-08 20:46:53.182 [info] > git rev-parse --show-toplevel [101ms]
2024-11-08 20:46:53.182 [info] fatal: not a git repository (or any parent up to mount point /)
Stopping at filesystem boundary (GIT_DISCOVERY_ACROSS_FILESYSTEM not set).
2024-11-08 20:46:53.182 [info] [Model][doInitialScan] Initial repository scan completed - repositories (0), closed repositories (0), parent repositories (0), unsafe repositories (0)
2024-11-08 20:46:53.185 [info] > git rev-parse --show-toplevel [93ms]
2024-11-08 20:46:53.185 [info] fatal: not a git repository (or any parent up to mount point /)
Stopping at filesystem boundary (GIT_DISCOVERY_ACROSS_FILESYSTEM not set).
2024-11-08 20:46:53.774 [info] > git rev-parse --show-toplevel [11ms]
2024-11-08 20:46:53.774 [info] fatal: not a git repository (or any parent up to mount point /)
Stopping at filesystem boundary (GIT_DISCOVERY_ACROSS_FILESYSTEM not set).
2024-11-08 20:47:04.732 [info] > git rev-parse --show-toplevel [2ms]
2024-11-08 20:47:04.732 [info] fatal: not a git repository (or any parent up to mount point /)
Stopping at filesystem boundary (GIT_DISCOVERY_ACROSS_FILESYSTEM not set).
2024-11-08 20:47:07.169 [info] > git rev-parse --show-toplevel [10ms]
2024-11-08 20:47:07.169 [info] fatal: not a git repository (or any parent up to mount point /)
Stopping at filesystem boundary (GIT_DISCOVERY_ACROSS_FILESYSTEM not set).
