2024-11-30 13:51:40.467 [info] Reading sessions from keychain...
2024-11-30 13:51:40.467 [info] Getting sessions for all scopes...
2024-11-30 13:51:40.467 [info] Getting sessions for all scopes...
2024-11-30 13:51:40.467 [info] Getting sessions for all scopes...
2024-11-30 13:51:40.467 [info] Getting sessions for user:email...
2024-11-30 13:51:40.467 [info] Got stored sessions!
2024-11-30 13:51:40.467 [info] Got 1 verified sessions.
2024-11-30 13:51:40.467 [info] Got 1 sessions for ...
2024-11-30 13:51:40.467 [info] Got 1 sessions for ...
2024-11-30 13:51:40.467 [info] Got 1 sessions for ...
2024-11-30 13:51:40.467 [info] Got 1 sessions for user:email...
2024-11-30 13:51:40.467 [info] Getting sessions for user:email...
2024-11-30 13:51:40.467 [info] Got 1 sessions for user:email...
2024-11-30 13:51:40.467 [info] Getting sessions for user:email...
2024-11-30 13:51:40.467 [info] Got 1 sessions for user:email...
2024-11-30 13:51:40.467 [info] Getting sessions for all scopes...
2024-11-30 13:51:40.467 [info] Got 1 sessions for ...
2024-11-30 13:51:40.467 [info] Getting sessions for read:user,repo,user:email...
2024-11-30 13:51:40.467 [info] Got 0 sessions for read:user,repo,user:email...
2024-11-30 13:51:40.689 [info] Getting sessions for read:user,repo,user:email,workflow...
2024-11-30 13:51:40.689 [info] Got 0 sessions for read:user,repo,user:email,workflow...
2024-11-30 14:24:56.775 [info] Reading sessions from keychain...
2024-11-30 14:24:56.775 [info] Getting sessions for all scopes...
2024-11-30 14:24:56.775 [info] Getting sessions for all scopes...
2024-11-30 14:24:56.775 [info] Getting sessions for all scopes...
2024-11-30 14:24:56.775 [info] Getting sessions for user:email...
2024-11-30 14:24:56.775 [info] Got stored sessions!
2024-11-30 14:24:56.775 [info] Got 1 verified sessions.
2024-11-30 14:24:56.775 [info] Got 1 sessions for ...
2024-11-30 14:24:56.775 [info] Got 1 sessions for ...
2024-11-30 14:24:56.775 [info] Got 1 sessions for ...
2024-11-30 14:24:56.775 [info] Got 1 sessions for user:email...
2024-11-30 14:24:58.031 [info] Getting sessions for read:user,repo,user:email...
2024-11-30 14:24:58.031 [info] Got 0 sessions for read:user,repo,user:email...
2024-11-30 14:24:58.075 [info] Getting sessions for read:user,repo,user:email,workflow...
2024-11-30 14:24:58.075 [info] Got 0 sessions for read:user,repo,user:email,workflow...
