2024-11-08 20:46:51.094 [info] Added views:outline in workbench.view.explorer
2024-11-08 20:46:51.094 [info] Added views:workbench.view.search in workbench.view.search
2024-11-08 20:46:51.094 [info] Added views:workbench.scm in workbench.view.scm
2024-11-08 20:46:51.094 [info] Added views:workbench.panel.markers.view in workbench.panel.markers
2024-11-08 20:46:51.094 [info] Added views:workbench.panel.output in workbench.panel.output
2024-11-08 20:46:51.094 [info] Added views:terminal in terminal
2024-11-08 20:46:51.094 [info] Added views:timeline in workbench.view.explorer
2024-11-08 20:46:51.094 [info] Added views:workbench.explorer.openEditorsView,workbench.explorer.fileView in workbench.view.explorer
2024-11-08 20:46:51.293 [info] Added views:workbench.debug.welcome in workbench.view.debug
2024-11-08 20:46:51.604 [info] Added views:gitlens.views.home,gitlens.views.workspaces,gitlens.views.account in workbench.view.extension.gitlens
2024-11-08 20:46:51.605 [info] Added views:gitlens.views.commitDetails,gitlens.views.lineHistory,gitlens.views.fileHistory,gitlens.views.searchAndCompare in workbench.view.extension.gitlensInspect
2024-11-08 20:46:51.605 [info] Added views:gitlens.views.commits,gitlens.views.branches,gitlens.views.remotes,gitlens.views.stashes,gitlens.views.tags,gitlens.views.contributors in workbench.view.scm
2024-11-08 20:46:51.772 [info] Added views:workbench.panel.repl.view in workbench.panel.repl
2024-11-08 20:46:52.158 [info] Added views:~remote.forwardedPorts in ~remote.forwardedPortsContainer
2024-11-08 20:46:52.906 [info] Removed views:gitlens.views.searchAndCompare,gitlens.views.fileHistory,gitlens.views.lineHistory,gitlens.views.commitDetails from workbench.view.extension.gitlensInspect
2024-11-08 20:46:52.907 [info] Removed views:gitlens.views.contributors,gitlens.views.tags,gitlens.views.stashes,gitlens.views.remotes,gitlens.views.branches,gitlens.views.commits from workbench.view.scm
2024-11-08 20:46:52.971 [info] Added views:gitlens.views.drafts in workbench.view.extension.gitlens
2024-11-08 20:46:53.216 [info] Added views:workbench.views.extensions.installed,workbench.views.extensions.popular,extensions.recommendedList in workbench.view.extensions
2024-11-08 20:46:53.217 [info] Removed views:workbench.views.extensions.popular from workbench.view.extensions
2024-11-08 20:46:55.686 [info] Removed views:extensions.recommendedList,workbench.views.extensions.installed from workbench.view.extensions
2024-11-08 20:46:55.691 [info] Added views:workbench.views.extensions.marketplace in workbench.view.extensions
