2024-11-07 09:48:11.241 [info] Started local extension host with pid 87734.
2024-11-07 09:48:11.601 [error] Extension 'ms-python.python' wants API proposal 'terminalShellIntegration' but that proposal DOES NOT EXIST. Likely, the proposal has been finalized (check 'vscode.d.ts') or was abandoned.
2024-11-07 09:48:12.494 [error] Canceled: Canceled
    at Ey (vscode-file://vscode-app/opt/visual-studio-code/resources/app/out/vs/workbench/workbench.desktop.main.js:7:1004)
    at vscode-file://vscode-app/opt/visual-studio-code/resources/app/out/vs/workbench/workbench.desktop.main.js:3108:38627
    at Array.forEach (<anonymous>)
    at qlt.dispose (vscode-file://vscode-app/opt/visual-studio-code/resources/app/out/vs/workbench/workbench.desktop.main.js:3108:38567)
    at c0e.dispose (vscode-file://vscode-app/opt/visual-studio-code/resources/app/out/vs/workbench/workbench.desktop.main.js:3108:50259)
    at NAs.dispose (vscode-file://vscode-app/opt/visual-studio-code/resources/app/out/vs/workbench/workbench.desktop.main.js:3115:7303)
    at AAs.stopAllInReverse (vscode-file://vscode-app/opt/visual-studio-code/resources/app/out/vs/workbench/workbench.desktop.main.js:3115:6605)
    at async Hnt.rb (vscode-file://vscode-app/opt/visual-studio-code/resources/app/out/vs/workbench/workbench.desktop.main.js:3114:15546)
2024-11-07 09:48:12.494 [error] Canceled: Canceled
    at Ey (vscode-file://vscode-app/opt/visual-studio-code/resources/app/out/vs/workbench/workbench.desktop.main.js:7:1004)
    at vscode-file://vscode-app/opt/visual-studio-code/resources/app/out/vs/workbench/workbench.desktop.main.js:3108:38627
    at Array.forEach (<anonymous>)
    at qlt.dispose (vscode-file://vscode-app/opt/visual-studio-code/resources/app/out/vs/workbench/workbench.desktop.main.js:3108:38567)
    at c0e.dispose (vscode-file://vscode-app/opt/visual-studio-code/resources/app/out/vs/workbench/workbench.desktop.main.js:3108:50259)
    at NAs.dispose (vscode-file://vscode-app/opt/visual-studio-code/resources/app/out/vs/workbench/workbench.desktop.main.js:3115:7303)
    at AAs.stopAllInReverse (vscode-file://vscode-app/opt/visual-studio-code/resources/app/out/vs/workbench/workbench.desktop.main.js:3115:6605)
    at async Hnt.rb (vscode-file://vscode-app/opt/visual-studio-code/resources/app/out/vs/workbench/workbench.desktop.main.js:3114:15546)
2024-11-07 09:48:12.494 [error] Canceled: Canceled
    at Ey (vscode-file://vscode-app/opt/visual-studio-code/resources/app/out/vs/workbench/workbench.desktop.main.js:7:1004)
    at vscode-file://vscode-app/opt/visual-studio-code/resources/app/out/vs/workbench/workbench.desktop.main.js:3108:38627
    at Array.forEach (<anonymous>)
    at qlt.dispose (vscode-file://vscode-app/opt/visual-studio-code/resources/app/out/vs/workbench/workbench.desktop.main.js:3108:38567)
    at c0e.dispose (vscode-file://vscode-app/opt/visual-studio-code/resources/app/out/vs/workbench/workbench.desktop.main.js:3108:50259)
    at NAs.dispose (vscode-file://vscode-app/opt/visual-studio-code/resources/app/out/vs/workbench/workbench.desktop.main.js:3115:7303)
    at AAs.stopAllInReverse (vscode-file://vscode-app/opt/visual-studio-code/resources/app/out/vs/workbench/workbench.desktop.main.js:3115:6605)
    at async Hnt.rb (vscode-file://vscode-app/opt/visual-studio-code/resources/app/out/vs/workbench/workbench.desktop.main.js:3114:15546)
