2024-11-17 15:15:57.236 [info] Started local extension host with pid 905906.
2024-11-17 15:15:57.475 [error] Extension 'ms-python.python' wants API proposal 'terminalShellIntegration' but that proposal DOES NOT EXIST. Likely, the proposal has been finalized (check 'vscode.d.ts') or was abandoned.
2024-11-17 15:15:57.480 [info] Placing extension(s) asvetliakov.vscode-neovim on a separate extension host.
2024-11-17 15:15:57.715 [info] Started local extension host with pid 905946.
2024-11-17 15:15:58.089 [info] Settings Sync: Updating authentication providers. Authentication Providers from store: [{"id":"github","scopes":["user:email"]},{"id":"microsoft","scopes":["openid","profile","email","offline_access"]}]
2024-11-17 15:15:58.089 [info] Settings Sync: Authentication providers updated []
2024-11-17 15:15:58.178 [info] Settings Sync: Updating authentication providers. Authentication Providers from store: [{"id":"github","scopes":["user:email"]},{"id":"microsoft","scopes":["openid","profile","email","offline_access"]}]
2024-11-17 15:15:58.178 [info] Settings Sync: Authentication providers updated ["github"]
2024-11-17 15:15:58.178 [info] Settings Sync: Updating authentication providers. Authentication Providers from store: [{"id":"github","scopes":["user:email"]},{"id":"microsoft","scopes":["openid","profile","email","offline_access"]}]
2024-11-17 15:15:58.178 [info] Settings Sync: Authentication providers updated ["github"]
2024-11-17 15:15:58.178 [info] Settings Sync: Updating due to declared authentication providers changed
2024-11-17 15:15:58.180 [info] Settings Sync: Updating authentication providers. Authentication Providers from store: [{"id":"github","scopes":["user:email"]},{"id":"microsoft","scopes":["openid","profile","email","offline_access"]}]
2024-11-17 15:15:58.180 [info] Settings Sync: Authentication providers updated ["github"]
2024-11-17 15:15:58.181 [info] Settings Sync: Updating authentication providers. Authentication Providers from store: [{"id":"github","scopes":["user:email"]},{"id":"microsoft","scopes":["openid","profile","email","offline_access"]}]
2024-11-17 15:15:58.181 [info] Settings Sync: Authentication providers updated ["github","microsoft"]
2024-11-17 15:15:58.181 [info] Settings Sync: Updating authentication providers. Authentication Providers from store: [{"id":"github","scopes":["user:email"]},{"id":"microsoft","scopes":["openid","profile","email","offline_access"]}]
2024-11-17 15:15:58.182 [info] Settings Sync: Authentication providers updated ["github","microsoft"]
2024-11-17 15:15:58.182 [info] Settings Sync: Updating due to declared authentication providers changed
2024-11-17 15:15:58.182 [info] Settings Sync: Updating authentication providers. Authentication Providers from store: [{"id":"github","scopes":["user:email"]},{"id":"microsoft","scopes":["openid","profile","email","offline_access"]}]
2024-11-17 15:15:58.182 [info] Settings Sync: Authentication providers updated ["github","microsoft"]
2024-11-17 15:15:58.741 [info] Settings Sync: Updating authentication providers. Authentication Providers from store: [{"id":"github","scopes":["user:email"]},{"id":"microsoft","scopes":["openid","profile","email","offline_access"]}]
2024-11-17 15:15:58.741 [info] Settings Sync: Authentication providers updated ["github","microsoft"]
2024-11-17 15:15:59.823 [info] [perf] Render performance baseline is 23ms
2024-11-17 15:22:45.713 [warning] [perf] Renderer reported VERY LONG TASK (547ms), starting profiling session '01f55526-1cc3-49c0-8ef7-c3429f44009f'
