Locating server…
Booting server...
Setting up server…
Listening for messages…
Searching for Tailwind CSS projects in the workspace's folders.
[Global] Creating projects: []
[Global] Preparing projects...
[Global] Initializing projects...
[Global] Initialized 0 projects
[Info  - 8:25:03 PM] [GLOBAL] No matching project for document {
  fsPath: '/home/anu/.config/hypr/themes/rosepine.conf',
  normalPath: '/home/anu/.config/hypr/themes/rosepine.conf'
}
[Info  - 8:25:04 PM] [GLOBAL] No matching project for document {
  fsPath: '/home/anu/.config/hypr/themes/gruvbox.conf',
  normalPath: '/home/anu/.config/hypr/themes/gruvbox.conf'
}
[Info  - 8:25:05 PM] [GLOBAL] No matching project for document {
  fsPath: '/home/anu/.config/hypr/themes/dracula.conf',
  normalPath: '/home/anu/.config/hypr/themes/dracula.conf'
}
[Info  - 8:25:06 PM] [GLOBAL] No matching project for document {
  fsPath: '/home/anu/.config/hypr/themes/solarized.conf',
  normalPath: '/home/anu/.config/hypr/themes/solarized.conf'
}
[Info  - 8:25:49 PM] [GLOBAL] No matching project for document {
  fsPath: '/home/anu/.config/hypr/themes/dracula.conf',
  normalPath: '/home/anu/.config/hypr/themes/dracula.conf'
}
