[Server(123984) things-ng/] onInitialize
[Server(123984) things-ng/] Number of style sheets - 3
[Server(123984) things-ng/] setupInitialStylemap
any[]) 343
Invalid Selector
nav 1
  nav 1 4
nav is a "html tag"
[activeLink]= 5
  nav 1 4
  nav 45 48
Invalid Selector
observable.component.html 340
Invalid Selector
,component:ObservableComponent}, 276
Invalid Selector
,component:ObservableComponent}, 276
Invalid Selector
,component:ObservableComponent}, 276
Invalid Selector
[routerLink]= 5
  nav 1 4
  nav 45 48
  nav 51 54
  nav 91 94
Invalid Selector
[routerLink]= 5
  nav 1 4
  nav 45 48
  nav 51 54
  nav 91 94
Invalid Selector
LandingComponent 217
Invalid Selector
app.component.html 281
Invalid Selector
app.component.html 281
Invalid Selector
app.component.scss 317
Invalid Selector
app-landing 15
  app-landing 1 12
  app-landing 15 26
app-landing is a "html tag"
app-landing 15
  app-landing 1 12
  app-landing 15 26
app-landing is a "html tag"
app-landing 1
  app-landing 1 12
app-landing is a "html tag"
app-landing 1
  app-landing 1 12
app-landing is a "html tag"
router-outlet 29
  app-landing 1 12
  app-landing 15 26
  router-outlet 29 42
router-outlet is a "html tag"
routerLink= 53
  a 1 2
  a 41 42
  br 46 48
  a 51 52
  a 83 84
Invalid Selector
signals 72
  a 1 2
  a 44 45
  br 48 50
  a 55 56
  a 90 91
Invalid Selector
signals 75
  a 1 2
  a 46 47
  br 50 52
  a 57 58
  a 94 95
Invalid Selector
hover:underline 79
  div 1 4
  a 45 46
hover:underline is a "class"
>signals</a 170
  div 1 4
  a 45 46
  a 119 120
  a 124 125
  a 180 181
  div 186 189
Invalid Selector
class= 7
  div 1 4
  h1 136 138
  h1 159 161
  div 169 172
Invalid Selector
of 112
  div 1 4
  h1 136 138
  h1 159 161
  div 169 172
Invalid Selector
DataType[]; 319
Invalid Selector
signalData: 288
Invalid Selector
button 198
  p 43 44
  p 66 67
  p 74 75
  p 105 106
  p 113 114
  p 134 135
  button 141 147
  button 165 171
  button 174 180
  button 198 204
button is a "html tag"
this.signalService.setData(); 460
Invalid Selector
this.signalService.setData(); 460
Invalid Selector
this.signalService.updateData([{ 581
Invalid Selector
this.signalService.updateData([{ 581
Invalid Selector
this.signalService.exposedData(); 515
Invalid Selector
this.signalService.exposedData(); 515
Invalid Selector
exposedData 214
Invalid Selector
DataType[]) 298
Invalid Selector
this.#mainData.set(data); 316
Invalid Selector
this.signalService.exposedData(); 514
Invalid Selector
this.signalService.exposedData(); 514
Invalid Selector
this.signalService.exposedData(); 514
Invalid Selector
this.signalService.setData([ 628
Invalid Selector
