2024-11-17 18:37:37.569 [info] Started local extension host with pid 948276.
2024-11-17 18:37:37.921 [error] Extension 'ms-python.python' wants API proposal 'terminalShellIntegration' but that proposal DOES NOT EXIST. Likely, the proposal has been finalized (check 'vscode.d.ts') or was abandoned.
2024-11-17 18:37:39.033 [info] Settings Sync: Updating authentication providers. Authentication Providers from store: [{"id":"github","scopes":["user:email"]},{"id":"microsoft","scopes":["openid","profile","email","offline_access"]}]
2024-11-17 18:37:39.033 [info] Settings Sync: Authentication providers updated []
2024-11-17 18:37:39.043 [info] Settings Sync: Updating authentication providers. Authentication Providers from store: [{"id":"github","scopes":["user:email"]},{"id":"microsoft","scopes":["openid","profile","email","offline_access"]}]
2024-11-17 18:37:39.044 [info] Settings Sync: Authentication providers updated ["github"]
2024-11-17 18:37:39.044 [info] Settings Sync: Updating authentication providers. Authentication Providers from store: [{"id":"github","scopes":["user:email"]},{"id":"microsoft","scopes":["openid","profile","email","offline_access"]}]
2024-11-17 18:37:39.044 [info] Settings Sync: Authentication providers updated ["github"]
2024-11-17 18:37:39.044 [info] Settings Sync: Updating due to declared authentication providers changed
2024-11-17 18:37:39.044 [info] Settings Sync: Updating authentication providers. Authentication Providers from store: [{"id":"github","scopes":["user:email"]},{"id":"microsoft","scopes":["openid","profile","email","offline_access"]}]
2024-11-17 18:37:39.045 [info] Settings Sync: Authentication providers updated ["github"]
2024-11-17 18:37:39.045 [info] Settings Sync: Updating authentication providers. Authentication Providers from store: [{"id":"github","scopes":["user:email"]},{"id":"microsoft","scopes":["openid","profile","email","offline_access"]}]
2024-11-17 18:37:39.045 [info] Settings Sync: Authentication providers updated ["github","microsoft"]
2024-11-17 18:37:39.045 [info] Settings Sync: Updating authentication providers. Authentication Providers from store: [{"id":"github","scopes":["user:email"]},{"id":"microsoft","scopes":["openid","profile","email","offline_access"]}]
2024-11-17 18:37:39.045 [info] Settings Sync: Authentication providers updated ["github","microsoft"]
2024-11-17 18:37:39.046 [info] Settings Sync: Updating due to declared authentication providers changed
2024-11-17 18:37:39.046 [info] Settings Sync: Updating authentication providers. Authentication Providers from store: [{"id":"github","scopes":["user:email"]},{"id":"microsoft","scopes":["openid","profile","email","offline_access"]}]
2024-11-17 18:37:39.046 [info] Settings Sync: Authentication providers updated ["github","microsoft"]
2024-11-17 18:37:39.516 [info] Settings Sync: Updating authentication providers. Authentication Providers from store: [{"id":"github","scopes":["user:email"]},{"id":"microsoft","scopes":["openid","profile","email","offline_access"]}]
2024-11-17 18:37:39.516 [info] Settings Sync: Authentication providers updated ["github","microsoft"]
2024-11-17 18:37:40.409 [info] [perf] Render performance baseline is 27ms
