2024-09-24 18:53:40.417 [info] Extension host with pid 145342 started
2024-09-24 18:53:40.587 [info] ExtensionService#_doActivateExtension vscode.emmet, startup: false, activationEvent: 'onLanguage'
2024-09-24 18:53:40.642 [info] ExtensionService#_doActivateExtension vscode.git-base, startup: true, activationEvent: '*', root cause: vscode.git
2024-09-24 18:53:40.644 [info] ExtensionService#_doActivateExtension christian-kohler.path-intellisense, startup: true, activationEvent: '*'
2024-09-24 18:53:40.652 [info] ExtensionService#_doActivateExtension formulahendry.auto-close-tag, startup: true, activationEvent: '*'
2024-09-24 18:53:40.654 [info] ExtensionService#_doActivateExtension formulahendry.auto-rename-tag, startup: true, activationEvent: '*'
2024-09-24 18:53:40.661 [info] ExtensionService#_doActivateExtension johnpapa.vscode-cloak, startup: true, activationEvent: '*'
2024-09-24 18:53:40.663 [info] ExtensionService#_doActivateExtension kamikillerto.vscode-colorize, startup: true, activationEvent: '*'
2024-09-24 18:53:40.674 [info] ExtensionService#_doActivateExtension oouo-diogo-perdigao.docthis, startup: true, activationEvent: '*'
2024-09-24 18:53:40.733 [info] ExtensionService#_doActivateExtension vscode.git, startup: true, activationEvent: '*'
2024-09-24 18:53:40.761 [info] ExtensionService#_doActivateExtension vscode.github, startup: true, activationEvent: '*'
2024-09-24 18:53:40.877 [info] Eager extensions activated
2024-09-24 18:53:40.888 [info] ExtensionService#_doActivateExtension vscode.debug-auto-launch, startup: false, activationEvent: 'onStartupFinished'
2024-09-24 18:53:40.889 [info] ExtensionService#_doActivateExtension vscode.merge-conflict, startup: false, activationEvent: 'onStartupFinished'
2024-09-24 18:53:40.893 [info] ExtensionService#_doActivateExtension aaron-bond.better-comments, startup: false, activationEvent: 'onStartupFinished'
2024-09-24 18:53:40.896 [info] ExtensionService#_doActivateExtension bradlc.vscode-tailwindcss, startup: false, activationEvent: 'onStartupFinished'
2024-09-24 18:53:40.909 [info] ExtensionService#_doActivateExtension Catppuccin.catppuccin-vsc, startup: false, activationEvent: 'onStartupFinished'
2024-09-24 18:53:40.911 [info] ExtensionService#_doActivateExtension eamodio.gitlens, startup: false, activationEvent: 'onStartupFinished'
2024-09-24 18:53:40.944 [info] ExtensionService#_doActivateExtension esbenp.prettier-vscode, startup: false, activationEvent: 'onStartupFinished'
2024-09-24 18:53:40.974 [info] ExtensionService#_doActivateExtension formulahendry.code-runner, startup: false, activationEvent: 'onStartupFinished'
2024-09-24 18:53:40.988 [info] ExtensionService#_doActivateExtension kisstkondoros.vscode-gutter-preview, startup: false, activationEvent: 'onStartupFinished'
2024-09-24 18:53:41.003 [info] ExtensionService#_doActivateExtension miguelsolorio.symbols, startup: false, activationEvent: 'onStartupFinished'
2024-09-24 18:53:41.007 [info] ExtensionService#_doActivateExtension PKief.material-icon-theme, startup: false, activationEvent: 'onStartupFinished'
2024-09-24 18:53:41.013 [info] ExtensionService#_doActivateExtension ritwickdey.LiveServer, startup: false, activationEvent: 'onStartupFinished'
2024-09-24 18:53:41.017 [info] ExtensionService#_doActivateExtension Supermaven.supermaven, startup: false, activationEvent: 'onStartupFinished'
2024-09-24 18:53:41.204 [info] ExtensionService#_doActivateExtension vscode.github-authentication, startup: false, activationEvent: 'onAuthenticationRequest:github'
2024-09-24 18:53:41.262 [info] ExtensionService#_doActivateExtension vscode.configuration-editing, startup: false, activationEvent: 'onLanguage:jsonc'
2024-09-24 18:53:41.265 [info] ExtensionService#_doActivateExtension vscode.json-language-features, startup: false, activationEvent: 'onLanguage:jsonc'
2024-09-24 18:53:41.276 [info] ExtensionService#_doActivateExtension vscode.typescript-language-features, startup: false, activationEvent: 'onLanguage:jsonc'
2024-09-24 18:53:42.836 [info] Extension host terminating: renderer closed the MessagePort
2024-09-24 18:53:42.877 [error] Canceled: Canceled
    at new D (/opt/visual-studio-code/resources/app/out/vs/workbench/api/node/extensionHostProcess.js:151:35235)
    at y.U (/opt/visual-studio-code/resources/app/out/vs/workbench/api/node/extensionHostProcess.js:158:6005)
    at Proxy.V.<computed>.F.charCodeAt.A.CharCode.DollarSign.V.<computed> (/opt/visual-studio-code/resources/app/out/vs/workbench/api/node/extensionHostProcess.js:158:3107)
    at h.g (/opt/visual-studio-code/resources/app/out/vs/workbench/api/node/extensionHostProcess.js:161:210015)
    at h.executeCommand (/opt/visual-studio-code/resources/app/out/vs/workbench/api/node/extensionHostProcess.js:161:209453)
    at C.registerCommand.description (/opt/visual-studio-code/resources/app/out/vs/workbench/api/node/extensionHostProcess.js:161:208777)
    at h (/opt/visual-studio-code/resources/app/out/vs/workbench/api/node/extensionHostProcess.js:161:210554)
    at h.g (/opt/visual-studio-code/resources/app/out/vs/workbench/api/node/extensionHostProcess.js:161:209546)
    at h.executeCommand (/opt/visual-studio-code/resources/app/out/vs/workbench/api/node/extensionHostProcess.js:161:209453)
    at Object.executeCommand (/opt/visual-studio-code/resources/app/out/vs/workbench/api/node/extensionHostProcess.js:171:30683)
    at w (/home/anu/.vscode/extensions/eamodio.gitlens-15.5.1/dist/gitlens.js:1490:39724)
    at c (/home/anu/.vscode/extensions/eamodio.gitlens-15.5.1/dist/gitlens.js:1490:44783)
    at ActionRunners._updateContextKeys (/home/anu/.vscode/extensions/eamodio.gitlens-15.5.1/dist/gitlens.js:1120:19640)
    at s (/home/anu/.vscode/extensions/eamodio.gitlens-15.5.1/dist/gitlens.js:1120:18084)
    at RegisteredActionRunner.unregister (/home/anu/.vscode/extensions/eamodio.gitlens-15.5.1/dist/gitlens.js:1120:18227)
    at RegisteredActionRunner.dispose (/home/anu/.vscode/extensions/eamodio.gitlens-15.5.1/dist/gitlens.js:1120:16881)
    at ActionRunners.dispose (/home/anu/.vscode/extensions/eamodio.gitlens-15.5.1/dist/gitlens.js:1120:17667)
    at /home/anu/.vscode/extensions/eamodio.gitlens-15.5.1/dist/gitlens.js:1448:19381
    at Array.forEach (<anonymous>)
    at Object.dispose (/home/anu/.vscode/extensions/eamodio.gitlens-15.5.1/dist/gitlens.js:1448:19363)
    at $ (/opt/visual-studio-code/resources/app/out/vs/workbench/api/node/extensionHostProcess.js:30:744)
    at /opt/visual-studio-code/resources/app/out/vs/workbench/api/node/extensionHostProcess.js:167:13607
    at /opt/visual-studio-code/resources/app/out/vs/workbench/api/node/extensionHostProcess.js:30:1112
    at Object.dispose (/opt/visual-studio-code/resources/app/out/vs/workbench/api/node/extensionHostProcess.js:11:11463)
    at m.eb (/opt/visual-studio-code/resources/app/out/vs/workbench/api/node/extensionHostProcess.js:167:10282)
    at /opt/visual-studio-code/resources/app/out/vs/workbench/api/node/extensionHostProcess.js:167:8153
    at Array.map (<anonymous>)
    at m.$ (/opt/visual-studio-code/resources/app/out/vs/workbench/api/node/extensionHostProcess.js:167:8140)
    at m.terminate (/opt/visual-studio-code/resources/app/out/vs/workbench/api/node/extensionHostProcess.js:167:8413)
    at $.terminate (/opt/visual-studio-code/resources/app/out/vs/workbench/api/node/extensionHostProcess.js:171:1513)
    at n (/opt/visual-studio-code/resources/app/out/vs/workbench/api/node/extensionHostProcess.js:184:10613)
    at MessagePortMain.<anonymous> (/opt/visual-studio-code/resources/app/out/vs/workbench/api/node/extensionHostProcess.js:184:6805)
    at MessagePortMain.emit (node:events:519:28)
    at Object.MessagePortMain._internalPort.emit (node:electron/js2c/utility_init:2:2619) setContext undefined
2024-09-24 18:53:42.878 [error] Canceled: Canceled
    at new D (/opt/visual-studio-code/resources/app/out/vs/workbench/api/node/extensionHostProcess.js:151:35235)
    at y.U (/opt/visual-studio-code/resources/app/out/vs/workbench/api/node/extensionHostProcess.js:158:6005)
    at Proxy.V.<computed>.F.charCodeAt.A.CharCode.DollarSign.V.<computed> (/opt/visual-studio-code/resources/app/out/vs/workbench/api/node/extensionHostProcess.js:158:3107)
    at h.g (/opt/visual-studio-code/resources/app/out/vs/workbench/api/node/extensionHostProcess.js:161:210015)
    at h.executeCommand (/opt/visual-studio-code/resources/app/out/vs/workbench/api/node/extensionHostProcess.js:161:209453)
    at C.registerCommand.description (/opt/visual-studio-code/resources/app/out/vs/workbench/api/node/extensionHostProcess.js:161:208777)
    at h (/opt/visual-studio-code/resources/app/out/vs/workbench/api/node/extensionHostProcess.js:161:210554)
    at h.g (/opt/visual-studio-code/resources/app/out/vs/workbench/api/node/extensionHostProcess.js:161:209546)
    at h.executeCommand (/opt/visual-studio-code/resources/app/out/vs/workbench/api/node/extensionHostProcess.js:161:209453)
    at Object.executeCommand (/opt/visual-studio-code/resources/app/out/vs/workbench/api/node/extensionHostProcess.js:171:30683)
    at w (/home/anu/.vscode/extensions/eamodio.gitlens-15.5.1/dist/gitlens.js:1490:39724)
    at c (/home/anu/.vscode/extensions/eamodio.gitlens-15.5.1/dist/gitlens.js:1490:44783)
    at ActionRunners._updateContextKeys (/home/anu/.vscode/extensions/eamodio.gitlens-15.5.1/dist/gitlens.js:1120:19640)
    at s (/home/anu/.vscode/extensions/eamodio.gitlens-15.5.1/dist/gitlens.js:1120:18084)
    at RegisteredActionRunner.unregister (/home/anu/.vscode/extensions/eamodio.gitlens-15.5.1/dist/gitlens.js:1120:18227)
    at RegisteredActionRunner.dispose (/home/anu/.vscode/extensions/eamodio.gitlens-15.5.1/dist/gitlens.js:1120:16881)
    at ActionRunners.dispose (/home/anu/.vscode/extensions/eamodio.gitlens-15.5.1/dist/gitlens.js:1120:17667)
    at /home/anu/.vscode/extensions/eamodio.gitlens-15.5.1/dist/gitlens.js:1448:19381
    at Array.forEach (<anonymous>)
    at Object.dispose (/home/anu/.vscode/extensions/eamodio.gitlens-15.5.1/dist/gitlens.js:1448:19363)
    at $ (/opt/visual-studio-code/resources/app/out/vs/workbench/api/node/extensionHostProcess.js:30:744)
    at /opt/visual-studio-code/resources/app/out/vs/workbench/api/node/extensionHostProcess.js:167:13607
    at /opt/visual-studio-code/resources/app/out/vs/workbench/api/node/extensionHostProcess.js:30:1112
    at Object.dispose (/opt/visual-studio-code/resources/app/out/vs/workbench/api/node/extensionHostProcess.js:11:11463)
    at m.eb (/opt/visual-studio-code/resources/app/out/vs/workbench/api/node/extensionHostProcess.js:167:10282)
    at /opt/visual-studio-code/resources/app/out/vs/workbench/api/node/extensionHostProcess.js:167:8153
    at Array.map (<anonymous>)
    at m.$ (/opt/visual-studio-code/resources/app/out/vs/workbench/api/node/extensionHostProcess.js:167:8140)
    at m.terminate (/opt/visual-studio-code/resources/app/out/vs/workbench/api/node/extensionHostProcess.js:167:8413)
    at $.terminate (/opt/visual-studio-code/resources/app/out/vs/workbench/api/node/extensionHostProcess.js:171:1513)
    at n (/opt/visual-studio-code/resources/app/out/vs/workbench/api/node/extensionHostProcess.js:184:10613)
    at MessagePortMain.<anonymous> (/opt/visual-studio-code/resources/app/out/vs/workbench/api/node/extensionHostProcess.js:184:6805)
    at MessagePortMain.emit (node:events:519:28)
    at Object.MessagePortMain._internalPort.emit (node:electron/js2c/utility_init:2:2619) setContext undefined
2024-09-24 18:53:42.878 [error] Canceled: Canceled
    at new D (/opt/visual-studio-code/resources/app/out/vs/workbench/api/node/extensionHostProcess.js:151:35235)
    at y.U (/opt/visual-studio-code/resources/app/out/vs/workbench/api/node/extensionHostProcess.js:158:6005)
    at Proxy.V.<computed>.F.charCodeAt.A.CharCode.DollarSign.V.<computed> (/opt/visual-studio-code/resources/app/out/vs/workbench/api/node/extensionHostProcess.js:158:3107)
    at h.g (/opt/visual-studio-code/resources/app/out/vs/workbench/api/node/extensionHostProcess.js:161:210015)
    at h.executeCommand (/opt/visual-studio-code/resources/app/out/vs/workbench/api/node/extensionHostProcess.js:161:209453)
    at C.registerCommand.description (/opt/visual-studio-code/resources/app/out/vs/workbench/api/node/extensionHostProcess.js:161:208777)
    at h (/opt/visual-studio-code/resources/app/out/vs/workbench/api/node/extensionHostProcess.js:161:210554)
    at h.g (/opt/visual-studio-code/resources/app/out/vs/workbench/api/node/extensionHostProcess.js:161:209546)
    at h.executeCommand (/opt/visual-studio-code/resources/app/out/vs/workbench/api/node/extensionHostProcess.js:161:209453)
    at Object.executeCommand (/opt/visual-studio-code/resources/app/out/vs/workbench/api/node/extensionHostProcess.js:171:30683)
    at w (/home/anu/.vscode/extensions/eamodio.gitlens-15.5.1/dist/gitlens.js:1490:39724)
    at c (/home/anu/.vscode/extensions/eamodio.gitlens-15.5.1/dist/gitlens.js:1490:44783)
    at ActionRunners._updateContextKeys (/home/anu/.vscode/extensions/eamodio.gitlens-15.5.1/dist/gitlens.js:1120:19640)
    at s (/home/anu/.vscode/extensions/eamodio.gitlens-15.5.1/dist/gitlens.js:1120:18084)
    at RegisteredActionRunner.unregister (/home/anu/.vscode/extensions/eamodio.gitlens-15.5.1/dist/gitlens.js:1120:18227)
    at RegisteredActionRunner.dispose (/home/anu/.vscode/extensions/eamodio.gitlens-15.5.1/dist/gitlens.js:1120:16881)
    at ActionRunners.dispose (/home/anu/.vscode/extensions/eamodio.gitlens-15.5.1/dist/gitlens.js:1120:17667)
    at /home/anu/.vscode/extensions/eamodio.gitlens-15.5.1/dist/gitlens.js:1448:19381
    at Array.forEach (<anonymous>)
    at Object.dispose (/home/anu/.vscode/extensions/eamodio.gitlens-15.5.1/dist/gitlens.js:1448:19363)
    at $ (/opt/visual-studio-code/resources/app/out/vs/workbench/api/node/extensionHostProcess.js:30:744)
    at /opt/visual-studio-code/resources/app/out/vs/workbench/api/node/extensionHostProcess.js:167:13607
    at /opt/visual-studio-code/resources/app/out/vs/workbench/api/node/extensionHostProcess.js:30:1112
    at Object.dispose (/opt/visual-studio-code/resources/app/out/vs/workbench/api/node/extensionHostProcess.js:11:11463)
    at m.eb (/opt/visual-studio-code/resources/app/out/vs/workbench/api/node/extensionHostProcess.js:167:10282)
    at /opt/visual-studio-code/resources/app/out/vs/workbench/api/node/extensionHostProcess.js:167:8153
    at Array.map (<anonymous>)
    at m.$ (/opt/visual-studio-code/resources/app/out/vs/workbench/api/node/extensionHostProcess.js:167:8140)
    at m.terminate (/opt/visual-studio-code/resources/app/out/vs/workbench/api/node/extensionHostProcess.js:167:8413)
    at $.terminate (/opt/visual-studio-code/resources/app/out/vs/workbench/api/node/extensionHostProcess.js:171:1513)
    at n (/opt/visual-studio-code/resources/app/out/vs/workbench/api/node/extensionHostProcess.js:184:10613)
    at MessagePortMain.<anonymous> (/opt/visual-studio-code/resources/app/out/vs/workbench/api/node/extensionHostProcess.js:184:6805)
    at MessagePortMain.emit (node:events:519:28)
    at Object.MessagePortMain._internalPort.emit (node:electron/js2c/utility_init:2:2619) setContext undefined
2024-09-24 18:53:42.880 [info] Extension host with pid 145342 exiting with code 0
