[322703][1716183617270][main][info]["Booting Postman 11.0.4, linux-6.8.9-zen1-2-zen on x64"]
[322703][1716183617274][main][info]["EventBus~initialize - Success"]
[322703][1716183617276][main][info]["Proxy configuration has not been setup"]
[322703][1716183617277][main][info]["CloudProxyManager~init - Success"]
[322703][1716183617280][main][info]["performShellDataMigration: Starting shell data migration"]
[322703][1716183617281][main][info]["migrateShellData:Starting"]
[322703][1716183617292][main][info]["migrateShellData: Old storage cleaned up"]
[322703][1716183617463][main][info]["migrateShellData: Got data from shell. Writing to storage"]
[322703][1716183617467][main][info]["performShellDataMigration: Migration successful on try count 1"]
[322703][1716183617472][main][info]["UpdateHandler~init - Success"]
[322703][1716183617474][main][info]["LeaderSelection: Initialized successfully"]
[322703][1716183617475][main][info]["VersionDependencyService: Initialized successfully"]
[322703][1716183617482][main][info]["Generated root certificate for linux"]
[322703][1716183617483][main][info]["LinuxAutoUpdater~Cleanup - Initial cleanup successful"]
[322703][1716183617505][main][info]["GPU detected VID 4098 DID 5688 ACTIVE true"]
[322703][1716183617505][main][info]["GPU detected VID 4098 DID 29504 ACTIVE false"]
[322703][1716183617507][main][info]["newAccountRegionPreferenceService~getPreferenceWithFallback - Preference not found in storage."]
[322703][1716183617507][main][info]["newAccountRegionPreferenceService~getToggleMenuTemplate - Using preference:","useUSRegion"]
[322703][1716183617527][main][info]["shellController~init: Success"]
[322703][1716183617537][main][info]["shellMeta~init: Success"]
[322703][1716183617537][main][info]["partitionMigrationService: State of V7 partition:"]
[322703][1716183617538][main][info]["partitionMigrationService: V7 partitions",[]]
[322703][1716183617538][main][info]["partitionMigrationService~rectifyNamespaceOfScratchPadPartition: There is no partition with scratchpad namespace"]
[322703][1716183617538][main][info]["partitionMigrationService~rectifyNamespaceOfScratchPadPartition: There is no transit partition which could have been used for scratchpad"]
[322703][1716183617538][main][info]["partitionMigrationService~init: Success"]
[322703][1716183617551][main][info]["partitionMigrationService~runV8PartitionsIntegrity: Two way migration~ removing the following partitions from v8",[]]
[322703][1716183617555][main][info]["userPartitionService~_rectifyTheActivePartitionOfApplication: Setting the active partition to ",null]
[322703][1716183617558][main][info]["proxyCertificateService~ensureRootCAPresence: Deleting and creating new certificates"]
[322703][1716183617563][main][info]["userPartitionService~init: Success"]
[322703][1716183617571][main][info]["userPartitionService: State of v8 partition system:"]
[322703][1716183617574][main][info]["shell~init~getPartitionToLoad: loading scratchpad partition"]
[322703][1716183617575][main][info]["userPartitionService: List of partitions:",[]]
[322703][1716183617575][main][info]["userPartitionService: users global meta:",{}]
[322703][1716183617588][main][info]["Main:windowManager~newRequesterWindow: Fetch and update runtime config: undefined"]
[322703][1716183619674][main][info]["RuntimeIPCAgent~started: Success"]
[322703][1716183619978][main][info]["Main~scratchpadThemeAction:: action: set, value: dark"]
[322703][1716183619980][main][info]["Main~scratchpadThemeAction:: action: set, value: dark"]
[322703][1716183619981][main][info]["Main~scratchpadThemeAction:: action: set, value: dark"]
[322703][1716183619997][main][info]["UpdateHandler~app-update-events - Received event",{"name":"checkForElectronVersionUpdated","namespace":"appUpdate"}]
[322703][1716183620004][main][info]["windowManager: First requester booted successfully."]
[322703][1716183620004][main][info]["windowManager~restoreWindows: Restoring requester windows"]
[322703][1716183620004][main][info]["Main~AppEvents - Received booted event for process requester.Version undefined UI Version: undefined Desktop Platform Version: 11.0.4"]
[322703][1716183624297][main][info]["VersionDependencyService: Resetting UI version as user logged out/switched account"]
[322703][1716183624297][main][info]["Main - model-events~user - (users, add) received"]
[322703][1716183624562][main][info]["AuthHandler~open: Received dom-ready event."]
[322703][1716183624568][main][info]["AuthHandler~open: Received did-finish-load event."]
[322703][1716183624682][main][warn]["AuthHandler~open: Current app is not default protocol client - Falling back to polling mechanism."]
[322703][1716183624684][main][info]["newAccountRegionPreferenceService~getPreferenceWithFallback - Preference not found in storage."]
[322703][1716183624684][main][info]["newAccountRegionPreferenceService~getRegionPreference - Using preference:","useUSRegion"]
[322703][1716183624684][main][info]["AuthHandler~open: new Account region preference:","us"]
[322703][1716183624685][main][info]["AuthHandler~open: get multiLoginToken token."]
[322703][1716183624686][main][info]["AuthHandler~open: Publishing initialize event to auth-window channel."]
[322703][1716183645322][main][info]["Shell~init~loginUser: associating the user ","32975353"," with transit partition"]
[322703][1716183645322][main][info]["userPartitionService~getNewPartitionId: creating a partition with userId and teamId as 0"]
[322703][1716183645340][main][info]["userPartitionService~associateTransitPartition: ",{"partitionId":"0ac5f03f-3d89-45f8-a1b1-c3951e90e93c","context":{"namespace":"users","userId":"32975353","teamId":"0","region":"us"}}]
[322703][1716183645365][main][info]["userPartitionService: State of v8 partition system:"]
[322703][1716183645372][main][info]["userPartitionService: List of partitions:",[{"partitionId":"0ac5f03f-3d89-45f8-a1b1-c3951e90e93c","namespace":"users","userId":"32975353","teamId":"0","lastUpdated":"2024-05-20T05:40:45.340Z"},{"partitionId":"dd015876-aa7c-4b44-9bc9-6a2f37f1c784","namespace":"scratchPad","userId":0,"teamId":0,"isDirty":false}]]
[322703][1716183645373][main][info]["userPartitionService: users global meta:",{}]
[322703][1716183645386][main][info]["Main:windowManager~newRequesterWindow: Fetch and update runtime config: us"]
[322703][1716183649527][main][info]["Main~getRemoteInitPath:: "]
[322703][1716183650090][main][info]["Main - model-events~user - (user, update) received"]
[322703][1716183650091][main][info]["Main~reload: https://desktop.postman.com/?desktopVersion=11.0.4&userId=32975353&teamId=0&region=us"]
[322703][1716183652485][main][info]["Main~getRemoteInitPath:: "]
[322703][1716183652941][main][info]["Main - model-events~user - (user, update) received"]
[322703][1716183653223][main][info]["UpdateHandler~app-update-events - Received event",{"name":"checkForElectronVersionUpdated","namespace":"appUpdate"}]
[322703][1716183653237][main][info]["windowManager: First requester booted successfully."]
[322703][1716183653237][main][info]["windowManager~restoreWindows: Restoring requester windows"]
[322703][1716183653237][main][info]["Main~AppEvents - Received booted event for process requester.Version 11.0.6 UI Version: 11.0.6-ui-240502-1530 Desktop Platform Version: 11.0.4"]
[322703][1716183653344][main][info]["Main~getRemoteInitPath:: "]
[322703][1716183653599][main][info]["Main~getPlatformLaunchPerfMetrics"]
[322703][1716183653618][main][info]["Main - model-events~user - (user, bootstrapUser) received"]
[322703][1716183653619][main][info]["model-events~user - bootstrapUser received"]
[322703][1716183653749][main][info]["INTERCEPTOR CONNECTIVITY: Attempting to start websocket server on port 15611"]
[322703][1716183655489][main][info]["Main - model-events~user - (user, bootstrapUser) received"]
[322703][1716183655489][main][info]["model-events~user - bootstrapUser received"]
[322703][1716183664051][main][info]["UpdateHandler~app-update-events - Received event",{"name":"updateElectron","namespace":"appUpdate","data":{"channel":"stable","version":"11.0.4","downloadVersion":"11.1.0","appId":"6f5522c1-e878-4604-b687-14e0db595df4","userAgent":"Mozilla/5.0 (X11; Linux x86_64) AppleWebKit/537.36 (KHTML, like Gecko) Postman/11.0.4 Electron/20.3.11 Safari/537.36","platform":"LINUX","arch":"64","downloadURL":"https://dl.pstmn.io/download/version/11.1.0/linux_64","updateServerDomain":"https://dl.pstmn.io/","additionalParamsString":"installationId=6f5522c1-e878-4604-b687-14e0db595df4&userId=32975353&syncEnabled=true&teamPlan=&teamId=0","userId":"32975353"}}]
[322703][1716183664052][main][info]["LinuxUpdater~downloadUpdate - UpdateInfo received",{"channel":"stable","version":"11.0.4","downloadVersion":"11.1.0","appId":"6f5522c1-e878-4604-b687-14e0db595df4","userAgent":"Mozilla/5.0 (X11; Linux x86_64) AppleWebKit/537.36 (KHTML, like Gecko) Postman/11.0.4 Electron/20.3.11 Safari/537.36","platform":"LINUX","arch":"64","downloadURL":"https://dl.pstmn.io/download/version/11.1.0/linux_64","updateServerDomain":"https://dl.pstmn.io/","additionalParamsString":"installationId=6f5522c1-e878-4604-b687-14e0db595df4&userId=32975353&syncEnabled=true&teamPlan=&teamId=0","userId":"32975353"}]
[322703][1716183664790][main][info]["@postman/app-updater: error",{"errno":-13,"code":"EACCES","syscall":"open","path":"/opt/postman/Postman-1716183664052.tar.gz","name":"Error","message":"EACCES: permission denied, open '/opt/postman/Postman-1716183664052.tar.gz'","stack":"Error: EACCES: permission denied, open '/opt/postman/Postman-1716183664052.tar.gz'"},{"packageName":"Postman","eID":"Postman-1716183664052","downloadURL":"https://dl.pstmn.io/download/version/11.1.0/linux_64","downloadDirectory":"/opt/postman","downloadInfo":{"status":"DOWNLOAD_ERROR","error":{"errno":-13,"code":"EACCES","syscall":"open","path":"/opt/postman/Postman-1716183664052.tar.gz"},"downloadDirectory":"/opt/postman"}}]
[322703][1716183664790][main][info]["UpdateHandler~app-update-events - Received event",{"name":"electronAppUpdateError","namespace":"appUpdate","data":{"error":{"errno":-13,"code":"EACCES","syscall":"open","path":"/opt/postman/Postman-1716183664052.tar.gz","name":"Error","message":"EACCES: permission denied, open '/opt/postman/Postman-1716183664052.tar.gz'","stack":"Error: EACCES: permission denied, open '/opt/postman/Postman-1716183664052.tar.gz'"},"updateData":{"packageName":"Postman","eID":"Postman-1716183664052","downloadURL":"https://dl.pstmn.io/download/version/11.1.0/linux_64","downloadDirectory":"/opt/postman","downloadInfo":{"status":"DOWNLOAD_ERROR","error":{"errno":-13,"code":"EACCES","syscall":"open","path":"/opt/postman/Postman-1716183664052.tar.gz"},"downloadDirectory":"/opt/postman"}}}}]
[322703][1716192503921][main][info]["WindowManager~closeHandler - Closed Window (id: 4 )"]
[322703][1716192503938][main][error]["Main~handleUncaughtError - Uncaught errors",{"name":"TypeError","message":"Cannot read properties of undefined (reading 'send')","stack":"TypeError: Cannot read properties of undefined (reading 'send')\n    at Object.sendMessageToInterceptor (/opt/postman/app/resources/app/services/websocketServer.js:144:10)\n    at Object.requesterWindowHandler (/opt/postman/app/resources/app/services/websocketServer.js:389:14)\n    at EventEmitter.emit (node:events:539:35)\n    at EventEmitter.emit (node:domain:475:12)\n    at _dispatch (/opt/postman/app/resources/app/common/_event-bus.js:256:14)\n    at EventBus._publish (/opt/postman/app/resources/app/common/_event-bus.js:207:9)\n    at Object.closedHandler (/opt/postman/app/resources/app/services/windowManager.js:1090:18)\n    at BrowserWindow.emit (node:events:527:28)\n    at BrowserWindow.emit (node:domain:475:12)"}]
[139941][1718257035332][main][info]["Booting Postman 11.0.4, linux-6.9.3-zen1-1-zen on x64"]
[139941][1718257035335][main][info]["EventBus~initialize - Success"]
[139941][1718257035336][main][info]["Proxy configuration has not been setup"]
[139941][1718257035337][main][info]["CloudProxyManager~init - Success"]
[139941][1718257035353][main][info]["performShellDataMigration: Migration has already been done. Bailing out"]
[139941][1718257035358][main][info]["UpdateHandler~init - Success"]
[139941][1718257035360][main][info]["LeaderSelection: Initialized successfully"]
[139941][1718257035360][main][info]["VersionDependencyService: Initialized successfully"]
[139941][1718257035365][main][info]["LinuxAutoUpdater~Cleanup - Initial cleanup successful"]
[139941][1718257035380][main][info]["GPU detected VID 4098 DID 5688 ACTIVE true"]
[139941][1718257035380][main][info]["GPU detected VID 4098 DID 29504 ACTIVE false"]
[139941][1718257035382][main][info]["newAccountRegionPreferenceService~getPreferenceWithFallback - Preference not found in storage."]
[139941][1718257035382][main][info]["newAccountRegionPreferenceService~getToggleMenuTemplate - Using preference:","useUSRegion"]
[139941][1718257035395][main][info]["shellController~init: Success"]
[139941][1718257035399][main][info]["shellMeta~init: Success"]
[139941][1718257035399][main][info]["partitionMigrationService: State of V7 partition:"]
[139941][1718257035400][main][info]["partitionMigrationService: V7 partitions",[]]
[139941][1718257035400][main][info]["partitionMigrationService~rectifyNamespaceOfScratchPadPartition: There is no partition with scratchpad namespace"]
[139941][1718257035400][main][info]["partitionMigrationService~rectifyNamespaceOfScratchPadPartition: There is no transit partition which could have been used for scratchpad"]
[139941][1718257035400][main][info]["partitionMigrationService~init: Success"]
[139941][1718257035414][main][info]["partitionMigrationService~runV8PartitionsIntegrity: Two way migration~ removing the following partitions from v8",[]]
[139941][1718257035419][main][info]["userPartitionService~getRecentV8UserPartition: recent v8 user context partition ","0ac5f03f-3d89-45f8-a1b1-c3951e90e93c"]
[139941][1718257035420][main][info]["userPartitionService~_rectifyTheActivePartitionOfApplication: Setting the active partition to ","0ac5f03f-3d89-45f8-a1b1-c3951e90e93c"]
[139941][1718257035427][main][info]["userPartitionService~init: Success"]
[139941][1718257035444][main][info]["userPartitionService: State of v8 partition system:"]
[139941][1718257035446][main][info]["shell~init~getPartitionToLoad: loading active partition"]
[139941][1718257035448][main][info]["userPartitionService: List of partitions:",[{"partitionId":"0ac5f03f-3d89-45f8-a1b1-c3951e90e93c","namespace":"users","userId":"32975353","teamId":"0","lastUpdated":"2024-05-20T05:40:45.340Z"},{"partitionId":"dd015876-aa7c-4b44-9bc9-6a2f37f1c784","namespace":"scratchPad","userId":0,"teamId":0,"isDirty":false}]]
[139941][1718257035448][main][info]["userPartitionService: users global meta:",{}]
[139941][1718257035450][main][info]["Main:windowManager~newRequesterWindow: Fetch and update runtime config: us"]
[139941][1718257036936][main][info]["RuntimeIPCAgent~started: Success"]
[139941][1718257037570][main][info]["Main~getRemoteInitPath:: "]
[139941][1718257037992][main][info]["UpdateHandler~app-update-events - Received event",{"name":"checkForElectronVersionUpdated","namespace":"appUpdate"}]
[139941][1718257038006][main][info]["windowManager: First requester booted successfully."]
[139941][1718257038007][main][info]["windowManager~restoreWindows: Restoring requester windows"]
[139941][1718257038007][main][info]["Main~AppEvents - Received booted event for process requester.Version 11.0.6 UI Version: 11.0.6-ui-240502-1530 Desktop Platform Version: 11.0.4"]
[139941][1718257038138][main][info]["Main~getRemoteInitPath:: "]
[139941][1718257038533][main][info]["INTERCEPTOR CONNECTIVITY: Attempting to start websocket server on port 15611"]
[139941][1718257039608][main][info]["Main~getPlatformLaunchPerfMetrics"]
[139941][1718257040705][main][info]["Main - model-events~user - (user, bootstrapUser) received"]
[139941][1718257040705][main][info]["model-events~user - bootstrapUser received"]
[139941][1718257048852][main][info]["UpdateHandler~app-update-events - Received event",{"name":"updateElectron","namespace":"appUpdate","data":{"channel":"stable","version":"11.0.4","downloadVersion":"11.2.0","appId":"6f5522c1-e878-4604-b687-14e0db595df4","userAgent":"Mozilla/5.0 (X11; Linux x86_64) AppleWebKit/537.36 (KHTML, like Gecko) Postman/11.0.4 Electron/20.3.11 Safari/537.36","platform":"LINUX","arch":"64","downloadURL":"https://dl.pstmn.io/download/version/11.2.0/linux_64","updateServerDomain":"https://dl.pstmn.io/","additionalParamsString":"installationId=6f5522c1-e878-4604-b687-14e0db595df4&userId=32975353&syncEnabled=true&teamPlan=&teamId=0","userId":"32975353"}}]
[139941][1718257048853][main][info]["LinuxUpdater~downloadUpdate - UpdateInfo received",{"channel":"stable","version":"11.0.4","downloadVersion":"11.2.0","appId":"6f5522c1-e878-4604-b687-14e0db595df4","userAgent":"Mozilla/5.0 (X11; Linux x86_64) AppleWebKit/537.36 (KHTML, like Gecko) Postman/11.0.4 Electron/20.3.11 Safari/537.36","platform":"LINUX","arch":"64","downloadURL":"https://dl.pstmn.io/download/version/11.2.0/linux_64","updateServerDomain":"https://dl.pstmn.io/","additionalParamsString":"installationId=6f5522c1-e878-4604-b687-14e0db595df4&userId=32975353&syncEnabled=true&teamPlan=&teamId=0","userId":"32975353"}]
[139941][1718257049434][main][info]["@postman/app-updater: error",{"errno":-13,"code":"EACCES","syscall":"open","path":"/opt/postman/Postman-1718257048853.tar.gz","name":"Error","message":"EACCES: permission denied, open '/opt/postman/Postman-1718257048853.tar.gz'","stack":"Error: EACCES: permission denied, open '/opt/postman/Postman-1718257048853.tar.gz'"},{"packageName":"Postman","eID":"Postman-1718257048853","downloadURL":"https://dl.pstmn.io/download/version/11.2.0/linux_64","downloadDirectory":"/opt/postman","downloadInfo":{"status":"DOWNLOAD_ERROR","error":{"errno":-13,"code":"EACCES","syscall":"open","path":"/opt/postman/Postman-1718257048853.tar.gz"},"downloadDirectory":"/opt/postman"}}]
[139941][1718257049435][main][info]["UpdateHandler~app-update-events - Received event",{"name":"electronAppUpdateError","namespace":"appUpdate","data":{"error":{"errno":-13,"code":"EACCES","syscall":"open","path":"/opt/postman/Postman-1718257048853.tar.gz","name":"Error","message":"EACCES: permission denied, open '/opt/postman/Postman-1718257048853.tar.gz'","stack":"Error: EACCES: permission denied, open '/opt/postman/Postman-1718257048853.tar.gz'"},"updateData":{"packageName":"Postman","eID":"Postman-1718257048853","downloadURL":"https://dl.pstmn.io/download/version/11.2.0/linux_64","downloadDirectory":"/opt/postman","downloadInfo":{"status":"DOWNLOAD_ERROR","error":{"errno":-13,"code":"EACCES","syscall":"open","path":"/opt/postman/Postman-1718257048853.tar.gz"},"downloadDirectory":"/opt/postman"}}}}]
[139941][1718259209226][main][info]["WindowManager~closeHandler - Closed Window (id: 1 )"]
[139941][1718259209236][main][error]["Main~handleUncaughtError - Uncaught errors",{"name":"TypeError","message":"Cannot read properties of undefined (reading 'send')","stack":"TypeError: Cannot read properties of undefined (reading 'send')\n    at Object.sendMessageToInterceptor (/opt/postman/app/resources/app/services/websocketServer.js:144:10)\n    at Object.requesterWindowHandler (/opt/postman/app/resources/app/services/websocketServer.js:389:14)\n    at EventEmitter.emit (node:events:539:35)\n    at EventEmitter.emit (node:domain:475:12)\n    at _dispatch (/opt/postman/app/resources/app/common/_event-bus.js:256:14)\n    at EventBus._publish (/opt/postman/app/resources/app/common/_event-bus.js:207:9)\n    at Object.closedHandler (/opt/postman/app/resources/app/services/windowManager.js:1090:18)\n    at BrowserWindow.emit (node:events:527:28)\n    at BrowserWindow.emit (node:domain:475:12)"}]
