2024-11-30 13:51:37.258 [info] Started local extension host with pid 1100963.
2024-11-30 13:51:37.879 [error] Extension 'ms-python.python' wants API proposal 'terminalShellIntegration' but that proposal DOES NOT EXIST. Likely, the proposal has been finalized (check 'vscode.d.ts') or was abandoned.
2024-11-30 13:51:39.080 [info] Settings Sync: Updating due to initialize
2024-11-30 13:51:39.081 [info] Settings Sync: Updating authentication providers. Authentication Providers from store: [{"id":"github","scopes":["user:email"]},{"id":"microsoft","scopes":["openid","profile","email","offline_access"]}]
2024-11-30 13:51:39.081 [info] Settings Sync: Authentication providers updated []
2024-11-30 13:51:39.253 [info] Settings Sync: Updating authentication providers. Authentication Providers from store: [{"id":"github","scopes":["user:email"]},{"id":"microsoft","scopes":["openid","profile","email","offline_access"]}]
2024-11-30 13:51:39.253 [info] Settings Sync: Authentication providers updated ["github"]
2024-11-30 13:51:39.253 [info] Settings Sync: Updating authentication providers. Authentication Providers from store: [{"id":"github","scopes":["user:email"]},{"id":"microsoft","scopes":["openid","profile","email","offline_access"]}]
2024-11-30 13:51:39.254 [info] Settings Sync: Authentication providers updated ["github"]
2024-11-30 13:51:39.254 [info] Settings Sync: Updating authentication providers. Authentication Providers from store: [{"id":"github","scopes":["user:email"]},{"id":"microsoft","scopes":["openid","profile","email","offline_access"]}]
2024-11-30 13:51:39.254 [info] Settings Sync: Authentication providers updated ["github","microsoft"]
2024-11-30 13:51:39.254 [info] Settings Sync: Updating authentication providers. Authentication Providers from store: [{"id":"github","scopes":["user:email"]},{"id":"microsoft","scopes":["openid","profile","email","offline_access"]}]
2024-11-30 13:51:39.254 [info] Settings Sync: Authentication providers updated ["github","microsoft"]
2024-11-30 13:51:39.270 [info] Settings Sync: Updating due to declared authentication providers changed
2024-11-30 13:51:39.271 [info] Settings Sync: Updating authentication providers. Authentication Providers from store: [{"id":"github","scopes":["user:email"]},{"id":"microsoft","scopes":["openid","profile","email","offline_access"]}]
2024-11-30 13:51:39.271 [info] Settings Sync: Authentication providers updated ["github","microsoft"]
2024-11-30 13:51:39.271 [info] Settings Sync: Updating due to declared authentication providers changed
2024-11-30 13:51:39.271 [info] Settings Sync: Updating authentication providers. Authentication Providers from store: [{"id":"github","scopes":["user:email"]},{"id":"microsoft","scopes":["openid","profile","email","offline_access"]}]
2024-11-30 13:51:39.271 [info] Settings Sync: Authentication providers updated ["github","microsoft"]
2024-11-30 13:51:39.655 [info] Settings Sync: Updating authentication providers. Authentication Providers from store: [{"id":"github","scopes":["user:email"]},{"id":"microsoft","scopes":["openid","profile","email","offline_access"]}]
2024-11-30 13:51:39.656 [info] Settings Sync: Authentication providers updated ["github","microsoft"]
2024-11-30 13:51:39.982 [info] [perf] Render performance baseline is 26ms
2024-11-30 14:24:55.633 [info] Started local extension host with pid 1109613.
2024-11-30 14:24:56.503 [info] Settings Sync: Updating authentication providers. Authentication Providers from store: [{"id":"github","scopes":["user:email"]},{"id":"microsoft","scopes":["openid","profile","email","offline_access"]}]
2024-11-30 14:24:56.503 [info] Settings Sync: Authentication providers updated ["github","microsoft"]
2024-11-30 14:24:56.806 [error] No registered selector for ID: ms-vscode.npm-command
