2024-11-30 13:51:37.101 [info] Added views:outline in workbench.view.explorer
2024-11-30 13:51:37.101 [info] Added views:workbench.view.search in workbench.view.search
2024-11-30 13:51:37.101 [info] Added views:workbench.scm in workbench.view.scm
2024-11-30 13:51:37.101 [info] Added views:workbench.panel.markers.view in workbench.panel.markers
2024-11-30 13:51:37.101 [info] Added views:workbench.panel.output in workbench.panel.output
2024-11-30 13:51:37.101 [info] Added views:terminal in terminal
2024-11-30 13:51:37.101 [info] Added views:timeline in workbench.view.explorer
2024-11-30 13:51:37.101 [info] Added views:workbench.explorer.openEditorsView,workbench.explorer.fileView in workbench.view.explorer
2024-11-30 13:51:37.351 [info] Added views:workbench.debug.welcome in workbench.view.debug
2024-11-30 13:51:37.979 [info] Added views:gitlens.views.home,gitlens.views.workspaces,gitlens.views.account in workbench.view.extension.gitlens
2024-11-30 13:51:37.979 [info] Added views:gitlens.views.commitDetails,gitlens.views.lineHistory,gitlens.views.fileHistory,gitlens.views.searchAndCompare in workbench.view.extension.gitlensInspect
2024-11-30 13:51:37.980 [info] Added views:gitlens.views.commits,gitlens.views.branches,gitlens.views.remotes,gitlens.views.stashes,gitlens.views.tags,gitlens.views.contributors in workbench.view.scm
2024-11-30 13:51:38.219 [info] Added views:workbench.panel.repl.view in workbench.panel.repl
2024-11-30 13:51:39.078 [info] Added views:~remote.forwardedPorts in ~remote.forwardedPortsContainer
2024-11-30 13:51:39.705 [info] Added views:workbench.scm.repositories,workbench.scm.history in workbench.view.scm
2024-11-30 13:51:40.271 [info] Added views:gitlens.views.drafts in workbench.view.extension.gitlens
2024-11-30 13:51:41.197 [info] Added views:gitlens.views.graph,gitlens.views.graphDetails in workbench.view.extension.gitlensPanel
2024-11-30 13:51:41.198 [info] Added views:gitlens.views.timeline in workbench.view.extension.gitlensInspect
2024-11-30 13:51:41.199 [info] Added views:gitlens.views.worktrees in workbench.view.scm
2024-11-30 14:09:47.496 [info] Added views:workbench.views.extensions.installed,workbench.views.extensions.popular,extensions.recommendedList in workbench.view.extensions
2024-11-30 14:09:47.498 [info] Removed views:workbench.views.extensions.popular from workbench.view.extensions
2024-11-30 14:10:00.841 [info] Removed views:extensions.recommendedList,workbench.views.extensions.installed from workbench.view.extensions
2024-11-30 14:10:00.847 [info] Added views:workbench.views.extensions.marketplace in workbench.view.extensions
2024-11-30 14:24:53.408 [info] Removed views:workbench.views.extensions.marketplace from workbench.view.extensions
2024-11-30 14:24:53.418 [info] Added views:workbench.views.extensions.installed,extensions.recommendedList in workbench.view.extensions
2024-11-30 14:24:55.570 [info] Removed views:workbench.scm.history,workbench.scm.repositories from workbench.view.scm
2024-11-30 14:24:55.809 [info] Removed views:workbench.panel.repl.view from workbench.panel.repl
2024-11-30 14:24:56.010 [info] Added views:workbench.panel.repl.view in workbench.panel.repl
2024-11-30 14:24:56.851 [info] Added views:workbench.scm.repositories,workbench.scm.history in workbench.view.scm
