2024-09-24 18:41:21.819 [info] [main] Log level: Info
2024-09-24 18:41:21.819 [info] [main] Validating found git in: "git"
2024-09-24 18:41:21.819 [info] [main] Using git "2.46.0" from "git"
2024-09-24 18:41:21.819 [info] [Model][doInitialScan] Initial repository scan started
2024-09-24 18:41:21.819 [info] > git rev-parse --show-toplevel [57ms]
2024-09-24 18:41:21.819 [info] > git rev-parse --git-dir --git-common-dir [4ms]
2024-09-24 18:41:21.819 [info] [Model][openRepository] Opened repository: /home/anu/Documents/GitHub/profile
2024-09-24 18:41:21.819 [info] > git config --get commit.template [5ms]
2024-09-24 18:41:21.820 [info] > git rev-parse --show-toplevel [2ms]
2024-09-24 18:41:21.832 [info] > git for-each-ref --format=%(refname)%00%(upstream:short)%00%(objectname)%00%(upstream:track)%00%(upstream:remotename)%00%(upstream:remoteref) refs/heads/test refs/remotes/test [6ms]
2024-09-24 18:41:21.833 [info] > git rev-parse --show-toplevel [2ms]
2024-09-24 18:41:21.835 [info] [Model][doInitialScan] Initial repository scan completed - repositories (1), closed repositories (0), parent repositories (0), unsafe repositories (0)
2024-09-24 18:41:21.842 [info] > git status -z -uall [2ms]
2024-09-24 18:41:21.976 [info] > git for-each-ref --format=%(refname)%00%(upstream:short)%00%(objectname)%00%(upstream:track)%00%(upstream:remotename)%00%(upstream:remoteref) refs/heads/test refs/remotes/test [127ms]
2024-09-24 18:41:22.189 [info] > git config --local branch.test.vscode-merge-base [206ms]
2024-09-24 18:41:22.197 [info] > git config --get commit.template [221ms]
2024-09-24 18:41:22.281 [info] > git for-each-ref --format=%(refname)%00%(upstream:short)%00%(objectname)%00%(upstream:track)%00%(upstream:remotename)%00%(upstream:remoteref) refs/heads/origin/main refs/remotes/origin/main [85ms]
2024-09-24 18:41:22.316 [info] > git merge-base refs/heads/test refs/remotes/origin/test [26ms]
2024-09-24 18:41:22.404 [info] > git rev-list --count --left-right refs/heads/test...refs/remotes/origin/test [81ms]
2024-09-24 18:41:22.410 [info] > git for-each-ref --format=%(refname)%00%(upstream:short)%00%(objectname)%00%(upstream:track)%00%(upstream:remotename)%00%(upstream:remoteref) refs/heads/test refs/remotes/test [97ms]
2024-09-24 18:41:22.470 [info] > git diff --name-status -z --diff-filter=ADMR 50a4ed86c0c3604fc9fac94db94b237390c04b06...refs/remotes/origin/test [61ms]
2024-09-24 18:41:22.504 [info] > git status -z -uall [10ms]
2024-09-24 18:41:22.541 [info] > git for-each-ref --format=%(refname)%00%(upstream:short)%00%(objectname)%00%(upstream:track)%00%(upstream:remotename)%00%(upstream:remoteref) refs/heads/test refs/remotes/test [17ms]
2024-09-24 18:41:22.549 [info] > git config --local branch.test.vscode-merge-base [2ms]
2024-09-24 18:41:22.558 [info] > git for-each-ref --format=%(refname)%00%(upstream:short)%00%(objectname)%00%(upstream:track)%00%(upstream:remotename)%00%(upstream:remoteref) refs/heads/origin/main refs/remotes/origin/main [2ms]
2024-09-24 18:41:22.575 [info] > git check-ignore -v -z --stdin [3ms]
2024-09-24 18:41:23.287 [info] > git fetch [1482ms]
2024-09-24 18:41:23.302 [info] > git config --get commit.template [8ms]
2024-09-24 18:41:23.303 [info] > git for-each-ref --format=%(refname)%00%(upstream:short)%00%(objectname)%00%(upstream:track)%00%(upstream:remotename)%00%(upstream:remoteref) refs/heads/test refs/remotes/test [2ms]
2024-09-24 18:41:23.312 [info] > git status -z -uall [2ms]
2024-09-24 18:41:23.321 [info] > git for-each-ref --format=%(refname)%00%(upstream:short)%00%(objectname)%00%(upstream:track)%00%(upstream:remotename)%00%(upstream:remoteref) refs/heads/test refs/remotes/test [1ms]
2024-09-24 18:41:23.328 [info] > git config --local branch.test.vscode-merge-base [0ms]
2024-09-24 18:41:23.336 [info] > git for-each-ref --format=%(refname)%00%(upstream:short)%00%(objectname)%00%(upstream:track)%00%(upstream:remotename)%00%(upstream:remoteref) refs/heads/origin/main refs/remotes/origin/main [1ms]
2024-09-24 18:41:24.386 [info] > git config --get commit.template [7ms]
2024-09-24 18:41:24.387 [info] > git for-each-ref --format=%(refname)%00%(upstream:short)%00%(objectname)%00%(upstream:track)%00%(upstream:remotename)%00%(upstream:remoteref) refs/heads/test refs/remotes/test [1ms]
2024-09-24 18:41:24.394 [info] > git status -z -uall [2ms]
2024-09-24 18:41:24.403 [info] > git for-each-ref --format=%(refname)%00%(upstream:short)%00%(objectname)%00%(upstream:track)%00%(upstream:remotename)%00%(upstream:remoteref) refs/heads/test refs/remotes/test [1ms]
2024-09-24 18:41:24.409 [info] > git config --local branch.test.vscode-merge-base [1ms]
2024-09-24 18:41:24.417 [info] > git for-each-ref --format=%(refname)%00%(upstream:short)%00%(objectname)%00%(upstream:track)%00%(upstream:remotename)%00%(upstream:remoteref) refs/heads/origin/main refs/remotes/origin/main [2ms]
2024-09-24 18:44:24.843 [info] > git fetch [1515ms]
2024-09-24 18:44:24.853 [info] > git config --get commit.template [5ms]
2024-09-24 18:44:24.854 [info] > git for-each-ref --format=%(refname)%00%(upstream:short)%00%(objectname)%00%(upstream:track)%00%(upstream:remotename)%00%(upstream:remoteref) refs/heads/test refs/remotes/test [2ms]
2024-09-24 18:44:24.861 [info] > git status -z -uall [2ms]
2024-09-24 18:44:24.868 [info] > git for-each-ref --format=%(refname)%00%(upstream:short)%00%(objectname)%00%(upstream:track)%00%(upstream:remotename)%00%(upstream:remoteref) refs/heads/test refs/remotes/test [2ms]
2024-09-24 18:44:24.875 [info] > git config --local branch.test.vscode-merge-base [2ms]
2024-09-24 18:44:24.880 [info] > git for-each-ref --format=%(refname)%00%(upstream:short)%00%(objectname)%00%(upstream:track)%00%(upstream:remotename)%00%(upstream:remoteref) refs/heads/origin/main refs/remotes/origin/main [1ms]
2024-09-24 18:44:25.926 [info] > git config --get commit.template [6ms]
2024-09-24 18:44:25.926 [info] > git for-each-ref --format=%(refname)%00%(upstream:short)%00%(objectname)%00%(upstream:track)%00%(upstream:remotename)%00%(upstream:remoteref) refs/heads/test refs/remotes/test [1ms]
2024-09-24 18:44:25.932 [info] > git status -z -uall [2ms]
2024-09-24 18:44:25.940 [info] > git for-each-ref --format=%(refname)%00%(upstream:short)%00%(objectname)%00%(upstream:track)%00%(upstream:remotename)%00%(upstream:remoteref) refs/heads/test refs/remotes/test [1ms]
2024-09-24 18:44:25.946 [info] > git config --local branch.test.vscode-merge-base [1ms]
2024-09-24 18:44:25.951 [info] > git for-each-ref --format=%(refname)%00%(upstream:short)%00%(objectname)%00%(upstream:track)%00%(upstream:remotename)%00%(upstream:remoteref) refs/heads/origin/main refs/remotes/origin/main [1ms]
2024-09-24 18:47:26.503 [info] > git fetch [1626ms]
2024-09-24 18:47:26.513 [info] > git config --get commit.template [5ms]
2024-09-24 18:47:26.514 [info] > git for-each-ref --format=%(refname)%00%(upstream:short)%00%(objectname)%00%(upstream:track)%00%(upstream:remotename)%00%(upstream:remoteref) refs/heads/test refs/remotes/test [1ms]
2024-09-24 18:47:26.519 [info] > git status -z -uall [1ms]
2024-09-24 18:47:26.526 [info] > git for-each-ref --format=%(refname)%00%(upstream:short)%00%(objectname)%00%(upstream:track)%00%(upstream:remotename)%00%(upstream:remoteref) refs/heads/test refs/remotes/test [1ms]
2024-09-24 18:47:26.532 [info] > git config --local branch.test.vscode-merge-base [1ms]
2024-09-24 18:47:26.537 [info] > git for-each-ref --format=%(refname)%00%(upstream:short)%00%(objectname)%00%(upstream:track)%00%(upstream:remotename)%00%(upstream:remoteref) refs/heads/origin/main refs/remotes/origin/main [1ms]
2024-09-24 18:47:27.586 [info] > git config --get commit.template [5ms]
2024-09-24 18:47:27.587 [info] > git for-each-ref --format=%(refname)%00%(upstream:short)%00%(objectname)%00%(upstream:track)%00%(upstream:remotename)%00%(upstream:remoteref) refs/heads/test refs/remotes/test [1ms]
2024-09-24 18:47:27.593 [info] > git status -z -uall [2ms]
2024-09-24 18:47:27.599 [info] > git for-each-ref --format=%(refname)%00%(upstream:short)%00%(objectname)%00%(upstream:track)%00%(upstream:remotename)%00%(upstream:remoteref) refs/heads/test refs/remotes/test [1ms]
2024-09-24 18:47:27.604 [info] > git config --local branch.test.vscode-merge-base [1ms]
2024-09-24 18:47:27.610 [info] > git for-each-ref --format=%(refname)%00%(upstream:short)%00%(objectname)%00%(upstream:track)%00%(upstream:remotename)%00%(upstream:remoteref) refs/heads/origin/main refs/remotes/origin/main [1ms]
2024-09-24 18:50:28.062 [info] > git fetch [1526ms]
2024-09-24 18:50:28.072 [info] > git config --get commit.template [5ms]
2024-09-24 18:50:28.073 [info] > git for-each-ref --format=%(refname)%00%(upstream:short)%00%(objectname)%00%(upstream:track)%00%(upstream:remotename)%00%(upstream:remoteref) refs/heads/test refs/remotes/test [1ms]
2024-09-24 18:50:28.079 [info] > git status -z -uall [2ms]
2024-09-24 18:50:28.085 [info] > git for-each-ref --format=%(refname)%00%(upstream:short)%00%(objectname)%00%(upstream:track)%00%(upstream:remotename)%00%(upstream:remoteref) refs/heads/test refs/remotes/test [1ms]
2024-09-24 18:50:28.090 [info] > git config --local branch.test.vscode-merge-base [1ms]
2024-09-24 18:50:28.096 [info] > git for-each-ref --format=%(refname)%00%(upstream:short)%00%(objectname)%00%(upstream:track)%00%(upstream:remotename)%00%(upstream:remoteref) refs/heads/origin/main refs/remotes/origin/main [1ms]
2024-09-24 18:50:29.146 [info] > git config --get commit.template [4ms]
2024-09-24 18:50:29.147 [info] > git for-each-ref --format=%(refname)%00%(upstream:short)%00%(objectname)%00%(upstream:track)%00%(upstream:remotename)%00%(upstream:remoteref) refs/heads/test refs/remotes/test [1ms]
2024-09-24 18:50:29.153 [info] > git status -z -uall [2ms]
2024-09-24 18:50:29.160 [info] > git for-each-ref --format=%(refname)%00%(upstream:short)%00%(objectname)%00%(upstream:track)%00%(upstream:remotename)%00%(upstream:remoteref) refs/heads/test refs/remotes/test [2ms]
2024-09-24 18:50:29.165 [info] > git config --local branch.test.vscode-merge-base [1ms]
2024-09-24 18:50:29.171 [info] > git for-each-ref --format=%(refname)%00%(upstream:short)%00%(objectname)%00%(upstream:track)%00%(upstream:remotename)%00%(upstream:remoteref) refs/heads/origin/main refs/remotes/origin/main [1ms]
2024-09-24 18:53:16.276 [info] > git show --textconv :index.html [12ms]
2024-09-24 18:53:16.276 [info] > git ls-files --stage -- /home/anu/Documents/GitHub/profile/index.html [2ms]
2024-09-24 18:53:16.294 [info] > git cat-file -s bf3848f3fda62e82a209892be4a8cb970e105537 [10ms]
2024-09-24 18:53:29.280 [info] > git ls-files --stage -- /home/anu/Documents/GitHub/profile/index.html [1ms]
2024-09-24 18:53:29.287 [info] > git cat-file -s bf3848f3fda62e82a209892be4a8cb970e105537 [1ms]
2024-09-24 18:53:29.294 [info] > git show --textconv :index.html [1ms]
2024-09-24 18:53:29.518 [info] > git fetch [1426ms]
2024-09-24 18:53:29.530 [info] > git config --get commit.template [5ms]
2024-09-24 18:53:29.531 [info] > git for-each-ref --format=%(refname)%00%(upstream:short)%00%(objectname)%00%(upstream:track)%00%(upstream:remotename)%00%(upstream:remoteref) refs/heads/test refs/remotes/test [1ms]
2024-09-24 18:53:29.539 [info] > git status -z -uall [2ms]
2024-09-24 18:53:29.549 [info] > git for-each-ref --format=%(refname)%00%(upstream:short)%00%(objectname)%00%(upstream:track)%00%(upstream:remotename)%00%(upstream:remoteref) refs/heads/test refs/remotes/test [3ms]
2024-09-24 18:53:29.557 [info] > git config --local branch.test.vscode-merge-base [2ms]
2024-09-24 18:53:29.564 [info] > git for-each-ref --format=%(refname)%00%(upstream:short)%00%(objectname)%00%(upstream:track)%00%(upstream:remotename)%00%(upstream:remoteref) refs/heads/origin/main refs/remotes/origin/main [1ms]
2024-09-24 18:53:30.604 [info] > git config --get commit.template [6ms]
2024-09-24 18:53:30.605 [info] > git for-each-ref --format=%(refname)%00%(upstream:short)%00%(objectname)%00%(upstream:track)%00%(upstream:remotename)%00%(upstream:remoteref) refs/heads/test refs/remotes/test [2ms]
2024-09-24 18:53:30.611 [info] > git status -z -uall [1ms]
2024-09-24 18:53:30.620 [info] > git for-each-ref --format=%(refname)%00%(upstream:short)%00%(objectname)%00%(upstream:track)%00%(upstream:remotename)%00%(upstream:remoteref) refs/heads/test refs/remotes/test [1ms]
2024-09-24 18:53:30.627 [info] > git config --local branch.test.vscode-merge-base [1ms]
2024-09-24 18:53:30.633 [info] > git for-each-ref --format=%(refname)%00%(upstream:short)%00%(objectname)%00%(upstream:track)%00%(upstream:remotename)%00%(upstream:remoteref) refs/heads/origin/main refs/remotes/origin/main [1ms]
2024-09-24 18:53:30.698 [info] > git ls-files --stage -- /home/anu/Documents/GitHub/profile/index.html [1ms]
2024-09-24 18:53:30.705 [info] > git cat-file -s bf3848f3fda62e82a209892be4a8cb970e105537 [1ms]
2024-09-24 18:53:30.712 [info] > git show --textconv :index.html [1ms]
2024-09-24 18:53:35.633 [info] > git config --get commit.template [6ms]
2024-09-24 18:53:35.634 [info] > git for-each-ref --format=%(refname)%00%(upstream:short)%00%(objectname)%00%(upstream:track)%00%(upstream:remotename)%00%(upstream:remoteref) refs/heads/test refs/remotes/test [2ms]
2024-09-24 18:53:35.641 [info] > git status -z -uall [2ms]
2024-09-24 18:53:35.649 [info] > git for-each-ref --format=%(refname)%00%(upstream:short)%00%(objectname)%00%(upstream:track)%00%(upstream:remotename)%00%(upstream:remoteref) refs/heads/test refs/remotes/test [1ms]
2024-09-24 18:53:35.656 [info] > git config --local branch.test.vscode-merge-base [1ms]
2024-09-24 18:53:35.663 [info] > git for-each-ref --format=%(refname)%00%(upstream:short)%00%(objectname)%00%(upstream:track)%00%(upstream:remotename)%00%(upstream:remoteref) refs/heads/origin/main refs/remotes/origin/main [1ms]
2024-09-24 18:53:37.631 [info] > git show --textconv :index.html [6ms]
2024-09-24 18:53:37.632 [info] > git ls-files --stage -- /home/anu/Documents/GitHub/profile/index.html [2ms]
2024-09-24 18:53:37.638 [info] > git cat-file -s bf3848f3fda62e82a209892be4a8cb970e105537 [1ms]
2024-09-24 18:55:19.057 [info] > git config --get commit.template [8ms]
2024-09-24 18:55:19.058 [info] > git for-each-ref --format=%(refname)%00%(upstream:short)%00%(objectname)%00%(upstream:track)%00%(upstream:remotename)%00%(upstream:remoteref) refs/heads/test refs/remotes/test [2ms]
2024-09-24 18:55:19.065 [info] > git status -z -uall [2ms]
2024-09-24 18:55:19.074 [info] > git for-each-ref --format=%(refname)%00%(upstream:short)%00%(objectname)%00%(upstream:track)%00%(upstream:remotename)%00%(upstream:remoteref) refs/heads/test refs/remotes/test [2ms]
2024-09-24 18:55:19.082 [info] > git config --local branch.test.vscode-merge-base [2ms]
2024-09-24 18:55:19.092 [info] > git for-each-ref --format=%(refname)%00%(upstream:short)%00%(objectname)%00%(upstream:track)%00%(upstream:remotename)%00%(upstream:remoteref) refs/heads/origin/main refs/remotes/origin/main [1ms]
2024-09-24 18:55:24.087 [info] > git config --get commit.template [6ms]
2024-09-24 18:55:24.088 [info] > git for-each-ref --format=%(refname)%00%(upstream:short)%00%(objectname)%00%(upstream:track)%00%(upstream:remotename)%00%(upstream:remoteref) refs/heads/test refs/remotes/test [1ms]
2024-09-24 18:55:24.094 [info] > git status -z -uall [2ms]
2024-09-24 18:55:24.103 [info] > git for-each-ref --format=%(refname)%00%(upstream:short)%00%(objectname)%00%(upstream:track)%00%(upstream:remotename)%00%(upstream:remoteref) refs/heads/test refs/remotes/test [2ms]
2024-09-24 18:55:24.111 [info] > git config --local branch.test.vscode-merge-base [1ms]
2024-09-24 18:55:24.118 [info] > git for-each-ref --format=%(refname)%00%(upstream:short)%00%(objectname)%00%(upstream:track)%00%(upstream:remotename)%00%(upstream:remoteref) refs/heads/origin/main refs/remotes/origin/main [1ms]
