2024-09-24 18:41:20.855 [info] Using settings sync service https://vscode-sync.trafficmanager.net/
2024-09-24 18:41:20.855 [info] Auto Sync is enabled.
2024-09-24 18:41:20.855 [info] Auto Sync: Suspended until auth token is available.
2024-09-24 18:41:22.433 [info] Auto Sync: Triggered by Interval
2024-09-24 18:41:22.433 [info] Sync started.
2024-09-24 18:41:23.152 [info] Settings: No changes found during synchronizing settings.
2024-09-24 18:41:23.223 [info] Keybindings: No changes found during synchronizing keybindings.
2024-09-24 18:41:23.226 [info] Snippets: No changes found during synchronizing snippets.
2024-09-24 18:41:23.228 [info] Tasks: No changes found during synchronizing tasks.
2024-09-24 18:41:23.232 [info] GlobalState: No changes found during synchronizing ui state.
2024-09-24 18:41:23.274 [info] Extensions: No changes found during synchronizing extensions.
2024-09-24 18:41:23.275 [info] Profiles: No changes found during synchronizing profiles.
2024-09-24 18:41:23.279 [info] Sync done. Took 842ms
2024-09-24 18:46:23.278 [info] Auto Sync: Triggered by Interval
2024-09-24 18:46:23.279 [info] Sync started.
2024-09-24 18:46:23.840 [info] Settings: No changes found during synchronizing settings.
2024-09-24 18:46:23.842 [info] Keybindings: No changes found during synchronizing keybindings.
2024-09-24 18:46:23.847 [info] Snippets: No changes found during synchronizing snippets.
2024-09-24 18:46:23.848 [info] Tasks: No changes found during synchronizing tasks.
2024-09-24 18:46:23.850 [info] GlobalState: No changes found during synchronizing ui state.
2024-09-24 18:46:23.893 [info] Extensions: No changes found during synchronizing extensions.
2024-09-24 18:46:23.894 [info] Profiles: No changes found during synchronizing profiles.
2024-09-24 18:46:23.895 [info] Sync done. Took 617ms
2024-09-24 18:51:23.896 [info] Auto Sync: Triggered by Interval
2024-09-24 18:51:23.896 [info] Sync started.
2024-09-24 18:51:29.610 [info] Settings: No changes found during synchronizing settings.
2024-09-24 18:51:29.612 [info] Keybindings: No changes found during synchronizing keybindings.
2024-09-24 18:51:29.614 [info] Snippets: No changes found during synchronizing snippets.
2024-09-24 18:51:29.615 [info] Tasks: No changes found during synchronizing tasks.
2024-09-24 18:51:29.617 [info] GlobalState: No changes found during synchronizing ui state.
2024-09-24 18:51:29.661 [info] Extensions: No changes found during synchronizing extensions.
2024-09-24 18:51:29.662 [info] Profiles: No changes found during synchronizing profiles.
2024-09-24 18:51:29.662 [info] Sync done. Took 5767ms
2024-09-24 18:53:42.513 [info] Auto Sync: Triggered by Activity
2024-09-24 18:53:42.513 [info] Sync started.
2024-09-24 18:53:43.144 [info] Settings: No changes found during synchronizing settings.
2024-09-24 18:53:43.146 [info] Keybindings: No changes found during synchronizing keybindings.
2024-09-24 18:53:43.149 [info] Snippets: No changes found during synchronizing snippets.
2024-09-24 18:53:43.151 [info] Tasks: No changes found during synchronizing tasks.
2024-09-24 18:53:43.153 [info] GlobalState: No changes found during synchronizing ui state.
2024-09-24 18:53:43.190 [info] Extensions: No changes found during synchronizing extensions.
2024-09-24 18:53:43.192 [info] Profiles: No changes found during synchronizing profiles.
2024-09-24 18:53:43.193 [info] Sync done. Took 680ms
