2024-11-08 12:29:11.598 [info] Added views:outline in workbench.view.explorer
2024-11-08 12:29:11.599 [info] Added views:workbench.view.search in workbench.view.search
2024-11-08 12:29:11.599 [info] Added views:workbench.scm in workbench.view.scm
2024-11-08 12:29:11.599 [info] Added views:workbench.panel.markers.view in workbench.panel.markers
2024-11-08 12:29:11.599 [info] Added views:workbench.panel.output in workbench.panel.output
2024-11-08 12:29:11.599 [info] Added views:terminal in terminal
2024-11-08 12:29:11.599 [info] Added views:timeline in workbench.view.explorer
2024-11-08 12:29:11.599 [info] Added views:workbench.explorer.openEditorsView,workbench.explorer.fileView in workbench.view.explorer
2024-11-08 12:29:12.031 [info] Added views:gitlens.views.home,gitlens.views.workspaces,gitlens.views.account in workbench.view.extension.gitlens
2024-11-08 12:29:12.031 [info] Added views:gitlens.views.commitDetails,gitlens.views.lineHistory,gitlens.views.fileHistory,gitlens.views.searchAndCompare in workbench.view.extension.gitlensInspect
2024-11-08 12:29:12.032 [info] Added views:gitlens.views.commits,gitlens.views.branches,gitlens.views.remotes,gitlens.views.stashes,gitlens.views.tags,gitlens.views.contributors in workbench.view.scm
2024-11-08 12:29:12.032 [info] Added views:supermaven-view in workbench.view.extension.supermaven-chat
2024-11-08 12:29:12.226 [info] Added views:workbench.debug.variablesView,workbench.debug.watchExpressionsView,workbench.debug.callStackView,workbench.debug.breakPointsView in workbench.view.debug
2024-11-08 12:29:12.282 [info] Added views:workbench.panel.repl.view in workbench.panel.repl
2024-11-08 12:29:12.472 [info] Added views:~remote.forwardedPorts in ~remote.forwardedPortsContainer
2024-11-08 12:29:13.294 [info] Added views:gitlens.views.drafts in workbench.view.extension.gitlens
2024-11-08 12:29:13.391 [info] Added views:workbench.scm.repositories,workbench.scm.history in workbench.view.scm
2024-11-08 12:29:14.161 [info] Added views:gitlens.views.graph,gitlens.views.graphDetails in workbench.view.extension.gitlensPanel
2024-11-08 12:29:14.161 [info] Added views:gitlens.views.timeline in workbench.view.extension.gitlensInspect
2024-11-08 12:29:14.162 [info] Added views:gitlens.views.worktrees in workbench.view.scm
2024-11-08 12:29:19.335 [info] Added views:workbench.views.extensions.installed,workbench.views.extensions.popular,extensions.recommendedList in workbench.view.extensions
2024-11-08 12:29:19.336 [info] Removed views:workbench.views.extensions.popular from workbench.view.extensions
2024-11-08 12:29:21.563 [info] Removed views:extensions.recommendedList,workbench.views.extensions.installed from workbench.view.extensions
2024-11-08 12:29:21.568 [info] Added views:workbench.views.extensions.marketplace in workbench.view.extensions
2024-11-08 12:29:38.660 [info] Removed views:workbench.views.extensions.marketplace from workbench.view.extensions
2024-11-08 12:29:38.667 [info] Added views:workbench.views.extensions.installed,extensions.recommendedList in workbench.view.extensions
2024-11-08 12:29:41.279 [info] Removed views:workbench.scm.history,workbench.scm.repositories from workbench.view.scm
2024-11-08 12:29:41.481 [info] Removed views:workbench.panel.repl.view from workbench.panel.repl
2024-11-08 12:29:41.481 [info] Removed views:workbench.debug.breakPointsView,workbench.debug.callStackView,workbench.debug.watchExpressionsView,workbench.debug.variablesView from workbench.view.debug
2024-11-08 12:29:41.481 [info] Added views:workbench.debug.welcome in workbench.view.debug
2024-11-08 12:29:41.667 [info] Added views:workbench.panel.repl.view in workbench.panel.repl
2024-11-08 12:29:41.668 [info] Removed views:workbench.debug.welcome from workbench.view.debug
2024-11-08 12:29:41.669 [info] Added views:workbench.debug.variablesView,workbench.debug.watchExpressionsView,workbench.debug.callStackView,workbench.debug.breakPointsView in workbench.view.debug
2024-11-08 12:29:42.541 [info] Added views:workbench.scm.repositories,workbench.scm.history in workbench.view.scm
2024-11-08 12:30:45.706 [info] Removed views:workbench.scm.history,workbench.scm.repositories from workbench.view.scm
2024-11-08 12:30:46.089 [info] Added views:outline in workbench.view.explorer
2024-11-08 12:30:46.089 [info] Added views:workbench.view.search in workbench.view.search
2024-11-08 12:30:46.089 [info] Added views:workbench.scm in workbench.view.scm
2024-11-08 12:30:46.089 [info] Added views:workbench.panel.markers.view in workbench.panel.markers
2024-11-08 12:30:46.089 [info] Added views:workbench.panel.output in workbench.panel.output
2024-11-08 12:30:46.089 [info] Added views:terminal in terminal
2024-11-08 12:30:46.089 [info] Added views:timeline in workbench.view.explorer
2024-11-08 12:30:46.089 [info] Added views:workbench.explorer.openEditorsView,workbench.explorer.fileView in workbench.view.explorer
2024-11-08 12:30:46.489 [info] Added views:workbench.debug.welcome in workbench.view.debug
2024-11-08 12:30:46.576 [info] Added views:gitlens.views.home,gitlens.views.workspaces,gitlens.views.account in workbench.view.extension.gitlens
2024-11-08 12:30:46.576 [info] Added views:gitlens.views.commitDetails,gitlens.views.lineHistory,gitlens.views.fileHistory,gitlens.views.searchAndCompare in workbench.view.extension.gitlensInspect
2024-11-08 12:30:46.577 [info] Added views:gitlens.views.commits,gitlens.views.branches,gitlens.views.remotes,gitlens.views.stashes,gitlens.views.tags,gitlens.views.contributors in workbench.view.scm
2024-11-08 12:30:46.577 [info] Added views:supermaven-view in workbench.view.extension.supermaven-chat
2024-11-08 12:30:46.704 [info] Added views:workbench.panel.repl.view in workbench.panel.repl
2024-11-08 12:30:46.772 [info] Added views:~remote.forwardedPorts in ~remote.forwardedPortsContainer
2024-11-08 12:30:47.596 [info] Removed views:gitlens.views.searchAndCompare,gitlens.views.fileHistory,gitlens.views.lineHistory,gitlens.views.commitDetails from workbench.view.extension.gitlensInspect
2024-11-08 12:30:47.596 [info] Removed views:gitlens.views.contributors,gitlens.views.tags,gitlens.views.stashes,gitlens.views.remotes,gitlens.views.branches,gitlens.views.commits from workbench.view.scm
2024-11-08 12:30:47.654 [info] Added views:gitlens.views.drafts in workbench.view.extension.gitlens
2024-11-08 12:37:44.170 [info] Added views:workbench.views.extensions.installed,workbench.views.extensions.popular,extensions.recommendedList in workbench.view.extensions
2024-11-08 12:37:44.172 [info] Removed views:workbench.views.extensions.popular from workbench.view.extensions
2024-11-08 12:37:47.011 [info] Removed views:extensions.recommendedList,workbench.views.extensions.installed from workbench.view.extensions
2024-11-08 12:37:47.016 [info] Added views:workbench.views.extensions.marketplace in workbench.view.extensions
2024-11-08 12:37:49.808 [info] Removed views:workbench.views.extensions.marketplace from workbench.view.extensions
2024-11-08 12:37:49.815 [info] Added views:workbench.views.extensions.installed,extensions.recommendedList in workbench.view.extensions
2024-11-08 12:37:52.077 [info] Removed views:extensions.recommendedList,workbench.views.extensions.installed from workbench.view.extensions
2024-11-08 12:37:52.082 [info] Added views:workbench.views.extensions.marketplace in workbench.view.extensions
2024-11-08 12:37:59.436 [info] Removed views:workbench.views.extensions.marketplace from workbench.view.extensions
2024-11-08 12:37:59.444 [info] Added views:workbench.views.extensions.installed,extensions.recommendedList in workbench.view.extensions
2024-11-08 12:38:27.167 [info] Removed views:supermaven-view from workbench.view.extension.supermaven-chat
2024-11-08 12:38:27.177 [info] Added views:supermaven-view in workbench.view.explorer
2024-11-08 12:38:27.181 [info] Removed views:supermaven-view from workbench.view.explorer
2024-11-08 12:38:27.378 [info] Removed views:workbench.panel.repl.view from workbench.panel.repl
2024-11-08 12:38:27.579 [info] Added views:workbench.panel.repl.view in workbench.panel.repl
2024-11-08 12:38:32.333 [info] Removed views:extensions.recommendedList,workbench.views.extensions.installed from workbench.view.extensions
2024-11-08 12:38:32.339 [info] Added views:workbench.views.extensions.marketplace in workbench.view.extensions
2024-11-08 12:39:39.841 [info] Removed views:workbench.views.extensions.marketplace from workbench.view.extensions
2024-11-08 12:39:39.849 [info] Added views:workbench.views.extensions.installed,extensions.recommendedList in workbench.view.extensions
