2024-11-08 12:29:13.531 [info] Reading sessions from keychain...
2024-11-08 12:29:13.531 [info] Getting sessions for all scopes...
2024-11-08 12:29:13.531 [info] Getting sessions for all scopes...
2024-11-08 12:29:13.531 [info] Getting sessions for all scopes...
2024-11-08 12:29:13.531 [info] Getting sessions for user:email...
2024-11-08 12:29:13.531 [info] Got stored sessions!
2024-11-08 12:29:13.531 [info] Got 1 verified sessions.
2024-11-08 12:29:13.531 [info] Storing 1 sessions...
2024-11-08 12:29:13.531 [info] Reading sessions from keychain...
2024-11-08 12:29:13.531 [info] Stored 1 sessions!
2024-11-08 12:29:13.531 [info] Got 1 sessions for ...
2024-11-08 12:29:13.531 [info] Got 1 sessions for ...
2024-11-08 12:29:13.531 [info] Got 1 sessions for ...
2024-11-08 12:29:13.531 [info] Got 1 sessions for user:email...
2024-11-08 12:29:13.531 [info] Got stored sessions!
2024-11-08 12:29:13.531 [info] Got 1 verified sessions.
2024-11-08 12:29:13.531 [info] Getting sessions for read:user,repo,user:email...
2024-11-08 12:29:13.531 [info] Got 0 sessions for read:user,repo,user:email...
2024-11-08 12:29:13.709 [info] Getting sessions for read:user,repo,user:email,workflow...
2024-11-08 12:29:13.709 [info] Got 0 sessions for read:user,repo,user:email,workflow...
2024-11-08 12:29:14.097 [info] Getting sessions for all scopes...
2024-11-08 12:29:14.097 [info] Got 1 sessions for ...
2024-11-08 12:29:41.934 [info] Reading sessions from keychain...
2024-11-08 12:29:41.934 [info] Got stored sessions!
2024-11-08 12:29:41.934 [info] Got 1 verified sessions.
2024-11-08 12:29:41.934 [info] Getting sessions for all scopes...
2024-11-08 12:29:41.934 [info] Got 1 sessions for ...
2024-11-08 12:29:41.934 [info] Getting sessions for all scopes...
2024-11-08 12:29:41.934 [info] Got 1 sessions for ...
2024-11-08 12:29:41.934 [info] Getting sessions for all scopes...
2024-11-08 12:29:41.934 [info] Got 1 sessions for ...
2024-11-08 12:29:41.934 [info] Getting sessions for user:email...
2024-11-08 12:29:41.934 [info] Got 1 sessions for user:email...
2024-11-08 12:29:43.035 [info] Getting sessions for read:user,repo,user:email...
2024-11-08 12:29:43.035 [info] Got 0 sessions for read:user,repo,user:email...
2024-11-08 12:29:43.138 [info] Getting sessions for read:user,repo,user:email,workflow...
2024-11-08 12:29:43.138 [info] Got 0 sessions for read:user,repo,user:email,workflow...
2024-11-08 12:30:47.253 [info] Reading sessions from keychain...
2024-11-08 12:30:47.253 [info] Getting sessions for all scopes...
2024-11-08 12:30:47.253 [info] Getting sessions for all scopes...
2024-11-08 12:30:47.253 [info] Getting sessions for all scopes...
2024-11-08 12:30:47.253 [info] Getting sessions for user:email...
2024-11-08 12:30:47.253 [info] Got stored sessions!
2024-11-08 12:30:47.253 [info] Got 1 verified sessions.
2024-11-08 12:30:47.253 [info] Got 1 sessions for ...
2024-11-08 12:30:47.253 [info] Got 1 sessions for ...
2024-11-08 12:30:47.253 [info] Got 1 sessions for ...
2024-11-08 12:30:47.253 [info] Got 1 sessions for user:email...
2024-11-08 12:30:47.756 [info] Getting sessions for read:user,repo,user:email...
2024-11-08 12:30:47.756 [info] Got 0 sessions for read:user,repo,user:email...
2024-11-08 12:30:48.700 [info] Getting sessions for all scopes...
2024-11-08 12:30:48.700 [info] Got 1 sessions for ...
2024-11-08 12:38:27.845 [info] Reading sessions from keychain...
2024-11-08 12:38:27.845 [info] Got stored sessions!
2024-11-08 12:38:27.845 [info] Got 1 verified sessions.
2024-11-08 12:38:27.845 [info] Getting sessions for all scopes...
2024-11-08 12:38:27.845 [info] Got 1 sessions for ...
2024-11-08 12:38:27.845 [info] Getting sessions for all scopes...
2024-11-08 12:38:27.845 [info] Got 1 sessions for ...
2024-11-08 12:38:27.845 [info] Getting sessions for all scopes...
2024-11-08 12:38:27.845 [info] Got 1 sessions for ...
2024-11-08 12:38:27.845 [info] Getting sessions for user:email...
2024-11-08 12:38:27.845 [info] Got 1 sessions for user:email...
2024-11-08 12:38:28.880 [info] Getting sessions for read:user,repo,user:email...
2024-11-08 12:38:28.880 [info] Got 0 sessions for read:user,repo,user:email...
