[Server(948474) things-ng/] onInitialize
[Server(948474) things-ng/] Number of style sheets - 3
[Server(948474) things-ng/] setupInitialStylemap
SignalsService 150
  number 197 203
  number 245 251
Invalid Selector
SignalsService 150
  number 197 203
  number 245 251
Invalid Selector
WritableSignal<number 182
  number 197 203
  number 245 251
Invalid Selector
number 245
  number 197 203
  number 245 251
number is a "html tag"
this.signalCount() 296
  number 197 203
  number 245 251
Invalid Selector
updateSignal() 121
  h1 32 34
  h1 51 53
  input 59 64
  button 101 107
  button 156 162
Invalid Selector
inject(SignalsService); 357
Invalid Selector
signalService 414
Invalid Selector
constructor(private 456
Invalid Selector
h1 166
  h1 32 34
  h1 51 53
  input 59 64
  button 101 107
  button 156 162
  h1 166 168
h1 is a "html tag"
h1 166
  h1 32 34
  h1 51 53
  input 59 64
  button 101 107
  button 156 162
  h1 166 168
h1 is a "html tag"
h1>{{signalService.signalCount}}</h1 166
  h1 32 34
  h1 51 53
  input 59 64
  button 101 107
  button 156 162
  h1 166 168
h1>{{signalService.signalCount}}</h1 is a "html tag"
[Server(948474) things-ng/] Document opened: observable.component.scss.
[Server(948474) things-ng/] Document changed: observable.component.scss. Invalidating Cache.
signalService.signalMultiplier 250
  h1 32 34
  h1 51 53
  input 59 64
  button 103 109
  button 154 160
  h1 164 166
  h1 219 221
  h1 225 227
  h1 285 287
Invalid Selector
signalInput 85
  h1 32 34
  h1 51 53
  input 59 64
  button 103 109
  button 154 160
  h1 164 166
  h1 219 221
  h1 225 227
  h1 285 287
Invalid Selector
styleUrl: 313
Invalid Selector
styleUrl: 324
Invalid Selector
observable.component.html 340
Invalid Selector
observable.component.scss 383
Invalid Selector
this.signalService.signalCount.set(this.signalInput); 957
Invalid Selector
this.signalService.signalCount.set(this.signalInput); 974
Invalid Selector
updateSignal() 918
Invalid Selector
console.log(this.signalInput); 939
Invalid Selector
this.signalService.signalCount.set(this.signalInput); 974
Invalid Selector
(click)= 117
  h1 32 34
  h1 51 53
  input 59 64
  button 110 116
  button 157 163
  h1 167 169
  h1 224 226
  h1 230 232
  h1 292 294
Invalid Selector
this.signalService.signalCount.set(this.signalInput); 939
Invalid Selector
this.signalService.signalCount.set(this.signalInput); 939
Invalid Selector
disabled:pointer-events-none 192
  h1 32 34
  h1 51 53
  input 59 64
disabled:pointer-events-none is a "class"
text-red 42
  h1 32 34
text-red is a "class"
[Server(948474) things-ng/] Document opened: styles.scss.
[Server(948474) things-ng/] Document changed: styles.scss. Invalidating Cache.
[Server(948474) things-ng/] Document changed: styles.scss. Invalidating Cache.
[Server(948474) things-ng/] Document changed: styles.scss. Invalidating Cache.
border-blue-600 298
  h1 32 34
  h1 51 53
  input 59 64
  button 273 279
border-blue-600 is a "class"
core 90
  number 197 203
  number 245 251
Invalid Selector
border-2 84
  h1 32 34
  h1 51 53
  input 59 64
border-2 is a "class"
signalService.signalCount() 530
  div 1 4
  h1 127 129
  h1 150 152
  input 162 167
  button 379 385
  button 493 499
  h1 505 507
  h1 562 564
  h1 570 572
  h1 632 634
  div 638 641
Invalid Selector
signalService.signalMultiplier() 595
  div 1 4
  h1 127 129
  h1 150 152
  input 162 167
  button 379 385
  button 493 499
  h1 505 507
  h1 562 564
  h1 570 572
  h1 632 634
  div 638 641
Invalid Selector
h1>signalCount 505
  div 1 4
  h1 127 129
  h1 150 152
  input 162 167
  button 379 385
  button 493 499
  h1 505 507
h1>signalCount is a "html tag"
