2024-11-17 15:15:59.436 [info] Reading sessions from keychain...
2024-11-17 15:15:59.436 [info] Getting sessions for all scopes...
2024-11-17 15:15:59.436 [info] Getting sessions for all scopes...
2024-11-17 15:15:59.436 [info] Getting sessions for all scopes...
2024-11-17 15:15:59.436 [info] Getting sessions for user:email...
2024-11-17 15:15:59.436 [info] Getting sessions for user:email...
2024-11-17 15:15:59.436 [info] Getting sessions for user:email...
2024-11-17 15:15:59.436 [info] Got stored sessions!
2024-11-17 15:15:59.436 [info] Got 1 verified sessions.
2024-11-17 15:15:59.436 [info] Got 1 sessions for ...
2024-11-17 15:15:59.436 [info] Got 1 sessions for ...
2024-11-17 15:15:59.436 [info] Got 1 sessions for ...
2024-11-17 15:15:59.436 [info] Got 1 sessions for user:email...
2024-11-17 15:15:59.436 [info] Got 1 sessions for user:email...
2024-11-17 15:15:59.436 [info] Got 1 sessions for user:email...
2024-11-17 15:15:59.436 [info] Getting sessions for read:user,repo,user:email,workflow...
2024-11-17 15:15:59.436 [info] Got 0 sessions for read:user,repo,user:email,workflow...
2024-11-17 15:15:59.436 [info] Getting sessions for read:user,repo,user:email...
2024-11-17 15:15:59.436 [info] Got 0 sessions for read:user,repo,user:email...
2024-11-17 15:15:59.656 [info] Getting sessions for all scopes...
2024-11-17 15:15:59.656 [info] Got 1 sessions for ...
