2024-11-30 13:51:39.719 [info] [main] Log level: Info
2024-11-30 13:51:39.719 [info] [main] Validating found git in: "git"
2024-11-30 13:51:39.719 [info] [main] Using git "2.47.1" from "git"
2024-11-30 13:51:39.719 [info] [Model][doInitialScan] Initial repository scan started
2024-11-30 13:51:39.719 [info] > git rev-parse --show-toplevel [48ms]
2024-11-30 13:51:39.719 [info] > git rev-parse --git-dir --git-common-dir [22ms]
2024-11-30 13:51:39.719 [info] [Model][openRepository] Opened repository: /home/anu/Documents/GitHub/things-ng
2024-11-30 13:51:40.151 [info] > git rev-parse --show-toplevel [415ms]
2024-11-30 13:51:40.151 [info] > git config --get commit.template [424ms]
2024-11-30 13:51:40.389 [info] > git rev-parse --show-toplevel [64ms]
2024-11-30 13:51:40.410 [info] > git for-each-ref --format=%(refname)%00%(upstream:short)%00%(objectname)%00%(upstream:track)%00%(upstream:remotename)%00%(upstream:remoteref) refs/heads/main refs/remotes/main [24ms]
2024-11-30 13:51:40.468 [info] > git rev-parse --show-toplevel [64ms]
2024-11-30 13:51:40.511 [info] > git rev-parse --show-toplevel [20ms]
2024-11-30 13:51:40.512 [info] [Model][doInitialScan] Initial repository scan completed - repositories (1), closed repositories (0), parent repositories (0), unsafe repositories (0)
2024-11-30 13:51:40.564 [info] > git show --textconv :src/app/misc/components/signal/signal.component.ts [46ms]
2024-11-30 13:51:40.564 [info] > git status -z -uall [22ms]
2024-11-30 13:51:40.565 [info] > git ls-files --stage -- /home/anu/Documents/GitHub/things-ng/src/app/misc/components/signal/signal.component.ts [40ms]
2024-11-30 13:51:40.593 [info] > git cat-file -s 6df26785a55a9f4382ac2f70fa58af85cd01cef4 [22ms]
2024-11-30 13:51:40.594 [info] > git for-each-ref --sort -committerdate --format %(refname) %(objectname) %(*objectname) [43ms]
2024-11-30 13:51:40.632 [info] > git for-each-ref --format=%(refname)%00%(upstream:short)%00%(objectname)%00%(upstream:track)%00%(upstream:remotename)%00%(upstream:remoteref) refs/heads/main refs/remotes/main [28ms]
2024-11-30 13:51:40.661 [info] > git config --local branch.main.vscode-merge-base [21ms]
2024-11-30 13:51:40.674 [info] > git config --get commit.template [42ms]
2024-11-30 13:51:40.712 [info] > git check-ignore -v -z --stdin [25ms]
2024-11-30 13:51:40.713 [info] > git for-each-ref --format=%(refname)%00%(upstream:short)%00%(objectname)%00%(upstream:track)%00%(upstream:remotename)%00%(upstream:remoteref) refs/heads/origin/main refs/remotes/origin/main [39ms]
2024-11-30 13:51:40.739 [info] > git merge-base refs/heads/main refs/remotes/origin/main [18ms]
2024-11-30 13:51:40.756 [info] > git diff --name-status -z --diff-filter=ADMR 21e962e3622986a924aff64d64d7477624645277...refs/remotes/origin/main [9ms]
2024-11-30 13:51:40.756 [info] > git for-each-ref --format=%(refname)%00%(upstream:short)%00%(objectname)%00%(upstream:track)%00%(upstream:remotename)%00%(upstream:remoteref) refs/heads/main refs/remotes/main [24ms]
2024-11-30 13:51:40.819 [info] > git status -z -uall [13ms]
2024-11-30 13:51:40.827 [info] > git for-each-ref --sort -committerdate --format %(refname) %(objectname) %(*objectname) [13ms]
2024-11-30 13:51:40.994 [info] > git fetch [1279ms]
2024-11-30 13:51:41.008 [info] > git config --get commit.template [7ms]
2024-11-30 13:51:41.009 [info] > git for-each-ref --format=%(refname)%00%(upstream:short)%00%(objectname)%00%(upstream:track)%00%(upstream:remotename)%00%(upstream:remoteref) refs/heads/main refs/remotes/main [1ms]
2024-11-30 13:51:41.024 [info] > git status -z -uall [8ms]
2024-11-30 13:51:41.025 [info] > git for-each-ref --sort -committerdate --format %(refname) %(objectname) %(*objectname) [2ms]
2024-11-30 13:51:56.133 [info] > git config --get commit.template [6ms]
2024-11-30 13:51:56.134 [info] > git for-each-ref --format=%(refname)%00%(upstream:short)%00%(objectname)%00%(upstream:track)%00%(upstream:remotename)%00%(upstream:remoteref) refs/heads/main refs/remotes/main [1ms]
2024-11-30 13:51:56.145 [info] > git status -z -uall [6ms]
2024-11-30 13:51:56.146 [info] > git for-each-ref --sort -committerdate --format %(refname) %(objectname) %(*objectname) [1ms]
2024-11-30 13:54:42.241 [info] > git ls-files --stage -- /home/anu/Documents/GitHub/things-ng/src/app/misc/components/signal/signal.component.ts [1ms]
2024-11-30 13:54:42.248 [info] > git cat-file -s 6df26785a55a9f4382ac2f70fa58af85cd01cef4 [1ms]
2024-11-30 13:54:42.256 [info] > git show --textconv :src/app/misc/components/signal/signal.component.ts [1ms]
2024-11-30 13:54:42.415 [info] > git fetch [1380ms]
2024-11-30 13:54:42.429 [info] > git config --get commit.template [7ms]
2024-11-30 13:54:42.429 [info] > git for-each-ref --format=%(refname)%00%(upstream:short)%00%(objectname)%00%(upstream:track)%00%(upstream:remotename)%00%(upstream:remoteref) refs/heads/main refs/remotes/main [1ms]
2024-11-30 13:54:42.441 [info] > git status -z -uall [6ms]
2024-11-30 13:54:42.442 [info] > git for-each-ref --sort -committerdate --format %(refname) %(objectname) %(*objectname) [1ms]
2024-11-30 13:54:43.504 [info] > git config --get commit.template [6ms]
2024-11-30 13:54:43.504 [info] > git for-each-ref --format=%(refname)%00%(upstream:short)%00%(objectname)%00%(upstream:track)%00%(upstream:remotename)%00%(upstream:remoteref) refs/heads/main refs/remotes/main [1ms]
2024-11-30 13:54:43.517 [info] > git status -z -uall [7ms]
2024-11-30 13:54:43.517 [info] > git for-each-ref --sort -committerdate --format %(refname) %(objectname) %(*objectname) [1ms]
2024-11-30 13:54:43.597 [info] > git ls-files --stage -- /home/anu/Documents/GitHub/things-ng/src/app/misc/components/signal/signal.component.ts [1ms]
2024-11-30 13:54:43.603 [info] > git cat-file -s 6df26785a55a9f4382ac2f70fa58af85cd01cef4 [1ms]
2024-11-30 13:54:43.611 [info] > git show --textconv :src/app/misc/components/signal/signal.component.ts [1ms]
2024-11-30 13:56:16.562 [info] > git config --get commit.template [6ms]
2024-11-30 13:56:16.563 [info] > git for-each-ref --format=%(refname)%00%(upstream:short)%00%(objectname)%00%(upstream:track)%00%(upstream:remotename)%00%(upstream:remoteref) refs/heads/main refs/remotes/main [1ms]
2024-11-30 13:56:16.576 [info] > git status -z -uall [7ms]
2024-11-30 13:56:16.577 [info] > git for-each-ref --sort -committerdate --format %(refname) %(objectname) %(*objectname) [2ms]
2024-11-30 13:56:24.754 [info] > git config --get commit.template [7ms]
2024-11-30 13:56:24.754 [info] > git for-each-ref --format=%(refname)%00%(upstream:short)%00%(objectname)%00%(upstream:track)%00%(upstream:remotename)%00%(upstream:remoteref) refs/heads/main refs/remotes/main [1ms]
2024-11-30 13:56:24.769 [info] > git status -z -uall [8ms]
2024-11-30 13:56:24.770 [info] > git for-each-ref --sort -committerdate --format %(refname) %(objectname) %(*objectname) [1ms]
2024-11-30 13:56:29.786 [info] > git config --get commit.template [7ms]
2024-11-30 13:56:29.786 [info] > git for-each-ref --format=%(refname)%00%(upstream:short)%00%(objectname)%00%(upstream:track)%00%(upstream:remotename)%00%(upstream:remoteref) refs/heads/main refs/remotes/main [1ms]
2024-11-30 13:56:29.800 [info] > git status -z -uall [7ms]
2024-11-30 13:56:29.800 [info] > git for-each-ref --sort -committerdate --format %(refname) %(objectname) %(*objectname) [1ms]
2024-11-30 13:57:43.639 [info] > git ls-files --stage -- /home/anu/Documents/GitHub/things-ng/src/app/misc/components/signal/signal.component.ts [0ms]
2024-11-30 13:57:43.645 [info] > git cat-file -s 6df26785a55a9f4382ac2f70fa58af85cd01cef4 [1ms]
2024-11-30 13:57:43.653 [info] > git show --textconv :src/app/misc/components/signal/signal.component.ts [1ms]
2024-11-30 13:57:43.971 [info] > git fetch [1518ms]
2024-11-30 13:57:43.984 [info] > git config --get commit.template [6ms]
2024-11-30 13:57:43.985 [info] > git for-each-ref --format=%(refname)%00%(upstream:short)%00%(objectname)%00%(upstream:track)%00%(upstream:remotename)%00%(upstream:remoteref) refs/heads/main refs/remotes/main [1ms]
2024-11-30 13:57:43.998 [info] > git status -z -uall [7ms]
2024-11-30 13:57:43.998 [info] > git for-each-ref --sort -committerdate --format %(refname) %(objectname) %(*objectname) [1ms]
2024-11-30 13:57:45.060 [info] > git config --get commit.template [7ms]
2024-11-30 13:57:45.060 [info] > git for-each-ref --format=%(refname)%00%(upstream:short)%00%(objectname)%00%(upstream:track)%00%(upstream:remotename)%00%(upstream:remoteref) refs/heads/main refs/remotes/main [1ms]
2024-11-30 13:57:45.074 [info] > git status -z -uall [8ms]
2024-11-30 13:57:45.074 [info] > git for-each-ref --sort -committerdate --format %(refname) %(objectname) %(*objectname) [1ms]
2024-11-30 13:57:45.155 [info] > git ls-files --stage -- /home/anu/Documents/GitHub/things-ng/src/app/misc/components/signal/signal.component.ts [2ms]
2024-11-30 13:57:45.161 [info] > git cat-file -s 6df26785a55a9f4382ac2f70fa58af85cd01cef4 [1ms]
2024-11-30 13:57:45.169 [info] > git show --textconv :src/app/misc/components/signal/signal.component.ts [1ms]
2024-11-30 14:00:45.199 [info] > git ls-files --stage -- /home/anu/Documents/GitHub/things-ng/src/app/misc/components/signal/signal.component.ts [2ms]
2024-11-30 14:00:45.205 [info] > git cat-file -s 6df26785a55a9f4382ac2f70fa58af85cd01cef4 [1ms]
2024-11-30 14:00:45.213 [info] > git show --textconv :src/app/misc/components/signal/signal.component.ts [1ms]
2024-11-30 14:00:45.324 [info] > git fetch [1313ms]
2024-11-30 14:00:45.338 [info] > git config --get commit.template [7ms]
2024-11-30 14:00:45.338 [info] > git for-each-ref --format=%(refname)%00%(upstream:short)%00%(objectname)%00%(upstream:track)%00%(upstream:remotename)%00%(upstream:remoteref) refs/heads/main refs/remotes/main [1ms]
2024-11-30 14:00:45.350 [info] > git status -z -uall [6ms]
2024-11-30 14:00:45.351 [info] > git for-each-ref --sort -committerdate --format %(refname) %(objectname) %(*objectname) [1ms]
2024-11-30 14:00:46.411 [info] > git config --get commit.template [7ms]
2024-11-30 14:00:46.411 [info] > git for-each-ref --format=%(refname)%00%(upstream:short)%00%(objectname)%00%(upstream:track)%00%(upstream:remotename)%00%(upstream:remoteref) refs/heads/main refs/remotes/main [1ms]
2024-11-30 14:00:46.424 [info] > git status -z -uall [7ms]
2024-11-30 14:00:46.424 [info] > git for-each-ref --sort -committerdate --format %(refname) %(objectname) %(*objectname) [1ms]
2024-11-30 14:00:46.505 [info] > git ls-files --stage -- /home/anu/Documents/GitHub/things-ng/src/app/misc/components/signal/signal.component.ts [1ms]
2024-11-30 14:00:46.512 [info] > git cat-file -s 6df26785a55a9f4382ac2f70fa58af85cd01cef4 [1ms]
2024-11-30 14:00:46.520 [info] > git show --textconv :src/app/misc/components/signal/signal.component.ts [1ms]
2024-11-30 14:01:54.891 [info] > git show --textconv :src/app/misc/components/observable/observable.component.html [9ms]
2024-11-30 14:01:54.892 [info] > git ls-files --stage -- /home/anu/Documents/GitHub/things-ng/src/app/misc/components/observable/observable.component.html [2ms]
2024-11-30 14:01:54.900 [info] > git cat-file -s 6e8b78e989d2a8d77f7a5ad9609a6ce172049185 [1ms]
2024-11-30 14:01:56.652 [info] > git show --textconv :src/app/misc/services/interface.ts [10ms]
2024-11-30 14:01:56.654 [info] > git ls-files --stage -- /home/anu/Documents/GitHub/things-ng/src/app/misc/services/interface.ts [1ms]
2024-11-30 14:01:56.663 [info] > git cat-file -s f580649bde26b8dbfb805cc4e08a4cdeaac8f471 [1ms]
2024-11-30 14:02:07.316 [info] > git check-ignore -v -z --stdin [1ms]
2024-11-30 14:02:31.257 [info] > git config --get commit.template [7ms]
2024-11-30 14:02:31.257 [info] > git for-each-ref --format=%(refname)%00%(upstream:short)%00%(objectname)%00%(upstream:track)%00%(upstream:remotename)%00%(upstream:remoteref) refs/heads/main refs/remotes/main [1ms]
2024-11-30 14:02:31.270 [info] > git status -z -uall [6ms]
2024-11-30 14:02:31.271 [info] > git for-each-ref --sort -committerdate --format %(refname) %(objectname) %(*objectname) [1ms]
2024-11-30 14:02:31.285 [info] > git check-ignore -v -z --stdin [1ms]
2024-11-30 14:03:46.880 [info] > git fetch [1511ms]
2024-11-30 14:03:46.895 [info] > git config --get commit.template [7ms]
2024-11-30 14:03:46.895 [info] > git for-each-ref --format=%(refname)%00%(upstream:short)%00%(objectname)%00%(upstream:track)%00%(upstream:remotename)%00%(upstream:remoteref) refs/heads/main refs/remotes/main [1ms]
2024-11-30 14:03:46.909 [info] > git status -z -uall [8ms]
2024-11-30 14:03:46.910 [info] > git for-each-ref --sort -committerdate --format %(refname) %(objectname) %(*objectname) [1ms]
2024-11-30 14:03:47.967 [info] > git config --get commit.template [6ms]
2024-11-30 14:03:47.968 [info] > git for-each-ref --format=%(refname)%00%(upstream:short)%00%(objectname)%00%(upstream:track)%00%(upstream:remotename)%00%(upstream:remoteref) refs/heads/main refs/remotes/main [1ms]
2024-11-30 14:03:47.980 [info] > git status -z -uall [6ms]
2024-11-30 14:03:47.981 [info] > git for-each-ref --sort -committerdate --format %(refname) %(objectname) %(*objectname) [1ms]
2024-11-30 14:04:31.908 [info] > git show --textconv :src/app/misc/services/interface.ts [7ms]
2024-11-30 14:04:31.909 [info] > git ls-files --stage -- /home/anu/Documents/GitHub/things-ng/src/app/misc/services/interface.ts [1ms]
2024-11-30 14:04:31.917 [info] > git cat-file -s f580649bde26b8dbfb805cc4e08a4cdeaac8f471 [1ms]
2024-11-30 14:04:32.252 [info] > git check-ignore -v -z --stdin [1ms]
2024-11-30 14:05:42.083 [info] > git show --textconv :src/app/misc/components/store/store.component.ts [7ms]
2024-11-30 14:05:42.084 [info] > git ls-files --stage -- /home/anu/Documents/GitHub/things-ng/src/app/misc/components/store/store.component.ts [2ms]
2024-11-30 14:05:42.430 [info] > git check-ignore -v -z --stdin [1ms]
2024-11-30 14:06:47.986 [info] > git fetch [1065ms]
2024-11-30 14:06:48.002 [info] > git config --get commit.template [8ms]
2024-11-30 14:06:48.002 [info] > git for-each-ref --format=%(refname)%00%(upstream:short)%00%(objectname)%00%(upstream:track)%00%(upstream:remotename)%00%(upstream:remoteref) refs/heads/main refs/remotes/main [1ms]
2024-11-30 14:06:48.018 [info] > git status -z -uall [8ms]
2024-11-30 14:06:48.019 [info] > git for-each-ref --sort -committerdate --format %(refname) %(objectname) %(*objectname) [2ms]
2024-11-30 14:06:49.076 [info] > git config --get commit.template [9ms]
2024-11-30 14:06:49.077 [info] > git for-each-ref --format=%(refname)%00%(upstream:short)%00%(objectname)%00%(upstream:track)%00%(upstream:remotename)%00%(upstream:remoteref) refs/heads/main refs/remotes/main [1ms]
2024-11-30 14:06:49.094 [info] > git status -z -uall [9ms]
2024-11-30 14:06:49.095 [info] > git for-each-ref --sort -committerdate --format %(refname) %(objectname) %(*objectname) [1ms]
2024-11-30 14:06:49.187 [info] > git ls-files --stage -- /home/anu/Documents/GitHub/things-ng/src/app/misc/components/store/store.component.ts [1ms]
2024-11-30 14:06:49.198 [info] > git show --textconv :src/app/misc/components/store/store.component.ts [1ms]
2024-11-30 14:08:35.703 [info] > git check-ignore -v -z --stdin [1ms]
2024-11-30 14:08:36.278 [info] > git config --get commit.template [6ms]
2024-11-30 14:08:36.279 [info] > git for-each-ref --format=%(refname)%00%(upstream:short)%00%(objectname)%00%(upstream:track)%00%(upstream:remotename)%00%(upstream:remoteref) refs/heads/main refs/remotes/main [1ms]
2024-11-30 14:08:36.292 [info] > git status -z -uall [7ms]
2024-11-30 14:08:36.292 [info] > git for-each-ref --sort -committerdate --format %(refname) %(objectname) %(*objectname) [1ms]
2024-11-30 14:09:18.139 [info] > git show --textconv :src/app/states/app.state.ts [8ms]
2024-11-30 14:09:18.139 [info] > git ls-files --stage -- /home/anu/Documents/GitHub/things-ng/src/app/states/app.state.ts [1ms]
2024-11-30 14:09:18.400 [info] > git check-ignore -v -z --stdin [1ms]
2024-11-30 14:09:18.970 [info] > git config --get commit.template [7ms]
2024-11-30 14:09:18.971 [info] > git for-each-ref --format=%(refname)%00%(upstream:short)%00%(objectname)%00%(upstream:track)%00%(upstream:remotename)%00%(upstream:remoteref) refs/heads/main refs/remotes/main [1ms]
2024-11-30 14:09:18.984 [info] > git status -z -uall [7ms]
2024-11-30 14:09:18.985 [info] > git for-each-ref --sort -committerdate --format %(refname) %(objectname) %(*objectname) [1ms]
2024-11-30 14:09:31.170 [info] > git config --get commit.template [7ms]
2024-11-30 14:09:31.171 [info] > git for-each-ref --format=%(refname)%00%(upstream:short)%00%(objectname)%00%(upstream:track)%00%(upstream:remotename)%00%(upstream:remoteref) refs/heads/main refs/remotes/main [1ms]
2024-11-30 14:09:31.184 [info] > git status -z -uall [7ms]
2024-11-30 14:09:31.185 [info] > git for-each-ref --sort -committerdate --format %(refname) %(objectname) %(*objectname) [1ms]
2024-11-30 14:09:36.202 [info] > git config --get commit.template [6ms]
2024-11-30 14:09:36.202 [info] > git for-each-ref --format=%(refname)%00%(upstream:short)%00%(objectname)%00%(upstream:track)%00%(upstream:remotename)%00%(upstream:remoteref) refs/heads/main refs/remotes/main [1ms]
2024-11-30 14:09:36.215 [info] > git status -z -uall [7ms]
2024-11-30 14:09:36.216 [info] > git for-each-ref --sort -committerdate --format %(refname) %(objectname) %(*objectname) [1ms]
2024-11-30 14:09:41.232 [info] > git config --get commit.template [7ms]
2024-11-30 14:09:41.233 [info] > git for-each-ref --format=%(refname)%00%(upstream:short)%00%(objectname)%00%(upstream:track)%00%(upstream:remotename)%00%(upstream:remoteref) refs/heads/main refs/remotes/main [1ms]
2024-11-30 14:09:41.245 [info] > git status -z -uall [7ms]
2024-11-30 14:09:41.246 [info] > git for-each-ref --sort -committerdate --format %(refname) %(objectname) %(*objectname) [2ms]
2024-11-30 14:09:46.330 [info] > git log --format=%H%n%aN%n%aE%n%at%n%ct%n%P%n%D%n%B -z --shortstat --diff-merges=first-parent -n50 --skip=0 --topo-order --decorate=full --stdin [29ms]
2024-11-30 14:09:49.215 [info] > git ls-files --stage -- /home/anu/Documents/GitHub/things-ng/src/app/states/app.state.ts [1ms]
2024-11-30 14:09:49.224 [info] > git show --textconv :src/app/states/app.state.ts [1ms]
2024-11-30 14:09:49.486 [info] > git fetch [1458ms]
2024-11-30 14:09:49.500 [info] > git config --get commit.template [7ms]
2024-11-30 14:09:49.501 [info] > git for-each-ref --format=%(refname)%00%(upstream:short)%00%(objectname)%00%(upstream:track)%00%(upstream:remotename)%00%(upstream:remoteref) refs/heads/main refs/remotes/main [1ms]
2024-11-30 14:09:49.515 [info] > git status -z -uall [7ms]
2024-11-30 14:09:49.515 [info] > git for-each-ref --sort -committerdate --format %(refname) %(objectname) %(*objectname) [1ms]
2024-11-30 14:09:49.525 [info] > git config --get commit.template [1ms]
2024-11-30 14:09:49.534 [info] > git for-each-ref --format=%(refname)%00%(upstream:short)%00%(objectname)%00%(upstream:track)%00%(upstream:remotename)%00%(upstream:remoteref) refs/heads/main refs/remotes/main [1ms]
2024-11-30 14:09:49.548 [info] > git status -z -uall [8ms]
2024-11-30 14:09:49.549 [info] > git for-each-ref --sort -committerdate --format %(refname) %(objectname) %(*objectname) [2ms]
2024-11-30 14:09:50.667 [info] > git ls-files --stage -- /home/anu/Documents/GitHub/things-ng/src/app/states/app.state.ts [1ms]
2024-11-30 14:09:50.675 [info] > git show --textconv :src/app/states/app.state.ts [1ms]
2024-11-30 14:09:54.566 [info] > git config --get commit.template [7ms]
2024-11-30 14:09:54.566 [info] > git for-each-ref --format=%(refname)%00%(upstream:short)%00%(objectname)%00%(upstream:track)%00%(upstream:remotename)%00%(upstream:remoteref) refs/heads/main refs/remotes/main [1ms]
2024-11-30 14:09:54.580 [info] > git status -z -uall [8ms]
2024-11-30 14:09:54.580 [info] > git for-each-ref --sort -committerdate --format %(refname) %(objectname) %(*objectname) [1ms]
2024-11-30 14:10:44.230 [info] > git show --textconv :src/app/states/app.state.ts [8ms]
2024-11-30 14:10:44.231 [info] > git ls-files --stage -- /home/anu/Documents/GitHub/things-ng/src/app/states/app.state.ts [1ms]
2024-11-30 14:10:46.410 [info] > git config --get commit.template [2ms]
2024-11-30 14:10:46.418 [info] > git for-each-ref --format=%(refname)%00%(upstream:short)%00%(objectname)%00%(upstream:track)%00%(upstream:remotename)%00%(upstream:remoteref) refs/heads/main refs/remotes/main [1ms]
2024-11-30 14:10:46.433 [info] > git status -z -uall [7ms]
2024-11-30 14:10:46.434 [info] > git for-each-ref --sort -committerdate --format %(refname) %(objectname) %(*objectname) [2ms]
2024-11-30 14:10:51.450 [info] > git config --get commit.template [6ms]
2024-11-30 14:10:51.451 [info] > git for-each-ref --format=%(refname)%00%(upstream:short)%00%(objectname)%00%(upstream:track)%00%(upstream:remotename)%00%(upstream:remoteref) refs/heads/main refs/remotes/main [1ms]
2024-11-30 14:10:51.467 [info] > git status -z -uall [8ms]
2024-11-30 14:10:51.467 [info] > git for-each-ref --sort -committerdate --format %(refname) %(objectname) %(*objectname) [1ms]
2024-11-30 14:10:56.485 [info] > git config --get commit.template [8ms]
2024-11-30 14:10:56.486 [info] > git for-each-ref --format=%(refname)%00%(upstream:short)%00%(objectname)%00%(upstream:track)%00%(upstream:remotename)%00%(upstream:remoteref) refs/heads/main refs/remotes/main [1ms]
2024-11-30 14:10:56.499 [info] > git status -z -uall [6ms]
2024-11-30 14:10:56.500 [info] > git for-each-ref --sort -committerdate --format %(refname) %(objectname) %(*objectname) [1ms]
2024-11-30 14:11:01.518 [info] > git config --get commit.template [7ms]
2024-11-30 14:11:01.519 [info] > git for-each-ref --format=%(refname)%00%(upstream:short)%00%(objectname)%00%(upstream:track)%00%(upstream:remotename)%00%(upstream:remoteref) refs/heads/main refs/remotes/main [1ms]
2024-11-30 14:11:01.534 [info] > git status -z -uall [7ms]
2024-11-30 14:11:01.543 [info] > git for-each-ref --sort -committerdate --format %(refname) %(objectname) %(*objectname) [9ms]
2024-11-30 14:11:06.560 [info] > git config --get commit.template [8ms]
2024-11-30 14:11:06.560 [info] > git for-each-ref --format=%(refname)%00%(upstream:short)%00%(objectname)%00%(upstream:track)%00%(upstream:remotename)%00%(upstream:remoteref) refs/heads/main refs/remotes/main [1ms]
2024-11-30 14:11:06.574 [info] > git status -z -uall [7ms]
2024-11-30 14:11:06.575 [info] > git for-each-ref --sort -committerdate --format %(refname) %(objectname) %(*objectname) [1ms]
2024-11-30 14:11:11.590 [info] > git config --get commit.template [7ms]
2024-11-30 14:11:11.590 [info] > git for-each-ref --format=%(refname)%00%(upstream:short)%00%(objectname)%00%(upstream:track)%00%(upstream:remotename)%00%(upstream:remoteref) refs/heads/main refs/remotes/main [1ms]
2024-11-30 14:11:11.603 [info] > git status -z -uall [6ms]
2024-11-30 14:11:11.604 [info] > git for-each-ref --sort -committerdate --format %(refname) %(objectname) %(*objectname) [1ms]
2024-11-30 14:11:16.619 [info] > git config --get commit.template [6ms]
2024-11-30 14:11:16.619 [info] > git for-each-ref --format=%(refname)%00%(upstream:short)%00%(objectname)%00%(upstream:track)%00%(upstream:remotename)%00%(upstream:remoteref) refs/heads/main refs/remotes/main [1ms]
2024-11-30 14:11:16.633 [info] > git status -z -uall [7ms]
2024-11-30 14:11:16.633 [info] > git for-each-ref --sort -committerdate --format %(refname) %(objectname) %(*objectname) [1ms]
2024-11-30 14:11:21.649 [info] > git config --get commit.template [7ms]
2024-11-30 14:11:21.649 [info] > git for-each-ref --format=%(refname)%00%(upstream:short)%00%(objectname)%00%(upstream:track)%00%(upstream:remotename)%00%(upstream:remoteref) refs/heads/main refs/remotes/main [1ms]
2024-11-30 14:11:21.663 [info] > git status -z -uall [7ms]
2024-11-30 14:11:21.663 [info] > git for-each-ref --sort -committerdate --format %(refname) %(objectname) %(*objectname) [1ms]
2024-11-30 14:11:26.684 [info] > git config --get commit.template [7ms]
2024-11-30 14:11:26.684 [info] > git for-each-ref --format=%(refname)%00%(upstream:short)%00%(objectname)%00%(upstream:track)%00%(upstream:remotename)%00%(upstream:remoteref) refs/heads/main refs/remotes/main [1ms]
2024-11-30 14:11:26.699 [info] > git status -z -uall [7ms]
2024-11-30 14:11:26.700 [info] > git for-each-ref --sort -committerdate --format %(refname) %(objectname) %(*objectname) [2ms]
2024-11-30 14:11:31.716 [info] > git config --get commit.template [6ms]
2024-11-30 14:11:31.716 [info] > git for-each-ref --format=%(refname)%00%(upstream:short)%00%(objectname)%00%(upstream:track)%00%(upstream:remotename)%00%(upstream:remoteref) refs/heads/main refs/remotes/main [1ms]
2024-11-30 14:11:31.729 [info] > git status -z -uall [7ms]
2024-11-30 14:11:31.730 [info] > git for-each-ref --sort -committerdate --format %(refname) %(objectname) %(*objectname) [1ms]
2024-11-30 14:11:36.748 [info] > git config --get commit.template [9ms]
2024-11-30 14:11:36.749 [info] > git for-each-ref --format=%(refname)%00%(upstream:short)%00%(objectname)%00%(upstream:track)%00%(upstream:remotename)%00%(upstream:remoteref) refs/heads/main refs/remotes/main [1ms]
2024-11-30 14:11:36.762 [info] > git status -z -uall [6ms]
2024-11-30 14:11:36.764 [info] > git for-each-ref --sort -committerdate --format %(refname) %(objectname) %(*objectname) [2ms]
2024-11-30 14:11:41.784 [info] > git config --get commit.template [9ms]
2024-11-30 14:11:41.785 [info] > git for-each-ref --format=%(refname)%00%(upstream:short)%00%(objectname)%00%(upstream:track)%00%(upstream:remotename)%00%(upstream:remoteref) refs/heads/main refs/remotes/main [2ms]
2024-11-30 14:11:41.804 [info] > git status -z -uall [10ms]
2024-11-30 14:11:41.806 [info] > git for-each-ref --sort -committerdate --format %(refname) %(objectname) %(*objectname) [1ms]
2024-11-30 14:11:47.743 [info] > git show --textconv :src/app/misc/components/store/store.component.ts [9ms]
2024-11-30 14:11:47.744 [info] > git ls-files --stage -- /home/anu/Documents/GitHub/things-ng/src/app/misc/components/store/store.component.ts [2ms]
2024-11-30 14:12:06.322 [info] > git show --textconv :src/app/misc/components/store/store.component.ts [9ms]
2024-11-30 14:12:06.322 [info] > git ls-files --stage -- /home/anu/Documents/GitHub/things-ng/src/app/misc/components/store/store.component.ts [1ms]
2024-11-30 14:12:50.727 [info] > git ls-files --stage -- /home/anu/Documents/GitHub/things-ng/src/app/misc/components/store/store.component.ts [1ms]
2024-11-30 14:12:50.736 [info] > git show --textconv :src/app/misc/components/store/store.component.ts [1ms]
2024-11-30 14:12:51.041 [info] > git fetch [1507ms]
2024-11-30 14:12:51.054 [info] > git config --get commit.template [6ms]
2024-11-30 14:12:51.055 [info] > git for-each-ref --format=%(refname)%00%(upstream:short)%00%(objectname)%00%(upstream:track)%00%(upstream:remotename)%00%(upstream:remoteref) refs/heads/main refs/remotes/main [1ms]
2024-11-30 14:12:51.068 [info] > git status -z -uall [6ms]
2024-11-30 14:12:51.068 [info] > git for-each-ref --sort -committerdate --format %(refname) %(objectname) %(*objectname) [1ms]
2024-11-30 14:12:52.127 [info] > git config --get commit.template [6ms]
2024-11-30 14:12:52.128 [info] > git for-each-ref --format=%(refname)%00%(upstream:short)%00%(objectname)%00%(upstream:track)%00%(upstream:remotename)%00%(upstream:remoteref) refs/heads/main refs/remotes/main [1ms]
2024-11-30 14:12:52.141 [info] > git status -z -uall [7ms]
2024-11-30 14:12:52.142 [info] > git for-each-ref --sort -committerdate --format %(refname) %(objectname) %(*objectname) [1ms]
2024-11-30 14:12:52.221 [info] > git ls-files --stage -- /home/anu/Documents/GitHub/things-ng/src/app/misc/components/store/store.component.ts [1ms]
2024-11-30 14:12:52.229 [info] > git show --textconv :src/app/misc/components/store/store.component.ts [1ms]
2024-11-30 14:14:13.799 [info] > git check-ignore -v -z --stdin [1ms]
2024-11-30 14:14:18.180 [info] > git show --textconv :src/app/misc/services/interface.ts [7ms]
2024-11-30 14:14:18.181 [info] > git ls-files --stage -- /home/anu/Documents/GitHub/things-ng/src/app/misc/services/interface.ts [1ms]
2024-11-30 14:14:18.188 [info] > git cat-file -s f580649bde26b8dbfb805cc4e08a4cdeaac8f471 [1ms]
2024-11-30 14:14:21.198 [info] > git show --textconv :src/app/states/app.state.ts [9ms]
2024-11-30 14:14:21.199 [info] > git ls-files --stage -- /home/anu/Documents/GitHub/things-ng/src/app/states/app.state.ts [2ms]
2024-11-30 14:15:52.266 [info] > git ls-files --stage -- /home/anu/Documents/GitHub/things-ng/src/app/states/app.state.ts [2ms]
2024-11-30 14:15:52.274 [info] > git show --textconv :src/app/states/app.state.ts [1ms]
2024-11-30 14:15:52.496 [info] > git fetch [1418ms]
2024-11-30 14:15:52.510 [info] > git config --get commit.template [7ms]
2024-11-30 14:15:52.510 [info] > git for-each-ref --format=%(refname)%00%(upstream:short)%00%(objectname)%00%(upstream:track)%00%(upstream:remotename)%00%(upstream:remoteref) refs/heads/main refs/remotes/main [1ms]
2024-11-30 14:15:52.524 [info] > git status -z -uall [8ms]
2024-11-30 14:15:52.524 [info] > git for-each-ref --sort -committerdate --format %(refname) %(objectname) %(*objectname) [1ms]
2024-11-30 14:15:53.581 [info] > git config --get commit.template [6ms]
2024-11-30 14:15:53.582 [info] > git for-each-ref --format=%(refname)%00%(upstream:short)%00%(objectname)%00%(upstream:track)%00%(upstream:remotename)%00%(upstream:remoteref) refs/heads/main refs/remotes/main [1ms]
2024-11-30 14:15:53.595 [info] > git status -z -uall [7ms]
2024-11-30 14:15:53.595 [info] > git for-each-ref --sort -committerdate --format %(refname) %(objectname) %(*objectname) [1ms]
2024-11-30 14:15:53.676 [info] > git ls-files --stage -- /home/anu/Documents/GitHub/things-ng/src/app/states/app.state.ts [1ms]
2024-11-30 14:15:53.684 [info] > git show --textconv :src/app/states/app.state.ts [1ms]
2024-11-30 14:18:53.720 [info] > git ls-files --stage -- /home/anu/Documents/GitHub/things-ng/src/app/states/app.state.ts [1ms]
2024-11-30 14:18:53.728 [info] > git show --textconv :src/app/states/app.state.ts [1ms]
2024-11-30 14:18:54.052 [info] > git fetch [1518ms]
2024-11-30 14:18:54.066 [info] > git config --get commit.template [7ms]
2024-11-30 14:18:54.066 [info] > git for-each-ref --format=%(refname)%00%(upstream:short)%00%(objectname)%00%(upstream:track)%00%(upstream:remotename)%00%(upstream:remoteref) refs/heads/main refs/remotes/main [1ms]
2024-11-30 14:18:54.079 [info] > git status -z -uall [6ms]
2024-11-30 14:18:54.080 [info] > git for-each-ref --sort -committerdate --format %(refname) %(objectname) %(*objectname) [1ms]
2024-11-30 14:18:55.140 [info] > git config --get commit.template [7ms]
2024-11-30 14:18:55.141 [info] > git for-each-ref --format=%(refname)%00%(upstream:short)%00%(objectname)%00%(upstream:track)%00%(upstream:remotename)%00%(upstream:remoteref) refs/heads/main refs/remotes/main [1ms]
2024-11-30 14:18:55.154 [info] > git status -z -uall [7ms]
2024-11-30 14:18:55.154 [info] > git for-each-ref --sort -committerdate --format %(refname) %(objectname) %(*objectname) [1ms]
2024-11-30 14:18:55.233 [info] > git ls-files --stage -- /home/anu/Documents/GitHub/things-ng/src/app/states/app.state.ts [1ms]
2024-11-30 14:18:55.241 [info] > git show --textconv :src/app/states/app.state.ts [1ms]
2024-11-30 14:21:55.283 [info] > git ls-files --stage -- /home/anu/Documents/GitHub/things-ng/src/app/states/app.state.ts [1ms]
2024-11-30 14:21:55.291 [info] > git show --textconv :src/app/states/app.state.ts [0ms]
2024-11-30 14:21:55.507 [info] > git fetch [1411ms]
2024-11-30 14:21:55.515 [info] > git config --get commit.template [1ms]
2024-11-30 14:21:55.522 [info] > git for-each-ref --format=%(refname)%00%(upstream:short)%00%(objectname)%00%(upstream:track)%00%(upstream:remotename)%00%(upstream:remoteref) refs/heads/main refs/remotes/main [1ms]
2024-11-30 14:21:55.535 [info] > git status -z -uall [7ms]
2024-11-30 14:21:55.536 [info] > git for-each-ref --sort -committerdate --format %(refname) %(objectname) %(*objectname) [1ms]
2024-11-30 14:21:56.589 [info] > git config --get commit.template [1ms]
2024-11-30 14:21:56.596 [info] > git for-each-ref --format=%(refname)%00%(upstream:short)%00%(objectname)%00%(upstream:track)%00%(upstream:remotename)%00%(upstream:remoteref) refs/heads/main refs/remotes/main [1ms]
2024-11-30 14:21:56.609 [info] > git status -z -uall [7ms]
2024-11-30 14:21:56.610 [info] > git for-each-ref --sort -committerdate --format %(refname) %(objectname) %(*objectname) [1ms]
2024-11-30 14:21:56.688 [info] > git ls-files --stage -- /home/anu/Documents/GitHub/things-ng/src/app/states/app.state.ts [1ms]
2024-11-30 14:21:56.696 [info] > git show --textconv :src/app/states/app.state.ts [1ms]
2024-11-30 14:24:56.806 [info] [main] Log level: Info
2024-11-30 14:24:56.806 [info] [main] Validating found git in: "git"
2024-11-30 14:24:56.806 [info] [main] Using git "2.47.1" from "git"
2024-11-30 14:24:56.806 [info] [Model][doInitialScan] Initial repository scan started
2024-11-30 14:24:56.806 [info] > git rev-parse --show-toplevel [12ms]
2024-11-30 14:24:56.817 [info] > git rev-parse --git-dir --git-common-dir [2ms]
2024-11-30 14:24:56.834 [info] [Model][openRepository] Opened repository: /home/anu/Documents/GitHub/things-ng
2024-11-30 14:24:56.865 [info] > git config --get commit.template [14ms]
2024-11-30 14:24:56.867 [info] > git rev-parse --show-toplevel [4ms]
2024-11-30 14:24:56.890 [info] > git rev-parse --show-toplevel [2ms]
2024-11-30 14:24:56.890 [info] > git for-each-ref --format=%(refname)%00%(upstream:short)%00%(objectname)%00%(upstream:track)%00%(upstream:remotename)%00%(upstream:remoteref) refs/heads/main refs/remotes/main [13ms]
2024-11-30 14:24:56.935 [info] > git status -z -uall [17ms]
2024-11-30 14:24:56.935 [info] > git for-each-ref --sort -committerdate --format %(refname) %(objectname) %(*objectname) [4ms]
2024-11-30 14:24:56.960 [info] > git rev-parse --show-toplevel [56ms]
2024-11-30 14:24:56.962 [info] [Model][doInitialScan] Initial repository scan completed - repositories (1), closed repositories (0), parent repositories (0), unsafe repositories (0)
2024-11-30 14:24:56.973 [info] > git for-each-ref --format=%(refname)%00%(upstream:short)%00%(objectname)%00%(upstream:track)%00%(upstream:remotename)%00%(upstream:remoteref) refs/heads/main refs/remotes/main [14ms]
2024-11-30 14:24:56.997 [info] > git config --local branch.main.vscode-merge-base [14ms]
2024-11-30 14:24:57.017 [info] > git for-each-ref --format=%(refname)%00%(upstream:short)%00%(objectname)%00%(upstream:track)%00%(upstream:remotename)%00%(upstream:remoteref) refs/heads/origin/main refs/remotes/origin/main [9ms]
2024-11-30 14:24:57.231 [info] > git merge-base refs/heads/main refs/remotes/origin/main [203ms]
2024-11-30 14:24:57.322 [info] > git diff --name-status -z --diff-filter=ADMR 21e962e3622986a924aff64d64d7477624645277...refs/remotes/origin/main [84ms]
2024-11-30 14:24:57.334 [info] > git config --get commit.template [27ms]
2024-11-30 14:24:57.480 [info] > git check-ignore -v -z --stdin [51ms]
2024-11-30 14:24:57.483 [info] > git for-each-ref --format=%(refname)%00%(upstream:short)%00%(objectname)%00%(upstream:track)%00%(upstream:remotename)%00%(upstream:remoteref) refs/heads/main refs/remotes/main [63ms]
2024-11-30 14:24:58.025 [info] > git status -z -uall [23ms]
2024-11-30 14:24:58.035 [info] > git for-each-ref --sort -committerdate --format %(refname) %(objectname) %(*objectname) [25ms]
2024-11-30 14:24:58.191 [info] > git fetch [1357ms]
2024-11-30 14:24:58.211 [info] > git config --get commit.template [10ms]
2024-11-30 14:24:58.212 [info] > git for-each-ref --format=%(refname)%00%(upstream:short)%00%(objectname)%00%(upstream:track)%00%(upstream:remotename)%00%(upstream:remoteref) refs/heads/main refs/remotes/main [2ms]
2024-11-30 14:24:58.230 [info] > git status -z -uall [10ms]
2024-11-30 14:24:58.231 [info] > git for-each-ref --sort -committerdate --format %(refname) %(objectname) %(*objectname) [2ms]
2024-11-30 14:24:59.276 [info] > git config --get commit.template [6ms]
2024-11-30 14:24:59.277 [info] > git for-each-ref --format=%(refname)%00%(upstream:short)%00%(objectname)%00%(upstream:track)%00%(upstream:remotename)%00%(upstream:remoteref) refs/heads/main refs/remotes/main [2ms]
2024-11-30 14:24:59.290 [info] > git status -z -uall [7ms]
2024-11-30 14:24:59.290 [info] > git for-each-ref --sort -committerdate --format %(refname) %(objectname) %(*objectname) [1ms]
2024-11-30 14:25:02.709 [info] > git log --format=%H%n%aN%n%aE%n%at%n%ct%n%P%n%D%n%B -z --shortstat --diff-merges=first-parent -n50 --skip=0 --topo-order --decorate=full --stdin [12ms]
2024-11-30 14:25:03.233 [info] > git check-ignore -v -z --stdin [1ms]
2024-11-30 14:25:09.380 [info] > git show --textconv :src/app/misc/components/store/store.component.ts [9ms]
2024-11-30 14:25:09.380 [info] > git ls-files --stage -- /home/anu/Documents/GitHub/things-ng/src/app/misc/components/store/store.component.ts [1ms]
2024-11-30 14:25:09.687 [info] > git check-ignore -v -z --stdin [1ms]
2024-11-30 14:27:59.447 [info] > git ls-files --stage -- /home/anu/Documents/GitHub/things-ng/src/app/misc/components/store/store.component.ts [2ms]
2024-11-30 14:27:59.455 [info] > git show --textconv :src/app/misc/components/store/store.component.ts [1ms]
2024-11-30 14:27:59.749 [info] > git fetch [1507ms]
2024-11-30 14:27:59.762 [info] > git config --get commit.template [6ms]
2024-11-30 14:27:59.763 [info] > git for-each-ref --format=%(refname)%00%(upstream:short)%00%(objectname)%00%(upstream:track)%00%(upstream:remotename)%00%(upstream:remoteref) refs/heads/main refs/remotes/main [1ms]
2024-11-30 14:27:59.776 [info] > git status -z -uall [6ms]
2024-11-30 14:27:59.777 [info] > git for-each-ref --sort -committerdate --format %(refname) %(objectname) %(*objectname) [1ms]
2024-11-30 14:28:00.838 [info] > git config --get commit.template [7ms]
2024-11-30 14:28:00.839 [info] > git for-each-ref --format=%(refname)%00%(upstream:short)%00%(objectname)%00%(upstream:track)%00%(upstream:remotename)%00%(upstream:remoteref) refs/heads/main refs/remotes/main [1ms]
2024-11-30 14:28:00.852 [info] > git status -z -uall [6ms]
2024-11-30 14:28:00.853 [info] > git for-each-ref --sort -committerdate --format %(refname) %(objectname) %(*objectname) [1ms]
2024-11-30 14:28:00.930 [info] > git ls-files --stage -- /home/anu/Documents/GitHub/things-ng/src/app/misc/components/store/store.component.ts [1ms]
2024-11-30 14:28:00.939 [info] > git show --textconv :src/app/misc/components/store/store.component.ts [1ms]
2024-11-30 14:29:11.065 [info] > git check-ignore -v -z --stdin [1ms]
2024-11-30 14:29:14.633 [info] > git show --textconv :src/app/states/app.state.ts [8ms]
2024-11-30 14:29:14.633 [info] > git ls-files --stage -- /home/anu/Documents/GitHub/things-ng/src/app/states/app.state.ts [1ms]
2024-11-30 14:31:00.974 [info] > git ls-files --stage -- /home/anu/Documents/GitHub/things-ng/src/app/states/app.state.ts [1ms]
2024-11-30 14:31:00.983 [info] > git show --textconv :src/app/states/app.state.ts [0ms]
2024-11-30 14:31:01.407 [info] > git fetch [1619ms]
2024-11-30 14:31:01.421 [info] > git config --get commit.template [7ms]
2024-11-30 14:31:01.421 [info] > git for-each-ref --format=%(refname)%00%(upstream:short)%00%(objectname)%00%(upstream:track)%00%(upstream:remotename)%00%(upstream:remoteref) refs/heads/main refs/remotes/main [1ms]
2024-11-30 14:31:01.435 [info] > git status -z -uall [7ms]
2024-11-30 14:31:01.435 [info] > git for-each-ref --sort -committerdate --format %(refname) %(objectname) %(*objectname) [1ms]
2024-11-30 14:31:02.495 [info] > git config --get commit.template [6ms]
2024-11-30 14:31:02.495 [info] > git for-each-ref --format=%(refname)%00%(upstream:short)%00%(objectname)%00%(upstream:track)%00%(upstream:remotename)%00%(upstream:remoteref) refs/heads/main refs/remotes/main [1ms]
2024-11-30 14:31:02.508 [info] > git status -z -uall [7ms]
2024-11-30 14:31:02.509 [info] > git for-each-ref --sort -committerdate --format %(refname) %(objectname) %(*objectname) [1ms]
2024-11-30 14:31:02.589 [info] > git ls-files --stage -- /home/anu/Documents/GitHub/things-ng/src/app/states/app.state.ts [1ms]
2024-11-30 14:31:02.596 [info] > git show --textconv :src/app/states/app.state.ts [1ms]
2024-11-30 14:32:57.255 [info] > git show --textconv :src/app/states/app.cation.ts [9ms]
2024-11-30 14:32:57.256 [info] > git ls-files --stage -- /home/anu/Documents/GitHub/things-ng/src/app/states/app.cation.ts [2ms]
2024-11-30 14:32:57.516 [info] > git check-ignore -v -z --stdin [1ms]
2024-11-30 14:32:58.082 [info] > git config --get commit.template [1ms]
2024-11-30 14:32:58.089 [info] > git for-each-ref --format=%(refname)%00%(upstream:short)%00%(objectname)%00%(upstream:track)%00%(upstream:remotename)%00%(upstream:remoteref) refs/heads/main refs/remotes/main [1ms]
2024-11-30 14:32:58.103 [info] > git status -z -uall [6ms]
2024-11-30 14:32:58.103 [info] > git for-each-ref --sort -committerdate --format %(refname) %(objectname) %(*objectname) [1ms]
2024-11-30 14:33:12.510 [info] > git show --textconv :src/app/states/app.action.ts [8ms]
2024-11-30 14:33:12.511 [info] > git ls-files --stage -- /home/anu/Documents/GitHub/things-ng/src/app/states/app.action.ts [1ms]
2024-11-30 14:33:12.795 [info] > git check-ignore -v -z --stdin [1ms]
2024-11-30 14:33:13.344 [info] > git config --get commit.template [8ms]
2024-11-30 14:33:13.345 [info] > git for-each-ref --format=%(refname)%00%(upstream:short)%00%(objectname)%00%(upstream:track)%00%(upstream:remotename)%00%(upstream:remoteref) refs/heads/main refs/remotes/main [1ms]
2024-11-30 14:33:13.360 [info] > git status -z -uall [8ms]
2024-11-30 14:33:13.361 [info] > git for-each-ref --sort -committerdate --format %(refname) %(objectname) %(*objectname) [1ms]
2024-11-30 14:33:22.852 [info] > git config --get commit.template [6ms]
2024-11-30 14:33:22.853 [info] > git for-each-ref --format=%(refname)%00%(upstream:short)%00%(objectname)%00%(upstream:track)%00%(upstream:remotename)%00%(upstream:remoteref) refs/heads/main refs/remotes/main [1ms]
2024-11-30 14:33:22.867 [info] > git status -z -uall [8ms]
2024-11-30 14:33:22.867 [info] > git for-each-ref --sort -committerdate --format %(refname) %(objectname) %(*objectname) [1ms]
2024-11-30 14:33:28.152 [info] > git config --get commit.template [9ms]
2024-11-30 14:33:28.152 [info] > git for-each-ref --format=%(refname)%00%(upstream:short)%00%(objectname)%00%(upstream:track)%00%(upstream:remotename)%00%(upstream:remoteref) refs/heads/main refs/remotes/main [1ms]
2024-11-30 14:33:28.168 [info] > git status -z -uall [8ms]
2024-11-30 14:33:28.169 [info] > git for-each-ref --sort -committerdate --format %(refname) %(objectname) %(*objectname) [1ms]
2024-11-30 14:33:33.184 [info] > git config --get commit.template [6ms]
2024-11-30 14:33:33.185 [info] > git for-each-ref --format=%(refname)%00%(upstream:short)%00%(objectname)%00%(upstream:track)%00%(upstream:remotename)%00%(upstream:remoteref) refs/heads/main refs/remotes/main [1ms]
2024-11-30 14:33:33.198 [info] > git status -z -uall [6ms]
2024-11-30 14:33:33.198 [info] > git for-each-ref --sort -committerdate --format %(refname) %(objectname) %(*objectname) [1ms]
2024-11-30 14:33:38.215 [info] > git config --get commit.template [7ms]
2024-11-30 14:33:38.215 [info] > git for-each-ref --format=%(refname)%00%(upstream:short)%00%(objectname)%00%(upstream:track)%00%(upstream:remotename)%00%(upstream:remoteref) refs/heads/main refs/remotes/main [1ms]
2024-11-30 14:33:38.228 [info] > git status -z -uall [7ms]
2024-11-30 14:33:38.229 [info] > git for-each-ref --sort -committerdate --format %(refname) %(objectname) %(*objectname) [1ms]
2024-11-30 14:33:43.247 [info] > git config --get commit.template [8ms]
2024-11-30 14:33:43.247 [info] > git for-each-ref --format=%(refname)%00%(upstream:short)%00%(objectname)%00%(upstream:track)%00%(upstream:remotename)%00%(upstream:remoteref) refs/heads/main refs/remotes/main [1ms]
2024-11-30 14:33:43.262 [info] > git status -z -uall [7ms]
2024-11-30 14:33:43.262 [info] > git for-each-ref --sort -committerdate --format %(refname) %(objectname) %(*objectname) [2ms]
2024-11-30 14:33:48.279 [info] > git config --get commit.template [8ms]
2024-11-30 14:33:48.280 [info] > git for-each-ref --format=%(refname)%00%(upstream:short)%00%(objectname)%00%(upstream:track)%00%(upstream:remotename)%00%(upstream:remoteref) refs/heads/main refs/remotes/main [1ms]
2024-11-30 14:33:48.293 [info] > git status -z -uall [7ms]
2024-11-30 14:33:48.294 [info] > git for-each-ref --sort -committerdate --format %(refname) %(objectname) %(*objectname) [2ms]
2024-11-30 14:33:51.797 [info] > git show --textconv :src/app/states/app.state.ts [8ms]
2024-11-30 14:33:51.798 [info] > git ls-files --stage -- /home/anu/Documents/GitHub/things-ng/src/app/states/app.state.ts [1ms]
2024-11-30 14:33:53.310 [info] > git config --get commit.template [7ms]
2024-11-30 14:33:53.311 [info] > git for-each-ref --format=%(refname)%00%(upstream:short)%00%(objectname)%00%(upstream:track)%00%(upstream:remotename)%00%(upstream:remoteref) refs/heads/main refs/remotes/main [1ms]
2024-11-30 14:33:53.324 [info] > git status -z -uall [7ms]
2024-11-30 14:33:53.326 [info] > git for-each-ref --sort -committerdate --format %(refname) %(objectname) %(*objectname) [1ms]
2024-11-30 14:33:53.708 [info] > git show --textconv :src/app/states/app.action.ts [8ms]
2024-11-30 14:33:53.708 [info] > git ls-files --stage -- /home/anu/Documents/GitHub/things-ng/src/app/states/app.action.ts [1ms]
2024-11-30 14:33:58.342 [info] > git config --get commit.template [7ms]
2024-11-30 14:33:58.342 [info] > git for-each-ref --format=%(refname)%00%(upstream:short)%00%(objectname)%00%(upstream:track)%00%(upstream:remotename)%00%(upstream:remoteref) refs/heads/main refs/remotes/main [1ms]
2024-11-30 14:33:58.356 [info] > git status -z -uall [7ms]
2024-11-30 14:33:58.356 [info] > git for-each-ref --sort -committerdate --format %(refname) %(objectname) %(*objectname) [1ms]
2024-11-30 14:34:02.632 [info] > git ls-files --stage -- /home/anu/Documents/GitHub/things-ng/src/app/states/app.action.ts [0ms]
2024-11-30 14:34:02.641 [info] > git show --textconv :src/app/states/app.action.ts [1ms]
2024-11-30 14:34:03.091 [info] > git fetch [1646ms]
2024-11-30 14:34:03.105 [info] > git config --get commit.template [7ms]
2024-11-30 14:34:03.105 [info] > git for-each-ref --format=%(refname)%00%(upstream:short)%00%(objectname)%00%(upstream:track)%00%(upstream:remotename)%00%(upstream:remoteref) refs/heads/main refs/remotes/main [1ms]
2024-11-30 14:34:03.118 [info] > git status -z -uall [6ms]
2024-11-30 14:34:03.119 [info] > git for-each-ref --sort -committerdate --format %(refname) %(objectname) %(*objectname) [1ms]
2024-11-30 14:34:04.272 [info] > git ls-files --stage -- /home/anu/Documents/GitHub/things-ng/src/app/states/app.action.ts [1ms]
2024-11-30 14:34:04.281 [info] > git show --textconv :src/app/states/app.action.ts [1ms]
2024-11-30 14:34:04.304 [info] > git config --get commit.template [8ms]
2024-11-30 14:34:04.304 [info] > git for-each-ref --format=%(refname)%00%(upstream:short)%00%(objectname)%00%(upstream:track)%00%(upstream:remotename)%00%(upstream:remoteref) refs/heads/main refs/remotes/main [1ms]
2024-11-30 14:34:04.321 [info] > git status -z -uall [9ms]
2024-11-30 14:34:04.321 [info] > git for-each-ref --sort -committerdate --format %(refname) %(objectname) %(*objectname) [1ms]
2024-11-30 14:34:09.337 [info] > git config --get commit.template [7ms]
2024-11-30 14:34:09.338 [info] > git for-each-ref --format=%(refname)%00%(upstream:short)%00%(objectname)%00%(upstream:track)%00%(upstream:remotename)%00%(upstream:remoteref) refs/heads/main refs/remotes/main [1ms]
2024-11-30 14:34:09.351 [info] > git status -z -uall [7ms]
2024-11-30 14:34:09.352 [info] > git for-each-ref --sort -committerdate --format %(refname) %(objectname) %(*objectname) [2ms]
2024-11-30 14:34:14.368 [info] > git config --get commit.template [8ms]
2024-11-30 14:34:14.368 [info] > git for-each-ref --format=%(refname)%00%(upstream:short)%00%(objectname)%00%(upstream:track)%00%(upstream:remotename)%00%(upstream:remoteref) refs/heads/main refs/remotes/main [1ms]
2024-11-30 14:34:14.381 [info] > git status -z -uall [6ms]
2024-11-30 14:34:14.382 [info] > git for-each-ref --sort -committerdate --format %(refname) %(objectname) %(*objectname) [1ms]
2024-11-30 14:34:32.236 [info] > git config --get commit.template [7ms]
2024-11-30 14:34:32.237 [info] > git for-each-ref --format=%(refname)%00%(upstream:short)%00%(objectname)%00%(upstream:track)%00%(upstream:remotename)%00%(upstream:remoteref) refs/heads/main refs/remotes/main [1ms]
2024-11-30 14:34:32.250 [info] > git status -z -uall [7ms]
2024-11-30 14:34:32.251 [info] > git for-each-ref --sort -committerdate --format %(refname) %(objectname) %(*objectname) [1ms]
2024-11-30 14:34:40.506 [info] > git config --get commit.template [1ms]
2024-11-30 14:34:40.514 [info] > git for-each-ref --format=%(refname)%00%(upstream:short)%00%(objectname)%00%(upstream:track)%00%(upstream:remotename)%00%(upstream:remoteref) refs/heads/main refs/remotes/main [2ms]
2024-11-30 14:34:40.527 [info] > git status -z -uall [7ms]
2024-11-30 14:34:40.527 [info] > git for-each-ref --sort -committerdate --format %(refname) %(objectname) %(*objectname) [1ms]
2024-11-30 14:34:45.546 [info] > git config --get commit.template [8ms]
2024-11-30 14:34:45.546 [info] > git for-each-ref --format=%(refname)%00%(upstream:short)%00%(objectname)%00%(upstream:track)%00%(upstream:remotename)%00%(upstream:remoteref) refs/heads/main refs/remotes/main [1ms]
2024-11-30 14:34:45.559 [info] > git status -z -uall [6ms]
2024-11-30 14:34:45.560 [info] > git for-each-ref --sort -committerdate --format %(refname) %(objectname) %(*objectname) [1ms]
2024-11-30 14:34:50.578 [info] > git config --get commit.template [7ms]
2024-11-30 14:34:50.579 [info] > git for-each-ref --format=%(refname)%00%(upstream:short)%00%(objectname)%00%(upstream:track)%00%(upstream:remotename)%00%(upstream:remoteref) refs/heads/main refs/remotes/main [1ms]
2024-11-30 14:34:50.594 [info] > git status -z -uall [8ms]
2024-11-30 14:34:50.595 [info] > git for-each-ref --sort -committerdate --format %(refname) %(objectname) %(*objectname) [2ms]
2024-11-30 14:34:55.611 [info] > git config --get commit.template [7ms]
2024-11-30 14:34:55.611 [info] > git for-each-ref --format=%(refname)%00%(upstream:short)%00%(objectname)%00%(upstream:track)%00%(upstream:remotename)%00%(upstream:remoteref) refs/heads/main refs/remotes/main [1ms]
2024-11-30 14:34:55.625 [info] > git status -z -uall [7ms]
2024-11-30 14:34:55.625 [info] > git for-each-ref --sort -committerdate --format %(refname) %(objectname) %(*objectname) [1ms]
2024-11-30 14:35:02.164 [info] > git config --get commit.template [6ms]
2024-11-30 14:35:02.164 [info] > git for-each-ref --format=%(refname)%00%(upstream:short)%00%(objectname)%00%(upstream:track)%00%(upstream:remotename)%00%(upstream:remoteref) refs/heads/main refs/remotes/main [1ms]
2024-11-30 14:35:02.177 [info] > git status -z -uall [7ms]
2024-11-30 14:35:02.178 [info] > git for-each-ref --sort -committerdate --format %(refname) %(objectname) %(*objectname) [2ms]
2024-11-30 14:35:07.193 [info] > git config --get commit.template [7ms]
2024-11-30 14:35:07.193 [info] > git for-each-ref --format=%(refname)%00%(upstream:short)%00%(objectname)%00%(upstream:track)%00%(upstream:remotename)%00%(upstream:remoteref) refs/heads/main refs/remotes/main [1ms]
2024-11-30 14:35:07.206 [info] > git status -z -uall [6ms]
2024-11-30 14:35:07.207 [info] > git for-each-ref --sort -committerdate --format %(refname) %(objectname) %(*objectname) [1ms]
2024-11-30 14:35:14.585 [info] > git config --get commit.template [1ms]
2024-11-30 14:35:14.593 [info] > git for-each-ref --format=%(refname)%00%(upstream:short)%00%(objectname)%00%(upstream:track)%00%(upstream:remotename)%00%(upstream:remoteref) refs/heads/main refs/remotes/main [1ms]
2024-11-30 14:35:14.608 [info] > git status -z -uall [7ms]
2024-11-30 14:35:14.608 [info] > git for-each-ref --sort -committerdate --format %(refname) %(objectname) %(*objectname) [1ms]
2024-11-30 14:35:19.624 [info] > git config --get commit.template [6ms]
2024-11-30 14:35:19.625 [info] > git for-each-ref --format=%(refname)%00%(upstream:short)%00%(objectname)%00%(upstream:track)%00%(upstream:remotename)%00%(upstream:remoteref) refs/heads/main refs/remotes/main [1ms]
2024-11-30 14:35:19.638 [info] > git status -z -uall [7ms]
2024-11-30 14:35:19.639 [info] > git for-each-ref --sort -committerdate --format %(refname) %(objectname) %(*objectname) [1ms]
2024-11-30 14:35:27.908 [info] > git config --get commit.template [1ms]
2024-11-30 14:35:27.917 [info] > git for-each-ref --format=%(refname)%00%(upstream:short)%00%(objectname)%00%(upstream:track)%00%(upstream:remotename)%00%(upstream:remoteref) refs/heads/main refs/remotes/main [1ms]
2024-11-30 14:35:27.932 [info] > git status -z -uall [7ms]
2024-11-30 14:35:27.933 [info] > git for-each-ref --sort -committerdate --format %(refname) %(objectname) %(*objectname) [1ms]
2024-11-30 14:35:32.948 [info] > git config --get commit.template [7ms]
2024-11-30 14:35:32.949 [info] > git for-each-ref --format=%(refname)%00%(upstream:short)%00%(objectname)%00%(upstream:track)%00%(upstream:remotename)%00%(upstream:remoteref) refs/heads/main refs/remotes/main [1ms]
2024-11-30 14:35:32.963 [info] > git status -z -uall [8ms]
2024-11-30 14:35:32.963 [info] > git for-each-ref --sort -committerdate --format %(refname) %(objectname) %(*objectname) [1ms]
2024-11-30 14:35:37.976 [info] > git config --get commit.template [2ms]
2024-11-30 14:35:37.986 [info] > git for-each-ref --format=%(refname)%00%(upstream:short)%00%(objectname)%00%(upstream:track)%00%(upstream:remotename)%00%(upstream:remoteref) refs/heads/main refs/remotes/main [2ms]
2024-11-30 14:35:38.003 [info] > git status -z -uall [7ms]
2024-11-30 14:35:38.004 [info] > git for-each-ref --sort -committerdate --format %(refname) %(objectname) %(*objectname) [1ms]
2024-11-30 14:35:43.019 [info] > git config --get commit.template [7ms]
2024-11-30 14:35:43.019 [info] > git for-each-ref --format=%(refname)%00%(upstream:short)%00%(objectname)%00%(upstream:track)%00%(upstream:remotename)%00%(upstream:remoteref) refs/heads/main refs/remotes/main [1ms]
2024-11-30 14:35:43.033 [info] > git status -z -uall [7ms]
2024-11-30 14:35:43.034 [info] > git for-each-ref --sort -committerdate --format %(refname) %(objectname) %(*objectname) [1ms]
2024-11-30 14:35:48.049 [info] > git config --get commit.template [6ms]
2024-11-30 14:35:48.050 [info] > git for-each-ref --format=%(refname)%00%(upstream:short)%00%(objectname)%00%(upstream:track)%00%(upstream:remotename)%00%(upstream:remoteref) refs/heads/main refs/remotes/main [1ms]
2024-11-30 14:35:48.063 [info] > git status -z -uall [7ms]
2024-11-30 14:35:48.064 [info] > git for-each-ref --sort -committerdate --format %(refname) %(objectname) %(*objectname) [1ms]
2024-11-30 14:35:53.079 [info] > git config --get commit.template [6ms]
2024-11-30 14:35:53.080 [info] > git for-each-ref --format=%(refname)%00%(upstream:short)%00%(objectname)%00%(upstream:track)%00%(upstream:remotename)%00%(upstream:remoteref) refs/heads/main refs/remotes/main [1ms]
2024-11-30 14:35:53.093 [info] > git status -z -uall [7ms]
2024-11-30 14:35:53.094 [info] > git for-each-ref --sort -committerdate --format %(refname) %(objectname) %(*objectname) [2ms]
2024-11-30 14:35:58.109 [info] > git config --get commit.template [7ms]
2024-11-30 14:35:58.110 [info] > git for-each-ref --format=%(refname)%00%(upstream:short)%00%(objectname)%00%(upstream:track)%00%(upstream:remotename)%00%(upstream:remoteref) refs/heads/main refs/remotes/main [1ms]
2024-11-30 14:35:58.124 [info] > git status -z -uall [7ms]
2024-11-30 14:35:58.124 [info] > git for-each-ref --sort -committerdate --format %(refname) %(objectname) %(*objectname) [1ms]
2024-11-30 14:36:03.141 [info] > git config --get commit.template [8ms]
2024-11-30 14:36:03.142 [info] > git for-each-ref --format=%(refname)%00%(upstream:short)%00%(objectname)%00%(upstream:track)%00%(upstream:remotename)%00%(upstream:remoteref) refs/heads/main refs/remotes/main [1ms]
2024-11-30 14:36:03.157 [info] > git status -z -uall [8ms]
2024-11-30 14:36:03.157 [info] > git for-each-ref --sort -committerdate --format %(refname) %(objectname) %(*objectname) [1ms]
2024-11-30 14:36:08.174 [info] > git config --get commit.template [7ms]
2024-11-30 14:36:08.174 [info] > git for-each-ref --format=%(refname)%00%(upstream:short)%00%(objectname)%00%(upstream:track)%00%(upstream:remotename)%00%(upstream:remoteref) refs/heads/main refs/remotes/main [1ms]
2024-11-30 14:36:08.187 [info] > git status -z -uall [6ms]
2024-11-30 14:36:08.188 [info] > git for-each-ref --sort -committerdate --format %(refname) %(objectname) %(*objectname) [1ms]
2024-11-30 14:36:13.206 [info] > git config --get commit.template [7ms]
2024-11-30 14:36:13.206 [info] > git for-each-ref --format=%(refname)%00%(upstream:short)%00%(objectname)%00%(upstream:track)%00%(upstream:remotename)%00%(upstream:remoteref) refs/heads/main refs/remotes/main [1ms]
2024-11-30 14:36:13.219 [info] > git status -z -uall [7ms]
2024-11-30 14:36:13.220 [info] > git for-each-ref --sort -committerdate --format %(refname) %(objectname) %(*objectname) [1ms]
2024-11-30 14:36:18.239 [info] > git config --get commit.template [9ms]
2024-11-30 14:36:18.240 [info] > git for-each-ref --format=%(refname)%00%(upstream:short)%00%(objectname)%00%(upstream:track)%00%(upstream:remotename)%00%(upstream:remoteref) refs/heads/main refs/remotes/main [2ms]
2024-11-30 14:36:18.255 [info] > git status -z -uall [7ms]
2024-11-30 14:36:18.255 [info] > git for-each-ref --sort -committerdate --format %(refname) %(objectname) %(*objectname) [1ms]
2024-11-30 14:36:23.272 [info] > git config --get commit.template [7ms]
2024-11-30 14:36:23.273 [info] > git for-each-ref --format=%(refname)%00%(upstream:short)%00%(objectname)%00%(upstream:track)%00%(upstream:remotename)%00%(upstream:remoteref) refs/heads/main refs/remotes/main [1ms]
2024-11-30 14:36:23.287 [info] > git status -z -uall [7ms]
2024-11-30 14:36:23.288 [info] > git for-each-ref --sort -committerdate --format %(refname) %(objectname) %(*objectname) [2ms]
2024-11-30 14:36:28.304 [info] > git config --get commit.template [7ms]
2024-11-30 14:36:28.305 [info] > git for-each-ref --format=%(refname)%00%(upstream:short)%00%(objectname)%00%(upstream:track)%00%(upstream:remotename)%00%(upstream:remoteref) refs/heads/main refs/remotes/main [1ms]
2024-11-30 14:36:28.318 [info] > git status -z -uall [7ms]
2024-11-30 14:36:28.319 [info] > git for-each-ref --sort -committerdate --format %(refname) %(objectname) %(*objectname) [1ms]
2024-11-30 14:36:33.334 [info] > git config --get commit.template [7ms]
2024-11-30 14:36:33.334 [info] > git for-each-ref --format=%(refname)%00%(upstream:short)%00%(objectname)%00%(upstream:track)%00%(upstream:remotename)%00%(upstream:remoteref) refs/heads/main refs/remotes/main [1ms]
2024-11-30 14:36:33.348 [info] > git status -z -uall [8ms]
2024-11-30 14:36:33.348 [info] > git for-each-ref --sort -committerdate --format %(refname) %(objectname) %(*objectname) [1ms]
2024-11-30 14:36:38.359 [info] > git config --get commit.template [2ms]
2024-11-30 14:36:38.368 [info] > git for-each-ref --format=%(refname)%00%(upstream:short)%00%(objectname)%00%(upstream:track)%00%(upstream:remotename)%00%(upstream:remoteref) refs/heads/main refs/remotes/main [2ms]
2024-11-30 14:36:38.383 [info] > git status -z -uall [7ms]
2024-11-30 14:36:38.384 [info] > git for-each-ref --sort -committerdate --format %(refname) %(objectname) %(*objectname) [1ms]
2024-11-30 14:36:43.399 [info] > git config --get commit.template [7ms]
2024-11-30 14:36:43.399 [info] > git for-each-ref --format=%(refname)%00%(upstream:short)%00%(objectname)%00%(upstream:track)%00%(upstream:remotename)%00%(upstream:remoteref) refs/heads/main refs/remotes/main [1ms]
2024-11-30 14:36:43.414 [info] > git status -z -uall [8ms]
2024-11-30 14:36:43.415 [info] > git for-each-ref --sort -committerdate --format %(refname) %(objectname) %(*objectname) [1ms]
2024-11-30 14:36:48.430 [info] > git config --get commit.template [7ms]
2024-11-30 14:36:48.430 [info] > git for-each-ref --format=%(refname)%00%(upstream:short)%00%(objectname)%00%(upstream:track)%00%(upstream:remotename)%00%(upstream:remoteref) refs/heads/main refs/remotes/main [1ms]
2024-11-30 14:36:48.445 [info] > git status -z -uall [9ms]
2024-11-30 14:36:48.445 [info] > git for-each-ref --sort -committerdate --format %(refname) %(objectname) %(*objectname) [1ms]
2024-11-30 14:36:53.463 [info] > git config --get commit.template [7ms]
2024-11-30 14:36:53.463 [info] > git for-each-ref --format=%(refname)%00%(upstream:short)%00%(objectname)%00%(upstream:track)%00%(upstream:remotename)%00%(upstream:remoteref) refs/heads/main refs/remotes/main [1ms]
2024-11-30 14:36:53.476 [info] > git status -z -uall [7ms]
2024-11-30 14:36:53.477 [info] > git for-each-ref --sort -committerdate --format %(refname) %(objectname) %(*objectname) [1ms]
2024-11-30 14:37:01.283 [info] > git show --textconv :src/app/states/app.state.ts [7ms]
2024-11-30 14:37:01.284 [info] > git ls-files --stage -- /home/anu/Documents/GitHub/things-ng/src/app/states/app.state.ts [1ms]
2024-11-30 14:37:03.444 [info] > git show --textconv :src/app/states/app.action.ts [7ms]
2024-11-30 14:37:03.445 [info] > git ls-files --stage -- /home/anu/Documents/GitHub/things-ng/src/app/states/app.action.ts [1ms]
2024-11-30 14:37:04.349 [info] > git ls-files --stage -- /home/anu/Documents/GitHub/things-ng/src/app/states/app.action.ts [1ms]
2024-11-30 14:37:04.360 [info] > git show --textconv :src/app/states/app.action.ts [1ms]
2024-11-30 14:37:04.458 [info] > git fetch [1331ms]
2024-11-30 14:37:04.473 [info] > git config --get commit.template [7ms]
2024-11-30 14:37:04.474 [info] > git for-each-ref --format=%(refname)%00%(upstream:short)%00%(objectname)%00%(upstream:track)%00%(upstream:remotename)%00%(upstream:remoteref) refs/heads/main refs/remotes/main [1ms]
2024-11-30 14:37:04.487 [info] > git status -z -uall [6ms]
2024-11-30 14:37:04.488 [info] > git for-each-ref --sort -committerdate --format %(refname) %(objectname) %(*objectname) [1ms]
2024-11-30 14:37:05.545 [info] > git config --get commit.template [7ms]
2024-11-30 14:37:05.546 [info] > git for-each-ref --format=%(refname)%00%(upstream:short)%00%(objectname)%00%(upstream:track)%00%(upstream:remotename)%00%(upstream:remoteref) refs/heads/main refs/remotes/main [1ms]
2024-11-30 14:37:05.559 [info] > git status -z -uall [7ms]
2024-11-30 14:37:05.560 [info] > git for-each-ref --sort -committerdate --format %(refname) %(objectname) %(*objectname) [1ms]
2024-11-30 14:37:05.640 [info] > git ls-files --stage -- /home/anu/Documents/GitHub/things-ng/src/app/states/app.action.ts [1ms]
2024-11-30 14:37:05.665 [info] > git show --textconv :src/app/states/app.action.ts [8ms]
2024-11-30 14:37:10.570 [info] > git config --get commit.template [1ms]
2024-11-30 14:37:10.578 [info] > git for-each-ref --format=%(refname)%00%(upstream:short)%00%(objectname)%00%(upstream:track)%00%(upstream:remotename)%00%(upstream:remoteref) refs/heads/main refs/remotes/main [2ms]
2024-11-30 14:37:10.591 [info] > git status -z -uall [7ms]
2024-11-30 14:37:10.592 [info] > git for-each-ref --sort -committerdate --format %(refname) %(objectname) %(*objectname) [2ms]
2024-11-30 14:37:15.607 [info] > git config --get commit.template [6ms]
2024-11-30 14:37:15.608 [info] > git for-each-ref --format=%(refname)%00%(upstream:short)%00%(objectname)%00%(upstream:track)%00%(upstream:remotename)%00%(upstream:remoteref) refs/heads/main refs/remotes/main [1ms]
2024-11-30 14:37:15.621 [info] > git status -z -uall [7ms]
2024-11-30 14:37:15.622 [info] > git for-each-ref --sort -committerdate --format %(refname) %(objectname) %(*objectname) [1ms]
2024-11-30 14:37:20.632 [info] > git config --get commit.template [1ms]
2024-11-30 14:37:20.640 [info] > git for-each-ref --format=%(refname)%00%(upstream:short)%00%(objectname)%00%(upstream:track)%00%(upstream:remotename)%00%(upstream:remoteref) refs/heads/main refs/remotes/main [1ms]
2024-11-30 14:37:20.655 [info] > git status -z -uall [7ms]
2024-11-30 14:37:20.655 [info] > git for-each-ref --sort -committerdate --format %(refname) %(objectname) %(*objectname) [1ms]
2024-11-30 14:37:25.672 [info] > git config --get commit.template [6ms]
2024-11-30 14:37:25.672 [info] > git for-each-ref --format=%(refname)%00%(upstream:short)%00%(objectname)%00%(upstream:track)%00%(upstream:remotename)%00%(upstream:remoteref) refs/heads/main refs/remotes/main [1ms]
2024-11-30 14:37:25.685 [info] > git status -z -uall [7ms]
2024-11-30 14:37:25.686 [info] > git for-each-ref --sort -committerdate --format %(refname) %(objectname) %(*objectname) [1ms]
2024-11-30 14:37:30.703 [info] > git config --get commit.template [9ms]
2024-11-30 14:37:30.704 [info] > git for-each-ref --format=%(refname)%00%(upstream:short)%00%(objectname)%00%(upstream:track)%00%(upstream:remotename)%00%(upstream:remoteref) refs/heads/main refs/remotes/main [2ms]
2024-11-30 14:37:30.720 [info] > git status -z -uall [9ms]
2024-11-30 14:37:30.720 [info] > git for-each-ref --sort -committerdate --format %(refname) %(objectname) %(*objectname) [2ms]
2024-11-30 14:37:37.468 [info] > git config --get commit.template [8ms]
2024-11-30 14:37:37.468 [info] > git for-each-ref --format=%(refname)%00%(upstream:short)%00%(objectname)%00%(upstream:track)%00%(upstream:remotename)%00%(upstream:remoteref) refs/heads/main refs/remotes/main [1ms]
2024-11-30 14:37:37.481 [info] > git status -z -uall [7ms]
2024-11-30 14:37:37.482 [info] > git for-each-ref --sort -committerdate --format %(refname) %(objectname) %(*objectname) [1ms]
2024-11-30 14:37:42.499 [info] > git config --get commit.template [7ms]
2024-11-30 14:37:42.499 [info] > git for-each-ref --format=%(refname)%00%(upstream:short)%00%(objectname)%00%(upstream:track)%00%(upstream:remotename)%00%(upstream:remoteref) refs/heads/main refs/remotes/main [1ms]
2024-11-30 14:37:42.513 [info] > git status -z -uall [7ms]
2024-11-30 14:37:42.514 [info] > git for-each-ref --sort -committerdate --format %(refname) %(objectname) %(*objectname) [1ms]
2024-11-30 14:37:47.526 [info] > git config --get commit.template [2ms]
2024-11-30 14:37:47.535 [info] > git for-each-ref --format=%(refname)%00%(upstream:short)%00%(objectname)%00%(upstream:track)%00%(upstream:remotename)%00%(upstream:remoteref) refs/heads/main refs/remotes/main [1ms]
2024-11-30 14:37:47.550 [info] > git status -z -uall [8ms]
2024-11-30 14:37:47.551 [info] > git for-each-ref --sort -committerdate --format %(refname) %(objectname) %(*objectname) [2ms]
2024-11-30 14:37:55.711 [info] > git config --get commit.template [6ms]
2024-11-30 14:37:55.711 [info] > git for-each-ref --format=%(refname)%00%(upstream:short)%00%(objectname)%00%(upstream:track)%00%(upstream:remotename)%00%(upstream:remoteref) refs/heads/main refs/remotes/main [1ms]
2024-11-30 14:37:55.724 [info] > git status -z -uall [7ms]
2024-11-30 14:37:55.725 [info] > git for-each-ref --sort -committerdate --format %(refname) %(objectname) %(*objectname) [1ms]
2024-11-30 14:38:00.742 [info] > git config --get commit.template [8ms]
2024-11-30 14:38:00.742 [info] > git for-each-ref --format=%(refname)%00%(upstream:short)%00%(objectname)%00%(upstream:track)%00%(upstream:remotename)%00%(upstream:remoteref) refs/heads/main refs/remotes/main [1ms]
2024-11-30 14:38:00.756 [info] > git status -z -uall [7ms]
2024-11-30 14:38:00.756 [info] > git for-each-ref --sort -committerdate --format %(refname) %(objectname) %(*objectname) [1ms]
2024-11-30 14:38:09.074 [info] > git config --get commit.template [7ms]
2024-11-30 14:38:09.075 [info] > git for-each-ref --format=%(refname)%00%(upstream:short)%00%(objectname)%00%(upstream:track)%00%(upstream:remotename)%00%(upstream:remoteref) refs/heads/main refs/remotes/main [1ms]
2024-11-30 14:38:09.089 [info] > git status -z -uall [6ms]
2024-11-30 14:38:09.090 [info] > git for-each-ref --sort -committerdate --format %(refname) %(objectname) %(*objectname) [1ms]
2024-11-30 14:38:19.307 [info] > git config --get commit.template [6ms]
2024-11-30 14:38:19.308 [info] > git for-each-ref --format=%(refname)%00%(upstream:short)%00%(objectname)%00%(upstream:track)%00%(upstream:remotename)%00%(upstream:remoteref) refs/heads/main refs/remotes/main [1ms]
2024-11-30 14:38:19.321 [info] > git status -z -uall [7ms]
2024-11-30 14:38:19.322 [info] > git for-each-ref --sort -committerdate --format %(refname) %(objectname) %(*objectname) [2ms]
2024-11-30 14:38:24.338 [info] > git config --get commit.template [6ms]
2024-11-30 14:38:24.339 [info] > git for-each-ref --format=%(refname)%00%(upstream:short)%00%(objectname)%00%(upstream:track)%00%(upstream:remotename)%00%(upstream:remoteref) refs/heads/main refs/remotes/main [1ms]
2024-11-30 14:38:24.352 [info] > git status -z -uall [7ms]
2024-11-30 14:38:24.353 [info] > git for-each-ref --sort -committerdate --format %(refname) %(objectname) %(*objectname) [1ms]
2024-11-30 14:38:29.368 [info] > git config --get commit.template [7ms]
2024-11-30 14:38:29.369 [info] > git for-each-ref --format=%(refname)%00%(upstream:short)%00%(objectname)%00%(upstream:track)%00%(upstream:remotename)%00%(upstream:remoteref) refs/heads/main refs/remotes/main [1ms]
2024-11-30 14:38:29.384 [info] > git status -z -uall [8ms]
2024-11-30 14:38:29.385 [info] > git for-each-ref --sort -committerdate --format %(refname) %(objectname) %(*objectname) [2ms]
2024-11-30 14:38:34.398 [info] > git config --get commit.template [2ms]
2024-11-30 14:38:34.408 [info] > git for-each-ref --format=%(refname)%00%(upstream:short)%00%(objectname)%00%(upstream:track)%00%(upstream:remotename)%00%(upstream:remoteref) refs/heads/main refs/remotes/main [1ms]
2024-11-30 14:38:34.425 [info] > git status -z -uall [9ms]
2024-11-30 14:38:34.426 [info] > git for-each-ref --sort -committerdate --format %(refname) %(objectname) %(*objectname) [2ms]
2024-11-30 14:38:39.441 [info] > git config --get commit.template [7ms]
2024-11-30 14:38:39.441 [info] > git for-each-ref --format=%(refname)%00%(upstream:short)%00%(objectname)%00%(upstream:track)%00%(upstream:remotename)%00%(upstream:remoteref) refs/heads/main refs/remotes/main [1ms]
2024-11-30 14:38:39.454 [info] > git status -z -uall [6ms]
2024-11-30 14:38:39.455 [info] > git for-each-ref --sort -committerdate --format %(refname) %(objectname) %(*objectname) [1ms]
2024-11-30 14:38:44.471 [info] > git config --get commit.template [7ms]
2024-11-30 14:38:44.472 [info] > git for-each-ref --format=%(refname)%00%(upstream:short)%00%(objectname)%00%(upstream:track)%00%(upstream:remotename)%00%(upstream:remoteref) refs/heads/main refs/remotes/main [1ms]
2024-11-30 14:38:44.485 [info] > git status -z -uall [7ms]
2024-11-30 14:38:44.486 [info] > git for-each-ref --sort -committerdate --format %(refname) %(objectname) %(*objectname) [1ms]
2024-11-30 14:38:49.504 [info] > git config --get commit.template [8ms]
2024-11-30 14:38:49.504 [info] > git for-each-ref --format=%(refname)%00%(upstream:short)%00%(objectname)%00%(upstream:track)%00%(upstream:remotename)%00%(upstream:remoteref) refs/heads/main refs/remotes/main [1ms]
2024-11-30 14:38:49.517 [info] > git status -z -uall [7ms]
2024-11-30 14:38:49.518 [info] > git for-each-ref --sort -committerdate --format %(refname) %(objectname) %(*objectname) [1ms]
2024-11-30 14:38:54.535 [info] > git config --get commit.template [7ms]
2024-11-30 14:38:54.536 [info] > git for-each-ref --format=%(refname)%00%(upstream:short)%00%(objectname)%00%(upstream:track)%00%(upstream:remotename)%00%(upstream:remoteref) refs/heads/main refs/remotes/main [1ms]
2024-11-30 14:38:54.550 [info] > git status -z -uall [8ms]
2024-11-30 14:38:54.550 [info] > git for-each-ref --sort -committerdate --format %(refname) %(objectname) %(*objectname) [1ms]
2024-11-30 14:38:59.567 [info] > git config --get commit.template [7ms]
2024-11-30 14:38:59.568 [info] > git for-each-ref --format=%(refname)%00%(upstream:short)%00%(objectname)%00%(upstream:track)%00%(upstream:remotename)%00%(upstream:remoteref) refs/heads/main refs/remotes/main [1ms]
2024-11-30 14:38:59.581 [info] > git status -z -uall [7ms]
2024-11-30 14:38:59.582 [info] > git for-each-ref --sort -committerdate --format %(refname) %(objectname) %(*objectname) [1ms]
2024-11-30 14:39:07.945 [info] > git config --get commit.template [7ms]
2024-11-30 14:39:07.946 [info] > git for-each-ref --format=%(refname)%00%(upstream:short)%00%(objectname)%00%(upstream:track)%00%(upstream:remotename)%00%(upstream:remoteref) refs/heads/main refs/remotes/main [1ms]
2024-11-30 14:39:07.959 [info] > git status -z -uall [7ms]
2024-11-30 14:39:07.960 [info] > git for-each-ref --sort -committerdate --format %(refname) %(objectname) %(*objectname) [1ms]
2024-11-30 14:39:16.177 [info] > git config --get commit.template [7ms]
2024-11-30 14:39:16.177 [info] > git for-each-ref --format=%(refname)%00%(upstream:short)%00%(objectname)%00%(upstream:track)%00%(upstream:remotename)%00%(upstream:remoteref) refs/heads/main refs/remotes/main [1ms]
2024-11-30 14:39:16.190 [info] > git status -z -uall [7ms]
2024-11-30 14:39:16.190 [info] > git for-each-ref --sort -committerdate --format %(refname) %(objectname) %(*objectname) [1ms]
2024-11-30 14:39:21.207 [info] > git config --get commit.template [7ms]
2024-11-30 14:39:21.207 [info] > git for-each-ref --format=%(refname)%00%(upstream:short)%00%(objectname)%00%(upstream:track)%00%(upstream:remotename)%00%(upstream:remoteref) refs/heads/main refs/remotes/main [1ms]
2024-11-30 14:39:21.220 [info] > git status -z -uall [6ms]
2024-11-30 14:39:21.221 [info] > git for-each-ref --sort -committerdate --format %(refname) %(objectname) %(*objectname) [1ms]
2024-11-30 14:39:26.238 [info] > git config --get commit.template [8ms]
2024-11-30 14:39:26.239 [info] > git for-each-ref --format=%(refname)%00%(upstream:short)%00%(objectname)%00%(upstream:track)%00%(upstream:remotename)%00%(upstream:remoteref) refs/heads/main refs/remotes/main [1ms]
2024-11-30 14:39:26.253 [info] > git status -z -uall [7ms]
2024-11-30 14:39:26.254 [info] > git for-each-ref --sort -committerdate --format %(refname) %(objectname) %(*objectname) [2ms]
2024-11-30 14:39:31.269 [info] > git config --get commit.template [7ms]
2024-11-30 14:39:31.270 [info] > git for-each-ref --format=%(refname)%00%(upstream:short)%00%(objectname)%00%(upstream:track)%00%(upstream:remotename)%00%(upstream:remoteref) refs/heads/main refs/remotes/main [2ms]
2024-11-30 14:39:31.283 [info] > git status -z -uall [6ms]
2024-11-30 14:39:31.284 [info] > git for-each-ref --sort -committerdate --format %(refname) %(objectname) %(*objectname) [1ms]
2024-11-30 14:39:36.300 [info] > git config --get commit.template [7ms]
2024-11-30 14:39:36.301 [info] > git for-each-ref --format=%(refname)%00%(upstream:short)%00%(objectname)%00%(upstream:track)%00%(upstream:remotename)%00%(upstream:remoteref) refs/heads/main refs/remotes/main [1ms]
2024-11-30 14:39:36.317 [info] > git status -z -uall [10ms]
2024-11-30 14:39:36.317 [info] > git for-each-ref --sort -committerdate --format %(refname) %(objectname) %(*objectname) [1ms]
2024-11-30 14:39:41.334 [info] > git config --get commit.template [7ms]
2024-11-30 14:39:41.335 [info] > git for-each-ref --format=%(refname)%00%(upstream:short)%00%(objectname)%00%(upstream:track)%00%(upstream:remotename)%00%(upstream:remoteref) refs/heads/main refs/remotes/main [1ms]
2024-11-30 14:39:41.348 [info] > git status -z -uall [7ms]
2024-11-30 14:39:41.349 [info] > git for-each-ref --sort -committerdate --format %(refname) %(objectname) %(*objectname) [1ms]
2024-11-30 14:39:46.365 [info] > git config --get commit.template [8ms]
2024-11-30 14:39:46.366 [info] > git for-each-ref --format=%(refname)%00%(upstream:short)%00%(objectname)%00%(upstream:track)%00%(upstream:remotename)%00%(upstream:remoteref) refs/heads/main refs/remotes/main [2ms]
2024-11-30 14:39:46.380 [info] > git status -z -uall [8ms]
2024-11-30 14:39:46.380 [info] > git for-each-ref --sort -committerdate --format %(refname) %(objectname) %(*objectname) [1ms]
2024-11-30 14:39:51.398 [info] > git config --get commit.template [7ms]
2024-11-30 14:39:51.399 [info] > git for-each-ref --format=%(refname)%00%(upstream:short)%00%(objectname)%00%(upstream:track)%00%(upstream:remotename)%00%(upstream:remoteref) refs/heads/main refs/remotes/main [1ms]
2024-11-30 14:39:51.414 [info] > git status -z -uall [8ms]
2024-11-30 14:39:51.415 [info] > git for-each-ref --sort -committerdate --format %(refname) %(objectname) %(*objectname) [2ms]
2024-11-30 14:39:56.433 [info] > git config --get commit.template [8ms]
2024-11-30 14:39:56.434 [info] > git for-each-ref --format=%(refname)%00%(upstream:short)%00%(objectname)%00%(upstream:track)%00%(upstream:remotename)%00%(upstream:remoteref) refs/heads/main refs/remotes/main [1ms]
2024-11-30 14:39:56.448 [info] > git status -z -uall [8ms]
2024-11-30 14:39:56.448 [info] > git for-each-ref --sort -committerdate --format %(refname) %(objectname) %(*objectname) [1ms]
2024-11-30 14:40:05.703 [info] > git ls-files --stage -- /home/anu/Documents/GitHub/things-ng/src/app/states/app.action.ts [1ms]
2024-11-30 14:40:05.712 [info] > git show --textconv :src/app/states/app.action.ts [1ms]
2024-11-30 14:40:05.821 [info] > git fetch [1322ms]
2024-11-30 14:40:05.835 [info] > git config --get commit.template [7ms]
2024-11-30 14:40:05.835 [info] > git for-each-ref --format=%(refname)%00%(upstream:short)%00%(objectname)%00%(upstream:track)%00%(upstream:remotename)%00%(upstream:remoteref) refs/heads/main refs/remotes/main [1ms]
2024-11-30 14:40:05.849 [info] > git status -z -uall [7ms]
2024-11-30 14:40:05.849 [info] > git for-each-ref --sort -committerdate --format %(refname) %(objectname) %(*objectname) [1ms]
2024-11-30 14:40:06.908 [info] > git config --get commit.template [6ms]
2024-11-30 14:40:06.908 [info] > git for-each-ref --format=%(refname)%00%(upstream:short)%00%(objectname)%00%(upstream:track)%00%(upstream:remotename)%00%(upstream:remoteref) refs/heads/main refs/remotes/main [1ms]
2024-11-30 14:40:06.921 [info] > git status -z -uall [7ms]
2024-11-30 14:40:06.922 [info] > git for-each-ref --sort -committerdate --format %(refname) %(objectname) %(*objectname) [1ms]
2024-11-30 14:40:07.003 [info] > git ls-files --stage -- /home/anu/Documents/GitHub/things-ng/src/app/states/app.action.ts [1ms]
2024-11-30 14:40:07.011 [info] > git show --textconv :src/app/states/app.action.ts [1ms]
2024-11-30 14:40:29.971 [info] > git config --get commit.template [7ms]
2024-11-30 14:40:29.972 [info] > git for-each-ref --format=%(refname)%00%(upstream:short)%00%(objectname)%00%(upstream:track)%00%(upstream:remotename)%00%(upstream:remoteref) refs/heads/main refs/remotes/main [1ms]
2024-11-30 14:40:29.986 [info] > git status -z -uall [7ms]
2024-11-30 14:40:29.987 [info] > git for-each-ref --sort -committerdate --format %(refname) %(objectname) %(*objectname) [2ms]
2024-11-30 14:43:07.054 [info] > git ls-files --stage -- /home/anu/Documents/GitHub/things-ng/src/app/states/app.action.ts [1ms]
2024-11-30 14:43:07.062 [info] > git show --textconv :src/app/states/app.action.ts [1ms]
2024-11-30 14:43:07.281 [info] > git fetch [1415ms]
2024-11-30 14:43:07.295 [info] > git config --get commit.template [7ms]
2024-11-30 14:43:07.296 [info] > git for-each-ref --format=%(refname)%00%(upstream:short)%00%(objectname)%00%(upstream:track)%00%(upstream:remotename)%00%(upstream:remoteref) refs/heads/main refs/remotes/main [1ms]
2024-11-30 14:43:07.310 [info] > git status -z -uall [7ms]
2024-11-30 14:43:07.311 [info] > git for-each-ref --sort -committerdate --format %(refname) %(objectname) %(*objectname) [2ms]
2024-11-30 14:43:08.368 [info] > git config --get commit.template [7ms]
2024-11-30 14:43:08.368 [info] > git for-each-ref --format=%(refname)%00%(upstream:short)%00%(objectname)%00%(upstream:track)%00%(upstream:remotename)%00%(upstream:remoteref) refs/heads/main refs/remotes/main [1ms]
2024-11-30 14:43:08.385 [info] > git status -z -uall [9ms]
2024-11-30 14:43:08.386 [info] > git for-each-ref --sort -committerdate --format %(refname) %(objectname) %(*objectname) [1ms]
2024-11-30 14:43:08.462 [info] > git ls-files --stage -- /home/anu/Documents/GitHub/things-ng/src/app/states/app.action.ts [1ms]
2024-11-30 14:43:08.470 [info] > git show --textconv :src/app/states/app.action.ts [1ms]
2024-11-30 14:46:08.516 [info] > git ls-files --stage -- /home/anu/Documents/GitHub/things-ng/src/app/states/app.action.ts [1ms]
2024-11-30 14:46:08.524 [info] > git show --textconv :src/app/states/app.action.ts [1ms]
2024-11-30 14:46:09.055 [info] > git fetch [1726ms]
2024-11-30 14:46:09.069 [info] > git config --get commit.template [7ms]
2024-11-30 14:46:09.070 [info] > git for-each-ref --format=%(refname)%00%(upstream:short)%00%(objectname)%00%(upstream:track)%00%(upstream:remotename)%00%(upstream:remoteref) refs/heads/main refs/remotes/main [1ms]
2024-11-30 14:46:09.083 [info] > git status -z -uall [7ms]
2024-11-30 14:46:09.083 [info] > git for-each-ref --sort -committerdate --format %(refname) %(objectname) %(*objectname) [1ms]
2024-11-30 14:46:10.142 [info] > git config --get commit.template [7ms]
2024-11-30 14:46:10.142 [info] > git for-each-ref --format=%(refname)%00%(upstream:short)%00%(objectname)%00%(upstream:track)%00%(upstream:remotename)%00%(upstream:remoteref) refs/heads/main refs/remotes/main [1ms]
2024-11-30 14:46:10.155 [info] > git status -z -uall [6ms]
2024-11-30 14:46:10.156 [info] > git for-each-ref --sort -committerdate --format %(refname) %(objectname) %(*objectname) [1ms]
2024-11-30 14:46:10.236 [info] > git ls-files --stage -- /home/anu/Documents/GitHub/things-ng/src/app/states/app.action.ts [1ms]
2024-11-30 14:46:10.244 [info] > git show --textconv :src/app/states/app.action.ts [1ms]
2024-11-30 14:46:42.980 [info] > git show --textconv :src/app/states/app.reducer.ts [12ms]
2024-11-30 14:46:42.980 [info] > git ls-files --stage -- /home/anu/Documents/GitHub/things-ng/src/app/states/app.reducer.ts [1ms]
2024-11-30 14:46:43.238 [info] > git check-ignore -v -z --stdin [1ms]
2024-11-30 14:46:43.809 [info] > git config --get commit.template [7ms]
2024-11-30 14:46:43.810 [info] > git for-each-ref --format=%(refname)%00%(upstream:short)%00%(objectname)%00%(upstream:track)%00%(upstream:remotename)%00%(upstream:remoteref) refs/heads/main refs/remotes/main [2ms]
2024-11-30 14:46:43.824 [info] > git status -z -uall [7ms]
2024-11-30 14:46:43.824 [info] > git for-each-ref --sort -committerdate --format %(refname) %(objectname) %(*objectname) [1ms]
2024-11-30 14:46:49.708 [info] > git config --get commit.template [7ms]
2024-11-30 14:46:49.709 [info] > git for-each-ref --format=%(refname)%00%(upstream:short)%00%(objectname)%00%(upstream:track)%00%(upstream:remotename)%00%(upstream:remoteref) refs/heads/main refs/remotes/main [2ms]
2024-11-30 14:46:49.724 [info] > git status -z -uall [8ms]
2024-11-30 14:46:49.724 [info] > git for-each-ref --sort -committerdate --format %(refname) %(objectname) %(*objectname) [2ms]
2024-11-30 14:46:54.741 [info] > git config --get commit.template [7ms]
2024-11-30 14:46:54.741 [info] > git for-each-ref --format=%(refname)%00%(upstream:short)%00%(objectname)%00%(upstream:track)%00%(upstream:remotename)%00%(upstream:remoteref) refs/heads/main refs/remotes/main [1ms]
2024-11-30 14:46:54.754 [info] > git status -z -uall [6ms]
2024-11-30 14:46:54.755 [info] > git for-each-ref --sort -committerdate --format %(refname) %(objectname) %(*objectname) [1ms]
2024-11-30 14:46:59.771 [info] > git config --get commit.template [7ms]
2024-11-30 14:46:59.772 [info] > git for-each-ref --format=%(refname)%00%(upstream:short)%00%(objectname)%00%(upstream:track)%00%(upstream:remotename)%00%(upstream:remoteref) refs/heads/main refs/remotes/main [1ms]
2024-11-30 14:46:59.787 [info] > git status -z -uall [8ms]
2024-11-30 14:46:59.788 [info] > git for-each-ref --sort -committerdate --format %(refname) %(objectname) %(*objectname) [1ms]
2024-11-30 14:47:04.800 [info] > git config --get commit.template [2ms]
2024-11-30 14:47:04.807 [info] > git for-each-ref --format=%(refname)%00%(upstream:short)%00%(objectname)%00%(upstream:track)%00%(upstream:remotename)%00%(upstream:remoteref) refs/heads/main refs/remotes/main [1ms]
2024-11-30 14:47:04.822 [info] > git status -z -uall [8ms]
2024-11-30 14:47:04.823 [info] > git for-each-ref --sort -committerdate --format %(refname) %(objectname) %(*objectname) [2ms]
2024-11-30 14:47:09.838 [info] > git config --get commit.template [6ms]
2024-11-30 14:47:09.839 [info] > git for-each-ref --format=%(refname)%00%(upstream:short)%00%(objectname)%00%(upstream:track)%00%(upstream:remotename)%00%(upstream:remoteref) refs/heads/main refs/remotes/main [1ms]
2024-11-30 14:47:09.853 [info] > git status -z -uall [7ms]
2024-11-30 14:47:09.854 [info] > git for-each-ref --sort -committerdate --format %(refname) %(objectname) %(*objectname) [1ms]
2024-11-30 14:47:14.869 [info] > git config --get commit.template [6ms]
2024-11-30 14:47:14.870 [info] > git for-each-ref --format=%(refname)%00%(upstream:short)%00%(objectname)%00%(upstream:track)%00%(upstream:remotename)%00%(upstream:remoteref) refs/heads/main refs/remotes/main [1ms]
2024-11-30 14:47:14.884 [info] > git status -z -uall [7ms]
2024-11-30 14:47:14.884 [info] > git for-each-ref --sort -committerdate --format %(refname) %(objectname) %(*objectname) [1ms]
2024-11-30 14:47:19.902 [info] > git config --get commit.template [8ms]
2024-11-30 14:47:19.902 [info] > git for-each-ref --format=%(refname)%00%(upstream:short)%00%(objectname)%00%(upstream:track)%00%(upstream:remotename)%00%(upstream:remoteref) refs/heads/main refs/remotes/main [1ms]
2024-11-30 14:47:19.916 [info] > git status -z -uall [7ms]
2024-11-30 14:47:19.917 [info] > git for-each-ref --sort -committerdate --format %(refname) %(objectname) %(*objectname) [1ms]
2024-11-30 14:47:24.934 [info] > git config --get commit.template [6ms]
2024-11-30 14:47:24.935 [info] > git for-each-ref --format=%(refname)%00%(upstream:short)%00%(objectname)%00%(upstream:track)%00%(upstream:remotename)%00%(upstream:remoteref) refs/heads/main refs/remotes/main [1ms]
2024-11-30 14:47:24.949 [info] > git status -z -uall [7ms]
2024-11-30 14:47:24.949 [info] > git for-each-ref --sort -committerdate --format %(refname) %(objectname) %(*objectname) [1ms]
2024-11-30 14:47:29.966 [info] > git config --get commit.template [7ms]
2024-11-30 14:47:29.967 [info] > git for-each-ref --format=%(refname)%00%(upstream:short)%00%(objectname)%00%(upstream:track)%00%(upstream:remotename)%00%(upstream:remoteref) refs/heads/main refs/remotes/main [1ms]
2024-11-30 14:47:29.981 [info] > git status -z -uall [7ms]
2024-11-30 14:47:29.981 [info] > git for-each-ref --sort -committerdate --format %(refname) %(objectname) %(*objectname) [1ms]
2024-11-30 14:47:34.998 [info] > git config --get commit.template [8ms]
2024-11-30 14:47:34.998 [info] > git for-each-ref --format=%(refname)%00%(upstream:short)%00%(objectname)%00%(upstream:track)%00%(upstream:remotename)%00%(upstream:remoteref) refs/heads/main refs/remotes/main [0ms]
2024-11-30 14:47:35.011 [info] > git status -z -uall [7ms]
2024-11-30 14:47:35.012 [info] > git for-each-ref --sort -committerdate --format %(refname) %(objectname) %(*objectname) [1ms]
2024-11-30 14:47:42.934 [info] > git config --get commit.template [7ms]
2024-11-30 14:47:42.935 [info] > git for-each-ref --format=%(refname)%00%(upstream:short)%00%(objectname)%00%(upstream:track)%00%(upstream:remotename)%00%(upstream:remoteref) refs/heads/main refs/remotes/main [2ms]
2024-11-30 14:47:42.948 [info] > git status -z -uall [7ms]
2024-11-30 14:47:42.948 [info] > git for-each-ref --sort -committerdate --format %(refname) %(objectname) %(*objectname) [1ms]
2024-11-30 14:47:48.870 [info] > git config --get commit.template [6ms]
2024-11-30 14:47:48.870 [info] > git for-each-ref --format=%(refname)%00%(upstream:short)%00%(objectname)%00%(upstream:track)%00%(upstream:remotename)%00%(upstream:remoteref) refs/heads/main refs/remotes/main [1ms]
2024-11-30 14:47:48.883 [info] > git status -z -uall [7ms]
2024-11-30 14:47:48.884 [info] > git for-each-ref --sort -committerdate --format %(refname) %(objectname) %(*objectname) [1ms]
2024-11-30 14:47:55.724 [info] > git config --get commit.template [7ms]
2024-11-30 14:47:55.725 [info] > git for-each-ref --format=%(refname)%00%(upstream:short)%00%(objectname)%00%(upstream:track)%00%(upstream:remotename)%00%(upstream:remoteref) refs/heads/main refs/remotes/main [1ms]
2024-11-30 14:47:55.738 [info] > git status -z -uall [7ms]
2024-11-30 14:47:55.738 [info] > git for-each-ref --sort -committerdate --format %(refname) %(objectname) %(*objectname) [1ms]
2024-11-30 14:48:00.758 [info] > git config --get commit.template [9ms]
2024-11-30 14:48:00.758 [info] > git for-each-ref --format=%(refname)%00%(upstream:short)%00%(objectname)%00%(upstream:track)%00%(upstream:remotename)%00%(upstream:remoteref) refs/heads/main refs/remotes/main [1ms]
2024-11-30 14:48:00.772 [info] > git status -z -uall [7ms]
2024-11-30 14:48:00.773 [info] > git for-each-ref --sort -committerdate --format %(refname) %(objectname) %(*objectname) [1ms]
2024-11-30 14:48:05.784 [info] > git config --get commit.template [1ms]
2024-11-30 14:48:05.791 [info] > git for-each-ref --format=%(refname)%00%(upstream:short)%00%(objectname)%00%(upstream:track)%00%(upstream:remotename)%00%(upstream:remoteref) refs/heads/main refs/remotes/main [1ms]
2024-11-30 14:48:05.804 [info] > git status -z -uall [7ms]
2024-11-30 14:48:05.805 [info] > git for-each-ref --sort -committerdate --format %(refname) %(objectname) %(*objectname) [1ms]
2024-11-30 14:48:11.335 [info] > git config --get commit.template [7ms]
2024-11-30 14:48:11.335 [info] > git for-each-ref --format=%(refname)%00%(upstream:short)%00%(objectname)%00%(upstream:track)%00%(upstream:remotename)%00%(upstream:remoteref) refs/heads/main refs/remotes/main [1ms]
2024-11-30 14:48:11.348 [info] > git status -z -uall [6ms]
2024-11-30 14:48:11.349 [info] > git for-each-ref --sort -committerdate --format %(refname) %(objectname) %(*objectname) [1ms]
2024-11-30 14:48:24.121 [info] > git config --get commit.template [8ms]
2024-11-30 14:48:24.121 [info] > git for-each-ref --format=%(refname)%00%(upstream:short)%00%(objectname)%00%(upstream:track)%00%(upstream:remotename)%00%(upstream:remoteref) refs/heads/main refs/remotes/main [1ms]
2024-11-30 14:48:24.135 [info] > git status -z -uall [8ms]
2024-11-30 14:48:24.135 [info] > git for-each-ref --sort -committerdate --format %(refname) %(objectname) %(*objectname) [1ms]
2024-11-30 14:48:31.417 [info] > git config --get commit.template [7ms]
2024-11-30 14:48:31.418 [info] > git for-each-ref --format=%(refname)%00%(upstream:short)%00%(objectname)%00%(upstream:track)%00%(upstream:remotename)%00%(upstream:remoteref) refs/heads/main refs/remotes/main [2ms]
2024-11-30 14:48:31.431 [info] > git status -z -uall [7ms]
2024-11-30 14:48:31.432 [info] > git for-each-ref --sort -committerdate --format %(refname) %(objectname) %(*objectname) [1ms]
2024-11-30 14:48:36.447 [info] > git config --get commit.template [7ms]
2024-11-30 14:48:36.448 [info] > git for-each-ref --format=%(refname)%00%(upstream:short)%00%(objectname)%00%(upstream:track)%00%(upstream:remotename)%00%(upstream:remoteref) refs/heads/main refs/remotes/main [1ms]
2024-11-30 14:48:36.461 [info] > git status -z -uall [7ms]
2024-11-30 14:48:36.462 [info] > git for-each-ref --sort -committerdate --format %(refname) %(objectname) %(*objectname) [2ms]
2024-11-30 14:48:41.479 [info] > git config --get commit.template [7ms]
2024-11-30 14:48:41.480 [info] > git for-each-ref --format=%(refname)%00%(upstream:short)%00%(objectname)%00%(upstream:track)%00%(upstream:remotename)%00%(upstream:remoteref) refs/heads/main refs/remotes/main [1ms]
2024-11-30 14:48:41.493 [info] > git status -z -uall [7ms]
2024-11-30 14:48:41.493 [info] > git for-each-ref --sort -committerdate --format %(refname) %(objectname) %(*objectname) [1ms]
2024-11-30 14:48:46.512 [info] > git for-each-ref --format=%(refname)%00%(upstream:short)%00%(objectname)%00%(upstream:track)%00%(upstream:remotename)%00%(upstream:remoteref) refs/heads/main refs/remotes/main [2ms]
2024-11-30 14:48:46.512 [info] > git config --get commit.template [10ms]
2024-11-30 14:48:46.527 [info] > git status -z -uall [8ms]
2024-11-30 14:48:46.528 [info] > git for-each-ref --sort -committerdate --format %(refname) %(objectname) %(*objectname) [1ms]
