[Server(1116070) things-ng/] onInitialize
[Server(1116070) things-ng/] Number of style sheets - 6
[Server(1116070) things-ng/] setupInitialStylemap
items 420
Invalid Selector
...state, 402
Invalid Selector
(state, 368
Invalid Selector
(state, 365
Invalid Selector
...state, 399
Invalid Selector
on(remove, 354
Invalid Selector
on(remove, 479
Invalid Selector
on(updateAllState,state, 502
Invalid Selector
on(updateAllState,state, 502
Invalid Selector
items: 331
Invalid Selector
on(remove, 374
Invalid Selector
...state, 416
Invalid Selector
state.products.filter((p) 440
Invalid Selector
products: 430
Invalid Selector
on(updateAllState, 496
Invalid Selector
...state, 547
Invalid Selector
products 525
Invalid Selector
products, 561
Invalid Selector
items: 430
Invalid Selector
on(updateAllState, 496
Invalid Selector
...state, 547
Invalid Selector
products, 561
Invalid Selector
(state, 515
Invalid Selector
createSelector 32
  AppState 162 170
Invalid Selector
app.state 97
  AppState 162 170
Invalid Selector
createFeatureSelector<AppState 140
  AppState 162 170
Invalid Selector
createFeatureSelector<AppState 140
  AppState 162 170
Invalid Selector
selectProducts 293
  AppState 225 233
Invalid Selector
selectById 400
  AppState 225 233
Invalid Selector
productId: 484
  AppState 225 233
Invalid Selector
productId: 484
  AppState 225 233
Invalid Selector
props.) 555
  AppState 225 233
Invalid Selector
export 404
  AppState 242 250
Invalid Selector
export 404
  AppState 242 250
Invalid Selector
export 404
  AppState 242 250
Invalid Selector
selectProducts, 455
  AppState 242 250
Invalid Selector
(products: 473
  AppState 242 250
Invalid Selector
(items: 473
  AppState 242 250
Invalid Selector
favorite 410
  AppState 242 250
Invalid Selector
favorite 410
  AppState 242 250
Invalid Selector
product 419
  AppState 242 250
Invalid Selector
selectProductById 446
  AppState 242 250
Invalid Selector
productId: 476
  AppState 242 250
Invalid Selector
FavoriteProduct[]) 541
  AppState 242 250
Invalid Selector
props.productId) 606
  AppState 242 250
Invalid Selector
FavoriteProduct[]) 541
  AppState 242 250
Invalid Selector
FavoriteProduct[]) 541
  AppState 242 250
Invalid Selector
favoriteReducer 227
Invalid Selector
class 208
Invalid Selector
class 208
Invalid Selector
app-store 197
Invalid Selector
