2024-12-28 15:45:49.842 [info] Using settings sync service https://vscode-sync.trafficmanager.net/
2024-12-28 15:45:49.842 [info] Auto Sync is enabled.
2024-12-28 15:45:49.842 [info] Auto Sync: Suspended until auth token is available.
2024-12-28 15:45:50.705 [info] Auto Sync: Triggered by Interval
2024-12-28 15:45:50.705 [info] Sync started.
2024-12-28 15:45:52.056 [info] Settings: No changes found during synchronizing settings.
2024-12-28 15:45:52.109 [info] Keybindings: No changes found during synchronizing keybindings.
2024-12-28 15:45:52.182 [info] Snippets: No changes found during synchronizing snippets.
2024-12-28 15:45:52.202 [info] Tasks: No changes found during synchronizing tasks.
2024-12-28 15:45:53.536 [info] GlobalState: Updated remote ui state. Updated: cpp.1.lastSessionDate,cpp.1.sessionCount,java.2.lastSessionDate,java.2.sessionCount,csharp.1.lastSessionDate,csharp.1.sessionCount,workbench.auxiliarybar.pinnedPanels.
2024-12-28 15:45:53.538 [info] GlobalState: Updated last synchronized ui state
2024-12-28 15:45:54.493 [info] Extensions: Updated remote extensions. Added: ["vscode.terminal-suggest"]. Removed: ["vdanchenkov.tailwind-class-sorter"].
2024-12-28 15:45:54.502 [info] Extensions: Updated last synchronized extensions. Skipped: ["msjsdiag.debugger-for-edge","dzannotti.vscode-babel-coloring"].
2024-12-28 15:45:54.503 [info] Profiles: No changes found during synchronizing profiles.
2024-12-28 15:45:54.504 [info] Sync done. Took 3800ms
2024-12-28 15:45:54.968 [info] Auto Sync: Triggered by Activity
2024-12-28 15:45:54.968 [info] Sync started.
2024-12-28 15:45:55.063 [info] Settings: No changes found during synchronizing settings.
2024-12-28 15:45:55.065 [info] Keybindings: No changes found during synchronizing keybindings.
2024-12-28 15:45:55.066 [info] Snippets: No changes found during synchronizing snippets.
2024-12-28 15:45:55.067 [info] Tasks: No changes found during synchronizing tasks.
2024-12-28 15:45:55.069 [info] GlobalState: No changes found during synchronizing ui state.
2024-12-28 15:45:55.096 [info] Extensions: No changes found during synchronizing extensions.
2024-12-28 15:45:55.098 [info] Profiles: No changes found during synchronizing profiles.
2024-12-28 15:45:55.098 [info] Sync done. Took 131ms
