Locating server…
Booting server...
Checking if /home/anu/.config/waybar/themes/solarized/solarized.css may be Tailwind-related…
Setting up server…
Listening for messages…
Searching for Tailwind CSS projects in the workspace's folders.
[Global] Creating projects: []
[Global] Preparing projects...
[Global] Initializing projects...
[Info  - 9:24:33 AM] [GLOBAL] No matching project for document {
  fsPath: '/home/anu/.config/waybar/themes/solarized/solarized.css',
  normalPath: '/home/anu/.config/waybar/themes/solarized/solarized.css'
}
[Global] Initialized 0 projects
[Info  - 9:24:41 AM] [GLOBAL] No matching project for document {
  fsPath: '/home/anu/.config/waybar/themes/solarized/solarized.css',
  normalPath: '/home/anu/.config/waybar/themes/solarized/solarized.css'
}
[Info  - 9:24:43 AM] [GLOBAL] No matching project for document {
  fsPath: '/home/anu/.config/waybar/themes/solarized/solarized.css',
  normalPath: '/home/anu/.config/waybar/themes/solarized/solarized.css'
}
