2024-11-14 09:23:41.621 [info] [main] Log level: Info
2024-11-14 09:23:41.621 [info] [main] Validating found git in: "git"
2024-11-14 09:23:41.621 [info] [main] Using git "2.47.0" from "git"
2024-11-14 09:23:41.621 [info] [Model][doInitialScan] Initial repository scan started
2024-11-14 09:23:41.621 [info] > git rev-parse --show-toplevel [67ms]
2024-11-14 09:23:41.621 [info] > git rev-parse --path-format=relative --show-toplevel [279ms]
2024-11-14 09:23:41.621 [info] [Model][doInitialScan] Initial repository scan completed - repositories (0), closed repositories (0), parent repositories (1), unsafe repositories (0)
2024-11-14 09:23:41.659 [info] > git rev-parse --show-toplevel [3ms]
2024-11-14 09:23:41.707 [info] > git rev-parse --show-toplevel [5ms]
2024-11-14 09:23:41.724 [info] > git rev-parse --show-toplevel [1ms]
2024-11-14 09:23:41.724 [info] fatal: not a git repository (or any parent up to mount point /)
Stopping at filesystem boundary (GIT_DISCOVERY_ACROSS_FILESYSTEM not set).
2024-11-14 09:23:42.449 [info] > git rev-parse --show-toplevel [2ms]
2024-11-14 09:23:42.458 [info] > git rev-parse --path-format=relative --show-toplevel [1ms]
2024-11-14 09:23:53.736 [info] [main] Log level: Info
2024-11-14 09:23:53.736 [info] [main] Validating found git in: "git"
2024-11-14 09:23:53.736 [info] [main] Using git "2.47.0" from "git"
2024-11-14 09:23:53.736 [info] [Model][doInitialScan] Initial repository scan started
2024-11-14 09:23:53.736 [info] > git rev-parse --show-toplevel [8ms]
2024-11-14 09:23:53.736 [info] > git rev-parse --path-format=relative --show-toplevel [284ms]
2024-11-14 09:23:53.913 [info] [Model][doInitialScan] Initial repository scan completed - repositories (0), closed repositories (0), parent repositories (1), unsafe repositories (0)
2024-11-14 09:23:53.963 [info] > git rev-parse --show-toplevel [4ms]
2024-11-14 09:23:53.993 [info] > git rev-parse --show-toplevel [4ms]
2024-11-14 09:23:54.010 [info] > git rev-parse --show-toplevel [1ms]
2024-11-14 09:23:54.010 [info] fatal: not a git repository (or any parent up to mount point /)
Stopping at filesystem boundary (GIT_DISCOVERY_ACROSS_FILESYSTEM not set).
2024-11-14 09:23:55.963 [info] > git rev-parse --show-toplevel [10ms]
2024-11-14 09:23:55.982 [info] > git rev-parse --path-format=relative --show-toplevel [12ms]
2024-11-14 09:24:14.959 [info] > git rev-parse --show-toplevel [6ms]
2024-11-14 09:24:14.975 [info] > git rev-parse --path-format=relative --show-toplevel [6ms]
2024-11-14 09:24:21.945 [info] > git rev-parse --show-toplevel [1ms]
2024-11-14 09:24:21.960 [info] > git rev-parse --path-format=relative --show-toplevel [9ms]
2024-11-14 09:24:25.903 [info] [main] Log level: Info
2024-11-14 09:24:25.903 [info] [main] Validating found git in: "git"
2024-11-14 09:24:25.903 [info] [main] Using git "2.47.0" from "git"
2024-11-14 09:24:25.903 [info] [Model][doInitialScan] Initial repository scan started
2024-11-14 09:24:25.903 [info] > git rev-parse --show-toplevel [84ms]
2024-11-14 09:24:25.903 [info] > git rev-parse --path-format=relative --show-toplevel [301ms]
2024-11-14 09:24:25.962 [info] [Model][doInitialScan] Initial repository scan completed - repositories (0), closed repositories (0), parent repositories (1), unsafe repositories (0)
2024-11-14 09:24:26.033 [info] > git rev-parse --show-toplevel [8ms]
2024-11-14 09:24:26.055 [info] > git rev-parse --show-toplevel [4ms]
2024-11-14 09:24:26.067 [info] > git rev-parse --show-toplevel [4ms]
2024-11-14 09:24:26.067 [info] fatal: not a git repository (or any parent up to mount point /)
Stopping at filesystem boundary (GIT_DISCOVERY_ACROSS_FILESYSTEM not set).
2024-11-14 09:24:33.419 [info] > git rev-parse --show-toplevel [2ms]
2024-11-14 09:24:33.430 [info] > git rev-parse --path-format=relative --show-toplevel [1ms]
