2024-11-17 18:37:40.518 [info] Reading sessions from keychain...
2024-11-17 18:37:40.518 [info] Getting sessions for all scopes...
2024-11-17 18:37:40.518 [info] Getting sessions for all scopes...
2024-11-17 18:37:40.518 [info] Getting sessions for all scopes...
2024-11-17 18:37:40.518 [info] Getting sessions for user:email...
2024-11-17 18:37:40.518 [info] Got stored sessions!
2024-11-17 18:37:40.519 [info] Got 1 verified sessions.
2024-11-17 18:37:40.519 [info] Got 1 sessions for ...
2024-11-17 18:37:40.519 [info] Got 1 sessions for ...
2024-11-17 18:37:40.519 [info] Got 1 sessions for ...
2024-11-17 18:37:40.519 [info] Got 1 sessions for user:email...
2024-11-17 18:37:40.519 [info] Getting sessions for user:email...
2024-11-17 18:37:40.519 [info] Got 1 sessions for user:email...
2024-11-17 18:37:40.519 [info] Getting sessions for user:email...
2024-11-17 18:37:40.519 [info] Got 1 sessions for user:email...
2024-11-17 18:37:40.519 [info] Getting sessions for all scopes...
2024-11-17 18:37:40.519 [info] Got 1 sessions for ...
2024-11-17 18:37:40.519 [info] Getting sessions for read:user,repo,user:email...
2024-11-17 18:37:40.519 [info] Got 0 sessions for read:user,repo,user:email...
2024-11-17 18:37:40.838 [info] Getting sessions for read:user,repo,user:email,workflow...
2024-11-17 18:37:40.838 [info] Got 0 sessions for read:user,repo,user:email,workflow...
