2024-11-08 20:23:34.302 [info] Using settings sync service https://vscode-sync.trafficmanager.net/
2024-11-08 20:23:34.302 [info] Auto Sync is enabled.
2024-11-08 20:23:34.302 [info] Auto Sync: Suspended until auth token is available.
2024-11-08 20:23:34.795 [info] Auto Sync: Triggered by Interval
2024-11-08 20:23:34.795 [info] Sync started.
2024-11-08 20:23:35.529 [info] Settings: No changes found during synchronizing settings.
2024-11-08 20:23:35.569 [info] Keybindings: No changes found during synchronizing keybindings.
2024-11-08 20:23:35.572 [info] Snippets: No changes found during synchronizing snippets.
2024-11-08 20:23:35.573 [info] Tasks: No changes found during synchronizing tasks.
2024-11-08 20:23:35.578 [info] GlobalState: No changes found during synchronizing ui state.
2024-11-08 20:23:35.620 [info] Extensions: No changes found during synchronizing extensions.
2024-11-08 20:23:35.624 [info] Profiles: No changes found during synchronizing profiles.
2024-11-08 20:23:35.626 [info] Sync done. Took 832ms
2024-11-08 20:24:28.547 [info] Auto Sync: Triggered by Activity
2024-11-08 20:24:28.547 [info] Sync started.
2024-11-08 20:24:28.678 [info] Settings: No changes found during synchronizing settings.
2024-11-08 20:24:28.684 [info] Keybindings: No changes found during synchronizing keybindings.
2024-11-08 20:24:28.686 [info] Snippets: No changes found during synchronizing snippets.
2024-11-08 20:24:28.688 [info] Tasks: No changes found during synchronizing tasks.
2024-11-08 20:24:28.691 [info] GlobalState: No changes found during synchronizing ui state.
2024-11-08 20:24:28.722 [info] Extensions: No changes found during synchronizing extensions.
2024-11-08 20:24:28.723 [info] Profiles: No changes found during synchronizing profiles.
2024-11-08 20:24:28.724 [info] Sync done. Took 179ms
2024-11-08 20:24:58.213 [info] Auto Sync: Triggered by Activity
2024-11-08 20:24:58.213 [info] Sync started.
2024-11-08 20:24:58.374 [info] Settings: No changes found during synchronizing settings.
2024-11-08 20:24:58.378 [info] Keybindings: No changes found during synchronizing keybindings.
2024-11-08 20:24:58.383 [info] Snippets: No changes found during synchronizing snippets.
2024-11-08 20:24:58.385 [info] Tasks: No changes found during synchronizing tasks.
2024-11-08 20:24:58.388 [info] GlobalState: No changes found during synchronizing ui state.
2024-11-08 20:24:58.436 [info] Extensions: No changes found during synchronizing extensions.
2024-11-08 20:24:58.437 [info] Profiles: No changes found during synchronizing profiles.
2024-11-08 20:24:58.439 [info] Sync done. Took 226ms
2024-11-08 20:25:10.626 [info] Auto Sync: Triggered by Activity
2024-11-08 20:25:10.627 [info] Sync started.
2024-11-08 20:25:10.861 [info] Settings: No changes found during synchronizing settings.
2024-11-08 20:25:10.862 [info] Keybindings: No changes found during synchronizing keybindings.
2024-11-08 20:25:10.864 [info] Snippets: No changes found during synchronizing snippets.
2024-11-08 20:25:10.865 [info] Tasks: No changes found during synchronizing tasks.
2024-11-08 20:25:10.867 [info] GlobalState: No changes found during synchronizing ui state.
2024-11-08 20:25:10.903 [info] Extensions: No changes found during synchronizing extensions.
2024-11-08 20:25:10.904 [info] Profiles: No changes found during synchronizing profiles.
2024-11-08 20:25:10.905 [info] Sync done. Took 280ms
2024-11-08 20:25:28.854 [info] Auto Sync: Triggered by Activity
2024-11-08 20:25:28.854 [info] Sync started.
2024-11-08 20:25:28.986 [info] Settings: No changes found during synchronizing settings.
2024-11-08 20:25:28.988 [info] Keybindings: No changes found during synchronizing keybindings.
2024-11-08 20:25:28.990 [info] Snippets: No changes found during synchronizing snippets.
2024-11-08 20:25:28.991 [info] Tasks: No changes found during synchronizing tasks.
2024-11-08 20:25:28.994 [info] GlobalState: No changes found during synchronizing ui state.
2024-11-08 20:25:29.032 [info] Extensions: No changes found during synchronizing extensions.
2024-11-08 20:25:29.032 [info] Profiles: No changes found during synchronizing profiles.
2024-11-08 20:25:29.033 [info] Sync done. Took 180ms
2024-11-08 20:25:40.411 [info] Auto Sync: Triggered by Activity
2024-11-08 20:25:40.411 [info] Sync started.
2024-11-08 20:25:40.657 [info] Settings: No changes found during synchronizing settings.
2024-11-08 20:25:40.659 [info] Keybindings: No changes found during synchronizing keybindings.
2024-11-08 20:25:40.661 [info] Snippets: No changes found during synchronizing snippets.
2024-11-08 20:25:40.662 [info] Tasks: No changes found during synchronizing tasks.
2024-11-08 20:25:40.664 [info] GlobalState: No changes found during synchronizing ui state.
2024-11-08 20:25:40.700 [info] Extensions: No changes found during synchronizing extensions.
2024-11-08 20:25:40.701 [info] Profiles: No changes found during synchronizing profiles.
2024-11-08 20:25:40.702 [info] Sync done. Took 291ms
2024-11-08 20:25:54.427 [info] Auto Sync: Triggered by Activity
2024-11-08 20:25:54.427 [info] Sync started.
2024-11-08 20:25:54.692 [info] Settings: No changes found during synchronizing settings.
2024-11-08 20:25:54.694 [info] Keybindings: No changes found during synchronizing keybindings.
2024-11-08 20:25:54.695 [info] Snippets: No changes found during synchronizing snippets.
2024-11-08 20:25:54.696 [info] Tasks: No changes found during synchronizing tasks.
2024-11-08 20:25:54.698 [info] GlobalState: No changes found during synchronizing ui state.
2024-11-08 20:25:54.732 [info] Extensions: No changes found during synchronizing extensions.
2024-11-08 20:25:54.732 [info] Profiles: No changes found during synchronizing profiles.
2024-11-08 20:25:54.733 [info] Sync done. Took 307ms
2024-11-08 20:30:54.736 [info] Auto Sync: Triggered by Interval
2024-11-08 20:30:54.736 [info] Sync started.
2024-11-08 20:30:55.448 [info] Settings: No changes found during synchronizing settings.
2024-11-08 20:30:55.450 [info] Keybindings: No changes found during synchronizing keybindings.
2024-11-08 20:30:55.451 [info] Snippets: No changes found during synchronizing snippets.
2024-11-08 20:30:55.452 [info] Tasks: No changes found during synchronizing tasks.
2024-11-08 20:30:55.455 [info] GlobalState: No changes found during synchronizing ui state.
2024-11-08 20:30:55.491 [info] Extensions: No changes found during synchronizing extensions.
2024-11-08 20:30:55.494 [info] Profiles: No changes found during synchronizing profiles.
2024-11-08 20:30:55.494 [info] Sync done. Took 759ms
2024-11-08 20:35:55.517 [info] Auto Sync: Triggered by Interval
2024-11-08 20:35:55.517 [info] Sync started.
2024-11-08 20:35:56.094 [info] Settings: No changes found during synchronizing settings.
2024-11-08 20:35:56.096 [info] Keybindings: No changes found during synchronizing keybindings.
2024-11-08 20:35:56.097 [info] Snippets: No changes found during synchronizing snippets.
2024-11-08 20:35:56.098 [info] Tasks: No changes found during synchronizing tasks.
2024-11-08 20:35:56.101 [info] GlobalState: No changes found during synchronizing ui state.
2024-11-08 20:35:56.140 [info] Extensions: No changes found during synchronizing extensions.
2024-11-08 20:35:56.142 [info] Profiles: No changes found during synchronizing profiles.
2024-11-08 20:35:56.143 [info] Sync done. Took 626ms
2024-11-08 20:40:56.164 [info] Auto Sync: Triggered by Interval
2024-11-08 20:40:56.165 [info] Sync started.
2024-11-08 20:40:56.744 [info] Settings: No changes found during synchronizing settings.
2024-11-08 20:40:56.746 [info] Keybindings: No changes found during synchronizing keybindings.
2024-11-08 20:40:56.747 [info] Snippets: No changes found during synchronizing snippets.
2024-11-08 20:40:56.749 [info] Tasks: No changes found during synchronizing tasks.
2024-11-08 20:40:56.752 [info] GlobalState: No changes found during synchronizing ui state.
2024-11-08 20:40:56.793 [info] Extensions: No changes found during synchronizing extensions.
2024-11-08 20:40:56.797 [info] Profiles: No changes found during synchronizing profiles.
2024-11-08 20:40:56.798 [info] Sync done. Took 634ms
