2024-11-08 20:17:44.422 [info] [main] Log level: Info
2024-11-08 20:17:44.422 [info] [main] Validating found git in: "git"
2024-11-08 20:17:44.422 [info] [main] Using git "2.47.0" from "git"
2024-11-08 20:17:44.422 [info] [Model][doInitialScan] Initial repository scan started
2024-11-08 20:17:44.422 [info] > git rev-parse --show-toplevel [77ms]
2024-11-08 20:17:44.422 [info] fatal: not a git repository (or any parent up to mount point /)
Stopping at filesystem boundary (GIT_DISCOVERY_ACROSS_FILESYSTEM not set).
2024-11-08 20:17:44.422 [info] [Model][doInitialScan] Initial repository scan completed - repositories (0), closed repositories (0), parent repositories (0), unsafe repositories (0)
2024-11-08 20:17:44.422 [info] > git rev-parse --show-toplevel [301ms]
2024-11-08 20:17:44.422 [info] fatal: not a git repository (or any parent up to mount point /)
Stopping at filesystem boundary (GIT_DISCOVERY_ACROSS_FILESYSTEM not set).
2024-11-08 20:17:44.422 [info] > git rev-parse --show-toplevel [50ms]
2024-11-08 20:17:44.422 [info] fatal: not a git repository (or any parent up to mount point /)
Stopping at filesystem boundary (GIT_DISCOVERY_ACROSS_FILESYSTEM not set).
2024-11-08 20:17:45.241 [info] > git rev-parse --show-toplevel [1ms]
2024-11-08 20:17:45.241 [info] fatal: not a git repository (or any parent up to mount point /)
Stopping at filesystem boundary (GIT_DISCOVERY_ACROSS_FILESYSTEM not set).
2024-11-08 20:17:45.655 [info] > git rev-parse --show-toplevel [1ms]
2024-11-08 20:17:45.655 [info] fatal: not a git repository (or any parent up to mount point /)
Stopping at filesystem boundary (GIT_DISCOVERY_ACROSS_FILESYSTEM not set).
