2024-10-11 11:18:37.531 [info] Reading sessions from keychain...
2024-10-11 11:18:37.531 [info] Getting sessions for all scopes...
2024-10-11 11:18:37.531 [info] Getting sessions for all scopes...
2024-10-11 11:18:37.531 [info] Getting sessions for user:email...
2024-10-11 11:18:37.531 [info] Got stored sessions!
2024-10-11 11:18:37.531 [info] Got 1 verified sessions.
2024-10-11 11:18:37.531 [info] Got 1 sessions for ...
2024-10-11 11:18:37.531 [info] Got 1 sessions for ...
2024-10-11 11:18:37.531 [info] Got 1 sessions for user:email...
2024-10-11 11:18:37.531 [info] Getting sessions for read:user,repo,user:email...
2024-10-11 11:18:37.531 [info] Got 0 sessions for read:user,repo,user:email...
2024-10-11 11:18:37.531 [info] Getting sessions for read:user,repo,user:email,workflow...
2024-10-11 11:18:37.531 [info] Got 0 sessions for read:user,repo,user:email,workflow...
2024-10-11 11:19:01.086 [info] Reading sessions from keychain...
2024-10-11 11:19:01.086 [info] Getting sessions for all scopes...
2024-10-11 11:19:01.086 [info] Getting sessions for all scopes...
2024-10-11 11:19:01.086 [info] Getting sessions for user:email...
2024-10-11 11:19:01.086 [info] Got stored sessions!
2024-10-11 11:19:01.086 [info] Got 1 verified sessions.
2024-10-11 11:19:01.086 [info] Got 1 sessions for ...
2024-10-11 11:19:01.086 [info] Got 1 sessions for ...
2024-10-11 11:19:01.086 [info] Got 1 sessions for user:email...
2024-10-11 11:19:01.086 [info] Getting sessions for read:user,repo,user:email,workflow...
2024-10-11 11:19:01.086 [info] Got 0 sessions for read:user,repo,user:email,workflow...
2024-10-11 11:19:01.086 [info] Getting sessions for read:user,repo,user:email...
2024-10-11 11:19:01.086 [info] Got 0 sessions for read:user,repo,user:email...
