2024-10-11 11:18:35.047 [info] Started local extension host with pid 226106.
2024-10-11 11:18:35.390 [error] Extension 'ms-python.python' wants API proposal 'terminalShellIntegration' but that proposal DOES NOT EXIST. Likely, the proposal has been finalized (check 'vscode.d.ts') or was abandoned.
2024-10-11 11:18:37.776 [info] [perf] Render performance baseline is 24ms
2024-10-11 11:18:42.032 [error] [Extension Host] View has not been initialized after retrying for 5 seconds.
2024-10-11 11:18:59.463 [warning] [backup tracker] suspended, ignoring unregister event file:///home/anu/Documents/GitHub/profile/package.json 
2024-10-11 11:18:59.851 [info] Started local extension host with pid 226657.
2024-10-11 11:19:00.140 [error] Extension 'ms-python.python' wants API proposal 'terminalShellIntegration' but that proposal DOES NOT EXIST. Likely, the proposal has been finalized (check 'vscode.d.ts') or was abandoned.
2024-10-11 11:19:02.526 [info] [perf] Render performance baseline is 20ms
2024-10-11 11:19:05.812 [error] [Extension Host] View has not been initialized after retrying for 5 seconds.
2024-10-11 11:19:13.757 [error] [Extension Host] View has not been initialized after retrying for 5 seconds.
2024-10-11 11:19:16.480 [error] [Extension Host] View has not been initialized after retrying for 5 seconds.
2024-10-11 11:19:21.361 [error] [Extension Host] View has not been initialized after retrying for 5 seconds.
2024-10-11 11:19:22.216 [error] [Extension Host] View has not been initialized after retrying for 5 seconds.
2024-10-11 11:19:22.864 [error] [Extension Host] View has not been initialized after retrying for 5 seconds.
2024-10-11 11:19:23.091 [error] [Extension Host] View has not been initialized after retrying for 5 seconds.
2024-10-11 11:19:24.533 [error] [Extension Host] View has not been initialized after retrying for 5 seconds.
2024-10-11 11:19:24.739 [error] [Extension Host] View has not been initialized after retrying for 5 seconds.
2024-10-11 11:19:24.848 [error] [Extension Host] View has not been initialized after retrying for 5 seconds.
2024-10-11 11:19:25.070 [error] [Extension Host] View has not been initialized after retrying for 5 seconds.
2024-10-11 11:19:25.283 [error] [Extension Host] View has not been initialized after retrying for 5 seconds.
2024-10-11 11:19:26.248 [error] [Extension Host] View has not been initialized after retrying for 5 seconds.
2024-10-11 11:19:26.447 [error] [Extension Host] View has not been initialized after retrying for 5 seconds.
2024-10-11 11:19:26.577 [error] [Extension Host] View has not been initialized after retrying for 5 seconds.
2024-10-11 11:19:26.993 [error] [Extension Host] View has not been initialized after retrying for 5 seconds.
2024-10-11 11:19:27.303 [error] [Extension Host] View has not been initialized after retrying for 5 seconds.
2024-10-11 11:19:27.828 [error] [Extension Host] View has not been initialized after retrying for 5 seconds.
2024-10-11 11:19:28.097 [error] [Extension Host] View has not been initialized after retrying for 5 seconds.
2024-10-11 11:19:28.282 [error] [Extension Host] View has not been initialized after retrying for 5 seconds.
2024-10-11 11:19:28.404 [error] [Extension Host] View has not been initialized after retrying for 5 seconds.
2024-10-11 11:19:28.953 [error] [Extension Host] View has not been initialized after retrying for 5 seconds.
2024-10-11 11:19:29.186 [error] [Extension Host] View has not been initialized after retrying for 5 seconds.
2024-10-11 11:19:29.488 [error] [Extension Host] View has not been initialized after retrying for 5 seconds.
2024-10-11 11:19:29.633 [error] [Extension Host] View has not been initialized after retrying for 5 seconds.
2024-10-11 11:19:30.333 [error] [Extension Host] View has not been initialized after retrying for 5 seconds.
2024-10-11 11:19:30.606 [error] [Extension Host] View has not been initialized after retrying for 5 seconds.
2024-10-11 11:19:31.789 [error] [Extension Host] View has not been initialized after retrying for 5 seconds.
2024-10-11 11:19:33.367 [error] [Extension Host] View has not been initialized after retrying for 5 seconds.
2024-10-11 11:19:33.521 [error] [Extension Host] View has not been initialized after retrying for 5 seconds.
2024-10-11 11:19:34.557 [error] [Extension Host] View has not been initialized after retrying for 5 seconds.
2024-10-11 11:19:35.359 [error] [Extension Host] View has not been initialized after retrying for 5 seconds.
2024-10-11 11:19:36.327 [error] [Extension Host] View has not been initialized after retrying for 5 seconds.
2024-10-11 11:19:36.854 [error] [Extension Host] View has not been initialized after retrying for 5 seconds.
2024-10-11 11:19:37.609 [error] [Extension Host] View has not been initialized after retrying for 5 seconds.
2024-10-11 11:19:40.105 [error] [Extension Host] View has not been initialized after retrying for 5 seconds.
2024-10-11 11:19:41.112 [error] [Extension Host] View has not been initialized after retrying for 5 seconds.
2024-10-11 11:19:42.348 [error] [Extension Host] View has not been initialized after retrying for 5 seconds.
2024-10-11 11:19:42.523 [error] [Extension Host] View has not been initialized after retrying for 5 seconds.
2024-10-11 11:19:44.153 [error] [Extension Host] View has not been initialized after retrying for 5 seconds.
2024-10-11 11:19:44.360 [error] [Extension Host] View has not been initialized after retrying for 5 seconds.
2024-10-11 11:19:45.204 [error] [Extension Host] View has not been initialized after retrying for 5 seconds.
2024-10-11 11:19:45.454 [error] [Extension Host] View has not been initialized after retrying for 5 seconds.
2024-10-11 11:19:46.481 [error] [Extension Host] View has not been initialized after retrying for 5 seconds.
2024-10-11 11:19:46.691 [error] [Extension Host] View has not been initialized after retrying for 5 seconds.
2024-10-11 11:19:47.119 [error] [Extension Host] View has not been initialized after retrying for 5 seconds.
2024-10-11 11:19:47.686 [error] [Extension Host] View has not been initialized after retrying for 5 seconds.
2024-10-11 11:19:47.932 [error] [Extension Host] View has not been initialized after retrying for 5 seconds.
2024-10-11 11:19:59.567 [error] [Extension Host] View has not been initialized after retrying for 5 seconds.
2024-10-11 11:19:59.711 [error] [Extension Host] View has not been initialized after retrying for 5 seconds.
2024-10-11 11:19:59.910 [error] [Extension Host] View has not been initialized after retrying for 5 seconds.
2024-10-11 11:19:59.996 [error] [Extension Host] View has not been initialized after retrying for 5 seconds.
2024-10-11 11:20:00.216 [error] [Extension Host] View has not been initialized after retrying for 5 seconds.
2024-10-11 11:20:00.482 [error] [Extension Host] View has not been initialized after retrying for 5 seconds.
2024-10-11 11:20:00.642 [error] [Extension Host] View has not been initialized after retrying for 5 seconds.
2024-10-11 11:20:01.716 [error] [Extension Host] View has not been initialized after retrying for 5 seconds.
2024-10-11 11:20:02.028 [error] [Extension Host] View has not been initialized after retrying for 5 seconds.
2024-10-11 11:20:02.811 [error] [Extension Host] View has not been initialized after retrying for 5 seconds.
2024-10-11 11:20:03.926 [error] [Extension Host] View has not been initialized after retrying for 5 seconds.
2024-10-11 11:20:04.346 [error] [Extension Host] View has not been initialized after retrying for 5 seconds.
2024-10-11 11:20:05.098 [error] [Extension Host] View has not been initialized after retrying for 5 seconds.
2024-10-11 11:20:06.174 [error] [Extension Host] View has not been initialized after retrying for 5 seconds.
2024-10-11 11:20:07.321 [error] [Extension Host] View has not been initialized after retrying for 5 seconds.
2024-10-11 11:20:08.228 [error] [Extension Host] View has not been initialized after retrying for 5 seconds.
2024-10-11 11:20:08.436 [error] [Extension Host] View has not been initialized after retrying for 5 seconds.
2024-10-11 11:20:09.435 [error] [Extension Host] View has not been initialized after retrying for 5 seconds.
2024-10-11 11:20:11.047 [error] [Extension Host] View has not been initialized after retrying for 5 seconds.
2024-10-11 11:20:11.203 [error] [Extension Host] View has not been initialized after retrying for 5 seconds.
2024-10-11 11:20:11.491 [error] [Extension Host] View has not been initialized after retrying for 5 seconds.
2024-10-11 11:20:12.146 [error] [Extension Host] View has not been initialized after retrying for 5 seconds.
2024-10-11 11:20:13.010 [error] [Extension Host] View has not been initialized after retrying for 5 seconds.
2024-10-11 11:20:13.802 [error] [Extension Host] View has not been initialized after retrying for 5 seconds.
2024-10-11 11:20:14.622 [error] [Extension Host] View has not been initialized after retrying for 5 seconds.
2024-10-11 11:20:16.505 [error] [Extension Host] View has not been initialized after retrying for 5 seconds.
2024-10-11 11:20:16.741 [error] [Extension Host] View has not been initialized after retrying for 5 seconds.
2024-10-11 11:20:17.365 [error] [Extension Host] View has not been initialized after retrying for 5 seconds.
2024-10-11 11:20:17.607 [error] [Extension Host] View has not been initialized after retrying for 5 seconds.
2024-10-11 11:20:19.509 [error] [Extension Host] View has not been initialized after retrying for 5 seconds.
2024-10-11 11:20:19.716 [error] [Extension Host] View has not been initialized after retrying for 5 seconds.
2024-10-11 11:20:19.891 [error] [Extension Host] View has not been initialized after retrying for 5 seconds.
2024-10-11 11:20:20.078 [error] [Extension Host] View has not been initialized after retrying for 5 seconds.
2024-10-11 11:20:20.274 [error] [Extension Host] View has not been initialized after retrying for 5 seconds.
2024-10-11 11:20:20.448 [error] [Extension Host] View has not been initialized after retrying for 5 seconds.
2024-10-11 11:20:20.635 [error] [Extension Host] View has not been initialized after retrying for 5 seconds.
2024-10-11 11:20:20.986 [error] [Extension Host] View has not been initialized after retrying for 5 seconds.
2024-10-11 11:20:31.598 [error] [Extension Host] View has not been initialized after retrying for 5 seconds.
2024-10-11 11:20:31.748 [error] [Extension Host] View has not been initialized after retrying for 5 seconds.
2024-10-11 11:20:33.454 [error] [Extension Host] View has not been initialized after retrying for 5 seconds.
2024-10-11 11:20:33.648 [error] [Extension Host] View has not been initialized after retrying for 5 seconds.
2024-10-11 11:20:34.525 [error] [Extension Host] View has not been initialized after retrying for 5 seconds.
2024-10-11 11:20:34.995 [error] [Extension Host] View has not been initialized after retrying for 5 seconds.
2024-10-11 11:20:35.989 [error] [Extension Host] View has not been initialized after retrying for 5 seconds.
2024-10-11 11:20:36.212 [error] [Extension Host] View has not been initialized after retrying for 5 seconds.
2024-10-11 11:20:36.441 [error] [Extension Host] View has not been initialized after retrying for 5 seconds.
2024-10-11 11:20:37.377 [error] [Extension Host] View has not been initialized after retrying for 5 seconds.
2024-10-11 11:20:38.804 [error] [Extension Host] View has not been initialized after retrying for 5 seconds.
2024-10-11 11:20:40.170 [error] [Extension Host] View has not been initialized after retrying for 5 seconds.
2024-10-11 11:21:36.228 [error] [Extension Host] View has not been initialized after retrying for 5 seconds.
2024-10-11 11:21:40.206 [error] [Extension Host] View has not been initialized after retrying for 5 seconds.
2024-10-11 11:21:50.221 [error] [Extension Host] View has not been initialized after retrying for 5 seconds.
2024-10-11 11:21:51.502 [error] [Extension Host] View has not been initialized after retrying for 5 seconds.
2024-10-11 11:21:51.683 [error] [Extension Host] View has not been initialized after retrying for 5 seconds.
2024-10-11 11:21:51.995 [error] [Extension Host] View has not been initialized after retrying for 5 seconds.
2024-10-11 11:21:52.203 [error] [Extension Host] View has not been initialized after retrying for 5 seconds.
2024-10-11 11:21:52.895 [error] [Extension Host] View has not been initialized after retrying for 5 seconds.
2024-10-11 11:21:53.643 [error] [Extension Host] View has not been initialized after retrying for 5 seconds.
2024-10-11 11:21:53.919 [error] [Extension Host] View has not been initialized after retrying for 5 seconds.
2024-10-11 11:21:55.190 [error] [Extension Host] View has not been initialized after retrying for 5 seconds.
2024-10-11 11:21:55.419 [error] [Extension Host] View has not been initialized after retrying for 5 seconds.
2024-10-11 11:21:55.547 [error] [Extension Host] View has not been initialized after retrying for 5 seconds.
2024-10-11 11:21:55.856 [error] [Extension Host] View has not been initialized after retrying for 5 seconds.
2024-10-11 11:21:56.719 [error] [Extension Host] View has not been initialized after retrying for 5 seconds.
2024-10-11 11:21:56.969 [error] [Extension Host] View has not been initialized after retrying for 5 seconds.
2024-10-11 11:21:57.073 [error] [Extension Host] View has not been initialized after retrying for 5 seconds.
2024-10-11 11:21:58.141 [error] [Extension Host] View has not been initialized after retrying for 5 seconds.
2024-10-11 11:21:59.283 [error] [Extension Host] View has not been initialized after retrying for 5 seconds.
2024-10-11 11:21:59.514 [error] [Extension Host] View has not been initialized after retrying for 5 seconds.
2024-10-11 11:21:59.970 [error] [Extension Host] View has not been initialized after retrying for 5 seconds.
2024-10-11 11:22:00.680 [error] [Extension Host] View has not been initialized after retrying for 5 seconds.
2024-10-11 11:22:01.031 [error] [Extension Host] View has not been initialized after retrying for 5 seconds.
2024-10-11 11:22:01.328 [error] [Extension Host] View has not been initialized after retrying for 5 seconds.
2024-10-11 11:22:01.821 [error] [Extension Host] View has not been initialized after retrying for 5 seconds.
2024-10-11 11:22:02.843 [error] [Extension Host] View has not been initialized after retrying for 5 seconds.
2024-10-11 11:22:03.028 [error] [Extension Host] View has not been initialized after retrying for 5 seconds.
2024-10-11 11:22:04.279 [error] [Extension Host] View has not been initialized after retrying for 5 seconds.
2024-10-11 11:22:10.267 [error] [Extension Host] View has not been initialized after retrying for 5 seconds.
2024-10-11 11:22:10.478 [error] [Extension Host] View has not been initialized after retrying for 5 seconds.
2024-10-11 11:22:10.676 [error] [Extension Host] View has not been initialized after retrying for 5 seconds.
2024-10-11 11:22:10.870 [error] [Extension Host] View has not been initialized after retrying for 5 seconds.
2024-10-11 11:22:11.067 [error] [Extension Host] View has not been initialized after retrying for 5 seconds.
2024-10-11 11:22:11.265 [error] [Extension Host] View has not been initialized after retrying for 5 seconds.
2024-10-11 11:22:11.503 [error] [Extension Host] View has not been initialized after retrying for 5 seconds.
2024-10-11 11:22:12.642 [error] [Extension Host] View has not been initialized after retrying for 5 seconds.
2024-10-11 11:22:15.738 [error] [Extension Host] View has not been initialized after retrying for 5 seconds.
2024-10-11 11:22:16.410 [error] [Extension Host] View has not been initialized after retrying for 5 seconds.
2024-10-11 11:22:17.306 [error] [Extension Host] View has not been initialized after retrying for 5 seconds.
2024-10-11 11:22:18.159 [error] [Extension Host] View has not been initialized after retrying for 5 seconds.
2024-10-11 11:22:18.771 [error] [Extension Host] View has not been initialized after retrying for 5 seconds.
2024-10-11 11:22:18.991 [error] [Extension Host] View has not been initialized after retrying for 5 seconds.
2024-10-11 11:22:21.981 [error] [Extension Host] View has not been initialized after retrying for 5 seconds.
2024-10-11 11:22:22.282 [error] [Extension Host] View has not been initialized after retrying for 5 seconds.
2024-10-11 11:22:22.607 [error] [Extension Host] View has not been initialized after retrying for 5 seconds.
2024-10-11 11:22:22.907 [error] [Extension Host] View has not been initialized after retrying for 5 seconds.
2024-10-11 11:22:25.104 [error] [Extension Host] View has not been initialized after retrying for 5 seconds.
2024-10-11 11:22:25.296 [error] [Extension Host] View has not been initialized after retrying for 5 seconds.
2024-10-11 11:22:26.005 [error] [Extension Host] View has not been initialized after retrying for 5 seconds.
2024-10-11 11:22:30.034 [error] [Extension Host] View has not been initialized after retrying for 5 seconds.
2024-10-11 11:22:32.747 [error] [Extension Host] View has not been initialized after retrying for 5 seconds.
2024-10-11 11:22:33.774 [error] [Extension Host] View has not been initialized after retrying for 5 seconds.
2024-10-11 11:22:36.350 [error] [Extension Host] View has not been initialized after retrying for 5 seconds.
2024-10-11 11:22:36.545 [error] [Extension Host] View has not been initialized after retrying for 5 seconds.
2024-10-11 11:22:37.110 [error] [Extension Host] View has not been initialized after retrying for 5 seconds.
2024-10-11 11:22:37.457 [error] [Extension Host] View has not been initialized after retrying for 5 seconds.
2024-10-11 11:22:37.777 [error] [Extension Host] View has not been initialized after retrying for 5 seconds.
2024-10-11 11:22:44.257 [error] [Extension Host] View has not been initialized after retrying for 5 seconds.
2024-10-11 11:22:45.290 [error] [Extension Host] View has not been initialized after retrying for 5 seconds.
2024-10-11 11:22:46.146 [error] [Extension Host] View has not been initialized after retrying for 5 seconds.
2024-10-11 11:22:47.054 [error] [Extension Host] View has not been initialized after retrying for 5 seconds.
2024-10-11 11:22:47.229 [error] [Extension Host] View has not been initialized after retrying for 5 seconds.
2024-10-11 11:22:47.465 [error] [Extension Host] View has not been initialized after retrying for 5 seconds.
2024-10-11 11:22:47.639 [error] [Extension Host] View has not been initialized after retrying for 5 seconds.
2024-10-11 11:22:48.532 [error] [Extension Host] View has not been initialized after retrying for 5 seconds.
2024-10-11 11:22:48.712 [error] [Extension Host] View has not been initialized after retrying for 5 seconds.
2024-10-11 11:22:48.908 [error] [Extension Host] View has not been initialized after retrying for 5 seconds.
2024-10-11 11:22:49.266 [error] [Extension Host] View has not been initialized after retrying for 5 seconds.
2024-10-11 11:22:55.692 [error] [Extension Host] View has not been initialized after retrying for 5 seconds.
2024-10-11 11:22:59.266 [error] [Extension Host] View has not been initialized after retrying for 5 seconds.
2024-10-11 11:23:01.000 [error] [Extension Host] View has not been initialized after retrying for 5 seconds.
2024-10-11 11:23:02.124 [error] [Extension Host] View has not been initialized after retrying for 5 seconds.
2024-10-11 11:23:02.376 [error] [Extension Host] View has not been initialized after retrying for 5 seconds.
2024-10-11 11:23:05.406 [error] [Extension Host] View has not been initialized after retrying for 5 seconds.
2024-10-11 11:23:05.901 [error] [Extension Host] View has not been initialized after retrying for 5 seconds.
2024-10-11 11:23:09.097 [error] [Extension Host] View has not been initialized after retrying for 5 seconds.
2024-10-11 11:23:09.292 [error] [Extension Host] View has not been initialized after retrying for 5 seconds.
2024-10-11 11:23:10.598 [error] [Extension Host] View has not been initialized after retrying for 5 seconds.
2024-10-11 11:23:12.729 [error] [Extension Host] View has not been initialized after retrying for 5 seconds.
2024-10-11 11:23:12.934 [error] [Extension Host] View has not been initialized after retrying for 5 seconds.
2024-10-11 11:23:13.199 [error] [Extension Host] View has not been initialized after retrying for 5 seconds.
2024-10-11 11:23:14.270 [error] [Extension Host] View has not been initialized after retrying for 5 seconds.
2024-10-11 11:23:14.480 [error] [Extension Host] View has not been initialized after retrying for 5 seconds.
2024-10-11 11:23:14.697 [error] [Extension Host] View has not been initialized after retrying for 5 seconds.
2024-10-11 11:23:14.904 [error] [Extension Host] View has not been initialized after retrying for 5 seconds.
2024-10-11 11:23:21.506 [error] [Extension Host] View has not been initialized after retrying for 5 seconds.
2024-10-11 11:23:24.864 [error] [Extension Host] View has not been initialized after retrying for 5 seconds.
2024-10-11 11:23:28.942 [error] [Extension Host] View has not been initialized after retrying for 5 seconds.
2024-10-11 11:23:29.423 [error] [Extension Host] View has not been initialized after retrying for 5 seconds.
2024-10-11 11:23:29.451 [error] [Extension Host] View has not been initialized after retrying for 5 seconds.
2024-10-11 11:23:29.879 [error] [Extension Host] View has not been initialized after retrying for 5 seconds.
2024-10-11 11:23:29.897 [error] [Extension Host] View has not been initialized after retrying for 5 seconds.
2024-10-11 11:23:29.920 [error] [Extension Host] View has not been initialized after retrying for 5 seconds.
2024-10-11 11:23:29.936 [error] [Extension Host] View has not been initialized after retrying for 5 seconds.
2024-10-11 11:23:29.959 [error] [Extension Host] View has not been initialized after retrying for 5 seconds.
2024-10-11 11:23:29.970 [error] [Extension Host] View has not been initialized after retrying for 5 seconds.
2024-10-11 11:23:29.982 [error] [Extension Host] View has not been initialized after retrying for 5 seconds.
2024-10-11 11:23:30.014 [error] [Extension Host] View has not been initialized after retrying for 5 seconds.
2024-10-11 11:23:30.326 [error] [Extension Host] View has not been initialized after retrying for 5 seconds.
2024-10-11 11:23:30.372 [error] [Extension Host] View has not been initialized after retrying for 5 seconds.
2024-10-11 11:23:30.395 [error] [Extension Host] View has not been initialized after retrying for 5 seconds.
2024-10-11 11:23:30.410 [error] [Extension Host] View has not been initialized after retrying for 5 seconds.
2024-10-11 11:23:31.567 [error] [Extension Host] View has not been initialized after retrying for 5 seconds.
2024-10-11 11:23:31.739 [error] [Extension Host] View has not been initialized after retrying for 5 seconds.
2024-10-11 11:23:32.737 [error] [Extension Host] View has not been initialized after retrying for 5 seconds.
2024-10-11 11:23:33.714 [error] [Extension Host] View has not been initialized after retrying for 5 seconds.
2024-10-11 11:23:34.325 [error] [Extension Host] View has not been initialized after retrying for 5 seconds.
2024-10-11 11:24:10.112 [error] [Extension Host] View has not been initialized after retrying for 5 seconds.
2024-10-11 11:24:12.353 [error] [Extension Host] View has not been initialized after retrying for 5 seconds.
2024-10-11 11:24:12.470 [error] [Extension Host] View has not been initialized after retrying for 5 seconds.
2024-10-11 11:24:12.482 [error] [Extension Host] View has not been initialized after retrying for 5 seconds.
2024-10-11 11:24:12.500 [error] [Extension Host] View has not been initialized after retrying for 5 seconds.
2024-10-11 11:24:12.513 [error] [Extension Host] View has not been initialized after retrying for 5 seconds.
2024-10-11 11:24:12.534 [error] [Extension Host] View has not been initialized after retrying for 5 seconds.
2024-10-11 11:24:12.545 [error] [Extension Host] View has not been initialized after retrying for 5 seconds.
2024-10-11 11:24:12.560 [error] [Extension Host] View has not been initialized after retrying for 5 seconds.
2024-10-11 11:24:12.583 [error] [Extension Host] View has not been initialized after retrying for 5 seconds.
2024-10-11 11:24:12.593 [error] [Extension Host] View has not been initialized after retrying for 5 seconds.
2024-10-11 11:24:12.596 [error] [Extension Host] View has not been initialized after retrying for 5 seconds.
2024-10-11 11:24:12.616 [error] [Extension Host] View has not been initialized after retrying for 5 seconds.
2024-10-11 11:24:12.622 [error] [Extension Host] View has not been initialized after retrying for 5 seconds.
2024-10-11 11:24:12.642 [error] [Extension Host] View has not been initialized after retrying for 5 seconds.
2024-10-11 11:24:12.651 [error] [Extension Host] View has not been initialized after retrying for 5 seconds.
2024-10-11 11:24:12.667 [error] [Extension Host] View has not been initialized after retrying for 5 seconds.
2024-10-11 11:24:12.676 [error] [Extension Host] View has not been initialized after retrying for 5 seconds.
2024-10-11 11:24:12.693 [error] [Extension Host] View has not been initialized after retrying for 5 seconds.
2024-10-11 11:24:12.748 [error] [Extension Host] View has not been initialized after retrying for 5 seconds.
2024-10-11 11:24:12.756 [error] [Extension Host] View has not been initialized after retrying for 5 seconds.
2024-10-11 11:24:12.771 [error] [Extension Host] View has not been initialized after retrying for 5 seconds.
2024-10-11 11:24:12.784 [error] [Extension Host] View has not been initialized after retrying for 5 seconds.
2024-10-11 11:24:12.845 [error] [Extension Host] View has not been initialized after retrying for 5 seconds.
2024-10-11 11:24:13.284 [error] [Extension Host] View has not been initialized after retrying for 5 seconds.
2024-10-11 11:24:13.296 [error] [Extension Host] View has not been initialized after retrying for 5 seconds.
2024-10-11 11:24:14.697 [error] [Extension Host] View has not been initialized after retrying for 5 seconds.
2024-10-11 11:24:15.768 [error] [Extension Host] View has not been initialized after retrying for 5 seconds.
2024-10-11 11:24:17.718 [error] [Extension Host] View has not been initialized after retrying for 5 seconds.
2024-10-11 11:24:20.288 [error] [Extension Host] View has not been initialized after retrying for 5 seconds.
2024-10-11 11:24:20.718 [error] [Extension Host] View has not been initialized after retrying for 5 seconds.
2024-10-11 11:24:21.547 [error] [Extension Host] View has not been initialized after retrying for 5 seconds.
2024-10-11 11:24:21.721 [error] [Extension Host] View has not been initialized after retrying for 5 seconds.
2024-10-11 11:24:23.240 [error] [Extension Host] View has not been initialized after retrying for 5 seconds.
2024-10-11 11:24:23.450 [error] [Extension Host] View has not been initialized after retrying for 5 seconds.
2024-10-11 11:24:23.512 [error] [Extension Host] View has not been initialized after retrying for 5 seconds.
2024-10-11 11:24:23.556 [error] [Extension Host] View has not been initialized after retrying for 5 seconds.
2024-10-11 11:24:23.751 [error] [Extension Host] View has not been initialized after retrying for 5 seconds.
2024-10-11 11:24:23.807 [error] [Extension Host] View has not been initialized after retrying for 5 seconds.
2024-10-11 11:24:23.818 [error] [Extension Host] View has not been initialized after retrying for 5 seconds.
2024-10-11 11:24:23.835 [error] [Extension Host] View has not been initialized after retrying for 5 seconds.
2024-10-11 11:24:23.880 [error] [Extension Host] View has not been initialized after retrying for 5 seconds.
2024-10-11 11:24:25.106 [error] [Extension Host] View has not been initialized after retrying for 5 seconds.
2024-10-11 11:24:26.094 [error] [Extension Host] View has not been initialized after retrying for 5 seconds.
2024-10-11 11:24:26.911 [error] [Extension Host] View has not been initialized after retrying for 5 seconds.
2024-10-11 11:24:27.369 [error] [Extension Host] View has not been initialized after retrying for 5 seconds.
2024-10-11 11:24:27.384 [error] [Extension Host] View has not been initialized after retrying for 5 seconds.
2024-10-11 11:24:32.444 [error] [Extension Host] View has not been initialized after retrying for 5 seconds.
2024-10-11 11:24:37.086 [error] [Extension Host] View has not been initialized after retrying for 5 seconds.
2024-10-11 11:24:40.975 [error] [Extension Host] View has not been initialized after retrying for 5 seconds.
2024-10-11 11:24:42.018 [error] [Extension Host] View has not been initialized after retrying for 5 seconds.
2024-10-11 11:24:42.262 [error] [Extension Host] View has not been initialized after retrying for 5 seconds.
2024-10-11 11:24:43.221 [error] [Extension Host] View has not been initialized after retrying for 5 seconds.
2024-10-11 11:24:47.122 [error] [Extension Host] View has not been initialized after retrying for 5 seconds.
2024-10-11 11:24:47.297 [error] [Extension Host] View has not been initialized after retrying for 5 seconds.
2024-10-11 11:24:48.267 [error] [Extension Host] View has not been initialized after retrying for 5 seconds.
2024-10-11 11:24:48.421 [error] [Extension Host] View has not been initialized after retrying for 5 seconds.
2024-10-11 11:24:49.656 [error] [Extension Host] View has not been initialized after retrying for 5 seconds.
2024-10-11 11:24:49.858 [error] [Extension Host] View has not been initialized after retrying for 5 seconds.
2024-10-11 11:24:50.347 [error] [Extension Host] View has not been initialized after retrying for 5 seconds.
2024-10-11 11:24:50.507 [error] [Extension Host] View has not been initialized after retrying for 5 seconds.
