2024-10-11 11:18:34.919 [info] Added views:workbench.panel.markers.view in workbench.panel.markers
2024-10-11 11:18:34.919 [info] Added views:workbench.panel.output in workbench.panel.output
2024-10-11 11:18:34.919 [info] Added views:terminal in terminal
2024-10-11 11:18:34.919 [info] Added views:outline in workbench.view.explorer
2024-10-11 11:18:34.919 [info] Added views:workbench.scm in workbench.view.scm
2024-10-11 11:18:34.919 [info] Added views:workbench.view.search in workbench.view.search
2024-10-11 11:18:34.919 [info] Added views:timeline in workbench.view.explorer
2024-10-11 11:18:34.919 [info] Added views:workbench.explorer.openEditorsView,workbench.explorer.fileView in workbench.view.explorer
2024-10-11 11:18:35.122 [info] Added views:workbench.debug.welcome in workbench.view.debug
2024-10-11 11:18:35.504 [info] Added views:gitlens.views.home,gitlens.views.workspaces,gitlens.views.account in workbench.view.extension.gitlens
2024-10-11 11:18:35.504 [info] Added views:gitlens.views.commitDetails,gitlens.views.lineHistory,gitlens.views.fileHistory,gitlens.views.searchAndCompare in workbench.view.extension.gitlensInspect
2024-10-11 11:18:35.504 [info] Added views:gitlens.views.commits,gitlens.views.branches,gitlens.views.remotes,gitlens.views.stashes,gitlens.views.tags,gitlens.views.contributors in workbench.view.scm
2024-10-11 11:18:35.505 [info] Added views:supermaven-view in workbench.view.extension.supermaven-chat
2024-10-11 11:18:35.724 [info] Added views:workbench.panel.repl.view in workbench.panel.repl
2024-10-11 11:18:36.848 [info] Added views:~remote.forwardedPorts in ~remote.forwardedPortsContainer
2024-10-11 11:18:36.866 [info] Added views:workbench.scm.repositories,workbench.scm.history in workbench.view.scm
2024-10-11 11:18:37.169 [info] Added views:gitlens.views.drafts in workbench.view.extension.gitlens
2024-10-11 11:18:38.414 [info] Added views:gitlens.views.graph,gitlens.views.graphDetails in workbench.view.extension.gitlensPanel
2024-10-11 11:18:38.414 [info] Added views:gitlens.views.timeline in workbench.view.extension.gitlensInspect
2024-10-11 11:18:38.415 [info] Added views:gitlens.views.worktrees in workbench.view.scm
2024-10-11 11:18:59.451 [info] Removed views:workbench.scm.history,workbench.scm.repositories from workbench.view.scm
2024-10-11 11:18:59.817 [info] Added views:workbench.panel.markers.view in workbench.panel.markers
2024-10-11 11:18:59.817 [info] Added views:workbench.panel.output in workbench.panel.output
2024-10-11 11:18:59.817 [info] Added views:terminal in terminal
2024-10-11 11:18:59.817 [info] Added views:outline in workbench.view.explorer
2024-10-11 11:18:59.817 [info] Added views:workbench.scm in workbench.view.scm
2024-10-11 11:18:59.817 [info] Added views:workbench.view.search in workbench.view.search
2024-10-11 11:18:59.817 [info] Added views:timeline in workbench.view.explorer
2024-10-11 11:18:59.817 [info] Added views:workbench.explorer.openEditorsView,workbench.explorer.fileView in workbench.view.explorer
2024-10-11 11:19:00.226 [info] Added views:gitlens.views.home,gitlens.views.workspaces,gitlens.views.account in workbench.view.extension.gitlens
2024-10-11 11:19:00.226 [info] Added views:gitlens.views.commitDetails,gitlens.views.lineHistory,gitlens.views.fileHistory,gitlens.views.searchAndCompare in workbench.view.extension.gitlensInspect
2024-10-11 11:19:00.226 [info] Added views:gitlens.views.commits,gitlens.views.branches,gitlens.views.remotes,gitlens.views.stashes,gitlens.views.tags,gitlens.views.contributors in workbench.view.scm
2024-10-11 11:19:00.227 [info] Added views:supermaven-view in workbench.view.extension.supermaven-chat
2024-10-11 11:19:00.272 [info] Added views:workbench.debug.variablesView,workbench.debug.watchExpressionsView,workbench.debug.callStackView,workbench.debug.breakPointsView in workbench.view.debug
2024-10-11 11:19:00.327 [info] Added views:workbench.panel.repl.view in workbench.panel.repl
2024-10-11 11:19:00.548 [info] Added views:~remote.forwardedPorts in ~remote.forwardedPortsContainer
2024-10-11 11:19:00.723 [info] Added views:workbench.scm.repositories,workbench.scm.history in workbench.view.scm
2024-10-11 11:19:00.936 [info] Removed views:gitlens.views.searchAndCompare,gitlens.views.fileHistory,gitlens.views.lineHistory,gitlens.views.commitDetails from workbench.view.extension.gitlensInspect
2024-10-11 11:19:00.937 [info] Removed views:gitlens.views.contributors,gitlens.views.tags,gitlens.views.stashes,gitlens.views.remotes,gitlens.views.branches,gitlens.views.commits from workbench.view.scm
2024-10-11 11:19:00.990 [info] Added views:gitlens.views.drafts in workbench.view.extension.gitlens
2024-10-11 11:19:01.221 [info] Added views:gitlens.views.commitDetails,gitlens.views.lineHistory,gitlens.views.fileHistory,gitlens.views.searchAndCompare in workbench.view.extension.gitlensInspect
2024-10-11 11:19:01.222 [info] Added views:gitlens.views.commits,gitlens.views.branches,gitlens.views.remotes,gitlens.views.stashes,gitlens.views.tags,gitlens.views.contributors in workbench.view.scm
2024-10-11 11:19:02.619 [info] Added views:gitlens.views.graph,gitlens.views.graphDetails in workbench.view.extension.gitlensPanel
2024-10-11 11:19:02.619 [info] Added views:gitlens.views.timeline in workbench.view.extension.gitlensInspect
2024-10-11 11:19:02.620 [info] Added views:gitlens.views.worktrees in workbench.view.scm
2024-10-11 11:24:54.351 [info] Removed views:workbench.scm.history,workbench.scm.repositories from workbench.view.scm
